ObwK60OmkdpEY8UVg9mvk3H6/5p989rz67uDvf66SY00ovWcFYmKeB8bUZ4iJ3dtB9ErnciomtokhqozX8PDFLIldsC7Y37JP1MqQVIWeX75g7m1ke/HyFvB5KRPXcWyHuGVgz5vWX46pWwzJGnrAdriJEvXYYouOw27HEkt6+0qPriTxydCL/+9sbPU
J1/7GvUMmYIPbblt5OgR91p5Fz12WgZpbif5Yiwx3HUBntVYAtZXRWgirXmW2prIjc5c+q1VcRR30mvjPJDRBxxhjcegwdiCy9ab59Pl2ysFAKkVzoRlSbe6HOWfk9SLu1YI8SZzbj1ZqTgGzttd5QimSZkRvOP5GSXo+vLDrUMgB82pu7Pe
b4SLCgMUq7Zxi2wPWrnMA4Kyv/vqWHBJFt2Yh4RQRSQAQN7K/FbMDSBDbl8S8p2DzLmX14xsKEOLjuxChffnUUKUROtcytSA7lY7HXzSmREPf2TgmZ7oAgEVHSyDAv+LgHDNL2jRGR+MwfRaX2bvz88FZ0OR0F0tosTJsQPqCM1jM0jjj6YcqUrzguVN2QzuUnshzRx2/eG9fA/BbXV8Ek6jsWvUt1nxl7Py
vW/ooXjVaHkzRpp6hkNmko0+I+tYXgbzYW/XnApbtjArHV4u8w5GBG4geuc4ZIWmypI+mBk9mN4RAUWm9ZmBn8yeiviNop2krYiUMrdnNNL3cnbPP357O31GUgPjP1NJE2yVe0yfgwKDZdIyG5gsdGe8iVtAMwtilf3jJltCs9k=
uc01t755FXlP9Dr2o+6ViSwjOaDQXSxEL2grbhvU2Qk5DybTWTaL4WIvNryzue6SO9On6JYkavsQUMXqkvZO5JGpOHKpxZV6HW2Bk9S6usTF9v3I1QwErh/T9B4vloYzN2pbF0UCAl+LS9PFi8glx4RLY+57YcIuM6xsOD/Y+SfIp6vOLTkz+rO2s9U=
ify7pXDzLe3QiELK4Pn0siwjOaDQXSxEL2grbhvU2Qk5Hi7dXzmKs2IvNryzue6SO9Kn6JYkavsQUMXqkvZO5JGpOHKpxZV6HW2Bk9S6usTF9v3I1QwErh/T9B4vloYzN2pbF0UCAl+LS9PFi8glx4RLY+57YcIuM6xsOD/Y+SfIp6vOLTkz+rO2s9U=
PzfPr9Pr5nvamqOtGK85YEla+JPq0QVekbo2aS5gehbmEaheLiFbHgxIy7GdlWtt+c78WkMjMZP5auwoGtZPtaCC1ek8H3P4la4UKlXVyUQ/8nMTFNC5l6SBRfe4wcCyAzYjd7ul89sdIOFFdgSdmf/aBNV3U3wbw/bAAT5zdk0RCcCWZps11RBGgclpPFsp0QXwitoDRdOYZ4WZo7PG
tl0rgLoA3mu1clSwot3HJnZ8EeSJQSxEJ2o9fE/Z0BdrDyCaDXjes2IvNryzue6SO9Cn6JYkavsQUMXqkvZO5JGpOHKpxZV6HW2Bk9S6usTF9v3I1QwErh/T9B4vloYzN2pbF0UCAl+LS9PFi8glx4RLY+57YcIuM6xsOD/Y+SfIp6vOLTkz+rO2s9U=
PBeDEZow5iZqCIuSXVmqoSg7VbjcFyxELHUtex3Qw1l1DyXISDPes2IvNryzue6SO9en6JYkavsQUMXqkvZO5JGpOHKpxZV6HW2Bk9S6usTF9v3I1QwErh/T9B4vloYzN2pbF0UCAl+LS9PFi8glx4RLY+57YcIuM6xsOD/Y+SfIp6vOLTkz+rO2s9U=
daZveCzgNzjzRu8a/8GASVM5LVAtcdntqbUJHph3ERPXX0/yaoTMFpmZpprjJd2v9ZQjdvImQ7WfiNlqxX9S4F+bktkDWy5BVh5FbhV7XZW1t6u4B4kgZIuVGQKyufHjmtf17sYt6LOg4ZeRdlqAqzO5Jp5nRf9cDeU3HcbmnLOjXy4/w7W1s9A=
so7A1gNcydcA7qU54ePzMmWOwf7EWghXTR1xivt3vve7TDEyls0mbfZ6f0M2XI+H157KjsIl9LJlTD5sNooFG6jkVU8dxJnvARVYACJKMWRNfklmbDC7cRT4w0w+nWMYC0H5yMqhT4mTg8eyfYmwmZMYp0vqcFfOTB4TwgHJ3JW72FEzO8S3tLPT
OKtp8VplBTjeK6O3jh2YRTlbEW+h2Umn1cYwrqoIWdCGVtPN9LLBAfC+/5AhfuAyaZW13IsihzsYsPU/MHGRz6TB3IrXxrff98X/8+nwVd0KRKGBCwqwvfvzsPPXxpR5ovPqtcU51P4qO7k9pBb10VX8p7FlVYSi1uOJewwX0aG/s9o=
coR+JBtqvOnTSvJkU9LcuvSxexo2+Z7d5NrS3CAj00NkkWSrlTpQwI5W290cUjnRLn5HIHkeiELhFT1sI4Jfy+BwLe8IUbnfrMHUmv/mjw8vBQcDMVD9bYLEKfFjaugNQzNoIy8mfGmq8+KlrVmsrnJ7AY189h0h3XwvAc313NKuo9ErNDf5sbez0g==
L/ipKRsBxeYOngZrErn3cZcwLqm8vUKJhEQ9EogI5Y81ZyzPHxj6tlsr3J/0myg5tKlpuPH0s55CmgWBoBRAWqszqTQ2rJtcUuqZrf0ObJVihlijqSTFs+puZLVr19dk70r7Kgovy0PK/64AloudJFQYG5ZiI0aI0rEkfKBbNsRJ5xqNpVTaG2Xnr8lvp+zncEV4eLLW52XYYp3ZoF6KaF2OjNo9VeF0p5K7gywQIWfsIX2nUMEo4juWa4cjZctL1UB5dV6E9Wln+sxFjxPkK4sWuNGWc94d6WkIpv5bTUVYZhm5gbxzGUnluBriQ92jUMe9Scuzrg==
x/0Cn1d/P7tQZoGeoQEcRO35EqfIhf/njUmOhbOAhQ0T3dK13Ok+fD3tyxJndk+rAfVhO9qztigbVT5WY6eG3Z4oWt9oDAU+elreYAkV2IZhieUeJXGBh/zW6oAdCl18XYC0CucPtEpHupY3L1Y7Yw3O8rsz11NRIyT1A9w3Q9pzbfIKS/Cs7Nd0aaNQG0s65XVDnouqs8E=
eOr5BPgZIn31MQz9TaY6RDnGeL3FBSKz0In/44VVnnGL7KUp++Gi4QQlfjh1MRumH9qvT6mJ0a9CPzask8muIttLJnn2lKoLMEDF+rIGjlTxObjiSXXVCj19gYP0yvp0JWZ9WLW8xF4/w/QOD2ZGg1f624elskIvq1vT1au4ZXdk2+N+G9EC3hO8bCgfKDmXqDcrXs2Jc4qTprPF
b1MegIZxu4ezVWQ0yOZuVJaDssY6T56+Nl4Of2IH1hrsDWMtUEFqLnSasu6JB4LvC4lFN6YD8m1K7FiWDXFqyp895E4gLH8Gfo63davg1VoZh4ZAKwMuCc9zOkFCNom+qeMpNWFPd4gL4RSkfz2Vcu4BJQOuz4m+CsV8MzSJ20GKQrTLZwH6buvtixw5DTstmp7IE1fHkm+PnaGzxA==
S3A0rbpDCckc5phuu91ZGZVgCDhCoNEbOrncj//hgVuWa5f6tdvPn5oLKENeGpEfc5zj7N8dfVeJ5Y75du7XB2Z4h532y4IqUqFc5iUYFmgmrk1PCHDd602AsfsBAXBEcu658O0qAUJ8NJMlVKxryK45K0wrVfHsmuXnHRMXb/YtrbiNs0zv73r0/5oMSjvGEe2UwRtM2ZdrgJ+gs8c=
P/RU1z/4Pe4Ad2mH8mGS5GBmCfWJSCxEL2grbhvU2Qk5DybTWTaLwWIvNryzue6SO9ql6ZYkavsQUMXqkvZO5JGpOHKpxZV6HW2Bk9S6usTF9v3I1QwErh/T9B4vloYzN2pbF0UCAl+LS9PFi8glx4RLY+57YcIuM6xsOD/Y+SfIp6vOLTkz+rO2s9U=
A0ugL/TA1jIAeOt2LROLQmzZjKCWMEZVQRpwlt53qf3vD3Rm06kmbfZ6f0M2XI+A0ZDKjsIl9LJlTD5sNooFG6jkVU8dxJnvARVYACJKMWRNfklmbDC7cRT4w0w+nWMYC0H5yMqhT4mTg8eyfYmwmZMYp0vqcFfOTB4TwgHJ3JW72FEzO8S3tLPT
PPMmDX8C386/PdTFnmNhfa9z/8nLIY32RinOmXaOl6fmmEe38aTCitJBnMYlOFYIpg6NrwhQnYvNIHEbAeGw5PKO+dDtysHi/FTTBVSMqygumWssK3UxDBpFp30Tdy9WrU14rbMsr0/6FD+6DGp7ppFNVCEbbJn36yBfQLMn
RoSXi5R4nBVPjbfNgtmXK+QVMSDMbxOixix4li0xCko//Q9JD2zfhh7Ol3VLIHXaecfmQAvDzolvM1pBInYpPkkjCTUBDxcIqyH0pF999fJOQQUDTg8pPmqFXDMUSTvBKgLUy0fBWu4LLascWU2brXpeKBN3h/LvL11BsyQ=
sCjF80R2ZxyjifHmTGwIV61z/9jJN4n2RinOmXaOl6fmmEex8aTCitJBnMYlOFYIpg6NrwhQnYvNIHEbAeGw5PKO+dDtysHi/FTTBVSMqygumWssK3UxDBpFp30Tdy9WrU14rbMsr0/6FD+6DGp7ppFNVCEbbJn36yBfQLMn
MXoGmSPVA3RLdjF1oClBH+QVNzbQchOixix4li0xCko//QlJD2zfhh7Ol3VLIHXaecfmQAvDzolvM1pBInYpPkkjCTUBDxcIqyH0pF999fJOQQUDTg8pPmqFXDMUSTvBKgLUy0fBWu4LLascWU2brXpeKBN3h/LvL11BsyQ=
tpIrylYgmTVMra/S+08SvOQVNiDCdxOixix4li0xCko//QpJD2zfhh7Ol3VLIHXaecfmQAvDzolvM1pBInYpPkkjCTUBDxcIqyH0pF999fJOQQUDTg8pPmqFXDMUSTvBKgLUy0fBWu4LLascWU2brXpeKBN3h/LvL11BsyQ=
opLqCwmxSZbcXBSwU9ojnZRSde7NhJTq5cHV0aGdm0utix6o1OYTdGb4jEgK1l9VkMKFScac7JglbsQKJdX5pO+yA7OEUAn39EG116jB0JLz9nMXCyVje21gMaVGBO25Lxq0tefTjLuTtvDhLnNmLSHJEDYWG6U1oAbR6Zk7akmBxQAqSoP1M0gn9bmzs9Y=
W+0FcgYV/1RxDUo1vn2y4xOvNB/H9nEMYTQqGOYO+AAofv17YztcQJvb7KK5mhKk/QrBWSSuE6CeVss9LBJJcZ792IApXthiERUNDHPCjytw8F2PuJFJ/7zBxLoPJj9vX4WX4+EQrQ2yxNnRMyq4rdOz2INfZkyJuvPyxZ2ZXA7C+5EtrDbNAa17HuEdNYyyPiMhy4R3iZGns8I=
bSzsfFMjVXbVxeA33C7ayFA/hsxtcXzVZ+wELq8m/ij5dT8IMkEWd8W9sk7wzlX39K25JgZUt+xXu1mNX275LdMrcwJmz8zwrptH82ia6OMeEZzE6hNV15FcEKHckPFHfOFtB4DB+EIrVvun8+U7a2WACdXuhAUJVzq8pb+TNEsb1qgxxnMOffkpmEau230lqCYpWfG6wrm5pQg6ksONg8CHrembs/4=
bSzsfFMjVXbVxeA33C7ayFA/hsxtcXzVZ+wELq8m/ij5dT8IMkEWd8W9sk7wzlX39K25JgZUt+xXu1mNX275LdMrcwJmz8zwrptH82ia6OMeEZzE6hNV15FcEKHckPFHfOFtB4DB+EIrVvun8+U7a2WACdXuhAUJVzq8pb+TNEsb1qgxxnMOffkpmEau230lqCYpWfG6wrm5pQg6ksONg8CHrembs/4=
vs9hfc+VMi5VE+w74DBOTuXCx8TApoo7Dv7A4+Pp2DUe5mtjrj2BvGh4onoPWyMNWJJPFVP5GKn4G9CN4c7OmhzbcYeTp9wmVIvIQi3gwvirom2cy/t35AOiDZUk1SJKxpaXKaOyKxXOC0YdY3zVjqhVD28IEB1LzWDx2wEhMKTyTnmQ7QpBovyUU0VUTCtoLlnrbCu1sUwahSc9Ezevlq0N+G2zbC+P+lS/eg8r+2aRDdThGywZN+tg34Cz5w==
JQKw3+X36M+Tq9GC5IKUKUcMGbPNA013HCgUR3WSGYoqlr97/KOa0T6W9KJdyc42ohfVjAtYP988PRxUmX0oezZecKz4unhhOaB7QAAzSquY6i9QmNIn3ac8jUfJ/wFDVNFdt2FHQETCLEu6bfXE+219vGq4/Jjz2wvfZB79EuAfG1LZQ9vuQZaeBW7V+x2V9TdruEcJYGRLFVkCcjkx49pXNe4GraizYGHXkTbaQKtzOWaep8W/X8xl9x2GZlyzY99uPwM19bOQ
Bl8hTedZ+nM6bzsnu4/b4RkJ/pai3AFF1aA9Uz1pLgzqDepKfRIEQFQrsJXf2Wtt8sz4Xg05YcOYPpwoGtZPtaCC1ek4H22glb1ZdEv93Hk/8nMTFNC5l6SBRfe4wcCyAzYjd7ul89sdIOFFdgSdmf/aBNV3U3wbw/bAAT5zdk0RCcCWZps11RBGgclpPlop0QXwitoDRdOYZ4WZo7PG
qcvB433rFmhkyxjc6sTBCGy4jYSHhL48Ncwoa2kxfM6K4CT1qNyas3B+JdECLWKRikuTtaOHip484Hsb2Wislng1eKTJcg89GJ3QnkGgGe8ygV7RdsYHf8bg9zw0vOoyIdTSkI3le1DGtn2nSNgtc+144dMBKSC80nZJWK3CMVqcDMPN1MS78M4hGyTr/YF0Op03NRM/v46NNcglcyTf9xrML/KOo2v+8fWkKVvkKQ/LeM+Is+8=
5Giqtk6vePnqgF9GQvd8eCBQz2tr09hnhNT/8NrspTQCa/vrCYsYGstGObuCedl5iOHJycjvEms6JHsWmrb7NWcYccqdDxqgl0tqOStrNkFOLm2O7auV1f3H8xivGdjkMwVxYuoJOSNSB83Orl3ws7gRf7FOCsjrewn+fo/VR950dZ+9HhZUc+sPVl/rha2zyA==
zwCRyETBlEgVqZ7vbjBiDpn2Kg1W7WlcFDFGCERNJTInykldUrwQCG95o+QZ9//w1Tv2J3M9InoSkbz2JQh2WOZ+7T+IwD07DfCR6wERUDQyPllAbVqhkrwE8zVUvIv47mmLvKvlkbxaFccNEwdPBu392D0zvE+/OsQfig5bW/bRPTSxm/w5Ryvwv7Cz1w==
vTskm/g+1ge885LnrWFYUxHwceNAc3KpuDEXxJ2rN7XGfkhz0iuOF6vpTj6fdbfTxBWPfe42BPPb78YfmyV9sxg=
vsLPOIiIV36nvP4NA1DWn+X9Hq/Nsaz9g3TBlanJ5g9A5+6b7fwtbj6ojQ1xNQWrCeFqGLfq5g4veCQvZfjcg8IoQ84lEUM6eRzQewsV2IZhieUeJXGBh/zW6oAdCl18XYC0CucPtEpHupY3L1Y7Yw3O8rsz11NRIyT1A9w3Q9pzbfIKS/Cj7dd0aaNQG0s65XVDnouqs8E=
RkDgvN53UoAeAqNwvnJlRunX12u6PRI/nF9QL63dmqereXqjWzkW7kys5YNdlk+0GBfIB0NoQ0YWuH/ZYBO1eTrG4FI+R9DBtPnlBXaxJncySzK9M5SB0CVOBBOXRRisj5fcB/Zfo9jnknsDbBBh5ywhPSeQwehie5arB2Nli8sVQDn1HoQ16Sf6DMVPE6SrSxZ4UdZzHp2paUgmPlsNxRhm2TnBsrKZieX4miJDHSMQx33Ji7Pu
Dosargc4KCqqorEWS8MvghkJ/pai3AFF1aA9Uz1pLgzqDepKfRIEQFQrsJXf2Wtt8sz4Xg05YcOYPpwoGtZPtaCC1ek4H22glb1ZdEv93Hk/8nMTFNC5l6SBRfe4wcCyAzYjd7ul89sdIOFFdgSdmf/aBNV3U3wbw/bAAT5zdk0RCcCWZps11RBGgclpMlop0QXwitoDRdOYZ4WZo7PG
usdMM1UMzrA/58CMFU5d9my4jYSHhL48Ncwoa2kxfM6K4CT1qNyas3B+JdECLWKRikuTtaOHip484Hsb2Wislng1eKTJcg89GJ3QnkGgGe8ygV7RdsYHf8bg9zw0vOoyIdTSkI3le1DGtn2nSNgtc+144dMBKSC80nZJWK3CMVqcDMPN1MS78M4hGyTr/YF0Op03NRM/v46NNcglcyTf9xrML/KCo2v+8fWkKVvkKQ/LeM+Is+8=
doKR9cwrlqYsC6k5+kHyUeZM+ReVYOkMvIAjItoEl5iyIBfsOxGCUqmAWlWCWGMWDDUTthpODesFsaAQ2crfniXQ77ugzmPWeQemmB0B4OpexjW10P1L+7WT6MHjjL8O36olfCqHEVyx/26q/52c92ZSPtiZ/ZiekcFF5nVZgd9MXoq4DWKd5C1IlHI3pzSSd7J2j7++e3v9hlJDY/9TCZOslTvMX4NCA6XScptYIjXnfIkbwPMLIhU942bbgrOZ
32YCniPNZ8p7aEfn+XxrtGI9m0ObkfTFws7qOFcx3peLiV4kXrbPHqeD61mFOUbDy7bDfG84V+UkgdxWY2V+vPI+gz6bkQKek/xiaZ9oOdcodyueTUlzShNmswU=
GRVWx8iFu2/DnLR7YaSCck4mKxY3c8f9s/AKPph6ERPaXyCUBO3bH+Hp3uDxfJj57cs8Yv9heqyOpNlqxX9S4F+bktkDWy5BVh5FbhV7XZW1t6u4B4kgZIuVGQKyufHjmtf17sYt6LOg4ZeRdlqAqzO5Jp5nRf9SDOU3HcbmnLOjXy4/w7W1s9A=
/g3FUw7ztb/wl3CrLHL243H16IF45svO67uDvf28SY00ovXzfueMBHhlX59lYSJwXcQ8mYmTkNIjqb5sSuyFGqkndsC7Y37JP1MqQVIWeX75g7m1ke/HyFvB5KRPXcWyHuGVgz5vWX46pWwzJGnrAdriJEvXYYouOw27Ekgt6+0qPriTxydCL/+9sbPU
RkDgvN53UoAeAqNwvnJlRunX12u6PRI/nF9QL63dmqereXqjWzkW7kys5YNdlk+0GBfIB0NoQ0YWuH/ZYBO1eTrG4FI+R9DBtPnlBXaxJncySzK9M5SB0CVOBBOXRRisj5fcB/Zfo9jnknsDbBBh5ywhPSeQwehie5arB2Nli8sVQDn1HoQ16Sf6DMVPE6SrSxZ4UdZzHp2paUgmPlsNxRhm2TnBsrKZieX4miJDHSMQx33Ji7Pu
u1IcaLfWXB0x7Xq28AiQxzZmA/GJSGVeJXQtbA7a+Vk0SmuXDRe43Qs4P8TDwZSAYpPx8Mk7fvZXadz7vvZO5JGpOHKpxZV6HW2Bk9S6usTF9v3I1QwErh/T9B4vloYzN2pbF0UCAl+LS9PFi8glx4RLY+57YcIuM6xiOT/Y+SfIp6vOLTkz+rO2s9U=
6UMhk8f5kvXCAvlj+NikRFA/iMRpL3nSertQIeBf3wDDXQwnAWgWdsn8/Um13Uzg6ay5Lwkdt+hbhRbmX2P0Q84sanF138/1sNgf4DaJo9cyWrH99ExA+NdSC6PckPFHfOFtB4DB+EIrVvun8+U7a2WACdXuhAUJVzq8pb+TNEsb1qgxxnMOffkpmEau230lqCYpWfGywrm5pQg6ksONg8CHrembs/4=
xMqSvAFWT/uasB84Zf7yn3iXKlYwZ3Qd4H0BOwNXxo+0eGlPGR2nyAtFxkbP4wTjvuyaUQXfP9XAmO9ARgkzd2IaYd3kTFAYhxLbQ0wQQafMoV3nsMHIohsWS0dDZauLtcBZNf6EFSmHeuwFLxNE6+uW2BE2c35dCeno5l5b7YV45nl54bLS2WllWFoCQz3jcEediauzzg==
U9hG5RxgxXe63GeTlxJ6jB9RJG9tAIgxV8UgQbC2o45TK3s9RSwxLZxyPTM2l+QkYJVHn30ROlC1NPTZwcM4cts5BuwyfD36Qfc+gPNTViknYzJBSiZhntGz8fXZPy8o41GcJPfNPRK2sd3D9p+xXiLVdDM8mfMhspJsix+xIo5DnQOSsL1TjUJucFMPF2pP542ps8w=
0hLAhuXaav8TP98ocuwNckUAYYm8z7jSILUVbluZlE50Gs5kcH7t9g+8c5Qztx1lyKYJGVGyInlZJSh6MsPtw+AHjSl7sx4=
uAYRB7iZuSsMRFeQVBwWfvAuHW8adnpdb5oJScb6zlIUILI+L7LV9EmgYWdPkbJOUz1zkgBdQ03SDiDT//faD5ctebMc
4XFIaMGy7MKVCkyeDmRPKyYziATcsfy14eDQY1E31oqTlEAPOuvCCKCgv1OUcUmK3L7RR2B9Duk+jd5WYG5wvPYmjz6bkQKek/xiaZ9oOdcodyueTUlzShNmswU=
XDbv6h7fXkRixZuPCdhdhRZw7a/PDsAv1g6ODbsytelaErqigLg+vqMqQYS9yP3H8znmnifFP1JMZXcdBmbcs+Pf7j+DNXWzEA==
/Yd830kTONVgTFUKNaw18NFOOuPan5Pj59uB36Gd31ijpR72h6NMM0bMsiEd3ycl6LiXEI7J+8c6eslNHMzoiO+yA7OEUAn39EG116jB0JLz9nMXCyVje21gMaVGBO25Lxq0tefTjLuTtvDhLnNmLSHJEDYWG6U1oAbR6Zk7aUmBxQAqSoP1M0gn9bmzs9Y=
5sTAmP2LiGWxP3mDH8pw2y4Qjiw/xt98gMn/tJ/jv30BZP3dQMpZU5IPGLTsHcMf+Zm2wMmsUDkle2QCl/HCLHY0ccqdDxqgl0tqOStrNkFOLm2O7auV1f3H8xivGdjkMwVxYuoJOSNSB83Orl3ws7gRf7FOCsjrewn+fo/VR9t3dZ+9HhZUc+sPVl/rha2zyA==
+RZBiZ5fJ3pzMluFna18j4K16emBCr63CLnWJyoeP8aV7K30vkKZAYSSq089T9jFOyA/3PPZ9NhSSzEoeWMebufxXGMObi68IXH4qpmd9WItdYGL5KLanPUuPRBlVGQ2r0t0hp8O5muHspvPdVpiR7tT09270EWftJOjNss5oraDNOuij0CZf3h/axYdYVPig66zzQ==
lGRN0xZ/vfXYjBHujTVdTaLklg29t1lrtj1ACAcocc7NkpJoYd+wwPt54bUQi39i/xo/E6ymBvnB/sU5dsBDE/zFYgSWItXjaNwFJ33sqfcBDWgoQiJhXI2Gmc7MWMvplGAzpJ41M2BLeSkgKol/kZOb95qdYWCh02D340qYp1bLhGOqoWEMbXvgAVtb7Iess8s=
YT3H3lMZRO5YbVRC0ODBYvctNglVOD0TPI8UR9ypi1QRI7M1QvbE406zandPkbJOUz1zmwNdQ03SDiDT//faD5ctebMc
pOEtETGF8eHIlr9IDax1VvctNglVOD0TPIsWSdypi1QRI7M1QvbE406zandPkbJOUz1zmwNdQ03SDiDT//faD5ctebMc
dj3E3N/YSHJFdhKZK4iZSeX9Hq/Nsaz9g3TBlanJ5g9A5+6b7fwtbj6ojQ1xNQWrCeFqGLfq5g4veCQvZfjcg8IoQ84lEUM6eRzQewsV2IZhieUeJXGBh/zW6oAdCl18XYC0CucPtEpHupY3L1Y7Yw3O8rsz11NRIyT1A9w3Q9pzbfIKS/Cr7td0aaNQG0s65XVDnouqs8E=
0CYuDUbJE3GUZ2VQk2kP5tG70I+EsA6KxURPr7Y22NeUzQh2D/EfrTqQ13MKqEeGy9QDmmHxLB370OHLG5wnfLMb
1A/ICsi4DJhcwrpG9UxUnZtYPfnBkJTgpMbEyIDU3lWlrx72h6NMM0bMsiEd3ycl6LiXEI7J+8c6eslNHMzoiO+yA7OEUAn39EG116jB0JLz9nMXCyVje21gMaVGBO25Lxq0tefTjLuTtvDhLnNmLSHJEDYWG6U1oAbR6Zk7aUmBxQAqSoP1M0gn9bmzs9Y=
l3fd63gfYRu8uc8sx7isP+ZM+ReVYOkMvIAjItoEl5iyIBfsOxGCUqmAWlWCWGMWDDUTthpODesFsaAQ2crfniXQ77ugzmPWeQemmB0B4OpexjW10P1L+7WT6MHjjL8O36olfCqHEVyx/26q/52c92ZSPtiZ/ZiekcFF5nVZgd9MXoq4DWKd5C1IlHI3pzSSd7J2j7++e3v9hlJDY/9TCZOslTvMX4NCA6XScptYKzbnfIkbwPMLIhU942bbgrOZ
9KHLMIZSDcrDCEVcvlTMesXSv8VuqDuPLvJWn+ygiqqbCw89AXrzNn5kkk3zk+wsEFHYOEAeVdtPl9hFYkNk8pJrCbKoWt/OJLZmp0x9BYSIPi/JJ1ezhhXPBbbKVhbkNZA7qbqO7Jrnv60NEpmMeeSFHqQhtKaU5pHqITUaLfAdrPovacKQFSwax7fWoQ0Y093wkbaeN7/OD6ca7A546t1YFCotnnK98T2K9bSKwWc7Db/SIGJhOx+ES6IMv5V0XpbQY/UV1zGUODOuLGbQJdVRCsnAtge+e8W3KiQS4dxMFBB15v5QCNWnPFYSeJ3ko/ww5F8RXXHvPllnP3bLWcwfWroPBXP1uI5Qj1xYEX9jF5U8J9fYT6Cat/Dx1pBDXyyiqVfPCQPcASWXyTeYRJrc45qVpUw7ZU0kCpDs4HNjGzfEhg0aoJdLajkrazZBTi5tju2rldX9x/MYrxnY5DMFcWLqCTkjUgfNzq5d8LO4EX+xTgrI63sJ/n6P1Ufbd3WfvR4WVHPrD1Zf64Wts8g=
GLf1/08GbKRrTjURJd60EKo9pxtdZByMIgl2gUzlLbWC1Xolg7hgHyhvku8BjSGIq1hHPzz4U1PgHoV/h54pjjRNl6wLWlGTf66WGWSRawU7RkRN9OCdVgkIbvhtospT4IV0gApELTsAZyJ6zTqh+38vGYEvsVDwCv3cq1Mt/QxMXsDIViULCKy7DdEI8Lvfpw4Y1tf/hYeAzJfjbcAmNfiruqgCK+7sUDnFrI9dGR0sosee51BmsRz6s5IGzD51KSaEyyxPB1S7POkpakTi5aATZZAbRR0xaDzWFueQ1j0k8sx5Du9x5/BbMMhVK3p7Hr4ERtYfkA4vhrkifB47hqA46ZllBR7u69htxRznA9Xekv/mnRqolkmj5w14UEyooMOTqvYd7RaBwvsBM3L74BF7ZL+2jK6EW1czaE8jFmn60wN2ISggpyNx+KqZnfViLXWBi+Si2pz1Lj0QZVRkNq9LdIafDuZrh7Kbz3VaYke7U9Pdu9BFn7STozbLOaK2gzTroo9AmX94f2sWHWFT4oOus80=
srZoqRhAXbjoZ//WCMHAWGZpaBfsBcG+mNkBWKbss2o5iSFXj2L95qAf+WVFJb3dFYfeZzWRLYDyflQ45Rsae2SBZLdf5Xgmn3jEWTI353mHNwENGOakp68wMv0C2ASycH8KEbMEPlJpETFb1bbTY5MubJoghAOcHfHsImoqgfN7FRT1urlS6Zg89/jApOC9vHmTlpuQq2DcN3/uVqVKllFvkM07GOWxtkkgElEPCCOxAsrCzopr1LJye7J0jZdxXG0y5nenDWG5yvYuB4uZKB36KrOjFGhadvtjuREB8jQldmoKZqVjPUwR1rphjr1pIbKC3te8ehg2LbBS1riz6+pOFBSrJBWQtnyJXTtB6RIPP5n6fTl603yiGSm1Rd4CxlcaNCd/VXvT5LFbvv9mtqHo1xomI+mgBPEB4w8zuk3zD09bLoSssOWCQ+kqi+PhclK24NYTVdeRXBCh3JDxR3zhbQeAwfhCK1b7p/PlO2tlgAnV7oQFCVc6vKW/kzRLG9aoMcZzDn35KZhGrtt9JagmKVnxu8G5uaUIOpLDjYPAh63pm7P+
qyDezneQZtBfyZe05gfb5o3I6O7gGZlFM7RWyt0UbjWz7gC2nlnnf2xjpXaq1ZENHoUouf335cc/O4GV6Xz4omixNUcUtYeXkDMsOOZd5S4PMuNSv+m2+2kSfOk3exDD9DW7SVNyRHGMpG36gZyOJDXG2l/I8bR8ssCd18gzAmbVHvE3l5uZPdd1INwC6bz3i8ltgOSqgLRuITtk5G+tTZBUa5PPOhjqr7t1KwhYdz81pDY50N96VLqvXgCYbeWwl3lJ0cQWRyIflBadFO7Tzt4orvmB0sS3FEs3OPPoSbXy4DKpyCdlrGMB7Z3gqDbKv/TGMQyGDIW2a8ELOA8Q1E0PKrf2CoT6LtvgIieS2X6k+qsKCMyp5V0BLoKjDM1ZhEPTmbam/9rlXlg6wTcH0SA0XKSIt1NWTpld+kmW2x0rVqss+c/kA05I3qhTQ1M0l8eG5VInQwoZLBDLa6VYNgE5JS5FQYG3nOYqMH263cw9MHQ6hz+0eieKVodP5rvTbX4yi1PnU2FDFDWzvIfDahPdMjorwKvet0SpEzCry4qFxYOu65qz8Q==
qyDezneQZtBfyZe05gfb5o3I6O7gGZlFM7RWyt0UbjWz7gC2nlnnf2xjpXaq1ZENHoUouf335cc/O4GV6Xz4omixNUcUtYeXkDMsOOZd5S4PMuNSv+m2+2kSfOk3exDD9DW7SVNyRHGMpG36gZyOJDXG2l/I8bR8ssCd18gzAmbVHvE3l5uZPdd1INwC6bz3i8ltgOSqgLRuITtk5G+tTZBUa5PPOhjqr7t1KwhYdz81pDY50N96VLqvXgCYbeWwl3lJ0cQWRyIflBadFO7Tzt4orvmB0sS3FEs3OPPoSbXy4DKpyCdlrGMB7Z3gqDbKv/TGMQyGDIW2a8ELOA8Q1E0PKrf2CoT6LtvgIieS2X6k+qsKCMyp5V0BLoKjDM1ZhEPTmbam/9rlXlg6wTcH0SA0XKSIt1NWTpld+kmW2x0rVqss+c/kA05I3qhTQ1M0l8eG5VInQwoZLBDLa6VYNgE5JS5FQYG3nOYqMH263cw9MHQ6hz+0eieKVodP5rvTbX4yi1PnU2FDFDWzvIfDahPdMjorwKvet0SpEzCry4qFxYOu65qz8Q==
jD7f+yE9X/fscfWV3LzDprJjNC3i6qW/5dDqZOpCFRt+feMfJjyleKBtPW7Xj/Cpr8IES/b2V6Va+iH/Dmh2DJjnK8IbqieLMBTjM6LnFQAPhh2TA5Fr5d7jpfPEx2AGNSRF1r7CCbTSUdzrVKr+gmVprJmS4EmMWVkjYdlL+5c4wgbjzNF3+yVOMPAgIuKjg5pABX2LzAaDvbsAGNzDma11TJLHWYlWvrdERRoCdm0mPnxH9baLa2E/8GyH1LP2jgOQZCNooppmt9UI5KEYSQ9G1wIZ8y4yWgc8neUaj6O1QyTiBiyDhs4/GJzsU/opObVcpYBS0Z2C2ULwxIwCOfg8I5ipWFjI48Tclglz0YOWfAdmHZ/YETu3wpz/7Il8gGSF/be3nMbUKhwtMwCCWyXErbzLGzdEg8LNtST14ipGNtfJo5LrdU6rBv1jHBUuKLVPTwhw3etNgLH7AQFwRHLuufDtKgFCfDSTJVSsa8iuOStMK1Xx7Jrl5x0TF2/2La24jbNM7+969P+aC0g7xhHtlMEbTNmXa4CfoLPH
xj/cOBSltqz+CW6LDD3H+Mh6o6hnuKqpwATC5ywZJS9gcwSNZIgMaF03Of9P9SuViWPmKCPBMtGUWlqWFdk2+l5cY+3hPJuizhvRsF6631mTrXO0wmL+byCu7E1euVBBUPuW5KuiB8lQ+iewwGLPXQ/M22PD7zmDDGHV19mXKEQqfPNa5UUcu1VttEpgjDBzs7sHBBbtaiDHa9p5OwvGQb5Ofc5di8VVjSdj2J+5COTjZYEieikJowLnvQ6+/UCzCLFv8b5qGGtLKW6+/zUX2yfVr/2OdqTzOy/mn/tl3bO4
12FjYTQFq2PX7cBfI11C1U6Snp7Dn5E0LaTSxDhaaqOpGpChThMggbRxt4InLN8Ht6R77As2hVCJEcGNU2WYvvKGwEfRO8pn8Xrc81RwKSJfwMB3lEkXmVRXMeNH78HReRVgLiSAQdlwrDxN7EDNnl5I91Z5rhuV+05LRAm35EveEP6A4/sTPMdf5g0i38PCCfSwY1udmL7RIcVGtTmB/wy+ChjNAp3EbagU0vfHNLI3UvYvf957W71m0uOjn1Mp00wVmww/g2JDRVLSWzgrFqecCbsAkwsCVd1jxhvis7k=
7cBxGW17tp9lHRTjnTFkF/3gzraD0paY4cp1QPCS2PdmnJlFITn0ovODfCe1+rZS/UrHdXkvo3UIbkDPrPhBfzO3ZXw3N2jPcLrHMGCir10vjDDmZC9ZgywhNVd5V0hEyjxT2oWFPLu1LRTKAEwQc1P7p4R2LUogJyt6+VvL5kGejh1O/cslVa3nA1g/+ejkw6Xhotpp6aMiJ92OHr2gs2hxz3FeKjhrK+nOPh91N9tHFQ99bjaE81vvRh8bJf2zmA==
yiShdNCNqmvkgBVD1jSeE51V23Bq2Cejqn0Lnd7i/B2+f5H78Tth1Bw77frLsBL6att163BontnCk0B10ATEL/BjZEOWZTuR0ZF7l//XXbwGN5ukg1D4HT9cxaPHzwh12c0z1cHXdQd4MADqcS9M7nSCLBWzOLLzjuj9JIsDZ6zjKr1NJA2Swibeh9HjCrtd7gM2xeMkJYaInZ/XyGgNg63oQYMBeYAskoZp6C2y0WrcnKMd1JRbYA4Re9RrTaEE+g2X5RPvHx5NReiV89S/x9pcz6KKcAtuscVEWdtUCf+L6G/Ys78=
XXBTJMBrYgH4qZRGjPqsKJ1V23Bq2Cejqn0Lnd7i/B2+f5H78Tth1Bw77frLsBL6att163BontnFkUB10ATEL/BjZUOWZTuR0ZF7l//XXbwGN5ukg1D4HT9cxaPHzwh12c0z1cHXdQd4MADqcS9M7nSCLBWzOLLzjuj9JIsDZ6zjKr1NJA2Swibeh9HjCrtd7gM2xeMkJYaInZ/XyGgNg63oQYMBeYAskoZp6C2y0WrcnKMd1JRbYA4Re9RrTaEE+g2X5RPvHx5NReiV89S/x9pcz6KKcAtuscVEWdtUCf+L6G/Ys78=
SsizVTxNTZJDORhEYJBAhp1V23Bq2Cejqn0Lnd7i/B2+f5H78Tth1Bw77frLsBL6att163BontnCk0B10ATEL/BjakOWZTuR0ZF7l//XXbwGN5ukg1D4HT9cxaPHzwh12c0z1cHXdQd4MADqcS9M7nSCLBWzOLLzjuj9JIsDZ6zjKr1NJA2Swibeh9HjCrtd7gM2xeMkJYaInZ/XyGgNg63oQYMBeYAskoZp6C2y0WrcnKMd1JRbYA4Re9RrTaEE+g2X5RPvHx5NReiV89S/x9pcz6KKcAtuscVEWdtUCf+L6G/Ys78=
Xxc5pDgXG4BkNtyb2Ml1gJ1V23Bq2Cejqn0Lnd7i/B2+f5H78Tth1Bw77frLsBL6att163BontnFkUB10ATEL/Bja0OWZTuR0ZF7l//XXbwGN5ukg1D4HT9cxaPHzwh12c0z1cHXdQd4MADqcS9M7nSCLBWzOLLzjuj9JIsDZ6zjKr1NJA2Swibeh9HjCrtd7gM2xeMkJYaInZ/XyGgNg63oQYMBeYAskoZp6C2y0WrcnKMd1JRbYA4Re9RrTaEE+g2X5RPvHx5NReiV89S/x9pcz6KKcAtuscVEWdtUCf+L6G/Ys78=
VwOcMcBWjR1gnvBJIbIFA51V23Bq2Cejqn0Lnd7i/B2+f5H78Tth1Bw77frLsBL6att163BontnCk0B10ATEL/BjaEOWZTuR0ZF7l//XXbwGN5ukg1D4HT9cxaPHzwh12c0z1cHXdQd4MADqcS9M7nSCLBWzOLLzjuj9JIsDZ6zjKr1NJA2Swibeh9HjCrtd7gM2xeMkJYaInZ/XyGgNg63oQYMBeYAskoZp6C2y0WrcnKMd1JRbYA4Re9RrTaEE+g2X5RPvHx5NReiV89S/x9pcz6KKcAtuscVEWdtUCf+L6G/Ys78=
7h6sCg6Cm6Y0aRLyvS0HSJ1V23Bq2Cejqn0Lnd7i/B2+f5H78Tth1Bw77frLsBL6att163BontnFkUB10ATEL/BjaUOWZTuR0ZF7l//XXbwGN5ukg1D4HT9cxaPHzwh12c0z1cHXdQd4MADqcS9M7nSCLBWzOLLzjuj9JIsDZ6zjKr1NJA2Swibeh9HjCrtd7gM2xeMkJYaInZ/XyGgNg63oQYMBeYAskoZp6C2y0WrcnKMd1JRbYA4Re9RrTaEE+g2X5RPvHx5NReiV89S/x9pcz6KKcAtuscVEWdtUCf+L6G/Ys78=
IeXZH9sB9tLirCxvr73mQ51V23Bq2Cejqn0Lnd7i/B2+f5H78Tth1Bw77frLsBL6att163BontnCk0B10ATEL/BjbkOWZTuR0ZF7l//XXbwGN5ukg1D4HT9cxaPHzwh12c0z1cHXdQd4MADqcS9M7nSCLBWzOLLzjuj9JIsDZ6zjKr1NJA2Swibeh9HjCrtd7gM2xeMkJYaInZ/XyGgNg63oQYMBeYAskoZp6C2y0WrcnKMd1JRbYA4Re9RrTaEE+g2X5RPvHx5NReiV89S/x9pcz6KKcAtuscVEWdtUCf+L6G/Ys78=
szT87/OnLkmdPy3pO2qBsp1V23Bq2Cejqn0Lnd7i/B2+f5H78Tth1Bw77frLsBL6att163BontnFkUB10ATEL/Bjb0OWZTuR0ZF7l//XXbwGN5ukg1D4HT9cxaPHzwh12c0z1cHXdQd4MADqcS9M7nSCLBWzOLLzjuj9JIsDZ6zjKr1NJA2Swibeh9HjCrtd7gM2xeMkJYaInZ/XyGgNg63oQYMBeYAskoZp6C2y0WrcnKMd1JRbYA4Re9RrTaEE+g2X5RPvHx5NReiV89S/x9pcz6KKcAtuscVEWdtUCf+L6G/Ys78=
HJfnUb7XDLAw+vuKtL+8qZ1V23Bq2Cejqn0Lnd7i/B2+f5H78Tth1Bw77frLsBL6att163BontnCk0B10ATEL/BjbEOWZTuR0ZF7l//XXbwGN5ukg1D4HT9cxaPHzwh12c0z1cHXdQd4MADqcS9M7nSCLBWzOLLzjuj9JIsDZ6zjKr1NJA2Swibeh9HjCrtd7gM2xeMkJYaInZ/XyGgNg63oQYMBeYAskoZp6C2y0WrcnKMd1JRbYA4Re9RrTaEE+g2X5RPvHx5NReiV89S/x9pcz6KKcAtuscVEWdtUCf+L6G/Ys78=
vgioSb2flCLTckUCzAEgs51V23Bq2Cejqn0Lnd7i/B2+f5H78Tth1Bw77frLsBL6att163BontnFkUB10ATEL/BjbUOWZTuR0ZF7l//XXbwGN5ukg1D4HT9cxaPHzwh12c0z1cHXdQd4MADqcS9M7nSCLBWzOLLzjuj9JIsDZ6zjKr1NJA2Swibeh9HjCrtd7gM2xeMkJYaInZ/XyGgNg63oQYMBeYAskoZp6C2y0WrcnKMd1JRbYA4Re9RrTaEE+g2X5RPvHx5NReiV89S/x9pcz6KKcAtuscVEWdtUCf+L6G/Ys78=
i3ZDguRcRoEuVF8BQrfWgJ1V23Bq2Cejqn0Lnd7i/B2+f5H78Tth1Bw77frLsBL6att163BontnCk0B10ATEL/BjZEKWZTuR0ZF7l//XXbwGN5ukg1D4HT9cxaPHzwh12c0z1cHXdQd4MADqcS9M7nSCLBWzOLLzjuj9JIsDZ6zjKr1NJA2Swibeh9HjCrtd7gM2xeMkJYaInZ/XyGgNg63oQYMBeYAskoZp6C2y0WrcnKMd1JRbYA4Re9RrTaEE+g2X5RPvHx5NReiV89S/x9pcz6KKcAtuscVEWdtUCf+L6G/Ys78=
hrS4HLfyVOZC55mI5RTenp1V23Bq2Cejqn0Lnd7i/B2+f5H78Tth1Bw77frLsBL6att163BontnFkUB10ATEL/BjZUKWZTuR0ZF7l//XXbwGN5ukg1D4HT9cxaPHzwh12c0z1cHXdQd4MADqcS9M7nSCLBWzOLLzjuj9JIsDZ6zjKr1NJA2Swibeh9HjCrtd7gM2xeMkJYaInZ/XyGgNg63oQYMBeYAskoZp6C2y0WrcnKMd1JRbYA4Re9RrTaEE+g2X5RPvHx5NReiV89S/x9pcz6KKcAtuscVEWdtUCf+L6G/Ys78=
ZOdnTBWvzxxyLwggvIEiY51V23Bq2Cejqn0Lnd7i/B2+f5H78Tth1Bw77frLsBL6att163BontnCk0B10ATEL/BjakKWZTuR0ZF7l//XXbwGN5ukg1D4HT9cxaPHzwh12c0z1cHXdQd4MADqcS9M7nSCLBWzOLLzjuj9JIsDZ6zjKr1NJA2Swibeh9HjCrtd7gM2xeMkJYaInZ/XyGgNg63oQYMBeYAskoZp6C2y0WrcnKMd1JRbYA4Re9RrTaEE+g2X5RPvHx5NReiV89S/x9pcz6KKcAtuscVEWdtUCf+L6G/Ys78=
EzeF9Q57PPFj1mLKs59EBZ1V23Bq2Cejqn0Lnd7i/B2+f5H78Tth1Bw77frLsBL6att163BontnFkUB10ATEL/Bja0KWZTuR0ZF7l//XXbwGN5ukg1D4HT9cxaPHzwh12c0z1cHXdQd4MADqcS9M7nSCLBWzOLLzjuj9JIsDZ6zjKr1NJA2Swibeh9HjCrtd7gM2xeMkJYaInZ/XyGgNg63oQYMBeYAskoZp6C2y0WrcnKMd1JRbYA4Re9RrTaEE+g2X5RPvHx5NReiV89S/x9pcz6KKcAtuscVEWdtUCf+L6G/Ys78=
OWH6KmFHFMvYGS/+lDwiy51V23Bq2Cejqn0Lnd7i/B2+f5H78Tth1Bw77frLsBL6att163BontnCk0B10ATEL/BjaEKWZTuR0ZF7l//XXbwGN5ukg1D4HT9cxaPHzwh12c0z1cHXdQd4MADqcS9M7nSCLBWzOLLzjuj9JIsDZ6zjKr1NJA2Swibeh9HjCrtd7gM2xeMkJYaInZ/XyGgNg63oQYMBeYAskoZp6C2y0WrcnKMd1JRbYA4Re9RrTaEE+g2X5RPvHx5NReiV89S/x9pcz6KKcAtuscVEWdtUCf+L6G/Ys78=
uH35u1MCeoyjMaSDdr4j6p1V23Bq2Cejqn0Lnd7i/B2+f5H78Tth1Bw77frLsBL6att163BontnFkUB10ATEL/BjaUKWZTuR0ZF7l//XXbwGN5ukg1D4HT9cxaPHzwh12c0z1cHXdQd4MADqcS9M7nSCLBWzOLLzjuj9JIsDZ6zjKr1NJA2Swibeh9HjCrtd7gM2xeMkJYaInZ/XyGgNg63oQYMBeYAskoZp6C2y0WrcnKMd1JRbYA4Re9RrTaEE+g2X5RPvHx5NReiV89S/x9pcz6KKcAtuscVEWdtUCf+L6G/Ys78=
KEoQ9qH1av6Jn1j1dVylbZ1V23Bq2Cejqn0Lnd7i/B2+f5H78Tth1Bw77frLsBL6att163BontnCk0B10ATEL/BjbkKWZTuR0ZF7l//XXbwGN5ukg1D4HT9cxaPHzwh12c0z1cHXdQd4MADqcS9M7nSCLBWzOLLzjuj9JIsDZ6zjKr1NJA2Swibeh9HjCrtd7gM2xeMkJYaInZ/XyGgNg63oQYMBeYAskoZp6C2y0WrcnKMd1JRbYA4Re9RrTaEE+g2X5RPvHx5NReiV89S/x9pcz6KKcAtuscVEWdtUCf+L6G/Ys78=
1SRFyJXinS0cS9iJZHct4J1V23Bq2Cejqn0Lnd7i/B2+f5H78Tth1Bw77frLsBL6att163BontnFkUB10ATEL/Bjb0KWZTuR0ZF7l//XXbwGN5ukg1D4HT9cxaPHzwh12c0z1cHXdQd4MADqcS9M7nSCLBWzOLLzjuj9JIsDZ6zjKr1NJA2Swibeh9HjCrtd7gM2xeMkJYaInZ/XyGgNg63oQYMBeYAskoZp6C2y0WrcnKMd1JRbYA4Re9RrTaEE+g2X5RPvHx5NReiV89S/x9pcz6KKcAtuscVEWdtUCf+L6G/Ys78=
2Ph7v9jRPq8a6UO8QvGCop1V23Bq2Cejqn0Lnd7i/B2+f5H78Tth1Bw77frLsBL6att163BontnCk0B10ATEL/BjbEKWZTuR0ZF7l//XXbwGN5ukg1D4HT9cxaPHzwh12c0z1cHXdQd4MADqcS9M7nSCLBWzOLLzjuj9JIsDZ6zjKr1NJA2Swibeh9HjCrtd7gM2xeMkJYaInZ/XyGgNg63oQYMBeYAskoZp6C2y0WrcnKMd1JRbYA4Re9RrTaEE+g2X5RPvHx5NReiV89S/x9pcz6KKcAtuscVEWdtUCf+L6G/Ys78=
hIJB+zadcinxCGrWCJH8r51V23Bq2Cejqn0Lnd7i/B2+f5H78Tth1Bw77frLsBL6att163BontnFkUB10ATEL/BjbUKWZTuR0ZF7l//XXbwGN5ukg1D4HT9cxaPHzwh12c0z1cHXdQd4MADqcS9M7nSCLBWzOLLzjuj9JIsDZ6zjKr1NJA2Swibeh9HjCrtd7gM2xeMkJYaInZ/XyGgNg63oQYMBeYAskoZp6C2y0WrcnKMd1JRbYA4Re9RrTaEE+g2X5RPvHx5NReiV89S/x9pcz6KKcAtuscVEWdtUCf+L6G/Ys78=
JraNlUikIYSi/L0juO/zq1Os+N9hxj0QH651Soy0pjmNPA3vs5Eh7PNZA6fPO3wdKHFancojp7ywZFadM7pMfnckMqpJlAd66fQxWK/C6KNgTqFvmyrUxha3rumXtS2tMzWG7SLtbDYB34N2TwD9fydTsOmpkQvJwctNWwisuHaR83SyBJ8Axm3kCmb/tEX4ax9fsJN2BdGkkSqeVsK/zQPWAwGen44ZI/gdmvjBpwso9LUf3bR5nwFluHDiGtF0zW7pNqyAm8EUSOP8fk3DCItRmRiKUS95k3OnQj1Z0IkTCAebqsB3fkqsM3LBmXyFO8ixY/u0V8Szow==
q24zlyunJPQEdhMJt9LWMJ1V23Bq2Cejqn0Lnd7i/B2+f5H78Tth1Bw77frLsBL6att163BontnFkUB10ATEL/BjZE2WZTuR0ZF7l//XXbwGN5ukg1D4HT9cxaPHzwh12c0z1cHXdQd4MADqcS9M7nSCLBWzOLLzjuj9JIsDZ6zjKr1NJA2Swibeh9HjCrtd7gM2xeMkJYaInZ/XyGgNg63oQYMBeYAskoZp6C2y0WrcnKMd1JRbYA4Re9RrTaEE+g2X5RPvHx5NReiV89S/x9pcz6KKcAtuscVEWdtUCf+L6G/Ys78=
9vtp/uZ2vv+So5RYYmAEDKJhi8Z8dje0YUtkJ7+jWhuH5sXFKF4Szvm18eA8OsEBDHQ/1RTwGaXWuaZuM/uXupBNXIJpdvMTNaJPxoDP1Cmd9+Zqqn6Q+rWxPnGpeyWTdD9qah5lPK1aQVrv9MxZZk2Z+h6VOEL2Jf1lmBmr8YsTkwZlp/87Q2IEYKgR8pfBliv/CQaCothaU1mvBQwkCUBwja8o0VmfTME02h9mr0+PBafDUdCdreLEiTFD6shNozOIY8+mXCkK80JljdnMbhJ7YU1cdj1hfXrNQS11PJIOo3HrFLeZcdezsg==
JraNlUikIYSi/L0juO/zq1Os+N9hxj0QH651Soy0pjmNPA3vs5Eh7PNZA6fPO3wdKHFancojp7ywZFadM7pMfnckMqpJlAd66fQxWK/C6KNgTqFvmyrUxha3rumXtS2tMzWG7SLtbDYB34N2TwD9fydTsOmpkQvJwctNWwisuHaR83SyBJ8Axm3kCmb/tEX4ax9fsJN2BdGkkSqeVsK/zQPWAwGen44ZI/gdmvjBpwso9LUf3bR5nwFluHDiGtF0zW7pNqyAm8EUSOP8fk3DCItRmRiKUS95k3OnQj1Z0IkTCAebqsB3fkqsM3LBmXyFO8ixY/u0V8Szow==
9vtp/uZ2vv+So5RYYmAEDKJhi8Z8dje0YUtkJ7+jWhuH5sXFKF4Szvm18eA8OsEBDHQ/1RTwGaXWuaZuM/uXupBNXIJpdvMTNaJPxoDP1Cmd9+Zqqn6Q+rWxPnGpeyWTdD9qah5lPK1aQVrv9MxZZk2Z+h6VOEL2Jf1lmBmr8YsTkwZlp/87Q2IEYKgR8pfBliv/CQaCothaU1mvBQwkCUBwja8o0VmfTME02h9mr0+PBafDUdCdreLEiTFD6shNozOIY8+mXCkK80JljdnMbhJ7YU1cdj1hfXrNQS11PJIOo3HrFLeZcdezsg==
JraNlUikIYSi/L0juO/zq1Os+N9hxj0QH651Soy0pjmNPA3vs5Eh7PNZA6fPO3wdKHFancojp7ywZFadM7pMfnckMqpJlAd66fQxWK/C6KNgTqFvmyrUxha3rumXtS2tMzWG7SLtbDYB34N2TwD9fydTsOmpkQvJwctNWwisuHaR83SyBJ8Axm3kCmb/tEX4ax9fsJN2BdGkkSqeVsK/zQPWAwGen44ZI/gdmvjBpwso9LUf3bR5nwFluHDiGtF0zW7pNqyAm8EUSOP8fk3DCItRmRiKUS95k3OnQj1Z0IkTCAebqsB3fkqsM3LBmXyFO8ixY/u0V8Szow==
9vtp/uZ2vv+So5RYYmAEDKJhi8Z8dje0YUtkJ7+jWhuH5sXFKF4Szvm18eA8OsEBDHQ/1RTwGaXWuaZuM/uXupBNXIJpdvMTNaJPxoDP1Cmd9+Zqqn6Q+rWxPnGpeyWTdD9qah5lPK1aQVrv9MxZZk2Z+h6VOEL2Jf1lmBmr8YsTkwZlp/87Q2IEYKgR8pfBliv/CQaCothaU1mvBQwkCUBwja8o0VmfTME02h9mr0+PBafDUdCdreLEiTFD6shNozOIY8+mXCkK80JljdnMbhJ7YU1cdj1hfXrNQS11PJIOo3HrFLeZcdezsg==
JraNlUikIYSi/L0juO/zq1Os+N9hxj0QH651Soy0pjmNPA3vs5Eh7PNZA6fPO3wdKHFancojp7ywZFadM7pMfnckMqpJlAd66fQxWK/C6KNgTqFvmyrUxha3rumXtS2tMzWG7SLtbDYB34N2TwD9fydTsOmpkQvJwctNWwisuHaR83SyBJ8Axm3kCmb/tEX4ax9fsJN2BdGkkSqeVsK/zQPWAwGen44ZI/gdmvjBpwso9LUf3bR5nwFluHDiGtF0zW7pNqyAm8EUSOP8fk3DCItRmRiKUS95k3OnQj1Z0IkTCAebqsB3fkqsM3LBmXyFO8ixY/u0V8Szow==
9vtp/uZ2vv+So5RYYmAEDKJhi8Z8dje0YUtkJ7+jWhuH5sXFKF4Szvm18eA8OsEBDHQ/1RTwGaXWuaZuM/uXupBNXIJpdvMTNaJPxoDP1Cmd9+Zqqn6Q+rWxPnGpeyWTdD9qah5lPK1aQVrv9MxZZk2Z+h6VOEL2Jf1lmBmr8YsTkwZlp/87Q2IEYKgR8pfBliv/CQaCothaU1mvBQwkCUBwja8o0VmfTME02h9mr0+PBafDUdCdreLEiTFD6shNozOIY8+mXCkK80JljdnMbhJ7YU1cdj1hfXrNQS11PJIOo3HrFLeZcdezsg==
JraNlUikIYSi/L0juO/zq1Os+N9hxj0QH651Soy0pjmNPA3vs5Eh7PNZA6fPO3wdKHFancojp7ywZFadM7pMfnckMqpJlAd66fQxWK/C6KNgTqFvmyrUxha3rumXtS2tMzWG7SLtbDYB34N2TwD9fydTsOmpkQvJwctNWwisuHaR83SyBJ8Axm3kCmb/tEX4ax9fsJN2BdGkkSqeVsK/zQPWAwGen44ZI/gdmvjBpwso9LUf3bR5nwFluHDiGtF0zW7pNqyAm8EUSOP8fk3DCItRmRiKUS95k3OnQj1Z0IkTCAebqsB3fkqsM3LBmXyFO8ixY/u0V8Szow==
9vtp/uZ2vv+So5RYYmAEDKJhi8Z8dje0YUtkJ7+jWhuH5sXFKF4Szvm18eA8OsEBDHQ/1RTwGaXWuaZuM/uXupBNXIJpdvMTNaJPxoDP1Cmd9+Zqqn6Q+rWxPnGpeyWTdD9qah5lPK1aQVrv9MxZZk2Z+h6VOEL2Jf1lmBmr8YsTkwZlp/87Q2IEYKgR8pfBliv/CQaCothaU1mvBQwkCUBwja8o0VmfTME02h9mr0+PBafDUdCdreLEiTFD6shNozOIY8+mXCkK80JljdnMbhJ7YU1cdj1hfXrNQS11PJIOo3HrFLeZcdezsg==
JraNlUikIYSi/L0juO/zq1Os+N9hxj0QH651Soy0pjmNPA3vs5Eh7PNZA6fPO3wdKHFancojp7ywZFadM7pMfnckMqpJlAd66fQxWK/C6KNgTqFvmyrUxha3rumXtS2tMzWG7SLtbDYB34N2TwD9fydTsOmpkQvJwctNWwisuHaR83SyBJ8Axm3kCmb/tEX4ax9fsJN2BdGkkSqeVsK/zQPWAwGen44ZI/gdmvjBpwso9LUf3bR5nwFluHDiGtF0zW7pNqyAm8EUSOP8fk3DCItRmRiKUS95k3OnQj1Z0IkTCAebqsB3fkqsM3LBmXyFO8ixY/u0V8Szow==
9vtp/uZ2vv+So5RYYmAEDKJhi8Z8dje0YUtkJ7+jWhuH5sXFKF4Szvm18eA8OsEBDHQ/1RTwGaXWuaZuM/uXupBNXIJpdvMTNaJPxoDP1Cmd9+Zqqn6Q+rWxPnGpeyWTdD9qah5lPK1aQVrv9MxZZk2Z+h6VOEL2Jf1lmBmr8YsTkwZlp/87Q2IEYKgR8pfBliv/CQaCothaU1mvBQwkCUBwja8o0VmfTME02h9mr0+PBafDUdCdreLEiTFD6shNozOIY8+mXCkK80JljdnMbhJ7YU1cdj1hfXrNQS11PJIOo3HrFLeZcdezsg==
JraNlUikIYSi/L0juO/zq1Os+N9hxj0QH651Soy0pjmNPA3vs5Eh7PNZA6fPO3wdKHFancojp7ywZFadM7pMfnckMqpJlAd66fQxWK/C6KNgTqFvmyrUxha3rumXtS2tMzWG7SLtbDYB34N2TwD9fydTsOmpkQvJwctNWwisuHaR83SyBJ8Axm3kCmb/tEX4ax9fsJN2BdGkkSqeVsK/zQPWAwGen44ZI/gdmvjBpwso9LUf3bR5nwFluHDiGtF0zW7pNqyAm8EUSOP8fk3DCItRmRiKUS95k3OnQj1Z0IkTCAebqsB3fkqsM3LBmXyFO8ixY/u0V8Szow==
9vtp/uZ2vv+So5RYYmAEDKJhi8Z8dje0YUtkJ7+jWhuH5sXFKF4Szvm18eA8OsEBDHQ/1RTwGaXWuaZuM/uXupBNXIJpdvMTNaJPxoDP1Cmd9+Zqqn6Q+rWxPnGpeyWTdD9qah5lPK1aQVrv9MxZZk2Z+h6VOEL2Jf1lmBmr8YsTkwZlp/87Q2IEYKgR8pfBliv/CQaCothaU1mvBQwkCUBwja8o0VmfTME02h9mr0+PBafDUdCdreLEiTFD6shNozOIY8+mXCkK80JljdnMbhJ7YU1cdj1hfXrNQS11PJIOo3HrFLeZcdezsg==
JraNlUikIYSi/L0juO/zq1Os+N9hxj0QH651Soy0pjmNPA3vs5Eh7PNZA6fPO3wdKHFancojp7ywZFadM7pMfnckMqpJlAd66fQxWK/C6KNgTqFvmyrUxha3rumXtS2tMzWG7SLtbDYB34N2TwD9fydTsOmpkQvJwctNWwisuHaR83SyBJ8Axm3kCmb/tEX4ax9fsJN2BdGkkSqeVsK/zQPWAwGen44ZI/gdmvjBpwso9LUf3bR5nwFluHDiGtF0zW7pNqyAm8EUSOP8fk3DCItRmRiKUS95k3OnQj1Z0IkTCAebqsB3fkqsM3LBmXyFO8ixY/u0V8Szow==
9vtp/uZ2vv+So5RYYmAEDKJhi8Z8dje0YUtkJ7+jWhuH5sXFKF4Szvm18eA8OsEBDHQ/1RTwGaXWuaZuM/uXupBNXIJpdvMTNaJPxoDP1Cmd9+Zqqn6Q+rWxPnGpeyWTdD9qah5lPK1aQVrv9MxZZk2Z+h6VOEL2Jf1lmBmr8YsTkwZlp/87Q2IEYKgR8pfBliv/CQaCothaU1mvBQwkCUBwja8o0VmfTME02h9mr0+PBafDUdCdreLEiTFD6shNozOIY8+mXCkK80JljdnMbhJ7YU1cdj1hfXrNQS11PJIOo3HrFLeZcdezsg==
JraNlUikIYSi/L0juO/zq1Os+N9hxj0QH651Soy0pjmNPA3vs5Eh7PNZA6fPO3wdKHFancojp7ywZFadM7pMfnckMqpJlAd66fQxWK/C6KNgTqFvmyrUxha3rumXtS2tMzWG7SLtbDYB34N2TwD9fydTsOmpkQvJwctNWwisuHaR83SyBJ8Axm3kCmb/tEX4ax9fsJN2BdGkkSqeVsK/zQPWAwGen44ZI/gdmvjBpwso9LUf3bR5nwFluHDiGtF0zW7pNqyAm8EUSOP8fk3DCItRmRiKUS95k3OnQj1Z0IkTCAebqsB3fkqsM3LBmXyFO8ixY/u0V8Szow==
9vtp/uZ2vv+So5RYYmAEDKJhi8Z8dje0YUtkJ7+jWhuH5sXFKF4Szvm18eA8OsEBDHQ/1RTwGaXWuaZuM/uXupBNXIJpdvMTNaJPxoDP1Cmd9+Zqqn6Q+rWxPnGpeyWTdD9qah5lPK1aQVrv9MxZZk2Z+h6VOEL2Jf1lmBmr8YsTkwZlp/87Q2IEYKgR8pfBliv/CQaCothaU1mvBQwkCUBwja8o0VmfTME02h9mr0+PBafDUdCdreLEiTFD6shNozOIY8+mXCkK80JljdnMbhJ7YU1cdj1hfXrNQS11PJIOo3HrFLeZcdezsg==
psoTTGV1kpXa0HaKy/Robyld1vo8sT8wEDoMD3CO6dQUHX2Wli7e34zSDVJ/wTfc/9gnC+ow1w5IXJMCAQlc1bsY0fM7hDd0sxM=
5bZaL3hT/OW77pMLhYZBd5yzTw1KpHa8NZdfPKyFLM6+mdZMJwQ87vO+ipIeRCnpyy1xpKqO52G9GRFlQwDo1E201QNUR4eDlRVfhusp4ibjROjS79DZb1jP66Y9cZNyY16zPQ==
MQ5RWQ9ufitWfBfpqcCidDHe5PvT8cM9bd3TNrhiRmGEUl4WDWXH+KO1gUJbRB/lHPVaIXV43ZNcSzZJPGnr1LFjUzUiNmRjrvMKd2/RUs4z/VOY4x3jzXJOwNPfN3qPd21Zszw=
hSm/A5WFoq3gx+LSKIOTkyy9lQathGIWMZ3jiGd9LSL3zJt1uC0GYamguYNYQ1pp0KGvZFXbL7XejgDTartmV4PZVt7XpQ9YP0VHXfbGbDNzfz5/UxVlswA=
YT/uDmCmCFsg0ulTMRfp0skSiGRQhmA3s5FmFjWV/5iLRUkCE5S3hYRlwqHt6EUzNJv+CXRZA/TJU6s1WgacQ8bDwrcngbpuq23LGHuNey3aHggTl0dSb08dYbME
zrM/1ERQuc3wFMKDitxlmeAhp0FhtEEthJFmFjWV/5iLRUkCE5S3hYRlwqHt6EUzNJv+CXRZA/TJU6s1WgacQ8bDwrcngbpuq23LGHuNey3aHggTl0dSb08dYbME
qJS6m6haWoA5xmdmdxOW2PrAoBn2jzM/4JazGXkAHcm/smU4IR0iiWTBSwTja+I3iLmCFVUsDx/t9RxKWpuQjzSHUa1sNo2B7XhdYV01zDJ+I2FLRHdJEWezAg==
KOCypJUHcS3A00lP/9DnjFA/hsxtcXzVZ+wELq8m/ij5dT8IMkEWd8W9sk7wzlX39K25JgZUt+xXu1mNX275LdMrcwJmz8zwrptH82ia6OMeEZzE6hNV15FcEKHckPFHfOFtB4DB+EIrVvun8+U7a2WACdXuhAUJVzq8pb+TNEsb1qgxxnMOffkpmEau230lqCYpWfG4wbm5pQg6ksONg8CHrembs/4=
aEIqycqxN3v1cWyrCle5yyld1vs8sT8wEDoMD3CO6dQUHX2Wli7e34zSDVJ/wTfc/9gnC+ow1w5IXJMCAQlc1bsY0fM7hDd0sxM=
drdGrKA8ahgflrQ9lyn7ie30EN7vEL8e7QSGYeHZy+Pvww8mu48p5hbFKiCoy/ddiU+DkjbezIhcoW7AiTnHrfd21rF7IHfv/q4Lo92ejWh4TlS1lk+VilFtowKt2AuW0pa44IOF9vC129IjHuRUHpGaF32d6DXxYYKQLDbKhduopNUPHQQZrwFV2MAiCrEkTb7JJmxwO7EUuEOMPl3jWAuBeQjK4c9Jk0NH8n1JMFmTWCeL6rDXjkrbk44BiVxVu5jRczsEN/Szkw==
qjJ9MVZqHFb3WrAM7Vsrj4PwVTDmIvfmCaMfKWpxSmWWVP8ZmiUM4eHsVktm0KRaxAxsEBnbWUK/KmjHR/x0es6V+2yqu3Mec+3+qAeZxZD5ekh4SN9+UbGoMYvP2JX23+QCwIQqy3uyMnWdHlnGquDM4WxL1zW20ZPBJDy2TiQRaTgyKYWVup0tgdNUerqERbb9CFXMBO6fE/Ter9aG87eqW1fFQgKfCwvThQsIJYcEC2Mu+6HCbrNsav2/lPnnSGerjq15Mzoz9rOV
EHE1gUANfc0dHaIVH93C1i10e7mzaUMDdkNsBWSQGZ1Hvoglm8eboz7UldEu09Un8R3WrUUVMMpvUi8Xm30vYAFYLP+n9W5+LY0mUQEHEeDF6jgCuOcb4d41l1G3kT96DdYd5yJUUVW4NEayW/7H6XFJ0Cm/54Cx0SaZagX/EuAfG1LZQ9vuQZaeBW7V+x2V9TdruEcJYGRLFVkCcjkx49pXNe4GraizYGHXkTbaQKtzOWaep8W/Wshl+x2GZlyzY99uPwM19bOQ
fqCAXGrsOQoCN4KNHc28ry10e7mzaUMDdkNsBWSQGZ1Hvoglm8ebrj7Uldwu09Un8R3WrUUVMMpvUgMAm3QzbhZYLP+n9W5+LY0mUQEHEeDF6jgCuOcb4d41l1G3kT96DdYd5yJUUVW4NEayW/7H6XFJ0Cm/54Cx0SaZagX/EuAfG1LZQ9vuQZaeBW7V+x2V9TdruEcJYGRLFVkCcjkx49pXNe4GraizYGHXkTbaQKtzOWaep8W/Wshl+x2GZlyzY99uPwM19bOQ
nGLB9sl+h5YPzmLBvg/Yzzs3l7KLR7nl87zGbJYnrTaiCHVG+6Rem1Wu/NCvFiB4oPTWAEqm+CsGslv7SOqBYxd78Sw2953xbH4viRxZG3Pj8PfeIurCAznB/FFtOW2lDap/IkcvGBCTFXpw/HoBCrU5w/0KQUWDIhFzwuOCn0ugcO1vyFH5X2zBFBq/5k+P7wVHg/FQPe3CxOlxo2qojYMzqKNvJrzpavOiJe1ZbC4ye0ENvPZdoZ166oGB9ZxSbqORq3Q3OTH3s5I=
yONIjLvw+qG8DZomNL9Wzi10e7mzaUMDdkNsBWSQGZ1Hvoglm8ebrj7Uldwu09Un8R3WrUUVMMpvUi8Xm2MyYQtYLP+n9W5+LY0mUQEHEeDF6jgCuOcb4d41l1G3kT96DdYd5yJUUVW4NEayW/7H6XFJ0Cm/54Cx0SaZagX/EuAfG1LZQ9vuQZaeBW7V+x2V9TdruEcJYGRLFVkCcjkx49pXNe4GraizYGHXkTbaQKtzOWaep8W/Wshl+x2GZlyzY99uPwM19bOQ
D2MZh217d5xwscNkP0fCBzs3l7KLR7nl87zGbJYnrTaiCHVG+6RellWu/N2vFiB4oPTWAEqm+CsGskr9Sv+Fdxd78Sw2953xbH4viRxZG3Pj8PfeIurCAznB/FFtOW2lDap/IkcvGBCTFXpw/HoBCrU5w/0KQUWDIhFzwuOCn0ugcO1vyFH5X2zBFBq/5k+P7wVHg/FQPe3CxOlxo2qojYMzqKNvJrzpavOiJe1ZbC4ye0ENvPZdoZ166oGB9ZxSbqORq3Q3OTH3s5I=
H06zfScdOOWsAOFsUIxoaqwaHeyzmF+5MIwJ6TSvVjQb/OoMCjjax+4uYJNvPN6e4k0ol7fkq5ud5qUx7KWSmcKnQypr4f6sD6XVhIGWaFxgg44laeRxT4ckxSJnSOKkbLZ7zyq+9RmW5VY+GKBByOMLRUKJXwFg9MqecClFWNZBmaWOhSGB11xGqpA9Wt0sfZD0mkdftBrnKtYnDwa7My3esiuTh1MBg7S1E/xnw4pTfbKa66CquXfoKbNwS8tqxWUDDiv6s5E=
O//SlK0XTXbnJPXVel96a6waHeyzmF+5MIwJ6TSvVjQb/OoMCjjax+4uYJNvPN6e4k0ol7fkq5ud5qwi5riSm8KnQypr4f6sD6XVhIGWaFxgg44laeRxT4ckxSJnSOKkbLZ7zyq+9RmW5VY+GKBByOMLRUKJXwFg9MqecClFWNZBmaWOhSGB11xGqpA9Wt0sfZD0mkdftBrnKtYnDwa7My3esiuTh1MBg7S1E/xnw4pTfbKa66CquXfoKbNwS8tqxWUDDiv6s5E=
YFQmlb7dNmwhSmfytRupUbQQFzSvtOLUXVP3jr/B3Y0r+moOJiIxg1hjrWqWA/bBa2ON03qhat+1aJBRAzkh/VZsNo3VWb5FaxR/6/6qA5fNauVMWGq8wUZ73U4Rqeu2fazjMnIy0BQTMX50NV9al44QPLoxPv8JTVx9NSFG2Bjmvm3/iIC9+w0wEasBUdD0Mv7ZAG2aIVK8RHN1VHwLOO4pC/yrJRH8WlVHzRPHz0btvVj9M/zP/zoEn0oKH9u60f20cZu8uYcrMD/ws5c=
388SVKOYxcmaWwd/U/LShtPMwr7RZH/z7tEz7SK99ce1TCBVuglMEQF609yq2ZO1JmhaPqjLFmft/3reANGY6rswX3st68+/j+vgQxgHnMgTeYYeh4UfXi0lmp2mpvyzwx+Ov2N1VbMw
nYF7Wqd2N1vnqaUiB3PGUBuc8ik6nY5J/u3eNqDO4V26C54eW/GCPtMcbojfxbm36Fcrvg2p8+rTBrNl
o+M3NzZqK9AmvfnKSY6LMkp6IHCJwnqDnwjZr54OohiqVzGtj5y2xZ2Nif2TAwx5bmEAidrBGbVl6g8t1YMbRikxCkcFs9cvjf/NLxqLQnOuGOFN3Ha9Yf18T0GgdbySjqPx65S3GXFXszI=
5dcTH885Kiw+agxfCuv8RCgtOgi4IEO1ogkexXZpXsrYOpGx0u/+wgMl0vKb2Cy05/GJm8BzC6IVvePm2wKzGQ==
h1LjRWlGC8PwzzgfCRMdymTJ7OkBe+7DVgMyqx705ACph+bdzuwvD/rUv/oCqvvrkY3UYRusGbfr4N8As2c=
xT+dyQDJbZL/mdYaVhZY0RkJ/pai3AFF1aA9Uz1pLgzqDepKfRIEQFQrsJXf2Wtt8sz4Xg05YcOYPpwoGtZPtaCC1ek4H22glb1ZdEv93Hk/8nMTFNC5l6SBRfe4wcCyAzYjd7ul89sdIOFFdgSdmf/aBNV3U3wbw/bAAT5zdk0RCcCWZps11RBGgclpMlkp1QDwhdoDRdOYZ4WZo7PG
VvKAZVGhEelEIyT1yHrFoWy4jYSHhL48Ncwoa2kxfM6K4CT1qNyas3B+JdECLWKRikuTtaOHip484Hsb2Wislng1eKTJcg89GJ3QnkGgGe8ygV7RdsYHf8bg9zw0vOoyIdTSkI3le1DGtn2nSNgtc+144dMBKSC80nZJWK3CMVqcDMPN1MS78M4hGyTr/YF0Op03NRM/v46NNcglcyTf9xrML/KCoGv69PWrKVvkKQ/LeM+Is+8=
4Gx3scBm+lOGi0Tg9oJlteZM+ReVYOkMvIAjItoEl5iyIBfsOxGCUqmAWlWCWGMWDDUTthpODesFsaAQ2crfniXQ77ugzmPWeQemmB0B4OpexjW10P1L+7WT6MHjjL8O36olfCqHEVyx/26q/52c92ZSPtiZ/ZiekcFF5nVZgd9MXoq4DWKd5C1IlHI3pzSSd7J2j7++e3v9hlJDY/9TCZOslTvMX4NCA6XScptYIjbneIwbz/MLIhU942bbgrOZ
kUWhEsMFtHiCdvpzQ6UT1Dtw2o5qunIabV5QJkrxwbRbDAwe/ZbGhnfmF/Na9quM82+2MG9bLqPZo2IOFUDgojHhPfnPDG+verR/2gOJuwIULRsBG4xZV2tAH2CzBw==
RBbkXF64qHl7F7RlxIskisfXeQQlnlnVSt2I1GohwHvxW44sW3RTaVRnz4W0SLe4atnC3gM9KOPdsKmQPXsBEzqfgBSkLTsfgal+YFE8+PkNC1ziX6FarO5kOeplP3Lgf9vyWeObDkF23qXudTt9lZX3CzjnSUBkq1W5gtJ5EeP6l1VuZm2Is0AhNxHWmmCrU/nGHscF31PupVOYZim8s4Ofzr+j9ZWz8A==
batRQf+qh6GsGBvL8/9GJlUuUueUikKiP5NYcoZmzX+Y0O7e6dv5RjlH2iJAzb8jeniX9ZNifvDc/jlE2w3pUcDPF9Z/rldXfEIOjeEKDV3mRKunvPGKAIZGHRfIqI3DrajBwwE5AGySxukoLXJRqtxcI93U1NsgDlH7lGsNIcT6zRclEy+f3k2FaNXzlD+H2hxP4oOxi6q0BcuZ25SJv4uo75iz/w==
XZMfZ/lB+fGLB8AO3AZXpOuO2RMt2ShHZoPXbQEO0Brfy+i6xi49J7go/tbp0+m+GR8qagAFD3uawAd9E+ruSLwmiQwbxZmJ4LcH3n+mRy9cmn5FIUK9hYb8Oy88eRq4Zh6t34jgfZuNUNHLATEQlLKeGWBtuuHyPOSzVVRcS5huiUvcq8VRHNq1By0TJ4+mbV0YHTPcj1+6pN9qAzkbElRde1Gb3Hnnq1D/kLP3
JZPtD7D5BMRak8nOCOpZbhB10lyo2g+NgU0HYYoAKX3qIMc9/IjWIDEtsC761OnN1aRhCR548CsjkfLmIx/z1LKy5BBdfssL1UOo8cOcv3g79eTMiheRrNEvLprfjZyHhgL+aDltGG7xEQXWVUmBr6wOSgit8h0UTZjUQhe3NOKX4rY/Hy77i51WEnND71N5c/xVi2zPA7JjdZJCu0gjRwcoTKtvY4vSde2jVvuSs+k=
zOnc7Lwoejr38dgrVFeP/v/4oRElyaLofUgnhaxAlnjBBZDW6tzp1eVMATHOMDDzUzlSnrOXc0wC2gSoDbaLUyVriAnTlL9gCx2E9FpfUXShh47iTwUcHzZqHtBppVg2ATklLkVBgbec5iowfbrdzD0wdDqHP7R6J4pWh0/mu9NtfjKLU+dTYUMUNbO8h8NqE90yOivAo9+3QKwTP6vLioXFg67rmrPx
BHkZz4ou30tRs7znHBvGAIzecwN1ilzOU8vbk3A6127xW44sW3RTaVRnz4W0SLe4atnC3gM9KOPdsKmQPXsBEzqfgBSkLTsfgal+YFE8+PkNC1ziX6FarO5kOeplP3Lgf9vyWeObDkF23qXudTt9lZX3CzjnSUBkq1W5gtJ5EeP6l1VuZm2Is0AhNxHWmmCrU/nGHscF31PupVOYZim8s4Ofzr+j9ZWz8A==
rjiiDdtUWvjBVcMjHh8Gvf/4vB0j27nhTUgnhaxAlnjBBZDW6tzp1eVMATHOMDDzUzlSnrOXc0wC2gSoDbaLUyVriAnTlL9gCx2E9FpfUXShh47iTwUcHzZqHtBppVg2ATklLkVBgbec5iowfbrdzD0wdDqHP7R6J4pWh0/mu9NtfjKLU+dTYUMUNbO8h8NqE90yOivAo9+3QKwTP6vLioXFg67rmrPx
7OMBcoJWbZcr2HMMmzwDcBggGbmYCniS1YbVuVdZci3VX8rGrxfQ5iYyBTvINMbK6c/RomkDEnbgWTen6hw/IdO2VpTM+jFQ+1khFZArv0L/Ov+zLAbG2cEeBVn2IINz/CUiZBbClYNo/EWH/Uzp1wEtKIjCgiF8jebZLkw4iwmUAPNEHlXzgEtZ6YCqKb+xk7s3Oh3BoIHTgDeDynhnNsNlI84kgUMNe8BB+9tMx4yz6w==
wrX4obICiWrqXA+inPxEIxImfxsWOp64/41+KhV099GUrPZcKRmgIvLQ6dHtsBElNhwQF3tloqrrWzMIymZUfLXaa/dN9zh9Sxg/5INhFGAi8/EQCVv+VpdJ3Nt+Vs6EUUk4EuklFdpdTYGzlBo6JIWW/SgVbIQO3/P0Pu82BlP3ilt3BeKC/8tr0+XLaKUnxCtjDrsBQo7zjGMb/3x8RwdHq65t2bNa85az9Q==
KwivUjM2/pCUo/62E2i9SBMvYgwQOdeqr4NiIBA1w5+Ytv5JKRmgIvLQ6dHtsBElNhwQF3tloqrrWzMIymZUfLXaa/dN9zh9Sxg/5INhFGAi8/EQCVv+VpdJ3Nt+Vs6EUUk4EuklFdpdTYGzlBo6JIWW/SgVbIQO3/P0Pu82BlP3ilt3BeKC/8tr0+XLaKUnxCtjDrsBQo7zjGMb/3x8RwdHq65t2bNa85az9Q==
NrpGwZlzFghBjoziaQmR8s7RUkHLkaU+ij8oliEVVX1vSIfbqgD3PkNtszbEWfNFO4gxo/v01wSzYw==
2ekbnLTukcjam3yhuZFCX49d8kREad3BNHTEIZs7jcWYZlk5QbMwmQ3geJWiQ50jkMf9yQuzbg==
rodZVjz8AW2I+0pVkJH6pB+zeuFcYXO7qSFU1IL+N7/9P08j3jWEAqvpTj6fdbfTxhWLeO45BPPb78YfmyV9sxg=
wiaVYMkYXBDfD7sLutJFqZcBvR3SSuonovc+c4uISPXl7yg6kSUYe15Heb1kFrVRlfPkMaFQxC0W48n7zBeRIX+zGg==
0tIv7CT0CMvmmJ/XKeOXQjYhPAqwJDDm9gMU2HBjGo/KPpSxy//twgMl0vKb2CO35/iMm89zC6IVvePm2wKzGQ==
NrpGwZlzFghBjoziaQmR8s7RUkHLkaU+ij8oliEVVX1vSIfbqgD3PkNtszbEWfNFO4gxo/v01wSzYw==
2ekbnLTukcjam3yhuZFCX49d8kREad3BNHTEIZs7jcWYZlk5QbMwmQ3geJWiQ50jkMf9yQuzbg==
e9VWFJ6YHCPcGRHyA9NzNKo9pxtdZByMIgl2gUzlLbWC1Xolg7hgHyhvku8BjSGIq1hHPzz4U1PgHoV/h54pjzRNl6wLWlGTf66WGWSRawU7RkRN9OCdVgkIbvhtospT4IV0gApELTsAZyJ6zTqh+38vGYEvsVDwCv3cq1Mt/QxMXsDIViULCKy7DdEI8Lvfpw4Y1tf/hYeAzJfjbcAmNfiruqgCK+7sUDnFrI9dGR0sosee51BmsRz6s5IGzD51KSaEyyxPB1S7POkpakTi5aATZZAbRR0xaDzWFueQ1j0k8sx5Du9x5/BbMMhVK3p7Hr4ERtYfkA4vhrkifB47hqA46ZllBR7u69htxRznA9Xekv/mnRqolkmj5w14UEyooMOTqvYd7RaBwvsBM3L74BF7ZL+2jK6EW1czaE8jFmn60wN2ISggpyNx+KqZnfViLXWBi+Si2pz1Lj0QZVRkNq9LdIafDuZrh7Kbz3VaYke7U9Pdu9BFn7STozbLOaK2gzTjo49EnH93f2sWHWFT4oOus80=
N54pqGayIeyMzhj8lNsKRQlfU3p/bRA14TaTkZC+4HW73EkexBBjP/VQcopAdVQJHil0OtRmQ1mlPAzsM43MwY5LgjDKN2na1c/TJUe9oHWvnu5ytA8u6Y8EAqpNYfWTedZ/6xe+yEJ8xN9EeeHoKgYKbTs/pfBNxjmuUfyMM7CshAy1uGl3zsdQdzh4p/tm+kXm3hWftLUHGNnJkrlkWv3vpKs1km6aEko3jFZif7qYrfs5mN1WXosncdlderLm66v1IBnqTmt/VDSC0mvnMb1hXvzhBk7yWqVfxWhhEnLN7hHhpSImBov8psBSPbRauphfI67+8KzXpOko0sxNFVdhBRoLL32iIfmmi9gynaEZpXJKgqc+TBt/aQP3FPUTEh/KPiV4c0L647X44OEF6+MT1gU3vyvj0gTQCAEyByHGq4/pdkLSOApTCQ81zJQpcPBdj7iRSf+8wcS6DyY/b1+Fl+PhEK0NssTZ0TMquK3Ts9iDX2ZMibrz8sWdmVwOwvuRLaw2zQGtcxzhGTCMvT4jIcuEd4mRp7PC
ekf+wks39B+yaBFF/NI7pxkJ/pai3AFF1aA9Uz1pLgzqDepKfRIEQFQrsJXf2Wtt8sz4Xg05YcOYPpwoGtZPtaCC1ek4H22glb1ZdEv93Hk/8nMTFNC5l6SBRfe4wcCyAzYjd7ul89sdIOFFdgSdmf/aBNV3U3wbw/bAAT5zdk0RCcCWZps11RBGgclpOl8p1QDwhdoDRdOYZ4WZo7PG
BgrcxU0uhZTQHIGMA+nOWWy4jYSHhL48Ncwoa2kxfM6K4CT1qNyas3B+JdECLWKRikuTtaOHip484Hsb2Wislng1eKTJcg89GJ3QnkGgGe8ygV7RdsYHf8bg9zw0vOoyIdTSkI3le1DGtn2nSNgtc+144dMBKSC80nZJWK3CMVqcDMPN1MS78M4hGyTr/YF0Op03NRM/v46NNcglcyTf9xrML/KKpmv69PWrKVvkKQ/LeM+Is+8=
lW80Y/AltbLj9T6VkVWpLuZM+ReVYOkMvIAjItoEl5iyIBfsOxGCUqmAWlWCWGMWDDUTthpODesFsaAQ2crfniXQ77ugzmPWeQemmB0B4OpexjW10P1L+7WT6MHjjL8O36olfCqHEVyx/26q/52c92ZSPtiZ/ZiekcFF5nVZgd9MXoq4DWKd5C1IlHI3pzSSd7J2j7++e3v9hlJDY/9TCZOslTvMX4NCA6XScptYKjDneIwbz/MLIhU942bbgrOZ
AYavFX7smDDHX6dBDARzOxkJ/pai3AFF1aA9Uz1pLgzqDepKfRIEQFQrsJXf2Wtt8sz4Xg05YcOYPpwoGtZPtaCC1ek4H22glb1ZdEv93Hk/8nMTFNC5l6SBRfe4wcCyAzYjd7ul89sdIOFFdgSdmf/aBNV3U3wbw/bAAT5zdk0RCcCWZps11RBGgclpOV8p1QDwhdoDRdOYZ4WZo7PG
x156RLpXORHen7YdeNVWF2y4jYSHhL48Ncwoa2kxfM6K4CT1qNyas3B+JdECLWKRikuTtaOHip484Hsb2Wislng1eKTJcg89GJ3QnkGgGe8ygV7RdsYHf8bg9zw0vOoyIdTSkI3le1DGtn2nSNgtc+144dMBKSC80nZJWK3CMVqcDMPN1MS78M4hGyTr/YF0Op03NRM/v46NNcglcyTf9xrML/KJpmv69PWrKVvkKQ/LeM+Is+8=
564m+gZREbNvfsmKJSOulOZM+ReVYOkMvIAjItoEl5iyIBfsOxGCUqmAWlWCWGMWDDUTthpODesFsaAQ2crfniXQ77ugzmPWeQemmB0B4OpexjW10P1L+7WT6MHjjL8O36olfCqHEVyx/26q/52c92ZSPtiZ/ZiekcFF5nVZgd9MXoq4DWKd5C1IlHI3pzSSd7J2j7++e3v9hlJDY/9TCZOslTvMX4NCA6XScptYKTDneIwbz/MLIhU942bbgrOZ
hU7AJ/FtIdXcsCOZgTG85BkJ/pai3AFF1aA9Uz1pLgzqDepKfRIEQFQrsJXf2Wtt8sz4Xg05YcOYPpwoGtZPtaCC1ek4H22glb1ZdEv93Hk/8nMTFNC5l6SBRfe4wcCyAzYjd7ul89sdIOFFdgSdmf/aBNV3U3wbw/bAAT5zdk0RCcCWZps11RBGgclpP18p1QDwhdoDRdOYZ4WZo7PG
bIUwgnI4mRUqKBkjwt+0K2y4jYSHhL48Ncwoa2kxfM6K4CT1qNyas3B+JdECLWKRikuTtaOHip484Hsb2Wislng1eKTJcg89GJ3QnkGgGe8ygV7RdsYHf8bg9zw0vOoyIdTSkI3le1DGtn2nSNgtc+144dMBKSC80nZJWK3CMVqcDMPN1MS78M4hGyTr/YF0Op03NRM/v46NNcglcyTf9xrML/KPpmv69PWrKVvkKQ/LeM+Is+8=
osEXryjoFg3kZf3BLGgOv+ZM+ReVYOkMvIAjItoEl5iyIBfsOxGCUqmAWlWCWGMWDDUTthpODesFsaAQ2crfniXQ77ugzmPWeQemmB0B4OpexjW10P1L+7WT6MHjjL8O36olfCqHEVyx/26q/52c92ZSPtiZ/ZiekcFF5nVZgd9MXoq4DWKd5C1IlHI3pzSSd7J2j7++e3v9hlJDY/9TCZOslTvMX4NCA6XScptYLzDneIwbz/MLIhU942bbgrOZ
fszoXY9TozTQ1O0QlNHaGfctNglVOD0TPI8UR9ypi1QRI7M1QvbE406zandPkbJOUz1zngVdR0jSASDT//faD5ctebMc
g4iEcpG/8wjmGYhofYpkQt60on7k8Htjj9JZRVtuXVGCZyJcNnQqq3AgxZrypg60MRm4wgkVVar9nYFjNGp6FGVGfXh1XET+f6P0bk/GxmOX2tun5dLCj2u70zVrGOUXJPvjXtsxgn5T3G5MX4y8d2cXK36N6fMqU0azJQ==
ySReiSA9nTrcdfMs976AQvrAoBn2jzM/4JazGXkAHcm/smU4IR0iiWTBSwTja+IzireCFVUsDx/t9RxKWpuQjzSHUa1sNo2B7X5bYVkwzD1+I2FLRHdJEWezAg==
DTktFNyK5e+bQzbi+q6nBeAhp0FhtEEthJFmFjWV/5iLRUkCE5S3hYRlwqHt6EUzNJ/8B3RZA/TJU6s1WgacQ8bDwrcngbpuq23LHn2NfyjaEQgTl0dSb08dYbME
UHryIZV1Gm/+IGK9oclk5MkSiGRQhmA3s5FmFjWV/5iLRUkCE5S3hYRlwqHt6EUzNJ/8B3RZA/TJU6s1WgacQ8bDwrcngbpuq23LHn2NfyjaEQgTl0dSb08dYbME
Yp7Ze9a67lw6rOh8W+7k2Cy9lQathGIWMZ3jiGd9LSL3zJt1uC0GYamguYNYR1hn0KGvZFXbL7XejgDTartmV4PZVt7XpQ9eOUVDWPbJbDNzfz5/UxVlswA=
7T8m2Iu9SoDzC90R9sL9LDHe5PvT8cM9bd3TNrhiRmGEUl4WDWXH+KO1gUJbRB/lHPVaIXV43ZNcTzRHPGnr1LFjUzUiNmRjrvMKd2/RUs4z/VOe5R3nyHJBwNPfN3qPd21Zszw=
wEPDVYJysKfJ1WKomBZNupyzTw1KpHa8NZdfPKyFLM6+mdZMJwQ87vO+ipIeRCnpyy1xpKqO52G5Gx9lQwDo1E201QNUR4eDlRVfhusp4ibjRO7U79Tcb1fP66Y9cZNyY16zPQ==
U6ZM1xo+KfXvMcYTlbbSrxEMbyIkGII8A88xR6uytoFTKX0gASowCMg+c3p2xc42DvFd+QxpRVm0dLKK3ZwnZtZ+P/UjUD36Qfc+gPNTViknYzJBSiZhntGz8fXZPy8o41GcJPfNPRK2sd3D9p+xXiLVdDM8mfMhspJsix+xIo5DnQOetb1XiEJhcFMPF2pP542ps8w=
W+xZ4itdKLt4yODf8qmnQAl+bz9ce25+TeGGoEQFOva3uedQLrXOPFEuKcXx5ApvievfN0sw48mJ2Sxxv2yiBHlox3sq4LceTkpzVkT5M2U7aHFDe1QXZLMD
d6u0ccgYfRJ3id9osMCE59PLyRgQhfdiZRSKLEWD28NihRGnB0Ea7sut6x6dzd+outFoE7cHsu/v3QGzZA==
d6u0ccgYfRJ3id9osMCE59PLyRgQhfdiZRSKLEWD28NihRGnB0Ea7sut6x6dzd+outFoE7cHsu/v3QGzZA==
DDOgsy39u8xjiykUTDVkyb9O0TBsn0ZKcAtAnn8NWi/h3kLUnHpOUDLSetGrM55nIz7H8oWWsNeIuuGGzVR2DVdN/Sr+oGRn/YoNGV4sWhEkdRXzMUkSV3l6naZABoIIwifH4krlpknSv2FeOgBG8MDHCDwB5kA=
