jkVt3GqlFS7u75i3FrdfP3H6/5p989rz67uDvf66SY00ovWcFYmKeB8bUZ4iJ3dtB9ErnciomtokhqozX8PDFLIldsC7Y37JP1MqQVIWeX75g7m1ke/HyFvB5KRPXcWyHuGVgz5vWX46pWwzJGnrAdriJEvXYYouOw27Hkst7OwqObuTxydCL/+9sbPU
2LeTAAhrWJXBGlWRta/T3Vp5Fz12WgZpbif5Yiwx3HUBntVYAtZXRWgirXmW2prIjc5c+q1VcRR30mvjPJDRBxxhjcegwdiCy9ab59Pl2ysFAKkVzoRlSbe6HOWfk9SLu1YI8SZzbj1ZqTgGzttd5QimSZkRvuH5HiTo/fHDrUMgB82pu7Pe
WErlTHq7l8YJ45lKHeu8eYKyv/vqWHBJFt2Yh4RQRSQAQN7K/FbMDSBDbl8S8p2DzLmX14xsKEOLjuxChffnUUKUROtcytSA7lY7HXzSmREPf2TgmZ7oAgEVHSyDAv+LgHDNL2jRGR+MwfRaX2bvz88FZ0OR0F0tosTJsQPqCM1jM0jjj6YcqUrzguVN2QzuUnshzRx2/eG9fg3BanR8FU2jsWvUt1nxl7Py
cTqrqycdNSmVrQW7SmVYH40+I+tYXgbzYW/XnApbtjArHV4u8w5GBG4geuc4ZIWmypI+mBk9mN4RAUWm9ZmBn8yeiviNop2krYiUMrdnNNL3cnbPP357O31GUgPjP1NJE2yVe0yfgwKDZdIyG5gudme7iFtHMAtilf3jJltCs9k=
gYidPNUo0urKGTF7EWw4GCwjOaDQXSxEL2grbhvU2Qk5DybTWTaL4WIvNryzue6SO9On6JYkavsQUMXqkvZO5JGpOHKpxZV6HW2Bk9S6usTF9v3I1QwErh/T9B4vloYzN2pbF0UCAl+LS9PFi8glx4RLY+57YcIuM6xuOj/f+CfPpKvOLTkz+rO2s9U=
q+VbvdfaB1+Ab4+7LSmssywjOaDQXSxEL2grbhvU2Qk5Hi7dXzmKs2IvNryzue6SO9Kn6JYkavsQUMXqkvZO5JGpOHKpxZV6HW2Bk9S6usTF9v3I1QwErh/T9B4vloYzN2pbF0UCAl+LS9PFi8glx4RLY+57YcIuM6xuOj/f+CfPpKvOLTkz+rO2s9U=
2BjTKq2M74ebtHsBMKkmIUla+JPq0QVekbo2aS5gehbmEaheLiFbHgxIy7GdlWtt+c78WkMjMZP5auwoGtZPtaCC1ek8H3P4la4UKlXVyUQ/8nMTFNC5l6SBRfe4wcCyAzYjd7ul89sdIOFFdgSdmf/aBNV3U3wbw/bAAT5zdk0RCcCWZps11RBGgclpPlkp1gTwjdkDRdOYZ4WZo7PG
heFGQK+FifW6LIKOjUT27nZ8EeSJQSxEJ2o9fE/Z0BdrDyCaDXjes2IvNryzue6SO9Cn6JYkavsQUMXqkvZO5JGpOHKpxZV6HW2Bk9S6usTF9v3I1QwErh/T9B4vloYzN2pbF0UCAl+LS9PFi8glx4RLY+57YcIuM6xuOj/f+CfPpKvOLTkz+rO2s9U=
mgZRM5xhRYvwsAnrQRn7Sig7VbjcFyxELHUtex3Qw1l1DyXISDPes2IvNryzue6SO9en6JYkavsQUMXqkvZO5JGpOHKpxZV6HW2Bk9S6usTF9v3I1QwErh/T9B4vloYzN2pbF0UCAl+LS9PFi8glx4RLY+57YcIuM6xuOj/f+CfPpKvOLTkz+rO2s9U=
5RKw6+MJP6/6/mSXcHTu0lM5LVAtcdntqbUJHph3ERPXX0/yaoTMFpmZpprjJd2v9ZQjdvImQ7WfiNlqxX9S4F+bktkDWy5BVh5FbhV7XZW1t6u4B4kgZIuVGQKyufHjmtf17sYt6LOg4ZeRdlqAqzO5Jp5nRf9eD+UwHMbhn7OjXy4/w7W1s9A=
w9UtIqcsIdCbIAQ/D/N6z2WOwf7EWghXTR1xivt3vve7TDEyls0mbfZ6f0M2XI+H157KjsIl9LJlTD5sNooFG6jkVU8dxJnvARVYACJKMWRNfklmbDC7cRT4w0w+nWMYC0H5yMqhT4mTg8eyfYmwmZMYp0vqcFfOThwTxQDJ25a72FEzO8S3tLPT
GBSLzp6eTQ5YdpPNU0iFUjlbEW+h2Umn1cYwrqoIWdCGVtPN9LLBAfC+/5AhfuAyaZW13IsihzsYsPU/MHGRz6TB3IrXxrff98X/8+nwVd0KRKGBCwqwvfvzsPPXxpR5ovPqtcU51P4qO7k9pBb10VX+pbFiVISl1eOJewwX0aG/s9o=
jkuN/Rx17bQa8sqFMz7LbvSxexo2+Z7d5NrS3CAj00NkkWSrlTpQwI5W290cUjnRLn5HIHkeiELhFT1sI4Jfy+BwLe8IUbnfrMHUmv/mjw8vBQcDMVD9bYLEKfFjaugNQzNoIy8mfGmq8+KlrVmsrnJ7AY189h0h3X4tAcr03NWto9ErNDf5sbez0g==
P/dOgU2nDPrwm4cbwr8nEpcwLqm8vUKJhEQ9EogI5Y81ZyzPHxj6tlsr3J/0myg5tKlpuPH0s55CmgWBoBRAWqszqTQ2rJtcUuqZrf0ObJVihlijqSTFs+puZLVr19dk70r7Kgovy0PK/64AloudJFQYG5ZiI0aI0rEkfKBbNsRJ5xqNpVTaG2Xnr8lvp+zncEV4eLLW52XYYp3ZoF6KaF2OjNo9VeF0p5K7gywQIWfsIX2nUMEo4juWa4cjZctL1UB5dV6E9Wln+sxFjxPkK4sWuNGWc94d6WkIpv5bTUVYZhm5gb5xGU7kuB3hQ92jUMe9Scuzrg==
7te1e+yWqRiERNCoRTUNE+35EqfIhf/njUmOhbOAhQ0T3dK13Ok+fD3tyxJndk+rAfVhO9qztigbVT5WY6eG3Z4oWt9oDAU+elreYAkV2IZhieUeJXGBh/zW6oAdCl18XYC0CucPtEpHupY3L1Y7Yw3O8rsz11NRIyT1A9w3Q9pzbfIKS/Cu7tdzaKNXGEs65XVDnouqs8E=
uuGu55k6MZQXtgisw/xVNznGeL3FBSKz0In/44VVnnGL7KUp++Gi4QQlfjh1MRumH9qvT6mJ0a9CPzask8muIttLJnn2lKoLMEDF+rIGjlTxObjiSXXVCj19gYP0yvp0JWZ9WLW8xF4/w/QOD2ZGg1f624elskIvq1vT1au4ZXdk2+N+G9EC3hO8biofLziXrzQrXs2Jc4qTprPF
kYWf8ZCz0YeDcsBGNe5VQ5aDssY6T56+Nl4Of2IH1hrsDWMtUEFqLnSasu6JB4LvC4lFN6YD8m1K7FiWDXFqyp895E4gLH8Gfo63davg1VoZh4ZAKwMuCc9zOkFCNom+qeMpNWFPd4gL4RSkfz2Vcu4BJQOuz4m+CsV8MzSJ20GKQrTLZwH6buvtix47DTwsmpnLE1fHkm+PnaGzxA==
8wl8wWw7Duadbs7Jhur3WZVgCDhCoNEbOrncj//hgVuWa5f6tdvPn5oLKENeGpEfc5zj7N8dfVeJ5Y75du7XB2Z4h532y4IqUqFc5iUYFmgmrk1PCHDd602AsfsBAXBEcu658O0qAUJ8NJMlVKxryK45K0wrVfHsmuXnHRMXb/YtrbiNs0zv73r0/5oOSDvBEO2TwhtM2ZdrgJ+gs8c=
vFa0dQjo0GPaWbGrfk2NcWBmCfWJSCxEL2grbhvU2Qk5DybTWTaLwWIvNryzue6SO9ql6ZYkavsQUMXqkvZO5JGpOHKpxZV6HW2Bk9S6usTF9v3I1QwErh/T9B4vloYzN2pbF0UCAl+LS9PFi8glx4RLY+57YcIuM6xuOj/f+CfPpKvOLTkz+rO2s9U=
gdVa1PIMNWs3b7NL7Z0GImzZjKCWMEZVQRpwlt53qf3vD3Rm06kmbfZ6f0M2XI+A0ZDKjsIl9LJlTD5sNooFG6jkVU8dxJnvARVYACJKMWRNfklmbDC7cRT4w0w+nWMYC0H5yMqhT4mTg8eyfYmwmZMYp0vqcFfOThwTxQDJ25a72FEzO8S3tLPT
P9ALjq9o7ldNHbL/G9k3sK9z/8nLIY32RinOmXaOl6fmmEe38aTCitJBnMYlOFYIpg6NrwhQnYvNIHEbAeGw5PKO+dDtysHi/FTTBVSMqygumWssK3UxDBpFp30Tdy9WrU14rbMsr0/6FD+6Dmh7oZBNUyIbbJn36yBfQLMn
NSzEyET/KbD+ZOv8bm8ymuQVMSDMbxOixix4li0xCko//Q9JD2zfhh7Ol3VLIHXaecfmQAvDzolvM1pBInYpPkkjCTUBDxcIqyH0pF999fJOQQUDTg8pPmqFXDMUSTvBKgLUy0fBWu4LLaseW02crHpZKxN3h/LvL11BsyQ=
qw2GCerKbYx3N6JOemz+5a1z/9jJN4n2RinOmXaOl6fmmEex8aTCitJBnMYlOFYIpg6NrwhQnYvNIHEbAeGw5PKO+dDtysHi/FTTBVSMqygumWssK3UxDBpFp30Tdy9WrU14rbMsr0/6FD+6Dmh7oZBNUyIbbJn36yBfQLMn
Z5KGtgggP9vQcf+zkzJsJ+QVNzbQchOixix4li0xCko//QlJD2zfhh7Ol3VLIHXaecfmQAvDzolvM1pBInYpPkkjCTUBDxcIqyH0pF999fJOQQUDTg8pPmqFXDMUSTvBKgLUy0fBWu4LLaseW02crHpZKxN3h/LvL11BsyQ=
fqWSh1Qdh9Zl0xdxjtYXM+QVNiDCdxOixix4li0xCko//QpJD2zfhh7Ol3VLIHXaecfmQAvDzolvM1pBInYpPkkjCTUBDxcIqyH0pF999fJOQQUDTg8pPmqFXDMUSTvBKgLUy0fBWu4LLaseW02crHpZKxN3h/LvL11BsyQ=
E38/9ROQpxH76fh9zgc7KZRSde7NhJTq5cHV0aGdm0utix6o1OYTdGb4jEgK1l9VkMKFScac7JglbsQKJdX5pO+yA7OEUAn39EG116jB0JLz9nMXCyVje21gMaVGBO25Lxq0tefTjLuTtvDhLnNmLSHJEDYWG6U1oAbR6ZkzaUmGxAAtSYP1M0gn9bmzs9Y=
fAlk06FPEXHCk+5AmWPx8xOvNB/H9nEMYTQqGOYO+AAofv17YztcQJvb7KK5mhKk/QrBWSSuE6CeVss9LBJJcZ792IApXthiERUNDHPCjytw8F2PuJFJ/7zBxLoPJj9vX4WX4+EQrQ2yxNnRMyq4rdOz2INfZkyJuvPyxZ2ZXA7C+5EtrDbNAa1zHeEaNIy1PSMhy4R3iZGns8I=
1Y+dB7nLbPKTMEBt+NLGGFA/hsxtcXzVZ+wELq8m/ij5dT8IMkEWd8W9sk7wzlX39K25JgZUt+xXu1mNX275LdMrcwJmz8zwrptH82ia6OMeEZzE6hNV15FcEKHckPFHfOFtB4DB+EIrVvun8+U7a2WACdXuhAUJVzq8pb+TNEsb1qgxxnMOffkpmEau230lqCYpWfGzwbm+pAg9kcONg8CHrembs/4=
1Y+dB7nLbPKTMEBt+NLGGFA/hsxtcXzVZ+wELq8m/ij5dT8IMkEWd8W9sk7wzlX39K25JgZUt+xXu1mNX275LdMrcwJmz8zwrptH82ia6OMeEZzE6hNV15FcEKHckPFHfOFtB4DB+EIrVvun8+U7a2WACdXuhAUJVzq8pb+TNEsb1qgxxnMOffkpmEau230lqCYpWfGzwbm+pAg9kcONg8CHrembs/4=
O1fAIXOeMepk397DVauDduXCx8TApoo7Dv7A4+Pp2DUe5mtjrj2BvGh4onoPWyMNWJJPFVP5GKn4G9CN4c7OmhzbcYeTp9wmVIvIQi3gwvirom2cy/t35AOiDZUk1SJKxpaXKaOyKxXOC0YdY3zVjqhVD28IEB1LzWDx2wEhMKTyTnmQ7QpBovyUU0VUTCtoLlnrbCu1sUwahSc9Ezevlq0N+G2zbC+P+lS/egsp+2GQDdPiGywZN+tg34Cz5w==
UovH8mFBJnH8jqcpNghkZUcMGbPNA013HCgUR3WSGYoqlr97/KOa0T6W9KJdyc42ohfVjAtYP988PRxUmX0oezZecKz4unhhOaB7QAAzSquY6i9QmNIn3ac8jUfJ/wFDVNFdt2FHQETCLEu6bfXE+219vGq4/Jjz2wvfZB79EuAfG1LZQ9vuQZaeBW7V+x2V9TdruEcJYGRLFVkCcjkx49pXNe4GraizYGHXkTbaQKtzOWaep8W/W85l8ByGYV+zY99uPwM19bOQ
JqiCTVgXF0jkwlxkej5k2iBQz2tr09hnhNT/8NrspTQCa/vrCYsYGstGObuCedl5iOHJycjvEms6JHsWmrb7NWcYccqdDxqgl0tqOStrNkFOLm2O7auV1f3H8xivGdjkMwVxYuoJOSNSB83Orl3ws7gRf7FOCsjrewn+fo/VR9t2dZi8HhFXc+sPVl/rha2zyA==
/XBWvca1olSSawSxNj0bqZn2Kg1W7WlcFDFGCERNJTInykldUrwQCG95o+QZ9//w1Tv2J3M9InoSkbz2JQh2WOZ+7T+IwD07DfCR6wERUDQyPllAbVqhkrwE8zVUvIv47mmLvKvlkbxaFccNEwdPBu392D0zvE+/OsQfigtZW/HQPTOym/w5Ryvwv7Cz1w==
LeWUDeuSNzY3/llHokXJORHwceNAc3KpuDEXxJ2rN7XGfkhz0iuOF6vpTj6fdbfaxhWIfO4xB/Pb78YfmyV9sxg=
f0qOJx/CqF6UeWm4wUYiE+X9Hq/Nsaz9g3TBlanJ5g9A5+6b7fwtbj6ojQ1xNQWrCeFqGLfq5g4veCQvZfjcg8IoQ84lEUM6eRzQewsV2IZhieUeJXGBh/zW6oAdCl18XYC0CucPtEpHupY3L1Y7Yw3O8rsz11NRIyT1A9w3Q9pzbfIKS/Cq79dzaKNXGEs65XVDnouqs8E=
CxZWUMhNLa9uPJFqc4dZD+nX12u6PRI/nF9QL63dmqereXqjWzkW7kys5YNdlk+0GBfIB0NoQ0YWuH/ZYBO1eTrG4FI+R9DBtPnlBXaxJncySzK9M5SB0CVOBBOXRRisj5fcB/Zfo9jnknsDbBBh5ywhPSeQwehie5arB2Nli8sVQDn1HoQ16Sf6DMVPE6SrSxZ4UdZzHp2paUgmPlsNxRhm2TnBurCZjuT4nSFDHSMQx33Ji7Pu
YSmsEKdkwpOPA/it6UsN+yld1vo8sT8wEDoMD3CO6dQUHX2Wli7e34zSDVJ/wTfc/9gnC+ow1w5JXZMFAAlb1rsY0fM7hDd0sxM=
ljAc/TJDHaN/SASreY66mpyzTw1KpHa8NZdfPKyFLM6+mdZMJwQ87vO+ipIeRCnpyy1xpKqO52G9GRFlQwDo1E201QNUR4eDlRVfhusp4ibjROnT79fYb1/M66Y9cZNyY16zPQ==
REqiK5oM0b6O0afGU9Zd0THe5PvT8cM9bd3TNrhiRmGEUl4WDWXH+KO1gUJbRB/lHPVaIXV43ZNcSzZJPGnr1LFjUzUiNmRjrvMKd2/RUs4z/VOZ4h3kzHJJw9PfN3qPd21Zszw=
rZB/w/Ae+9zS+IfOmPL5rSy9lQathGIWMZ3jiGd9LSL3zJt1uC0GYamguYNYQ1pp0KGvZFXbL7XejgDTartmV4PZVt7XpQ9ZPkVAXPbBbzNzfz5/UxVlswA=
Pg923l8kws/BhR4c/WuCyMkSiGRQhmA3s5FmFjWV/5iLRUkCE5S3hYRlwqHt6EUzNJv+CXRZA/TJU6s1WgacQ8bDwrcngbpuq23LGXqNfCzaGQsTl0dSb08dYbME
YvnoPSlv+nESjmqDAy1A3uAhp0FhtEEthJFmFjWV/5iLRUkCE5S3hYRlwqHt6EUzNJv+CXRZA/TJU6s1WgacQ8bDwrcngbpuq23LGXqNfCzaGQsTl0dSb08dYbME
KzrOqQGBEBXT7EF/e83ulfrAoBn2jzM/4JazGXkAHcm/smU4IR0iiWTBSwTja+I3iLmCFVUsDx/t9RxKWpuQjzSHUa1sNo2B7XlcYVo0zDV9I2FLRHdJEWezAg==
fT2Ip1gdA9h//2PnZznvE1A/hsxtcXzVZ+wELq8m/ij5dT8IMkEWd8W9sk7wzlX39K25JgZUt+xXu1mNX275LdMrcwJmz8zwrptH82ia6OMeEZzE6hNV15FcEKHckPFHfOFtB4DB+EIrVvun8+U7a2WACdXuhAUJVzq8pb+TNEsb1qgxxnMOffkpmEau230lqCYpWfG5wLm+pAg9kcONg8CHrembs/4=
IvGH5e7tz5HGfEMAYEkZFSld1vs8sT8wEDoMD3CO6dQUHX2Wli7e34zSDVJ/wTfc/9gnC+ow1w5JXZMFAAlb1rsY0fM7hDd0sxM=
9yLWVLm8VFntAdbUxw7b1cXSv8VuqDuPLvJWn+ygiqqbCw89AXrzNn5kkk3zk+wsEFHYOEAeVdtPl9hFYkNk8pJrCbKoWt/OJLZmp0x9BYSIPi/JJ1ezhhXPBbbKVhbkNZA7qbqO7Jrnv60NEpmMeeSFHqQhtKaU5pHqITUaLfAdrPovacKQFSwax7fWoQ0Y093wkbaeN7/OD6ca7A546t1YFCotnnK98T2K9bSKwWc7Db/SIGJhOx+ES6IMv5V0XpbQY/UV1zGUODOuLGbQJdVRCsnAtge+e8W3KiQS4dxMFBB15v5QCNWnPFYSeJ3ko/ww5F8RXXHvPllnP3bLWcwfWroPBXP1uI5Qj1xYEX9jF5U8J9fYT6Cat/Dx1pBDXyyiqVfPCQPcASWXyTeYRJrc45qVpUw7ZU0kCpDs4HNjGzfEhg0aoJdLajkrazZBTi5tju2rldX9x/MYrxnY5DMFcWLqCTkjUgfNzq5d8LO4EX+xTgrI63sJ/n6P1UfZdnWYvB4RV3PrD1Zf64Wts8g=
i8w4x+YPD22xpL7eGGvVxKo9pxtdZByMIgl2gUzlLbWC1Xolg7hgHyhvku8BjSGIq1hHPzz4U1PgHoV/h54pjjRNl6wLWlGTf66WGWSRawU7RkRN9OCdVgkIbvhtospT4IV0gApELTsAZyJ6zTqh+38vGYEvsVDwCv3cq1Mt/QxMXsDIViULCKy7DdEI8Lvfpw4Y1tf/hYeAzJfjbcAmNfiruqgCK+7sUDnFrI9dGR0sosee51BmsRz6s5IGzD51KSaEyyxPB1S7POkpakTi5aATZZAbRR0xaDzWFueQ1j0k8sx5Du9x5/BbMMhVK3p7Hr4ERtYfkA4vhrkifB47hqA46ZllBR7u69htxRznA9Xekv/mnRqolkmj5w14UEyooMOTqvYd7RaBwvsBM3L74BF7ZL+2jK6EW1czaE8jFmn60wN2ISggpyNx+KqZnfViLXWBi+Si2pz1Lj0QZVRkNq9LdIafDuZrh7Kbz3VaYke7U9Pdu9BFn7STozbLOaK2gzTpo49HmH9/fGsWHWFT4oOus80=
ZaXqiv0DoJjoP8nqkhdbxWZpaBfsBcG+mNkBWKbss2o5iSFXj2L95qAf+WVFJb3dFYfeZzWRLYDyflQ45Rsae2SBZLdf5Xgmn3jEWTI353mHNwENGOakp68wMv0C2ASycH8KEbMEPlJpETFb1bbTY5MubJoghAOcHfHsImoqgfN7FRT1urlS6Zg89/jApOC9vHmTlpuQq2DcN3/uVqVKllFvkM07GOWxtkkgElEPCCOxAsrCzopr1LJye7J0jZdxXG0y5nenDWG5yvYuB4uZKB36KrOjFGhadvtjuREB8jQldmoKZqVjPUwR1rphjr1pIbKC3te8ehg2LbBS1riz6+pOFBSrJBWQtnyJXTtB6RIPP5n6fTl603yiGSm1Rd4CxlcaNCd/VXvT5LFbvv9mtqHo1xomI+mgBPEB4w8zuk3zD09bLoSssOWCQ+kqi+PhclK24NYTVdeRXBCh3JDxR3zhbQeAwfhCK1b7p/PlO2tlgAnV7oQFCVc6vKW/kzRLG9aoMcZzDn35KZhGrtt9JagmKVnxucC5vqQIPZHDjYPAh63pm7P+
BmzsEVwEguehuhsW+Fa7A43I6O7gGZlFM7RWyt0UbjWz7gC2nlnnf2xjpXaq1ZENHoUouf335cc/O4GV6Xz4omixNUcUtYeXkDMsOOZd5S4PMuNSv+m2+2kSfOk3exDD9DW7SVNyRHGMpG36gZyOJDXG2l/I8bR8ssCd18gzAmbVHvE3l5uZPdd1INwC6bz3i8ltgOSqgLRuITtk5G+tTZBUa5PPOhjqr7t1KwhYdz81pDY50N96VLqvXgCYbeWwl3lJ0cQWRyIflBadFO7Tzt4orvmB0sS3FEs3OPPoSbXy4DKpyCdlrGMB7Z3gqDbKv/TGMQyGDIW2a8ELOA8Q1E0PKrf2CoT6LtvgIieS2X6k+qsKCMyp5V0BLoKjDM1ZhEPTmbam/9rlXlg6wTcH0SA0XKSIt1NWTpld+kmW2x0rVqss+c/kA05I3qhTQ1M0l8eG5VInQwoZLBDLa6VYNgE5JS5FQYG3nOYqMH263cw9MHQ6hz+0eieKVodP5rvTbX4yi1PnU2FDFDWzvIfDahPdMjorwKnft0OoEzeoy4qFxYOu65qz8Q==
oDPsaD8bQon3BNq1f/ayOMh6o6hnuKqpwATC5ywZJS9gcwSNZIgMaF03Of9P9SuViWPmKCPBMtGUWlqWFdk2+l5cY+3hPJuizhvRsF6631mTrXO0wmL+byCu7E1euVBBUPuW5KuiB8lQ+iewwGLPXQ/M22PD7zmDDGHV19mXKEQqfPNa5UUcu1VttEpgjDBzs7sHBBbtaiDHa9p5OwvGQb5Ofc5di8VVjSdj2J+5COTjZYEieikJowLnvQ6+/UCzCLFv8b5qGGtLKW6+/zUX2SbVqPyOcafzOy/mn/tl3bO4
CrYTbotYZDUVAPLcz7TNhE6Snp7Dn5E0LaTSxDhaaqOpGpChThMggbRxt4InLN8Ht6R77As2hVCJEcGNU2WYvvKGwEfRO8pn8Xrc81RwKSJfwMB3lEkXmVRXMeNH78HReRVgLiSAQdlwrDxN7EDNnl5I91Z5rhuV+05LRAm35EveEP6A4/sTPMdf5g0i38PCCfSwY1udmL7RIcVGtTmB/wy+ChjNAp3EbagU0vfHNLI3UvYvf957W71m0uOjn1Mp00wVmww/g2JDRVLSWzgpF6ebCLsHkAsCVd1jxhvis7k=
U4yTFukznwfE8Ey81C6R4v3gzraD0paY4cp1QPCS2PdmnJlFITn0ovODfCe1+rZS/UrHdXkvo3UIbkDPrPhBfzO3ZXw3N2jPcLrHMGCir10vjDDmZC9ZgywhNVd5V0hEyjxT2oWFPLu1LRTKAEwQc1P7p4R2LUogJyt6+VvL5kGejh1O/cslVa3nA1g/+ejkw6Xhotpp6aMiJ92OHr2gs2hxz3FeKjhrK+nOPh91N9hGFQh8bjGH81vvRh8bJf2zmA==
KlJDTbkereYMI5Bdy/w01J1V23Bq2Cejqn0Lnd7i/B2+f5H78Tth1Bw77frLsBL6att163BontnCk0B10ATEL/BjZEOWZTuR0ZF7l//XXbwGN5ukg1D4HT9cxaPHzwh12c0z1cHXdQd4MADqcS9M7nSCLBWzOLLzjuj9JIsDZ6zjKr1NJA2Swibeh9HjCrtd7gM2xeMkJYaInZ/XyGgNg63oQYMBeYAskoZp6C2y0WrcnKMd1JRbYA4Re9RrTaEE+g2X5RPvHx5NReiV89S/x9pcz6KIcQtpsMVDWttUCf+L6G/Ys78=
vjQW1LLIcBCifIDgdqOxz51V23Bq2Cejqn0Lnd7i/B2+f5H78Tth1Bw77frLsBL6att163BontnFkUB10ATEL/BjZUOWZTuR0ZF7l//XXbwGN5ukg1D4HT9cxaPHzwh12c0z1cHXdQd4MADqcS9M7nSCLBWzOLLzjuj9JIsDZ6zjKr1NJA2Swibeh9HjCrtd7gM2xeMkJYaInZ/XyGgNg63oQYMBeYAskoZp6C2y0WrcnKMd1JRbYA4Re9RrTaEE+g2X5RPvHx5NReiV89S/x9pcz6KIcQtpsMVDWttUCf+L6G/Ys78=
BK7Cg5vjjxsv6aUWV7LMJp1V23Bq2Cejqn0Lnd7i/B2+f5H78Tth1Bw77frLsBL6att163BontnCk0B10ATEL/BjakOWZTuR0ZF7l//XXbwGN5ukg1D4HT9cxaPHzwh12c0z1cHXdQd4MADqcS9M7nSCLBWzOLLzjuj9JIsDZ6zjKr1NJA2Swibeh9HjCrtd7gM2xeMkJYaInZ/XyGgNg63oQYMBeYAskoZp6C2y0WrcnKMd1JRbYA4Re9RrTaEE+g2X5RPvHx5NReiV89S/x9pcz6KIcQtpsMVDWttUCf+L6G/Ys78=
UB6q1dq1vsp+ZajseMy0XZ1V23Bq2Cejqn0Lnd7i/B2+f5H78Tth1Bw77frLsBL6att163BontnFkUB10ATEL/Bja0OWZTuR0ZF7l//XXbwGN5ukg1D4HT9cxaPHzwh12c0z1cHXdQd4MADqcS9M7nSCLBWzOLLzjuj9JIsDZ6zjKr1NJA2Swibeh9HjCrtd7gM2xeMkJYaInZ/XyGgNg63oQYMBeYAskoZp6C2y0WrcnKMd1JRbYA4Re9RrTaEE+g2X5RPvHx5NReiV89S/x9pcz6KIcQtpsMVDWttUCf+L6G/Ys78=
lHC43uigHmkQP4ZHoyLojZ1V23Bq2Cejqn0Lnd7i/B2+f5H78Tth1Bw77frLsBL6att163BontnCk0B10ATEL/BjaEOWZTuR0ZF7l//XXbwGN5ukg1D4HT9cxaPHzwh12c0z1cHXdQd4MADqcS9M7nSCLBWzOLLzjuj9JIsDZ6zjKr1NJA2Swibeh9HjCrtd7gM2xeMkJYaInZ/XyGgNg63oQYMBeYAskoZp6C2y0WrcnKMd1JRbYA4Re9RrTaEE+g2X5RPvHx5NReiV89S/x9pcz6KIcQtpsMVDWttUCf+L6G/Ys78=
L9GNU3qEsmRrhxaV+Uol2p1V23Bq2Cejqn0Lnd7i/B2+f5H78Tth1Bw77frLsBL6att163BontnFkUB10ATEL/BjaUOWZTuR0ZF7l//XXbwGN5ukg1D4HT9cxaPHzwh12c0z1cHXdQd4MADqcS9M7nSCLBWzOLLzjuj9JIsDZ6zjKr1NJA2Swibeh9HjCrtd7gM2xeMkJYaInZ/XyGgNg63oQYMBeYAskoZp6C2y0WrcnKMd1JRbYA4Re9RrTaEE+g2X5RPvHx5NReiV89S/x9pcz6KIcQtpsMVDWttUCf+L6G/Ys78=
5hOeP0rpKfrD0f2HZK3rvp1V23Bq2Cejqn0Lnd7i/B2+f5H78Tth1Bw77frLsBL6att163BontnCk0B10ATEL/BjbkOWZTuR0ZF7l//XXbwGN5ukg1D4HT9cxaPHzwh12c0z1cHXdQd4MADqcS9M7nSCLBWzOLLzjuj9JIsDZ6zjKr1NJA2Swibeh9HjCrtd7gM2xeMkJYaInZ/XyGgNg63oQYMBeYAskoZp6C2y0WrcnKMd1JRbYA4Re9RrTaEE+g2X5RPvHx5NReiV89S/x9pcz6KIcQtpsMVDWttUCf+L6G/Ys78=
Zcih5GGqNnJ6wdfq6jmGbJ1V23Bq2Cejqn0Lnd7i/B2+f5H78Tth1Bw77frLsBL6att163BontnFkUB10ATEL/Bjb0OWZTuR0ZF7l//XXbwGN5ukg1D4HT9cxaPHzwh12c0z1cHXdQd4MADqcS9M7nSCLBWzOLLzjuj9JIsDZ6zjKr1NJA2Swibeh9HjCrtd7gM2xeMkJYaInZ/XyGgNg63oQYMBeYAskoZp6C2y0WrcnKMd1JRbYA4Re9RrTaEE+g2X5RPvHx5NReiV89S/x9pcz6KIcQtpsMVDWttUCf+L6G/Ys78=
5c2sIhaNW+s/b4ZI4LjQN51V23Bq2Cejqn0Lnd7i/B2+f5H78Tth1Bw77frLsBL6att163BontnCk0B10ATEL/BjbEOWZTuR0ZF7l//XXbwGN5ukg1D4HT9cxaPHzwh12c0z1cHXdQd4MADqcS9M7nSCLBWzOLLzjuj9JIsDZ6zjKr1NJA2Swibeh9HjCrtd7gM2xeMkJYaInZ/XyGgNg63oQYMBeYAskoZp6C2y0WrcnKMd1JRbYA4Re9RrTaEE+g2X5RPvHx5NReiV89S/x9pcz6KIcQtpsMVDWttUCf+L6G/Ys78=
0V5z4JUYo/LZVn696bPk0p1V23Bq2Cejqn0Lnd7i/B2+f5H78Tth1Bw77frLsBL6att163BontnFkUB10ATEL/BjbUOWZTuR0ZF7l//XXbwGN5ukg1D4HT9cxaPHzwh12c0z1cHXdQd4MADqcS9M7nSCLBWzOLLzjuj9JIsDZ6zjKr1NJA2Swibeh9HjCrtd7gM2xeMkJYaInZ/XyGgNg63oQYMBeYAskoZp6C2y0WrcnKMd1JRbYA4Re9RrTaEE+g2X5RPvHx5NReiV89S/x9pcz6KIcQtpsMVDWttUCf+L6G/Ys78=
Sh1R1J/HeXovfV0Q9+3XzZ1V23Bq2Cejqn0Lnd7i/B2+f5H78Tth1Bw77frLsBL6att163BontnCk0B10ATEL/BjZEKWZTuR0ZF7l//XXbwGN5ukg1D4HT9cxaPHzwh12c0z1cHXdQd4MADqcS9M7nSCLBWzOLLzjuj9JIsDZ6zjKr1NJA2Swibeh9HjCrtd7gM2xeMkJYaInZ/XyGgNg63oQYMBeYAskoZp6C2y0WrcnKMd1JRbYA4Re9RrTaEE+g2X5RPvHx5NReiV89S/x9pcz6KIcQtpsMVDWttUCf+L6G/Ys78=
qrM2WUgzlRkZSB0AHU/dNp1V23Bq2Cejqn0Lnd7i/B2+f5H78Tth1Bw77frLsBL6att163BontnFkUB10ATEL/BjZUKWZTuR0ZF7l//XXbwGN5ukg1D4HT9cxaPHzwh12c0z1cHXdQd4MADqcS9M7nSCLBWzOLLzjuj9JIsDZ6zjKr1NJA2Swibeh9HjCrtd7gM2xeMkJYaInZ/XyGgNg63oQYMBeYAskoZp6C2y0WrcnKMd1JRbYA4Re9RrTaEE+g2X5RPvHx5NReiV89S/x9pcz6KIcQtpsMVDWttUCf+L6G/Ys78=
TBDOmvz7TzbZ9reK6MtymJ1V23Bq2Cejqn0Lnd7i/B2+f5H78Tth1Bw77frLsBL6att163BontnCk0B10ATEL/BjakKWZTuR0ZF7l//XXbwGN5ukg1D4HT9cxaPHzwh12c0z1cHXdQd4MADqcS9M7nSCLBWzOLLzjuj9JIsDZ6zjKr1NJA2Swibeh9HjCrtd7gM2xeMkJYaInZ/XyGgNg63oQYMBeYAskoZp6C2y0WrcnKMd1JRbYA4Re9RrTaEE+g2X5RPvHx5NReiV89S/x9pcz6KIcQtpsMVDWttUCf+L6G/Ys78=
SIJ3xC96PSYYahZjBB19TJ1V23Bq2Cejqn0Lnd7i/B2+f5H78Tth1Bw77frLsBL6att163BontnFkUB10ATEL/Bja0KWZTuR0ZF7l//XXbwGN5ukg1D4HT9cxaPHzwh12c0z1cHXdQd4MADqcS9M7nSCLBWzOLLzjuj9JIsDZ6zjKr1NJA2Swibeh9HjCrtd7gM2xeMkJYaInZ/XyGgNg63oQYMBeYAskoZp6C2y0WrcnKMd1JRbYA4Re9RrTaEE+g2X5RPvHx5NReiV89S/x9pcz6KIcQtpsMVDWttUCf+L6G/Ys78=
WDka06V4QGnkkPp52T0Bu1Os+N9hxj0QH651Soy0pjmNPA3vs5Eh7PNZA6fPO3wdKHFancojp7ywZFadM7pMfnckMqpJlAd66fQxWK/C6KNgTqFvmyrUxha3rumXtS2tMzWG7SLtbDYB34N2TwD9fydTsOmpkQvJwctNWwisuHaR83SyBJ8Axm3kCmb/tEX4ax9fsJN2BdGkkSqeVsK/zQPWAwGen44ZI/gdmvjBpwso9LUf3bR5nwFluHDiGtF0zW7pNqyAm8EUSOP8fk3DCItRmRiKUS95k3OnQj1Z0IkTCAebqsB3fkitM3XAmXuGO8ixY/u0V8Szow==
mjimuQMR5x6uX4c3TrDDNp1V23Bq2Cejqn0Lnd7i/B2+f5H78Tth1Bw77frLsBL6att163BontnFkUB10ATEL/BjaEKWZTuR0ZF7l//XXbwGN5ukg1D4HT9cxaPHzwh12c0z1cHXdQd4MADqcS9M7nSCLBWzOLLzjuj9JIsDZ6zjKr1NJA2Swibeh9HjCrtd7gM2xeMkJYaInZ/XyGgNg63oQYMBeYAskoZp6C2y0WrcnKMd1JRbYA4Re9RrTaEE+g2X5RPvHx5NReiV89S/x9pcz6KIcQtpsMVDWttUCf+L6G/Ys78=
0CMuoGY7Ib7WuafwEgdGn6Jhi8Z8dje0YUtkJ7+jWhuH5sXFKF4Szvm18eA8OsEBDHQ/1RTwGaXWuaZuM/uXupBNXIJpdvMTNaJPxoDP1Cmd9+Zqqn6Q+rWxPnGpeyWTdD9qah5lPK1aQVrv9MxZZk2Z+h6VOEL2Jf1lmBmr8YsTkwZlp/87Q2IEYKgR8pfBliv/CQaCothaU1mvBQwkCUBwja8o0VmfTME02h9mr0+PBafDUdCdreLEiTFD6shNozOIY8+mXCkK80JljdnMbhJ7YU1cdj1hfXjMQSp0PJUNo3HrFLeZcdezsg==
WDka06V4QGnkkPp52T0Bu1Os+N9hxj0QH651Soy0pjmNPA3vs5Eh7PNZA6fPO3wdKHFancojp7ywZFadM7pMfnckMqpJlAd66fQxWK/C6KNgTqFvmyrUxha3rumXtS2tMzWG7SLtbDYB34N2TwD9fydTsOmpkQvJwctNWwisuHaR83SyBJ8Axm3kCmb/tEX4ax9fsJN2BdGkkSqeVsK/zQPWAwGen44ZI/gdmvjBpwso9LUf3bR5nwFluHDiGtF0zW7pNqyAm8EUSOP8fk3DCItRmRiKUS95k3OnQj1Z0IkTCAebqsB3fkitM3XAmXuGO8ixY/u0V8Szow==
0CMuoGY7Ib7WuafwEgdGn6Jhi8Z8dje0YUtkJ7+jWhuH5sXFKF4Szvm18eA8OsEBDHQ/1RTwGaXWuaZuM/uXupBNXIJpdvMTNaJPxoDP1Cmd9+Zqqn6Q+rWxPnGpeyWTdD9qah5lPK1aQVrv9MxZZk2Z+h6VOEL2Jf1lmBmr8YsTkwZlp/87Q2IEYKgR8pfBliv/CQaCothaU1mvBQwkCUBwja8o0VmfTME02h9mr0+PBafDUdCdreLEiTFD6shNozOIY8+mXCkK80JljdnMbhJ7YU1cdj1hfXjMQSp0PJUNo3HrFLeZcdezsg==
WDka06V4QGnkkPp52T0Bu1Os+N9hxj0QH651Soy0pjmNPA3vs5Eh7PNZA6fPO3wdKHFancojp7ywZFadM7pMfnckMqpJlAd66fQxWK/C6KNgTqFvmyrUxha3rumXtS2tMzWG7SLtbDYB34N2TwD9fydTsOmpkQvJwctNWwisuHaR83SyBJ8Axm3kCmb/tEX4ax9fsJN2BdGkkSqeVsK/zQPWAwGen44ZI/gdmvjBpwso9LUf3bR5nwFluHDiGtF0zW7pNqyAm8EUSOP8fk3DCItRmRiKUS95k3OnQj1Z0IkTCAebqsB3fkitM3XAmXuGO8ixY/u0V8Szow==
0CMuoGY7Ib7WuafwEgdGn6Jhi8Z8dje0YUtkJ7+jWhuH5sXFKF4Szvm18eA8OsEBDHQ/1RTwGaXWuaZuM/uXupBNXIJpdvMTNaJPxoDP1Cmd9+Zqqn6Q+rWxPnGpeyWTdD9qah5lPK1aQVrv9MxZZk2Z+h6VOEL2Jf1lmBmr8YsTkwZlp/87Q2IEYKgR8pfBliv/CQaCothaU1mvBQwkCUBwja8o0VmfTME02h9mr0+PBafDUdCdreLEiTFD6shNozOIY8+mXCkK80JljdnMbhJ7YU1cdj1hfXjMQSp0PJUNo3HrFLeZcdezsg==
WDka06V4QGnkkPp52T0Bu1Os+N9hxj0QH651Soy0pjmNPA3vs5Eh7PNZA6fPO3wdKHFancojp7ywZFadM7pMfnckMqpJlAd66fQxWK/C6KNgTqFvmyrUxha3rumXtS2tMzWG7SLtbDYB34N2TwD9fydTsOmpkQvJwctNWwisuHaR83SyBJ8Axm3kCmb/tEX4ax9fsJN2BdGkkSqeVsK/zQPWAwGen44ZI/gdmvjBpwso9LUf3bR5nwFluHDiGtF0zW7pNqyAm8EUSOP8fk3DCItRmRiKUS95k3OnQj1Z0IkTCAebqsB3fkitM3XAmXuGO8ixY/u0V8Szow==
0CMuoGY7Ib7WuafwEgdGn6Jhi8Z8dje0YUtkJ7+jWhuH5sXFKF4Szvm18eA8OsEBDHQ/1RTwGaXWuaZuM/uXupBNXIJpdvMTNaJPxoDP1Cmd9+Zqqn6Q+rWxPnGpeyWTdD9qah5lPK1aQVrv9MxZZk2Z+h6VOEL2Jf1lmBmr8YsTkwZlp/87Q2IEYKgR8pfBliv/CQaCothaU1mvBQwkCUBwja8o0VmfTME02h9mr0+PBafDUdCdreLEiTFD6shNozOIY8+mXCkK80JljdnMbhJ7YU1cdj1hfXjMQSp0PJUNo3HrFLeZcdezsg==
WDka06V4QGnkkPp52T0Bu1Os+N9hxj0QH651Soy0pjmNPA3vs5Eh7PNZA6fPO3wdKHFancojp7ywZFadM7pMfnckMqpJlAd66fQxWK/C6KNgTqFvmyrUxha3rumXtS2tMzWG7SLtbDYB34N2TwD9fydTsOmpkQvJwctNWwisuHaR83SyBJ8Axm3kCmb/tEX4ax9fsJN2BdGkkSqeVsK/zQPWAwGen44ZI/gdmvjBpwso9LUf3bR5nwFluHDiGtF0zW7pNqyAm8EUSOP8fk3DCItRmRiKUS95k3OnQj1Z0IkTCAebqsB3fkitM3XAmXuGO8ixY/u0V8Szow==
0CMuoGY7Ib7WuafwEgdGn6Jhi8Z8dje0YUtkJ7+jWhuH5sXFKF4Szvm18eA8OsEBDHQ/1RTwGaXWuaZuM/uXupBNXIJpdvMTNaJPxoDP1Cmd9+Zqqn6Q+rWxPnGpeyWTdD9qah5lPK1aQVrv9MxZZk2Z+h6VOEL2Jf1lmBmr8YsTkwZlp/87Q2IEYKgR8pfBliv/CQaCothaU1mvBQwkCUBwja8o0VmfTME02h9mr0+PBafDUdCdreLEiTFD6shNozOIY8+mXCkK80JljdnMbhJ7YU1cdj1hfXjMQSp0PJUNo3HrFLeZcdezsg==
WDka06V4QGnkkPp52T0Bu1Os+N9hxj0QH651Soy0pjmNPA3vs5Eh7PNZA6fPO3wdKHFancojp7ywZFadM7pMfnckMqpJlAd66fQxWK/C6KNgTqFvmyrUxha3rumXtS2tMzWG7SLtbDYB34N2TwD9fydTsOmpkQvJwctNWwisuHaR83SyBJ8Axm3kCmb/tEX4ax9fsJN2BdGkkSqeVsK/zQPWAwGen44ZI/gdmvjBpwso9LUf3bR5nwFluHDiGtF0zW7pNqyAm8EUSOP8fk3DCItRmRiKUS95k3OnQj1Z0IkTCAebqsB3fkitM3XAmXuGO8ixY/u0V8Szow==
0CMuoGY7Ib7WuafwEgdGn6Jhi8Z8dje0YUtkJ7+jWhuH5sXFKF4Szvm18eA8OsEBDHQ/1RTwGaXWuaZuM/uXupBNXIJpdvMTNaJPxoDP1Cmd9+Zqqn6Q+rWxPnGpeyWTdD9qah5lPK1aQVrv9MxZZk2Z+h6VOEL2Jf1lmBmr8YsTkwZlp/87Q2IEYKgR8pfBliv/CQaCothaU1mvBQwkCUBwja8o0VmfTME02h9mr0+PBafDUdCdreLEiTFD6shNozOIY8+mXCkK80JljdnMbhJ7YU1cdj1hfXjMQSp0PJUNo3HrFLeZcdezsg==
WDka06V4QGnkkPp52T0Bu1Os+N9hxj0QH651Soy0pjmNPA3vs5Eh7PNZA6fPO3wdKHFancojp7ywZFadM7pMfnckMqpJlAd66fQxWK/C6KNgTqFvmyrUxha3rumXtS2tMzWG7SLtbDYB34N2TwD9fydTsOmpkQvJwctNWwisuHaR83SyBJ8Axm3kCmb/tEX4ax9fsJN2BdGkkSqeVsK/zQPWAwGen44ZI/gdmvjBpwso9LUf3bR5nwFluHDiGtF0zW7pNqyAm8EUSOP8fk3DCItRmRiKUS95k3OnQj1Z0IkTCAebqsB3fkitM3XAmXuGO8ixY/u0V8Szow==
0CMuoGY7Ib7WuafwEgdGn6Jhi8Z8dje0YUtkJ7+jWhuH5sXFKF4Szvm18eA8OsEBDHQ/1RTwGaXWuaZuM/uXupBNXIJpdvMTNaJPxoDP1Cmd9+Zqqn6Q+rWxPnGpeyWTdD9qah5lPK1aQVrv9MxZZk2Z+h6VOEL2Jf1lmBmr8YsTkwZlp/87Q2IEYKgR8pfBliv/CQaCothaU1mvBQwkCUBwja8o0VmfTME02h9mr0+PBafDUdCdreLEiTFD6shNozOIY8+mXCkK80JljdnMbhJ7YU1cdj1hfXjMQSp0PJUNo3HrFLeZcdezsg==
0CMuoGY7Ib7WuafwEgdGn6Jhi8Z8dje0YUtkJ7+jWhuH5sXFKF4Szvm18eA8OsEBDHQ/1RTwGaXWuaZuM/uXupBNXIJpdvMTNaJPxoDP1Cmd9+Zqqn6Q+rWxPnGpeyWTdD9qah5lPK1aQVrv9MxZZk2Z+h6VOEL2Jf1lmBmr8YsTkwZlp/87Q2IEYKgR8pfBliv/CQaCothaU1mvBQwkCUBwja8o0VmfTME02h9mr0+PBafDUdCdreLEiTFD6shNozOIY8+mXCkK80JljdnMbhJ7YU1cdj1hfXjMQSp0PJUNo3HrFLeZcdezsg==
40kgDWXTO8lsgoZSuRDhkMwbgmMuVRSCG0ke/u+Vp9zVNb88PlH3c0tPdt/LxQ2zaA==
VvX64I1uAvb4Dnfmn2Wp/fctNglVOD0TPI8UR9ypi1QRI7M1QvbE406zandPkbJOUz1znAFdQ0zSCSPT//faD5ctebMc
l7TcDshs1OM/JN+2Wp4E0unX12u6PRI/nF9QL63dmqereXqjWzkW7kys5YNdlk+0GBfIB0NoQ0YWuH/ZYBO1eTrG4FI+R9DBtPnlBXaxJncySzK9M5SB0CVOBBOXRRisj5fcB/Zfo9jnknsDbBBh5ywhPSeQwehie5arB2Nli8sVQDn1HoQ16Sf6DMVPE6SrSxZ4UdZzHp2paUgmPlsNxRhm2TnBvLOZieT4nSFDHSMQx33Ji7Pu
DKbLmChg7BJS2XJz9uO27vctNglVOD0TPIsWSdypi1QRI7M1QvbE406zandPkbJOUz1znAFdQ0zSCSPT//faD5ctebMc
KoFNjQoKjW0DMr1/ftws6eX9Hq/Nsaz9g3TBlanJ5g9A5+6b7fwtbj6ojQ1xNQWrCeFqGLfq5g4veCQvZfjcg8IoQ84lEUM6eRzQewsV2IZhieUeJXGBh/zW6oAdCl18XYC0CucPtEpHupY3L1Y7Yw3O8rsz11NRIyT1A9w3Q9pzbfIKS/Cs7Nd0aKNXGEs65XVDnouqs8E=
B59zaq6+cPipUT5aTGzjbx+zeuFcYXO7qSFU1IL+N/38O1Ij3jWEAqvpTj6fdbfcxRWPfO4xB/Pb78YfmyV9sxg=
8GFPOPRZwXFULB+Wl52eFS6VguVTAfXpnQB5E2+BmPtkjy5iKpX1OynNx9tk0iq8u9kiqoWcLYs7ib5+T1WH3Lb137xekZdzK48WX6sFbbMI
CDbzfrZ8jmIUsdGA9kzE9k4mKxY3c8f9s/AKPph6ERPaXyCUBO3bH+Hp3uDxfJj57cs8Yv9heqyOpNlqxX9S4F+bktkDWy5BVh5FbhV7XZW1t6u4B4kgZIuVGQKyufHjmtf17sYt6LOg4ZeRdlqAqzO5Jp5nRf9cDuU3HMbhn7OjXy4/w7W1s9A=
+//1geAjS5XzYaYTYoYlQHH16IF45svO67uDvf28SY00ovXzfueMBHhlX59lYSJwXcQ8mYmTkNIjqb5sSuyFGqkndsC7Y37JP1MqQVIWeX75g7m1ke/HyFvB5KRPXcWyHuGVgz5vWX46pWwzJGnrAdriJEvXYYouOw27HEot6+wqObuTxydCL/+9sbPU
ElW+oxA0z1u1qDBhPTCssunX12u6PRI/nF9QL63dmqereXqjWzkW7kys5YNdlk+0GBfIB0NoQ0YWuH/ZYBO1eTrG4FI+R9DBtPnlBXaxJncySzK9M5SB0CVOBBOXRRisj5fcB/Zfo9jnknsDbBBh5ywhPSeQwehie5arB2Nli8sVQDn1HoQ16Sf6DMVPE6SrSxZ4UdZzHp2paUgmPlsNxRhm2TnBvLCZieT4nSFDHSMQx33Ji7Pu
0PYZ2D91LMvd7ipWjwO17TZmA/GJSGVeJXQtbA7a+Vk0SmuXDRe43Qs4P8TDwZSAYpPx8Mk7fvZXadz7vvZO5JGpOHKpxZV6HW2Bk9S6usTF9v3I1QwErh/T9B4vloYzN2pbF0UCAl+LS9PFi8glx4RLY+57YcIuM6xsOz/Y+CfPpKvOLTkz+rO2s9U=
RgM+tyXu73M+9MiSCGIIElA/iMRpL3nSertQIeBf3wDDXQwnAWgWdsn8/Um13Uzg6ay5Lwkdt+hbhRbmX2P0Q84sanF138/1sNgf4DaJo9cyWrH99ExA+NdSC6PckPFHfOFtB4DB+EIrVvun8+U7a2WACdXuhAUJVzq8pb+TNEsb1qgxxnMOffkpmEau230lqCYpWfG8wLm5pAg9kcONg8CHrembs/4=
qpiWcF8gRr+1UOYYnyyoeHiXKlYwZ3Qd4H0BOwNXxo+0eGlPGR2nyAtFxkbP4wTjvuyaUQXfP9XAmO9ARgkzd2IaYd3kTFAYhxLbQ0wQQafMoV3nsMHIohsWS0dDZauLtcBZNf6EFSmHeuwFLxNE6+uW2BE2c35dCeno5l5b7YV45nl54bzQ2WlkWF0BQz3jcEediauzzg==
U1Kq7ggfAyoTBrtf+gLNZh9RJG9tAIgxV8UgQbC2o45TK3s9RSwxLZxyPTM2l+QkYJVHn30ROlC1NPTZwcM4cts5BuwyfD36Qfc+gPNTViknYzJBSiZhntGz8fXZPy8o41GcJPfNPRK2sd3D9p+xXiLVdDM8mfMhspJsix+xIo5DnQOcsr1TjEJpc1MPF2pP542ps8w=
078mxtJYj6hVipkfYgMHMWMR+xJf7/+H/P3Z7gSCsbNoUf6thhFewsgioJju2q8KU/2yGusgrD93ZCgzd8jL6sXlA44rerMR
GBEt9hfXyk8/KpbzCzqLmGAR+xJf7/+H/P3Z7gSCsbNoUf6thhFewsgioJju2q8KU/2yGusgrD93ZCgzd8jL6sXlA44rerMR
8tvIX0jYqFfQYet4hvAsxWER+xJf7/+H/P3Z7gSCsbNoUf6thhFewsgioJju2q8KU/2yGusgrD93ZCgzd8jL6sXlA44rerMR
iUGTw0lVow/5dOLY7aNg6Rds4L7UGMMv1g6ODbsytelaErqigLg+vqMqQYS9yP3H8znmnifFP1xOZXccBmHfs+Pf7j+DNXWzEA==
ZjPgiMvozy5yntwFqRK2C298pth6Vq78YY90anRlYYYHOSjm4Go6/Pz+YW57TOc8jxfBDTz23aEdfGyBDfQcVe2jEav0N7kxd7MS
hjVjKbN/gvjVi5L3462LpWx8pth6Vq78YY90anRlYYYHOSjm4Go6/Pz+YW57TOc8jxfBDTz23aEdfGyBDfQcVe2jEav0N7kxd7MS
cqI+TDRdlqLgKEOeQrGLHxZw7a/PDsAv1g6ODbsytelaErqigLg+vqMqQYS9yP3H8znmnifFP1xOZXccBmHfs+Pf7j+DNXWzEA==
42TWBgrHuA8/mPUzZMBOHSYziATcsfy14eDQY1E31oqTlEAPOuvCCKCgv1OUcUmK3L7RR2B9Duk+jd5WYG5wvPYmjz6bkQKek/xsa59oONcvdCueTUlzShNmswU=
Db9nD1gPG2HXVJXrrPF8lBdw7a/PDsAv1g6ODbsytelaErqigLg+vqMqQYS9yP3H8znmnifFP1xOZXccBmHfs+Pf7j+DNXWzEA==
2xeYoYxZJfFp3Ct4pcoRftFOOuPan5Pj59uB36Gd31ijpR72h6NMM0bMsiEd3ycl6LiXEI7J+8c6eslNHMzoiO+yA7OEUAn39EG116jB0JLz9nMXCyVje21gMaVGBO25Lxq0tefTjLuTtvDhLnNmLSHJEDYWG6U1oAbR6Zk8aEmBxAAtSYP1M0gn9bmzs9Y=
e9lzoM7Lw6KIsf8X6IbN4i4Qjiw/xt98gMn/tJ/jv30BZP3dQMpZU5IPGLTsHcMf+Zm2wMmsUDkle2QCl/HCLHY0ccqdDxqgl0tqOStrNkFOLm2O7auV1f3H8xivGdjkMwVxYuoJOSNSB83Orl3ws7gRf7FOCsjrewn+fo/VR9x2dZ+8HhFXc+sPVl/rha2zyA==
JvpBSL+OjMD1N0WwbRGMroK16emBCr63CLnWJyoeP8aV7K30vkKZAYSSq089T9jFOyA/3PPZ9NhSSzEoeWMebufxXGMObi68IXH4qpmd9WItdYGL5KLanPUuPRBlVGQ2r0t0hp8O5muHspvPdVpiR7tT09270EWftJOjNss5oraDNOyjj0CYf398axYdYVPig66zzQ==
57+0o1ZtOpLe4Y2SgK/aA6Lklg29t1lrtj1ACAcocc7NkpJoYd+wwPt54bUQi39i/xo/E6ymBvnB/sU5dsBDE/zFYgSWItXjaNwFJ33sqfcBDWgoQiJhXI2Gmc7MWMvplGAzpJ41M2BLeSkgKol/kZOb95qdYWCh02D340qYp1bMhWOqoGELbnvgAVtb7Iess8s=
eFqhMXZMIx+WQWBnqm97j30pOx2/MjCr8A8JxXdfGtCNN4Sq1v3/wgMl0vKb2Cy35/yIm8dwC6IVvePm2wKzGQ==
Uq4rGqHGArh6tBJm2CaA8msWx7IXWwJ7z4XtWadIz262IBCayMtZGR+rmlwVkzQWHqkfrvshwu6z7Gx7vxj4Z0/kqw6t+TO6M3azFQ==
3FC3KeBvenh0m0gI3UHLcmBV+Rpb2v/LobqQsg+As/UgV+mthyca2J0vpILmxb8KU/2yGusgrD93ZCgzd8jL6sXlA44rerMR
rN3UiP+jg9X1NN1MYLT8bR7aCqIc7d8f94MtMa+3uxBoHWaV35yBGhhg6dskA9lbr5xRVTFbepaKrYaVXjrv08oYEQyE5/VV0EZBSak8mKkRBDANGQOFU1hnRRljswY=
pzXNS2GYLvOnB2wp/6Ua2kdh1oBuNkKIU1+2o4uflfRLYVOLuOIQJfwxjHo997AQC3hGN5fhSi77jfsciq0r7Gq5+5MHpwIvvz1xsxQ=
rN3UiP+jg9X1NN1MYLT8bR7aCqIc7d8f94MtMa+3uxBoHWaV35yBGhhg6dskA9lbr5xRVTFbepaKrYaVXjrv08oYEQyE5/VV0EZBSak8mKkRBDANGQOFU1hnRRljswY=
iiBbvYpxGDDw7JgmKYcjyQ6R4cVDJWnIzD0U6slFMwYVEnDK38jzLVC/yZWXLxrArQfEerYNf1KjlRKie6gsp8fMyEungIsytQ0jtjtyswk=
3FC3KeBvenh0m0gI3UHLcmBV+Rpb2v/LobqQsg+As/UgV+mthyca2J0vpILmxb8KU/2yGusgrD93ZCgzd8jL6sXlA44rerMR
rN3UiP+jg9X1NN1MYLT8bR7aCqIc7d8f94MtMa+3uxBoHWaV35yBGhhg6dskA9lbr5xRVTFbepaKrYaVXjrv08oYEQyE5/VV0EZBSak8mKkRBDANGQOFU1hnRRljswY=
HifEhX3CugXw332YiskjxX0Dg+MsuCUjEzwBHHjI494DR3SBkWfb6dqaWWls2Cr779gnC+ow1w5MXZMCAAlb1rsY0fM7hDd0sxM=
Uq4rGqHGArh6tBJm2CaA8msWx7IXWwJ7z4XtWadIz262IBCayMtZGR+rmlwVkzQWHqkfrvshwu6z7Gx7vxj4Z0/kqw6t+TO6M3azFQ==
wyC43F6OSwAza7jq54CaKq2M4hj8kiQopo2VHmMCdY27smUqNhZ4k2iPSBfjbO0tlbveDhY9Ch3aumtbRoiNlCCHUa1sNo2B7XxcYV00zDV9I2FLRHdJEWezAg==
/JGIr6sP3ovYLWg721UGz55Ah3JIli8Xo6QrGjfG4onKUUACBomlmIoyjqmk/0U0O4HjCyhCQOXMUZx6LReAUNvY1rcngbpuq23LHHqNeyzaGQsTl0dSb08dYbME
G/xjwBSTSb7TOERIesRtQ1Jx9r6GWrpp0FfJROc5t+scWry1gLkI+rl/TICnwOLX8znmnifFP1xOZXccBmHfs+Pf7j+DNXWzEA==
6Jws2VXTPq1xpDJRHkKCrqyM4hj8kiQopo2VHmMCdY27smUqNhZ4k2iPSBfjbO0tlbveDhY9Ch3aumtbRoiNlCCHUa1sNo2B7XxcYV00zDV9I2FLRHdJEWezAg==
G/xjwBSTSb7TOERIesRtQ1Jx9r6GWrpp0FfJROc5t+scWry1gLkI+rl/TICnwOLX8znmnifFP1xOZXccBmHfs+Pf7j+DNXWzEA==
wyC43F6OSwAza7jq54CaKq2M4hj8kiQopo2VHmMCdY27smUqNhZ4k2iPSBfjbO0tlbveDhY9Ch3aumtbRoiNlCCHUa1sNo2B7XxcYV00zDV9I2FLRHdJEWezAg==
G/xjwBSTSb7TOERIesRtQ1Jx9r6GWrpp0FfJROc5t+scWry1gLkI+rl/TICnwOLX8znmnifFP1xOZXccBmHfs+Pf7j+DNXWzEA==
wyC43F6OSwAza7jq54CaKq2M4hj8kiQopo2VHmMCdY27smUqNhZ4k2iPSBfjbO0tlbveDhY9Ch3aumtbRoiNlCCHUa1sNo2B7XxcYV00zDV9I2FLRHdJEWezAg==
8QhgLZ3tMTfRM0zvNbB9MX0pOx2/MjCr8A8JxXdfGtCMN4Sq1v3/wgMl0vKb2Cy35/yIm8dwC6IVvePm2wKzGQ==
roMnNvJHhJk4xmy70zXNP2sWx7IXWwJ7z4XtWadIz262IBCayMtZGR+rmlwUkzQWHqkfrvshwu6z7Gx7vxj4Z0/kqw6t+TO6M3azFQ==
bwcVw2Tjq5kFJ8nXULmqrq2M4hj8kiQopo2VHmMCdY27smUqNhZ4k2iPSBfjbO0tlbveDhY9Ch3aumtaRoiNlCCHUa1sNo2B7XxcYV00zDV9I2FLRHdJEWezAg==
eFqhMXZMIx+WQWBnqm97j30pOx2/MjCr8A8JxXdfGtCNN4Sq1v3/wgMl0vKb2Cy35/yIm8dwC6IVvePm2wKzGQ==
Uq4rGqHGArh6tBJm2CaA8msWx7IXWwJ7z4XtWadIz262IBCayMtZGR+rmlwVkzQWHqkfrvshwu6z7Gx7vxj4Z0/kqw6t+TO6M3azFQ==
o3YDT5B8y+JzRP9pbDvc4mJE+Rpb2v/LobqQsg+As/UgV+mthyca2J0vpILmxb8KU/2yGusgrD93ZCgzd8jL6sXlA44rerMR
lN1d3Dz0FyrWEunpy93KDxYprpXnNcUvmlPJROc5t+scWry1gLkI+rl/TICnwOLX8znmnifFP1xOZXccBmHfs+Pf7j+DNXWzEA==
3OcYFYz6XrOBv0N7CdwU3fHiy3tY1PfTF0oE4qTRJL4xGXPCXd6gvgd0k8n4EzkBL7OaRCWLVM4u8d/2S/midgN07OMPgJi//7xrVp0hU6IDbrMN
gvqgLnyiL9ut2mcFEAgEkFo47Mk0EPXzUMNtMzMsPY0FO26u5n06/cq6ezt2SP00kAfBDTz23aEdfGyBDfQcVe2jEav0N7kxd7MS
G29i+8Nnuhg2fxTV7P3yoxYqrpXnNcUvmlPJROc5t+scWry1gLkI+rl/TICnwOLX8znmnifFP1xOZXccBmHfs+Pf7j+DNXWzEA==
0LY4aAaq/J0hesr4hht7xOna59bIss19STvO3P9uZA6chfSCed2zjoVq0GKvEDNlgIepfac3Gsi9/+RSRlU/mvMt8srLMKwvV7Ro49dYS3plNUNeC2qzAQ==
gvqgLnyiL9ut2mcFEAgEkFo47Mk0EPXzUMNtMzMsPY0FO26u5n06/cq6ezt2SP00kAfBDTz23aEdfGyBDfQcVe2jEav0N7kxd7MS
tZlWvBjgVZuhPLSVVrSflRYrrpXnNcUvmlPJROc5t+scWry1gLkI+rl/TICnwOLX8znmnifFP1xOZXccBmHfs+Pf7j+DNXWzEA==
zUbt8SQurgb2kexE2q+MBena59bIsc19STvO3P9uZA6chfSCed2zjoVq0GKvEDNlgIepfac3Gsi9/+RSRlU/mvMt8srLMKwvV7Ro49dYS3plNUNeC2qzAQ==
gvqgLnyiL9ut2mcFEAgEkFo47Mk0EPXzUMNtMzMsPY0FO26u5n06/cq6ezt2SP00kAfBDTz23aEdfGyBDfQcVe2jEav0N7kxd7MS
nlTHfcIU0hmf/Gu+lxQUmPYvOm9WKz0UM5ELS4CyyEUUIYR6NefY8FOofndPkbJOUz1znAJdQ0zSCSPT//faD5ctebMc
6Dz+C6mfkwSwm0PRu/BJg0B956nEWf1u1QyOWu4/q6gXWry1gLkI+rl/TICnwOLX8znmnifFP1xOZXccBmHfs+Pf7j+DNXWzEA==
8QhgLZ3tMTfRM0zvNbB9MX0pOx2/MjCr8A8JxXdfGtCMN4Sq1v3/wgMl0vKb2Cy35/yIm8dwC6IVvePm2wKzGQ==
roMnNvJHhJk4xmy70zXNP2sWx7IXWwJ7z4XtWadIz262IBCayMtZGR+rmlwUkzQWHqkfrvshwu6z7Gx7vxj4Z0/kqw6t+TO6M3azFQ==
+GgK4I93Y0kVNymK+s++TxYprpXnNcUvmlPJROc5t+scWry1gLkI+rl+TICnwOLX8znmnifFP1xOZXccBmHfs+Pf7j+DNXWzEA==
8oF9W0u7soHisxy/9EzGsPHiy3tY1PfTF0oE4qTRJL4xGXPCXd6gvgd0k8n4EzkBL7OaRCSLVM4u8d/2S/midgN07OMPgJi//7xrVp0hU6IDbrMN
13xt7avjEp4ztnzM7k5Ep1o47Mk0EPXzUMNtMzMsPY0FO26u5n06/cq6ezp2SP00kAfBDTz23aEdfGyBDfQcVe2jEav0N7kxd7MS
AuAvZcCxV/0/oI0uxdf1GxYqrpXnNcUvmlPJROc5t+scWry1gLkI+rl+TICnwOLX8znmnifFP1xOZXccBmHfs+Pf7j+DNXWzEA==
xc1miW7MIUbF5jR4fsq/buna59bIss19STvO3P9uZA6chfSCed2zjoVq0GKvEDNlgIepfac3Gsi8/+RSRlU/mvMt8srLMKwvV7Ro49dYS3plNUNeC2qzAQ==
13xt7avjEp4ztnzM7k5Ep1o47Mk0EPXzUMNtMzMsPY0FO26u5n06/cq6ezp2SP00kAfBDTz23aEdfGyBDfQcVe2jEav0N7kxd7MS
1wOHliDQAiE54NS37r2XDxYrrpXnNcUvmlPJROc5t+scWry1gLkI+rl+TICnwOLX8znmnifFP1xOZXccBmHfs+Pf7j+DNXWzEA==
rWLQiCabqV0oZH1hDkPRCuna59bIsc19STvO3P9uZA6chfSCed2zjoVq0GKvEDNlgIepfac3Gsi8/+RSRlU/mvMt8srLMKwvV7Ro49dYS3plNUNeC2qzAQ==
13xt7avjEp4ztnzM7k5Ep1o47Mk0EPXzUMNtMzMsPY0FO26u5n06/cq6ezp2SP00kAfBDTz23aEdfGyBDfQcVe2jEav0N7kxd7MS
ybyomJV/FELq7RH9Ox32vfYvOm9WKz0UM5ELS4CyyEUUIYR6NebY8FOofndPkbJOUz1znAJdQ0zSCSPT//faD5ctebMc
INYPZdrUKO3kqxsVtA3LIkB956nEWf1u1QyOWu4/q6gXWry1gLkI+rl+TICnwOLX8znmnifFP1xOZXccBmHfs+Pf7j+DNXWzEA==
4fSDKTwUbsjyejCcQLgID5nByUhDguBlLBG8eg3X4NB7mDa3B0Ea7sut6xyazdusutlrE7cHsu/v3QGzZA==
8QhgLZ3tMTfRM0zvNbB9MX0pOx2/MjCr8A8JxXdfGtCMN4Sq1v3/wgMl0vKb2Cy35/yIm8dwC6IVvePm2wKzGQ==
roMnNvJHhJk4xmy70zXNP2sWx7IXWwJ7z4XtWadIz262IBCayMtZGR+rmlwUkzQWHqkfrvshwu6z7Gx7vxj4Z0/kqw6t+TO6M3azFQ==
broGSu7qZi3+6EC+PEuqy66M4hj8kiQopo2VHmMCdY27smUqNhZ4k2iPSBfjbO0tlbveDhY9Ch3aumtaRoiNlCCHUa1sNo2B7XxcYV00zDV9I2FLRHdJEWezAg==
NXzRshnCWSOCybeMH7itKuzQtw/6nXYoqpa9SmQRXN22snAlMwAs3ijJAhPjbO0tlbveDhY9Ch3aumtaRoiNlCCHUa1sNo2B7XxcYV00zDV9I2FLRHdJEWezAg==
hlmXkiJehsSyWJhiT6Vd5X8qis46k0hqU2xmalr0gK9FDQsZ2s3HkGy1QL9Z96mY6GyrCiNTfKXBo3N9Wg7wrTz8Iu/PDG+verR/2gyJuwYQLRMCG4xZV2tAH2CzBw==
D5pJL3H8P1nYLZnBBU+oZ1Jx9r6GWrpp0FfJROc5t+scWry1gLkI+rl+TICnwOLX8znmnifFP1xOZXccBmHfs+Pf7j+DNXWzEA==
bwcVw2Tjq5kFJ8nXULmqrq2M4hj8kiQopo2VHmMCdY27smUqNhZ4k2iPSBfjbO0tlbveDhY9Ch3aumtaRoiNlCCHUa1sNo2B7XxcYV00zDV9I2FLRHdJEWezAg==
NXzRshnCWSOCybeMH7itKuzQtw/6nXYoqpa9SmQRXN22snAlMwAs3ijJAhPjbO0tlbveDhY9Ch3aumtaRoiNlCCHUa1sNo2B7XxcYV00zDV9I2FLRHdJEWezAg==
hlmXkiJehsSyWJhiT6Vd5X8qis46k0hqU2xmalr0gK9FDQsZ2s3HkGy1QL9Z96mY6GyrCiNTfKXBo3N9Wg7wrTz8Iu/PDG+verR/2gyJuwYQLRMCG4xZV2tAH2CzBw==
D5pJL3H8P1nYLZnBBU+oZ1Jx9r6GWrpp0FfJROc5t+scWry1gLkI+rl+TICnwOLX8znmnifFP1xOZXccBmHfs+Pf7j+DNXWzEA==
iO4ZaHA/ph8pw12jw55sIayM4hj8kiQopo2VHmMCdY27smUqNhZ4k2iPSBfjbO0tlbveDhY9Ch3aumtaRoiNlCCHUa1sNo2B7XxcYV00zDV9I2FLRHdJEWezAg==
NXzRshnCWSOCybeMH7itKuzQtw/6nXYoqpa9SmQRXN22snAlMwAs3ijJAhPjbO0tlbveDhY9Ch3aumtaRoiNlCCHUa1sNo2B7XxcYV00zDV9I2FLRHdJEWezAg==
hlmXkiJehsSyWJhiT6Vd5X8qis46k0hqU2xmalr0gK9FDQsZ2s3HkGy1QL9Z96mY6GyrCiNTfKXBo3N9Wg7wrTz8Iu/PDG+verR/2gyJuwYQLRMCG4xZV2tAH2CzBw==
D5pJL3H8P1nYLZnBBU+oZ1Jx9r6GWrpp0FfJROc5t+scWry1gLkI+rl+TICnwOLX8znmnifFP1xOZXccBmHfs+Pf7j+DNXWzEA==
CnWnxsufBIBQnf5RKxGtP6uM4hj8kiQopo2VHmMCdY27smUqNhZ4k2iPSBfjbO0tlbveDhY9Ch3aumtaRoiNlCCHUa1sNo2B7XxcYV00zDV9I2FLRHdJEWezAg==
NXzRshnCWSOCybeMH7itKuzQtw/6nXYoqpa9SmQRXN22snAlMwAs3ijJAhPjbO0tlbveDhY9Ch3aumtaRoiNlCCHUa1sNo2B7XxcYV00zDV9I2FLRHdJEWezAg==
mjPJGM0H7bersV9kC6VPN38pis46k0hqU2xmalr0gK9FDQsZ2s3HkGy1QL9Z96mY6GyrCiNTfKXBo3N9Wg7wrTz8Iu/PDG+verR/2gyJuwYQLRMCG4xZV2tAH2CzBw==
D5pJL3H8P1nYLZnBBU+oZ1Jx9r6GWrpp0FfJROc5t+scWry1gLkI+rl+TICnwOLX8znmnifFP1xOZXccBmHfs+Pf7j+DNXWzEA==
1XZvrbmKxRYOvSrdrvFeEKqM4hj8kiQopo2VHmMCdY27smUqNhZ4k2iPSBfjbO0tlbveDhY9Ch3aumtaRoiNlCCHUa1sNo2B7XxcYV00zDV9I2FLRHdJEWezAg==
NXzRshnCWSOCybeMH7itKuzQtw/6nXYoqpa9SmQRXN22snAlMwAs3ijJAhPjbO0tlbveDhY9Ch3aumtaRoiNlCCHUa1sNo2B7XxcYV00zDV9I2FLRHdJEWezAg==
CZ8Q7qHCU/F5CtLQbYcsRH8ois46k0hqU2xmalr0gK9FDQsZ2s3HkGy1QL9Z96mY6GyrCiNTfKXBo3N9Wg7wrTz8Iu/PDG+verR/2gyJuwYQLRMCG4xZV2tAH2CzBw==
D5pJL3H8P1nYLZnBBU+oZ1Jx9r6GWrpp0FfJROc5t+scWry1gLkI+rl+TICnwOLX8znmnifFP1xOZXccBmHfs+Pf7j+DNXWzEA==
W+njDHEcYKy6vgvGwNWEi6mM4hj8kiQopo2VHmMCdY27smUqNhZ4k2iPSBfjbO0tlbveDhY9Ch3aumtaRoiNlCCHUa1sNo2B7XxcYV00zDV9I2FLRHdJEWezAg==
NXzRshnCWSOCybeMH7itKuzQtw/6nXYoqpa9SmQRXN22snAlMwAs3ijJAhPjbO0tlbveDhY9Ch3aumtaRoiNlCCHUa1sNo2B7XxcYV00zDV9I2FLRHdJEWezAg==
CZ8Q7qHCU/F5CtLQbYcsRH8ois46k0hqU2xmalr0gK9FDQsZ2s3HkGy1QL9Z96mY6GyrCiNTfKXBo3N9Wg7wrTz8Iu/PDG+verR/2gyJuwYQLRMCG4xZV2tAH2CzBw==
D5pJL3H8P1nYLZnBBU+oZ1Jx9r6GWrpp0FfJROc5t+scWry1gLkI+rl+TICnwOLX8znmnifFP1xOZXccBmHfs+Pf7j+DNXWzEA==
ybyomJV/FELq7RH9Ox32vfYvOm9WKz0UM5ELS4CyyEUUIYR6NebY8FOofndPkbJOUz1znAJdQ0zSCSPT//faD5ctebMc
INYPZdrUKO3kqxsVtA3LIkB956nEWf1u1QyOWu4/q6gXWry1gLkI+rl+TICnwOLX8znmnifFP1xOZXccBmHfs+Pf7j+DNXWzEA==
TuW7d0n7TaBK3uJbEp1aOPctNglVOD0TPI8UR9ypi1QRI7M1QvbE406zandPkbJOUz1znAJdQ0zSCSPT//faD5ctebMc
EH8hg+Rvtr8cM+JAQ6ojs/ctNglVOD0TPIsWSdypi1QRI7M1QvbE406zandPkbJOUz1znAJdQ0zSCSPT//faD5ctebMc
Is8gV0YIp0mxv1FOul/UAuX9Hq/Nsaz9g3TBlanJ5g9A5+6b7fwtbj6ojQ1xNQWrCeFqGLfq5g4veCQvZfjcg8IoQ84lEUM6eRzQewsV2IZhieUeJXGBh/zW6oAdCl18XYC0CucPtEpHupY3L1Y7Yw3O8rsz11NRIyT1A9w3Q9pzbfIKS/Cs79d0aKNXGEs65XVDnouqs8E=
W58ZrwABZU49ggFQqHYmutG70I+EsA6KxURPr7Y22NeUzQh2D/EfrTqQ13MKqEeGzNUDmmDxKx770OHLG5wnfLMb
aR1C/j/1U8lsRkqjVkeiN5tYPfnBkJTgpMbEyIDU3lWlrx72h6NMM0bMsiEd3ycl6LiXEI7J+8c6eslNHMzoiO+yA7OEUAn39EG116jB0JLz9nMXCyVje21gMaVGBO25Lxq0tefTjLuTtvDhLnNmLSHJEDYWG6U1oAbR6Zk8aEmBxAAtSYP1M0gn9bmzs9Y=
b75rUSaCeMdjRulLXi4Ju87RUkHLkaU+ij8oliEVVX1vSIfbqgD3PkxtszLAWftGO4gxo/v01wSzYw==
aIhNuqiZQ6htNJDVw010qo9d8kREad3BNHTEIZs7jcWYZlk5QbwwmQnkeJ2hQ50jkMf9yQuzbg==
3pmIc7T5GapfWCefK6Gwio3I6O7gGZlFM7RWyt0UbjWz7gC2nlnnf2xjpXaq1ZENHoUouf335cc/O4GV6Xz4omixNUcUtYeXkDMsOOZd5S4PMuNSv+m2+2kSfOk3exDD9DW7SVNyRHGMpG36gZyOJDXG2l/I8bR8ssCd18gzAmbVHvE3l5uZPdd1INwC6bz3i8ltgOSqgLRuITtk5G+tTZBUa5PPOhjqr7t1KwhYdz81pDY50N96VLqvXgCYbeWwl3lJ0cQWRyIflBadFO7Tzt4orvmB0sS3FEs3OPPoSbXy4DKpyCdlrGMB7Z3gqDbKv/TGMQyGDIW2a8ELOA8Q1E0PKrf2CoT6LtvgIieS2X6k+qsKCMyp5V0BLoKjDM1ZhEPTmbam/9rlXlg6wTcH0SA0XKSIt1NWTpld+kmW2x0rVqss+c/kA05I3qhTQ1M0l8eG5VInQwoZLBDLa6VYNgE5JS5FQYG3nOYqMH263cw9MHQ6hz+0eieKVodP5rvTbX4yi1PnU2FDFDWzvIfDahPdMjorwKPft0SoEzeoy4qFxYOu65qz8Q==
CDzW9/u0MecTHwZyjWMzXbJjNC3i6qW/5dDqZOpCFRt+feMfJjyleKBtPW7Xj/Cpr8IES/b2V6Va+iH/Dmh2DJjnK8IbqieLMBTjM6LnFQAPhh2TA5Fr5d7jpfPEx2AGNSRF1r7CCbTSUdzrVKr+gmVprJmS4EmMWVkjYdlL+5c4wgbjzNF3+yVOMPAgIuKjg5pABX2LzAaDvbsAGNzDma11TJLHWYlWvrdERRoCdm0mPnxH9baLa2E/8GyH1LP2jgOQZCNooppmt9UI5KEYSQ9G1wIZ8y4yWgc8neUaj6O1QyTiBiyDhs4/GJzsU/opObVcpYBS0Z2C2ULwxIwCOfg8I5ipWFjI48Tclglz0YOWfAdmHZ/YETu3wpz/7Il8gGSF/be3nMbUKhwtMwCCWyXErbzLGzdEg8LNtST14ipGNtfJo5LrdU6rBv1jHBUuKLVPTwhw3etNgLH7AQFwRHLuufDtKgFCfDSTJVSsa8iuOStMK1Xx7Jrl5x0TF2/2La24jbNM7+969P+aA0k7xhDtk8IbTNmXa4CfoLPH
r2Hz4tfk1IoqmfOWybQrTe30EN7vEL8e7QSGYeHZy+Pvww8mu48p5hbFKiCoy/ddiU+DkjbezIhcoW7AiTnHrfd21rF7IHfv/q4Lo92ejWh4TlS1lk+VilFtowKt2AuW0pa44IOF9vC129IjHuRUHpGaF32d6DXxYYKQLDbKhduopNUPHQQZrwFV2MAiCrEkTb7JJmxwO7EUuEOMPl3jWAuBeQjK4c9Jk0NH8n1JMFmTWCeL6rDXjknak4IAiVtWu5jRczsEN/Szkw==
Xu6tuCeFSY+gqy3fuZ2oVoPwVTDmIvfmCaMfKWpxSmWWVP8ZmiUM4eHsVktm0KRaxAxsEBnbWUK/KmjHR/x0es6V+2yqu3Mec+3+qAeZxZD5ekh4SN9+UbGoMYvP2JX23+QCwIQqy3uyMnWdHlnGquDM4WxL1zW20ZPBJDy2TiQRaTgyKYWVup0tgdNUerqERbb9CFXMBO6fE/Ter9aG87eqW1fFQgKfCwvThQsIJYcEC2Mu+6HCbrNsafy/mPjnT2Srjq15Mzoz9rOV
+iBwDa6FJ5XC+PLAsmF00i10e7mzaUMDdkNsBWSQGZ1Hvoglm8eboz7UldEu09Un8R3WrUUVMMpvUi8Xm30vYAFYLP+n9W5+LY0mUQEHEeDF6jgCuOcb4d41l1G3kT96DdYd5yJUUVW4NEayW/7H6XFJ0Cm/54Cx0SaZagX/EuAfG1LZQ9vuQZaeBW7V+x2V9TdruEcJYGRLFVkCcjkx49pXNe4GraizYGHXkTbaQKtzOWaep8W/Wcll9xyGYV+zY99uPwM19bOQ
VceeD1DsM8mY1uAs+DVZjC10e7mzaUMDdkNsBWSQGZ1Hvoglm8ebrj7Uldwu09Un8R3WrUUVMMpvUgMAm3QzbhZYLP+n9W5+LY0mUQEHEeDF6jgCuOcb4d41l1G3kT96DdYd5yJUUVW4NEayW/7H6XFJ0Cm/54Cx0SaZagX/EuAfG1LZQ9vuQZaeBW7V+x2V9TdruEcJYGRLFVkCcjkx49pXNe4GraizYGHXkTbaQKtzOWaep8W/Wcll9xyGYV+zY99uPwM19bOQ
L7YmQP4X1H6Md+CXqkPS8Ts3l7KLR7nl87zGbJYnrTaiCHVG+6Rem1Wu/NCvFiB4oPTWAEqm+CsGslv7SOqBYxd78Sw2953xbH4viRxZG3Pj8PfeIurCAznB/FFtOW2lDap/IkcvGBCTFXpw/HoBCrU5w/0KQUWDIhFzwuOCn0ugcO1vyFH5X2zBFBq/5k+P7wVHg/FQPe3CxOlxo2qojYMzqKNvJrzpavOiJe1ZbC4ye0ENvPZdoZ1564GN9JxVbaORq3Q3OTH3s5I=
HXnP1XKfYH9lPhPDHj/NlS10e7mzaUMDdkNsBWSQGZ1Hvoglm8ebrj7Uldwu09Un8R3WrUUVMMpvUi8Xm2MyYQtYLP+n9W5+LY0mUQEHEeDF6jgCuOcb4d41l1G3kT96DdYd5yJUUVW4NEayW/7H6XFJ0Cm/54Cx0SaZagX/EuAfG1LZQ9vuQZaeBW7V+x2V9TdruEcJYGRLFVkCcjkx49pXNe4GraizYGHXkTbaQKtzOWaep8W/Wcll9xyGYV+zY99uPwM19bOQ
MoALXeJXB966AC5dccNKNDs3l7KLR7nl87zGbJYnrTaiCHVG+6RellWu/N2vFiB4oPTWAEqm+CsGskr9Sv+Fdxd78Sw2953xbH4viRxZG3Pj8PfeIurCAznB/FFtOW2lDap/IkcvGBCTFXpw/HoBCrU5w/0KQUWDIhFzwuOCn0ugcO1vyFH5X2zBFBq/5k+P7wVHg/FQPe3CxOlxo2qojYMzqKNvJrzpavOiJe1ZbC4ye0ENvPZdoZ1564GN9JxVbaORq3Q3OTH3s5I=
kOJCuyq6jcS1j5VfEbnGp6waHeyzmF+5MIwJ6TSvVjQb/OoMCjjax+4uYJNvPN6e4k0ol7fkq5ud5qUx7KWSmcKnQypr4f6sD6XVhIGWaFxgg44laeRxT4ckxSJnSOKkbLZ7zyq+9RmW5VY+GKBByOMLRUKJXwFg9MqecClFWNZBmaWOhSGB11xGqpA9Wt0sfZD0mkdftBrnKtYnDwa7My3esiuTh1MBg7S1E/xnw4pTfbKa66CpuHfkKLN3SMtqxWUDDiv6s5E=
AZjYHENBZleAlIcXaVCBVawaHeyzmF+5MIwJ6TSvVjQb/OoMCjjax+4uYJNvPN6e4k0ol7fkq5ud5qwi5riSm8KnQypr4f6sD6XVhIGWaFxgg44laeRxT4ckxSJnSOKkbLZ7zyq+9RmW5VY+GKBByOMLRUKJXwFg9MqecClFWNZBmaWOhSGB11xGqpA9Wt0sfZD0mkdftBrnKtYnDwa7My3esiuTh1MBg7S1E/xnw4pTfbKa66CpuHfkKLN3SMtqxWUDDiv6s5E=
/H8C7Xyv0wJVywY8jSheX7QQFzSvtOLUXVP3jr/B3Y0r+moOJiIxg1hjrWqWA/bBa2ON03qhat+1aJBRAzkh/VZsNo3VWb5FaxR/6/6qA5fNauVMWGq8wUZ73U4Rqeu2fazjMnIy0BQTMX50NV9al44QPLoxPv8JTVx9NSFG2Bjmvm3/iIC9+w0wEasBUdD0Mv7ZAG2aIVK8RHN1VHwLOO4pC/yrJRH8WlVHzRPHz0btvVj9M/zP/zoEn0oJHtu20P2zcpu8uYcrMD/ws5c=
LAXSUef/X/IrPxadux/xK3YE3SD07GeBz5sJXQqfPEuLZ/T6913EBbhL3QI+7K7wc4WiQt2auwwH6fRsqQDyavo/tOYL5mbln1dmoeae6U5QEWDvk8Aepeb4YIqcbxYZtwQ6WnUB3WOxljc7v95Q0uRER9ThQYD6zkolC9eFiH0+OdZhBKxbgGREROVQye9eX9DvqOBHUzYyha6uPX+MxT8Y4bmqWUwqtS9s+51y9gqKyq8czsKX6tBtMwnw/a5u8yeJ6SVaWtaj6z3wcUrW++fUrBJKC0/h9SGWDMlmdgJipWc1UAE6ggWuWTENQr6WE3w+UMqd3Ipy2BcTRt6InC+kkRgq7CUln6FNSuOP5TK5eT4bQNI18dFlOjqqRwY8I39Rc8/03WNa3wJujZjr0mJjLWh4Qe27q9MeNV+f09OqBCg4eRLvEY7rRzke4kqoktORn62sPPk4sJV/kPFxD4TB/Eo3Rhefl8XfM0lwNZ0qREFBq4rQfRvzkLO3RjS5QvOK9WW5ND4KO9l9RJZVkTXyh3GE1CTl9eNpu6yXseGfs/o=
KTLWj8M+Vms/Uh3GaGLctHEEjoXFgsXZSRpfkzdE12qp56JJnBmzAYcUhYiRn8P13mkr6YaJ0byh0SIzs7pSehZyAKSlc85FuGyELhrmPrCCS/lo9DF0aPIeFuecnTWEuN7/iVf3Iwalr1V2OnYG5CVwC+nqLhwad98dzcK5/HkUpU7kkVQ2FJYxOuEFej3wDYyKb7kiIJW8ujd3hsE9GOO9oFFGPqc/fu93WpwuaOrNOCTq/T4CPWHdOrXkqjFnSy1vEpAC8bvvJBviPF+FdE62IKOldWexBJhD7vyG4CXlsdqJsBaXPsul5+rUMvHcXPQgNbZeoIhFx4yWwljt5FPcYKTv8c3xn56Jpw8W21ncPyr63+XDdSguoE8MOCF/U3fF/Nd3SM8QemewgfaAQ09MkmmHb3mDTOGV15kXaETq/DNaJcXcu5XtdEqgDPBzczvHBNZtqiAH6xp5+4sGQX7Ovc6dCwVVTaej2F85yOQj5UEiuqnJo8JnfQ5+fYCzSDEv8f7qWGsLqS6+v7VX2WFV7fzO8efze6+mn7vlnbP4
KTLWj8M+Vms/Uh3GaGLctHEEjoXFgsXZSRpfkzdE12qp56JJnBmzAYcUhYiRn8P13mkr6YaJ0byh0SIzs7pSehZyAKSlc85FuGyELhrmPrCCS/lo9DF0aPIeFuecnTWEuN7/iVf3Iwalr1V2OnYG5CVwC+nqLhwad98dzcK5/HkUpU7kkVQ2FJYxOuEFej3wDYyKb7kiIJW8ujd3hsE9GOO9oFFGPqc/fu93WpwuaOrNOCTq/T4CPWHdOrXkqjFnSy1vEpAC8bvvJBviPF+FdE62IKOldWexBJhD7vyG4CXlsdqJsBaXPsul5+rUMvHcXPQgNbZeoIhFx4yWwljt5FPcYKTv8c3xn56Jpw8W21ncPyr63+XDdSguoE8MOCF/U3fF/Nd3SM8QemewgfaAQ09MkmmHb3mDTOGV15kXaETq/DNaJcXcu5XtdEqgDPBzczvHBNZtqiAH6xp5+4sGQX7Ovc6dCwVVTaej2F85yOQj5UEiuqnJo8JnfQ5+fYCzSDEv8f7qWGsLqS6+v7VX2WFV7fzO8efze6+mn7vlnbP4
vRQUI0BA/Hix77Y8DxBMJnYE3SD07GeBz5sJXQqfPEuLZ/T6913EBbhL3QI+7K7wc4WiQt2auwwH6fRsqQDyavo/tOYL5mbln1dmoeae6U5QEWDvk8Aepeb4YIqcbxYZtwQ6WnUB3WOxljc7v95Q0uRER9ThQYD6zkolC9eFiH0+OdZhBKxbgGREROVQye9eX9DvqOBHUzYyha6uPX+MxT8Y4bmqWUwqtS9s+51y9gqKyq8czsKX6tBtMwnw/a5u8yeJ6SVaWtaj6z3wcUrW++fUrBJKC0/h9SGWDMlmdgJipWc1UAE6ggWuWTENQr6WE3w+UMqd3Ipy2BcTRt6InC+kkRgq7CUln6FNSuOP5TK5eT4bQNI18dFlOjqqRwY8I39Rc8/03WNa3wJujZjr0mJjLWh4Qe27q9MeNV+f09OqBCg4eRLvEY7rRzke4kqoktORn62sPPk4sJV/kPFxD4TB/Eo3Rhefl8XfM0lwNZ0qREFBq4rQfRvzkLO3RjS5QvOK9WW5ND4KO9l9RJZVkTX/g3GH1CTl9eNpu6yXseGfs/o=
uGBNLHZqFRm60Mivqm81mnEEjoXFgsXZSRpfkzdE12qp56JJnBmzAYcUhYiRn8P13mkr6YaJ0byh0SIzs7pSehZyAKSlc85FuGyELhrmPrCCS/lo9DF0aPIeFuecnTWEuN7/iVf3Iwalr1V2OnYG5CVwC+nqLhwad98dzcK5/HkUpU7kkVQ2FJYxOuEFej3wDYyKb7kiIJW8ujd3hsE9GOO9oFFGPqc/fu93WpwuaOrNOCTq/T4CPWHdOrXkqjFnSy1vEpAC8bvvJBviPF+FdE62IKOldWexBJhD7vyG4CXlsdqJsBaXPsul5+rUMvHcXPQgNbZeoIhFx4yWwljt5FPcYKTv8c3xn56Jpw8W21ncPyr63+XDdSguoE8MOCF/U3fF/Nd3SM8QemewgfaAQ09MkmmHb3mDTOGV15kXaETq/DNaJcXcu5XtdEqgDPBzczvHBNZtqiAH6xp5+4sGQX7Ovc6dCwVVTaej2F85yOQj5UEiuqnJo8JnfQ5+fYCzSDEv8f7qWGsLqS6+v7VX02BV7f3O8efze6+mn7vlnbP4
uGBNLHZqFRm60Mivqm81mnEEjoXFgsXZSRpfkzdE12qp56JJnBmzAYcUhYiRn8P13mkr6YaJ0byh0SIzs7pSehZyAKSlc85FuGyELhrmPrCCS/lo9DF0aPIeFuecnTWEuN7/iVf3Iwalr1V2OnYG5CVwC+nqLhwad98dzcK5/HkUpU7kkVQ2FJYxOuEFej3wDYyKb7kiIJW8ujd3hsE9GOO9oFFGPqc/fu93WpwuaOrNOCTq/T4CPWHdOrXkqjFnSy1vEpAC8bvvJBviPF+FdE62IKOldWexBJhD7vyG4CXlsdqJsBaXPsul5+rUMvHcXPQgNbZeoIhFx4yWwljt5FPcYKTv8c3xn56Jpw8W21ncPyr63+XDdSguoE8MOCF/U3fF/Nd3SM8QemewgfaAQ09MkmmHb3mDTOGV15kXaETq/DNaJcXcu5XtdEqgDPBzczvHBNZtqiAH6xp5+4sGQX7Ovc6dCwVVTaej2F85yOQj5UEiuqnJo8JnfQ5+fYCzSDEv8f7qWGsLqS6+v7VX02BV7f3O8efze6+mn7vlnbP4
fHvCsWW8DnEiZH8aRAHO1nYE3SD07GeBz5sJXQqfPEuLZ/T6913EBbhL3QI+7K7wc4WiQt2auwwH6fRsqQDyavo/tOYL5mbln1dmoeae6U5QEWDvk8Aepeb4YIqcbxYZtwQ6WnUB3WOxljc7v95Q0uRER9ThQYD6zkolC9eFiH0+OdZhBKxbgGREROVQye9eX9DvqOBHUzYyha6uPX+MxT8Y4bmqWUwqtS9s+51y9gqKyq8czsKX6tBtMwnw/a5u8yeJ6SVaWtaj6z3wcUrW++fUrBJKC0/h9SGWDMlmdgJipWc1UAE6ggWuWTENQr6WE3w+UMqd3Ipy2BcTRt6InC+kkRgq7CUln6FNSuOP5TK5eT4bQNI18dFlOjqqRwY8I39Rc8/03WNa3wJujZjr0mJjLWh4Qe27q9MeNV+f09OqBCg4eRLvEY7rRzke4kqoktORn62sPPk4sJV/kPFxD4TB/Eo3Rhefl8XfM0lwNZ0qREFBq4rQfRvzkLO3RjS5QvOK9WW5ND4KO9l9RJZVkTX/hHGG1STl9eNpu6yXseGfs/o=
xVbP92lXnU4X8KUgUDRqSSktOgi4IEO1ogkexXZpXsrYOpGx0u/+wgMl0vKb2C605/mMm8ZwC6IVvePm2wKzGQ==
W2mSYSgsHXXBlD3u11hA2nEEjoXFgsXZSRpfkzdE12qp56JJnBmzAYcUhYiRn8P13mkr6YaJ0byh0SIzs7pSehZyAKSlc85FuGyELhrmPrCCS/lo9DF0aPIeFuecnTWEuN7/iVf3Iwalr1V2OnYG5CVwC+nqLhwad98dzcK5/HkUpU7kkVQ2FJYxOuEFej3wDYyKb7kiIJW8ujd3hsE9GOO9oFFGPqc/fu93WpwuaOrNOCTq/T4CPWHdOrXkqjFnSy1vEpAC8bvvJBviPF+FdE62IKOldWexBJhD7vyG4CXlsdqJsBaXPsul5+rUMvHcXPQgNbZeoIhFx4yWwljt5FPcYKTv8c3xn56Jpw8W21ncPyr63+XDdSguoE8MOCF/U3fF/Nd3SM8QemewgfaAQ09MkmmHb3mDTOGV15kXaETq/DNaJcXcu5XtdEqgDPBzczvHBNZtqiAH6xp5+4sGQX7Ovc6dCwVVTaej2F85yOQj5UEiuqnJo8JnfQ5+fYCzSDEv8f7qWGsLqS6+v7VX0mZV7/vO8Ofze6+mn7vlnbP4
W2mSYSgsHXXBlD3u11hA2nEEjoXFgsXZSRpfkzdE12qp56JJnBmzAYcUhYiRn8P13mkr6YaJ0byh0SIzs7pSehZyAKSlc85FuGyELhrmPrCCS/lo9DF0aPIeFuecnTWEuN7/iVf3Iwalr1V2OnYG5CVwC+nqLhwad98dzcK5/HkUpU7kkVQ2FJYxOuEFej3wDYyKb7kiIJW8ujd3hsE9GOO9oFFGPqc/fu93WpwuaOrNOCTq/T4CPWHdOrXkqjFnSy1vEpAC8bvvJBviPF+FdE62IKOldWexBJhD7vyG4CXlsdqJsBaXPsul5+rUMvHcXPQgNbZeoIhFx4yWwljt5FPcYKTv8c3xn56Jpw8W21ncPyr63+XDdSguoE8MOCF/U3fF/Nd3SM8QemewgfaAQ09MkmmHb3mDTOGV15kXaETq/DNaJcXcu5XtdEqgDPBzczvHBNZtqiAH6xp5+4sGQX7Ovc6dCwVVTaej2F85yOQj5UEiuqnJo8JnfQ5+fYCzSDEv8f7qWGsLqS6+v7VX0mZV7/vO8Ofze6+mn7vlnbP4
HIxzbjrWdjJWZXJVOiSc5HYE3SD07GeBz5sJXQqfPEuLZ/T6913EBbhL3QI+7K7wc4WiQt2auwwH6fRsqQDyavo/tOYL5mbln1dmoeae6U5QEWDvk8Aepeb4YIqcbxYZtwQ6WnUB3WOxljc7v95Q0uRER9ThQYD6zkolC9eFiH0+OdZhBKxbgGREROVQye9eX9DvqOBHUzYyha6uPX+MxT8Y4bmqWUwqtS9s+51y9gqKyq8czsKX6tBtMwnw/a5u8yeJ6SVaWtaj6z3wcUrW++fUrBJKC0/h9SGWDMlmdgJipWc1UAE6ggWuWTENQr6WE3w+UMqd3Ipy2BcTRt6InC+kkRgq7CUln6FNSuOP5TK5eT4bQNI18dFlOjqqRwY8I39Rc8/03WNa3wJujZjr0mJjLWh4Qe27q9MeNV+f09OqBCg4eRLvEY7rRzke4kqoktORn62sPPk4sJV/kPFxD4TB/Eo3Rhefl8XfM0lwNZ0qREFBq4rQfRvzkLO3RjS5QvOK9WW5ND4KO9l9RJZVkTX7g3GF0yTk9eNpu6yXseGfs/o=
hHYeJRAaYfTJ+xZeTGBQ13EEjoXFgsXZSRpfkzdE12qp56JJnBmzAYcUhYiRn8P13mkr6YaJ0byh0SIzs7pSehZyAKSlc85FuGyELhrmPrCCS/lo9DF0aPIeFuecnTWEuN7/iVf3Iwalr1V2OnYG5CVwC+nqLhwad98dzcK5/HkUpU7kkVQ2FJYxOuEFej3wDYyKb7kiIJW8ujd3hsE9GOO9oFFGPqc/fu93WpwuaOrNOCTq/T4CPWHdOrXkqjFnSy1vEpAC8bvvJBviPF+FdE62IKOldWexBJhD7vyG4CXlsdqJsBaXPsul5+rUMvHcXPQgNbZeoIhFx4yWwljt5FPcYKTv8c3xn56Jpw8W21ncPyr63+XDdSguoE8MOCF/U3fF/Nd3SM8QemewgfaAQ09MkmmHb3mDTOGV15kXaETq/DNaJcXcu5XtdEqgDPBzczvHBNZtqiAH6xp5+4sGQX7Ovc6dCwVVTaej2F85yOQj5UEiuqnJo8JnfQ5+fYCzSDEv8f7qWGsLqS6+v7VX2WFV7/vO8Ofze6+mn7vlnbP4
hHYeJRAaYfTJ+xZeTGBQ13EEjoXFgsXZSRpfkzdE12qp56JJnBmzAYcUhYiRn8P13mkr6YaJ0byh0SIzs7pSehZyAKSlc85FuGyELhrmPrCCS/lo9DF0aPIeFuecnTWEuN7/iVf3Iwalr1V2OnYG5CVwC+nqLhwad98dzcK5/HkUpU7kkVQ2FJYxOuEFej3wDYyKb7kiIJW8ujd3hsE9GOO9oFFGPqc/fu93WpwuaOrNOCTq/T4CPWHdOrXkqjFnSy1vEpAC8bvvJBviPF+FdE62IKOldWexBJhD7vyG4CXlsdqJsBaXPsul5+rUMvHcXPQgNbZeoIhFx4yWwljt5FPcYKTv8c3xn56Jpw8W21ncPyr63+XDdSguoE8MOCF/U3fF/Nd3SM8QemewgfaAQ09MkmmHb3mDTOGV15kXaETq/DNaJcXcu5XtdEqgDPBzczvHBNZtqiAH6xp5+4sGQX7Ovc6dCwVVTaej2F85yOQj5UEiuqnJo8JnfQ5+fYCzSDEv8f7qWGsLqS6+v7VX2WFV7/vO8Ofze6+mn7vlnbP4
T6iMmBm8aEaNdLSXfJllL3EEjoXFgsXZSRpfkzdE12qp56JJnBmzAYcUhYiRn8P13mkr6YaJ0byh0SIzs7pSehZyAKSlc85FuGyELhrmPrCCS/lo9DF0aPIeFuecnTWEuN7/iVf3Iwalr1V2OnYG5CVwC+nqLhwad98dzcK5/HkUpU7kkVQ2FJYxOuEFej3wDYyKb7kiIJW8ujd3hsE9GOO9oFFGPqc/fu93WpwuaOrNOCTq/T4CPWHdOrXkqjFnSy1vEpAC8bvvJBviPF+FdE62IKOldWexBJhD7vyG4CXlsdqJsBaXPsul5+rUMvHcXPQgNbZeoIhFx4yWwljt5FPcYKTv8c3xn56Jpw8W21ncPyr63+XDdSguoE8MOCF/U3fF/Nd3SM8QemewgfaAQ09MkmmHb3mDTOGV15kXaETq/DNaJcXcu5XtdEqgDPBzczvHBNZtqiAH6xp5+4sGQX7Ovc6dCwVVTaej2F85yOQj5UEiuqnJo8JnfQ5+fYCzSDEv8f7qWGsLqS6+v7VX3GFV7/vO8Ofze6+mn7vlnbP4
T6iMmBm8aEaNdLSXfJllL3EEjoXFgsXZSRpfkzdE12qp56JJnBmzAYcUhYiRn8P13mkr6YaJ0byh0SIzs7pSehZyAKSlc85FuGyELhrmPrCCS/lo9DF0aPIeFuecnTWEuN7/iVf3Iwalr1V2OnYG5CVwC+nqLhwad98dzcK5/HkUpU7kkVQ2FJYxOuEFej3wDYyKb7kiIJW8ujd3hsE9GOO9oFFGPqc/fu93WpwuaOrNOCTq/T4CPWHdOrXkqjFnSy1vEpAC8bvvJBviPF+FdE62IKOldWexBJhD7vyG4CXlsdqJsBaXPsul5+rUMvHcXPQgNbZeoIhFx4yWwljt5FPcYKTv8c3xn56Jpw8W21ncPyr63+XDdSguoE8MOCF/U3fF/Nd3SM8QemewgfaAQ09MkmmHb3mDTOGV15kXaETq/DNaJcXcu5XtdEqgDPBzczvHBNZtqiAH6xp5+4sGQX7Ovc6dCwVVTaej2F85yOQj5UEiuqnJo8JnfQ5+fYCzSDEv8f7qWGsLqS6+v7VX3GFV7/vO8Ofze6+mn7vlnbP4
T6iMmBm8aEaNdLSXfJllL3EEjoXFgsXZSRpfkzdE12qp56JJnBmzAYcUhYiRn8P13mkr6YaJ0byh0SIzs7pSehZyAKSlc85FuGyELhrmPrCCS/lo9DF0aPIeFuecnTWEuN7/iVf3Iwalr1V2OnYG5CVwC+nqLhwad98dzcK5/HkUpU7kkVQ2FJYxOuEFej3wDYyKb7kiIJW8ujd3hsE9GOO9oFFGPqc/fu93WpwuaOrNOCTq/T4CPWHdOrXkqjFnSy1vEpAC8bvvJBviPF+FdE62IKOldWexBJhD7vyG4CXlsdqJsBaXPsul5+rUMvHcXPQgNbZeoIhFx4yWwljt5FPcYKTv8c3xn56Jpw8W21ncPyr63+XDdSguoE8MOCF/U3fF/Nd3SM8QemewgfaAQ09MkmmHb3mDTOGV15kXaETq/DNaJcXcu5XtdEqgDPBzczvHBNZtqiAH6xp5+4sGQX7Ovc6dCwVVTaej2F85yOQj5UEiuqnJo8JnfQ5+fYCzSDEv8f7qWGsLqS6+v7VX3GFV7/vO8Ofze6+mn7vlnbP4
T6iMmBm8aEaNdLSXfJllL3EEjoXFgsXZSRpfkzdE12qp56JJnBmzAYcUhYiRn8P13mkr6YaJ0byh0SIzs7pSehZyAKSlc85FuGyELhrmPrCCS/lo9DF0aPIeFuecnTWEuN7/iVf3Iwalr1V2OnYG5CVwC+nqLhwad98dzcK5/HkUpU7kkVQ2FJYxOuEFej3wDYyKb7kiIJW8ujd3hsE9GOO9oFFGPqc/fu93WpwuaOrNOCTq/T4CPWHdOrXkqjFnSy1vEpAC8bvvJBviPF+FdE62IKOldWexBJhD7vyG4CXlsdqJsBaXPsul5+rUMvHcXPQgNbZeoIhFx4yWwljt5FPcYKTv8c3xn56Jpw8W21ncPyr63+XDdSguoE8MOCF/U3fF/Nd3SM8QemewgfaAQ09MkmmHb3mDTOGV15kXaETq/DNaJcXcu5XtdEqgDPBzczvHBNZtqiAH6xp5+4sGQX7Ovc6dCwVVTaej2F85yOQj5UEiuqnJo8JnfQ5+fYCzSDEv8f7qWGsLqS6+v7VX3GFV7/vO8Ofze6+mn7vlnbP4
gJksztquQWrsM05M1wz9YHYE3SD07GeBz5sJXQqfPEuLZ/T6913EBbhL3QI+7K7wc4WiQt2auwwH6fRsqQDyavo/tOYL5mbln1dmoeae6U5QEWDvk8Aepeb4YIqcbxYZtwQ6WnUB3WOxljc7v95Q0uRER9ThQYD6zkolC9eFiH0+OdZhBKxbgGREROVQye9eX9DvqOBHUzYyha6uPX+MxT8Y4bmqWUwqtS9s+51y9gqKyq8czsKX6tBtMwnw/a5u8yeJ6SVaWtaj6z3wcUrW++fUrBJKC0/h9SGWDMlmdgJipWc1UAE6ggWuWTENQr6WE3w+UMqd3Ipy2BcTRt6InC+kkRgq7CUln6FNSuOP5TK5eT4bQNI18dFlOjqqRwY8I39Rc8/03WNa3wJujZjr0mJjLWh4Qe27q9MeNV+f09OqBCg4eRLvEY7rRzke4kqoktORn62sPPk4sJV/kPFxD4TB/Eo3Rhefl8XfM0lwNZ0qREFBq4rQfRvzkLO3RjS5QvOK9WW5ND4KO9l9RJZVkTXzg3GF0yTk9eNpu6yXseGfs/o=
YNMdVp4F4XegnSps1Pd/E3EEjoXFgsXZSRpfkzdE12qp56JJnBmzAYcUhYiRn8P13mkr6YaJ0byh0SIzs7pSehZyAKSlc85FuGyELhrmPrCCS/lo9DF0aPIeFuecnTWEuN7/iVf3Iwalr1V2OnYG5CVwC+nqLhwad98dzcK5/HkUpU7kkVQ2FJYxOuEFej3wDYyKb7kiIJW8ujd3hsE9GOO9oFFGPqc/fu93WpwuaOrNOCTq/T4CPWHdOrXkqjFnSy1vEpAC8bvvJBviPF+FdE62IKOldWexBJhD7vyG4CXlsdqJsBaXPsul5+rUMvHcXPQgNbZeoIhFx4yWwljt5FPcYKTv8c3xn56Jpw8W21ncPyr63+XDdSguoE8MOCF/U3fF/Nd3SM8QemewgfaAQ09MkmmHb3mDTOGV15kXaETq/DNaJcXcu5XtdEqgDPBzczvHBNZtqiAH6xp5+4sGQX7Ovc6dCwVVTaej2F85yOQj5UEiuqnJo8JnfQ5+fYCzSDEv8f7qWGsLqS6+v7VX02FV7/vO8Ofze6+mn7vlnbP4
YNMdVp4F4XegnSps1Pd/E3EEjoXFgsXZSRpfkzdE12qp56JJnBmzAYcUhYiRn8P13mkr6YaJ0byh0SIzs7pSehZyAKSlc85FuGyELhrmPrCCS/lo9DF0aPIeFuecnTWEuN7/iVf3Iwalr1V2OnYG5CVwC+nqLhwad98dzcK5/HkUpU7kkVQ2FJYxOuEFej3wDYyKb7kiIJW8ujd3hsE9GOO9oFFGPqc/fu93WpwuaOrNOCTq/T4CPWHdOrXkqjFnSy1vEpAC8bvvJBviPF+FdE62IKOldWexBJhD7vyG4CXlsdqJsBaXPsul5+rUMvHcXPQgNbZeoIhFx4yWwljt5FPcYKTv8c3xn56Jpw8W21ncPyr63+XDdSguoE8MOCF/U3fF/Nd3SM8QemewgfaAQ09MkmmHb3mDTOGV15kXaETq/DNaJcXcu5XtdEqgDPBzczvHBNZtqiAH6xp5+4sGQX7Ovc6dCwVVTaej2F85yOQj5UEiuqnJo8JnfQ5+fYCzSDEv8f7qWGsLqS6+v7VX02FV7/vO8Ofze6+mn7vlnbP4
wsWUq2kCv2q+Lig6FViobnEEjoXFgsXZSRpfkzdE12qp56JJnBmzAYcUhYiRn8P13mkr6YaJ0byh0SIzs7pSehZyAKSlc85FuGyELhrmPrCCS/lo9DF0aPIeFuecnTWEuN7/iVf3Iwalr1V2OnYG5CVwC+nqLhwad98dzcK5/HkUpU7kkVQ2FJYxOuEFej3wDYyKb7kiIJW8ujd3hsE9GOO9oFFGPqc/fu93WpwuaOrNOCTq/T4CPWHdOrXkqjFnSy1vEpAC8bvvJBviPF+FdE62IKOldWexBJhD7vyG4CXlsdqJsBaXPsul5+rUMvHcXPQgNbZeoIhFx4yWwljt5FPcYKTv8c3xn56Jpw8W21ncPyr63+XDdSguoE8MOCF/U3fF/Nd3SM8QemewgfaAQ09MkmmHb3mDTOGV15kXaETq/DNaJcXcu5XtdEqgDPBzczvHBNZtqiAH6xp5+4sGQX7Ovc6dCwVVTaej2F85yOQj5UEiuqnJo8JnfQ5+fYCzSDEv8f7qWGsLqS6+v7VX2GBV7/vO8Ofze6+mn7vlnbP4
wsWUq2kCv2q+Lig6FViobnEEjoXFgsXZSRpfkzdE12qp56JJnBmzAYcUhYiRn8P13mkr6YaJ0byh0SIzs7pSehZyAKSlc85FuGyELhrmPrCCS/lo9DF0aPIeFuecnTWEuN7/iVf3Iwalr1V2OnYG5CVwC+nqLhwad98dzcK5/HkUpU7kkVQ2FJYxOuEFej3wDYyKb7kiIJW8ujd3hsE9GOO9oFFGPqc/fu93WpwuaOrNOCTq/T4CPWHdOrXkqjFnSy1vEpAC8bvvJBviPF+FdE62IKOldWexBJhD7vyG4CXlsdqJsBaXPsul5+rUMvHcXPQgNbZeoIhFx4yWwljt5FPcYKTv8c3xn56Jpw8W21ncPyr63+XDdSguoE8MOCF/U3fF/Nd3SM8QemewgfaAQ09MkmmHb3mDTOGV15kXaETq/DNaJcXcu5XtdEqgDPBzczvHBNZtqiAH6xp5+4sGQX7Ovc6dCwVVTaej2F85yOQj5UEiuqnJo8JnfQ5+fYCzSDEv8f7qWGsLqS6+v7VX2GBV7/vO8Ofze6+mn7vlnbP4
w6j3qZzI4yf5vIH5f5j6gXYE3SD07GeBz5sJXQqfPEuLZ/T6913EBbhL3QI+7K7wc4WiQt2auwwH6fRsqQDyavo/tOYL5mbln1dmoeae6U5QEWDvk8Aepeb4YIqcbxYZtwQ6WnUB3WOxljc7v95Q0uRER9ThQYD6zkolC9eFiH0+OdZhBKxbgGREROVQye9eX9DvqOBHUzYyha6uPX+MxT8Y4bmqWUwqtS9s+51y9gqKyq8czsKX6tBtMwnw/a5u8yeJ6SVaWtaj6z3wcUrW++fUrBJKC0/h9SGWDMlmdgJipWc1UAE6ggWuWTENQr6WE3w+UMqd3Ipy2BcTRt6InC+kkRgq7CUln6FNSuOP5TK5eT4bQNI18dFlOjqqRwY8I39Rc8/03WNa3wJujZjr0mJjLWh4Qe27q9MeNV+f09OqBCg4eRLvEY7rRzke4kqoktORn62sPPk4sJV/kPFxD4TB/Eo3Rhefl8XfM0lwNZ0qREFBq4rQfRvzkLO3RjS5QvOK9WW5ND4KO9l9RJZVkTX/gnGF0yTk9eNpu6yXseGfs/o=
QY+irxnNyc5R5iKo2BXFyHEEjoXFgsXZSRpfkzdE12qp56JJnBmzAYcUhYiRn8P13mkr6YaJ0byh0SIzs7pSehZyAKSlc85FuGyELhrmPrCCS/lo9DF0aPIeFuecnTWEuN7/iVf3Iwalr1V2OnYG5CVwC+nqLhwad98dzcK5/HkUpU7kkVQ2FJYxOuEFej3wDYyKb7kiIJW8ujd3hsE9GOO9oFFGPqc/fu93WpwuaOrNOCTq/T4CPWHdOrXkqjFnSy1vEpAC8bvvJBviPF+FdE62IKOldWexBJhD7vyG4CXlsdqJsBaXPsul5+rUMvHcXPQgNbZeoIhFx4yWwljt5FPcYKTv8c3xn56Jpw8W21ncPyr63+XDdSguoE8MOCF/U3fF/Nd3SM8QemewgfaAQ09MkmmHb3mDTOGV15kXaETq/DNaJcXcu5XtdEqgDPBzczvHBNZtqiAH6xp5+4sGQX7Ovc6dCwVVTaej2F85yOQj5UEiuqnJo8JnfQ5+fYCzSDEv8f7qWGsLqS6+v7VX22VV7vvO8Ofze6+mn7vlnbP4
QY+irxnNyc5R5iKo2BXFyHEEjoXFgsXZSRpfkzdE12qp56JJnBmzAYcUhYiRn8P13mkr6YaJ0byh0SIzs7pSehZyAKSlc85FuGyELhrmPrCCS/lo9DF0aPIeFuecnTWEuN7/iVf3Iwalr1V2OnYG5CVwC+nqLhwad98dzcK5/HkUpU7kkVQ2FJYxOuEFej3wDYyKb7kiIJW8ujd3hsE9GOO9oFFGPqc/fu93WpwuaOrNOCTq/T4CPWHdOrXkqjFnSy1vEpAC8bvvJBviPF+FdE62IKOldWexBJhD7vyG4CXlsdqJsBaXPsul5+rUMvHcXPQgNbZeoIhFx4yWwljt5FPcYKTv8c3xn56Jpw8W21ncPyr63+XDdSguoE8MOCF/U3fF/Nd3SM8QemewgfaAQ09MkmmHb3mDTOGV15kXaETq/DNaJcXcu5XtdEqgDPBzczvHBNZtqiAH6xp5+4sGQX7Ovc6dCwVVTaej2F85yOQj5UEiuqnJo8JnfQ5+fYCzSDEv8f7qWGsLqS6+v7VX22VV7vvO8Ofze6+mn7vlnbP4
EK6vXCiGc4BFevcNRFwNW7KSqFRKK4qVlXlzlN2713nsSouhn5dWQHc3rozIRSIcofUtWmFlyNvOxwld1FZlMWX+1xHzlLSGpWNZmxxXoQFvswo=
ZZ33fV4pOZ5HWgliXcsw2cfXeQQlnlnVSt2I1GohwHvxW44sW3RTaVRnz4W0SLe4atnC3gM9KOPdsKmQPXsBEzqfgBSkLTsfgal+YFE8+PkNC1ziX6FarO5kOeplP3Lgf9vyWeObDkF23qXudTt9lZX3CzjnSUBkq1W5gtJ5EeP6l1VuZm2Is0AhNxHWmmCrU/nGHscF317tpVGcZiK/s4Ofzr+j9ZWz8A==
6hOwo1eQkQd02e8xCdkoylUuUueUikKiP5NYcoZmzX+Y0O7e6dv5RjlH2iJAzb8jeniX9ZNifvDc/jlE2w3pUcDPF9Z/rldXfEIOjeEKDV3mRKunvPGKAIZGHRfIqI3DrajBwwE5AGySxukoLXJRqtxcI93U1NsgDlH7lGsNIcT6zRclEy+f3k2FaNXzlD+H2hxP4o6yi6iwBcCa25SJv4uo75iz/w==
eeb9Yx3j3zE9jQVVFuuSKeuO2RMt2ShHZoPXbQEO0Brfy+i6xi49J7go/tbp0+m+GR8qagAFD3uawAd9E+ruSLwmiQwbxZmJ4LcH3n+mRy9cmn5FIUK9hYb8Oy88eRq4Zh6t34jgfZuNUNHLATEQlLKeGWBtuuHyPOSzVVRcS5huiUvcq8VRHNq1By0TJ4+mbV0YHTPcj1+6pN9qDjobEFBdcFKb3Hnnq1D/kLP3
YmE39tUfeSv2+TMBfyz7xRB10lyo2g+NgU0HYYoAKX3qIMc9/IjWIDEtsC761OnN1aRhCR548CsjkfLmIx/z1LKy5BBdfssL1UOo8cOcv3g79eTMiheRrNEvLprfjZyHhgL+aDltGG7xEQXWVUmBr6wOSgit8h0UTZjUQhe3NOKX4rY/Hy77i51WEnND71N5c/xVi2zPA7JjdZJCu0guRAcqSKtkYIvSde2jVvuSs+k=
UvE9loGGd3m6HNmc5McUq//4oRElyaLofUgnhaxAlnjBBZDW6tzp1eVMATHOMDDzUzlSnrOXc0wC2gSoDbaLUyVriAnTlL9gCx2E9FpfUXShh47iTwUcHzZqHtBppVg2ATklLkVBgbec5iowfbrdzD0wdDqHP7R6J4pWh0/mu9NtfjKLU+dTYUMUNbO8h8NqE90yOivArty3QqgTNKjLioXFg67rmrPx
clmXpApyyJHN13UwRxqSy4zecwN1ilzOU8vbk3A6127xW44sW3RTaVRnz4W0SLe4atnC3gM9KOPdsKmQPXsBEzqfgBSkLTsfgal+YFE8+PkNC1ziX6FarO5kOeplP3Lgf9vyWeObDkF23qXudTt9lZX3CzjnSUBkq1W5gtJ5EeP6l1VuZm2Is0AhNxHWmmCrU/nGHscF317tpVGcZiK/s4Ofzr+j9ZWz8A==
q+ZeKc2t5vfxtqvtdQw9XP/4vB0j27nhTUgnhaxAlnjBBZDW6tzp1eVMATHOMDDzUzlSnrOXc0wC2gSoDbaLUyVriAnTlL9gCx2E9FpfUXShh47iTwUcHzZqHtBppVg2ATklLkVBgbec5iowfbrdzD0wdDqHP7R6J4pWh0/mu9NtfjKLU+dTYUMUNbO8h8NqE90yOivArty3QqgTNKjLioXFg67rmrPx
7hJn8/+5FdigzVtf/r7U2xggGbmYCniS1YbVuVdZci3VX8rGrxfQ5iYyBTvINMbK6c/RomkDEnbgWTen6hw/IdO2VpTM+jFQ+1khFZArv0L/Ov+zLAbG2cEeBVn2IINz/CUiZBbClYNo/EWH/Uzp1wEtKIjCgiF8jebZLkw4iwmUAPNEHlXzgEtZ6YCqKb+xk7s3Oh3BoIHTgDeDynhnNs5mI8wggUgOe8BB+9tMx4yz6w==
1xzmEh/MaX4DsAq5qQbAbxImfxsWOp64/41+KhV099GUrPZcKRmgIvLQ6dHtsBElNhwQF3tloqrrWzMIymZUfLXaa/dN9zh9Sxg/5INhFGAi8/EQCVv+VpdJ3Nt+Vs6EUUk4EuklFdpdTYGzlBo6JIWW/SgVbIQO3/P0Pu82BlP3ilt3BeKC/8tr0+XLaKUnxCtjDrsBQo7zjG4Y/354RwxEq65t2bNa85az9Q==
82QIQ8gWgpAZDK2+wSuu5RMvYgwQOdeqr4NiIBA1w5+Ytv5JKRmgIvLQ6dHtsBElNhwQF3tloqrrWzMIymZUfLXaa/dN9zh9Sxg/5INhFGAi8/EQCVv+VpdJ3Nt+Vs6EUUk4EuklFdpdTYGzlBo6JIWW/SgVbIQO3/P0Pu82BlP3ilt3BeKC/8tr0+XLaKUnxCtjDrsBQo7zjG4Y/354RwxEq65t2bNa85az9Q==
QXndolqnHuemST3Kpo/sXc7RUkHLkaU+ij8oliEVVX1vSIfbqgD3Pk5uszTAWfhGO4gxo/v01wSzYw==
E21tQuuJMU+SHMPTRpJ08o9d8kREad3BNHTEIZs7jcWYZlk5Qb4zmQ/keJ6hQ50jkMf9yQuzbg==
QL9DlIsqsLZ66OkzmbxuOx+zeuFcYXO7qSFU1IL+N7/9P08j3jWEAqvpTj6fdbfexRWJfO4yB/Pb78YfmyV9sxg=
FmnF00XlXr5ySw19ucgQ1JcBvR3SSuonovc+c4uISPXl7yg6kSUYe15Heb1kFrVRlfnmMaNUxCYV48n7zBeRIX+zGg==
o3PZuXfzMDQq0gbRJv9HXDYhPAqwJDDm9gMU2HBjGo/KPpSxy//twgMl0vKb2Cm15/qIm8RwC6IVvePm2wKzGQ==
f/ehUQpyQpVxR+vrkxXN7s7RUkHLkaU+ij8oliEVVX1vSIfbqgD3PklvszTAWfhGO4gxo/v01wSzYw==
UWWWm9+ODtbnMrrJwoHPoY9d8kREad3BNHTEIZs7jcWYZlk5QbkymQ/keJ6hQ50jkMf9yQuzbg==
L67zfTzD3/Iu8DONlp7hlqo9pxtdZByMIgl2gUzlLbWC1Xolg7hgHyhvku8BjSGIq1hHPzz4U1PgHoV/h54pjzRNl6wLWlGTf66WGWSRawU7RkRN9OCdVgkIbvhtospT4IV0gApELTsAZyJ6zTqh+38vGYEvsVDwCv3cq1Mt/QxMXsDIViULCKy7DdEI8Lvfpw4Y1tf/hYeAzJfjbcAmNfiruqgCK+7sUDnFrI9dGR0sosee51BmsRz6s5IGzD51KSaEyyxPB1S7POkpakTi5aATZZAbRR0xaDzWFueQ1j0k8sx5Du9x5/BbMMhVK3p7Hr4ERtYfkA4vhrkifB47hqA46ZllBR7u69htxRznA9Xekv/mnRqolkmj5w14UEyooMOTqvYd7RaBwvsBM3L74BF7ZL+2jK6EW1czaE8jFmn60wN2ISggpyNx+KqZnfViLXWBi+Si2pz1Lj0QZVRkNq9LdIafDuZrh7Kbz3VaYke7U9Pdu9BFn7STozbLOaK2gzTpoY9GmH98fGsWHWFT4oOus80=
RWanCCu3E0h79ryxBfv4i8+rsW81NyFiDmu1ZcqZl62odJL14C6AAFyJmzIFKjNmUHX2Fh4tVe8BEGSVi9t+QQeD//l0nJxvzzZzr3XJ4SU22VkumP4il6hlCYSEJsv5Yx8PZolHgSZurtqkeajfub6G8Lobd+l9tgEA+WgdulTl/Nq0+pnuMVEi4TBR1F6/7UoMdZDSA4eyuQEY38WUoXJWi99ShyOKSHY0KhFgcDoplm6djXVOBRASTee3lRuiZKqdGwOMT7Loh9k0km5083GdS9EocHeeyH7cJdlJ7vmE/rte500zuoDqLZwALPRl4vZMKClveCa24BFkL2SUFJtZIVHzNl13W04HmYBn/iqLje+VBEaUvzhAHX9vD/EM4x9kLzwSM2BVrtyDkxTGuVPHFSOgSeFnba8UxBZER+rRbbAbeUUgGnTUrDOv45NUAoWGQCsDLgnPczpBQjaJvqnjKTVhT3eIC+EUpH89lXLuASUDrs+JvgrFfDM0idtBikK0y2cB+m7r7YsZOA09LJqayxNXx5Jvj52hs8Q=
m7QT5awSBAv+9QxT7rREoPctNglVOD0TPI8UR9ypi1QRI7M1QvbE406zandPkbJOUz1zkgBdRUzSCiPT//faD5ctebMc
vcNyUn3V0tnPsQ4xPoI1It60on7k8Htjj9JZRVtuXVGCZyJcNnQqq3AgxZrypg60MRm4wgkVVar9nYFjNGp6FGVGfXh1XET+f6P0bk/GxmOX2tun5dLCj2u70zVrGOUXJPvjXtsxgn5T3GJJX464d2wUK36N6fMqU0azJQ==
mWWdgtt+AphDmK9ShwyUxfrAoBn2jzM/4JazGXkAHcm/smU4IR0iiWTBSwTja+IzireCFVUsDx/t9RxKWpuQjzSHUa1sNo2B7XJeYVs0zDZ9I2FLRHdJEWezAg==
r6C8PdmDerlcaNVh59jIvuAhp0FhtEEthJFmFjWV/5iLRUkCE5S3hYRlwqHt6EUzNJ/8B3RZA/TJU6s1WgacQ8bDwrcngbpuq23LEniNfSzaGgsTl0dSb08dYbME
hlCb8Pr1Qe5WzUV0XJeq+ckSiGRQhmA3s5FmFjWV/5iLRUkCE5S3hYRlwqHt6EUzNJ/8B3RZA/TJU6s1WgacQ8bDwrcngbpuq23LEniNfSzaGgsTl0dSb08dYbME
zjtAa83THhDcvLAWPE1giyy9lQathGIWMZ3jiGd9LSL3zJt1uC0GYamguYNYR1hn0KGvZFXbL7XejgDTartmV4PZVt7XpQ9SPEVBXPbCbzNzfz5/UxVlswA=
AMjxm8vssMwwpof6Kw2iJzHe5PvT8cM9bd3TNrhiRmGEUl4WDWXH+KO1gUJbRB/lHPVaIXV43ZNcTzRHPGnr1LFjUzUiNmRjrvMKd2/RUs4z/VOS4B3lzHJKw9PfN3qPd21Zszw=
10uNMuU555y+dp0bjpRV/JyzTw1KpHa8NZdfPKyFLM6+mdZMJwQ87vO+ipIeRCnpyy1xpKqO52G5Gx9lQwDo1E201QNUR4eDlRVfhusp4ibjROLR79bYb1zM66Y9cZNyY16zPQ==
UTAzwAaUIabFYFH+DqyOCxEMbyIkGII8A88xR6uytoFTKX0gASowCMg+c3p2xc42DvFd+QxpRVm0dLKK3ZwnZtZ+P/UjUD36Qfc+gPNTViknYzJBSiZhntGz8fXZPy8o41GcJPfNPRK2sd3D9p+xXiLVdDM8mfMhspJsix+xIo5DnQOSsL1VjEJqc1MPF2pP542ps8w=
d8ElTOZPqyyqQY8n3ad6MAl+bz9ce25+TeGGoEQFOva3uedQLrXOPFEuKcXx5ApvievfN0sw48mJ2Sxxv2yiBHlox3sq4LceQk9zVED5OGY7aHFDe1QXZLMD
FfovGz/XZ6UfPKvi5jo7q9PLyRgQhfdiZRSKLEWD28NihRGnB0Ea7sut6xKYzd2sutprE7cHsu/v3QGzZA==
FfovGz/XZ6UfPKvi5jo7q9PLyRgQhfdiZRSKLEWD28NihRGnB0Ea7sut6xKYzd2sutprE7cHsu/v3QGzZA==
DDOgsy39u8xjiykUTDVkyb9O0TBsn0ZKcAtAnn8NWi/h3kLUnHpOUDLSetGrM55nIz7H8oWWsNeIuuGGzVR2DVdN/Sr+oGRn/YoNGV4sWhEkdRXzMUkSV3l6naZABoIIwifH4krlpknSv2FeOgBG8MDHCDwB5kA=
