tjmiQC4z48zBFC56bI44N3H6/5p989rz67uDvf66SY00ovWcFYmKeB8bUZ4iJ3dtB9ErnciomtokhqozX8PDFLIldsC7Y37JP1MqQVIWeX75g7m1ke/HyFvB5KRPXcWyHuGVgz5vWX46pWwzJGnrAdriJEvXYYouOw27HUst7egqMbiTxydCL/+9sbPU
6Nh/U/aB/CUAGS5ZQcG1iVp5Fz12WgZpbif5Yiwx3HUBntVYAtZXRWgirXmW2prIjc5c+q1VcRR30mvjPJDRBxxhjcegwdiCy9ab59Pl2ysFAKkVzoRlSbe6HOWfk9SLu1YI8SZzbj1ZqTgGzttd5QimSZkRveH5HyDo9fLDrUMgB82pu7Pe
uF4+b2po7MXyGA3l0M1QM4Kyv/vqWHBJFt2Yh4RQRSQAQN7K/FbMDSBDbl8S8p2DzLmX14xsKEOLjuxChffnUUKUROtcytSA7lY7HXzSmREPf2TgmZ7oAgEVHSyDAv+LgHDNL2jRGR+MwfRaX2bvz88FZ0OR0F0tosTJsQPqCM1jM0jjj6YcqUrzguVN2QzuUnshzRx2/eG9fQ3Ba3B8HU6jsWvUt1nxl7Py
klE/PzuwrWhwsvtV8eAdxo0+I+tYXgbzYW/XnApbtjArHV4u8w5GBG4geuc4ZIWmypI+mBk9mN4RAUWm9ZmBn8yeiviNop2krYiUMrdnNNL3cnbPP357O31GUgPjP1NJE2yVe0yfgwKDZdIyG5gtdme6jFtPMwtilf3jJltCs9k=
DgYSclw/paK7IHl4uyJ/lywjOaDQXSxEL2grbhvU2Qk5DybTWTaL4WIvNryzue6SO9On6JYkavsQUMXqkvZO5JGpOHKpxZV6HW2Bk9S6usTF9v3I1QwErh/T9B4vloYzN2pbF0UCAl+LS9PFi8glx4RLY+57YcIuM6xtOj/e/CfHp6vOLTkz+rO2s9U=
yK8a9Mhj5HjJP1d2AKJj/SwjOaDQXSxEL2grbhvU2Qk5Hi7dXzmKs2IvNryzue6SO9Kn6JYkavsQUMXqkvZO5JGpOHKpxZV6HW2Bk9S6usTF9v3I1QwErh/T9B4vloYzN2pbF0UCAl+LS9PFi8glx4RLY+57YcIuM6xtOj/e/CfHp6vOLTkz+rO2s9U=
mSoM5WcsIWgTnO1uKXZ+cEla+JPq0QVekbo2aS5gehbmEaheLiFbHgxIy7GdlWtt+c78WkMjMZP5auwoGtZPtaCC1ek8H3P4la4UKlXVyUQ/8nMTFNC5l6SBRfe4wcCyAzYjd7ul89sdIOFFdgSdmf/aBNV3U3wbw/bAAT5zdk0RCcCWZps11RBGgclpPVkp1wDwhdoDRdOYZ4WZo7PG
ayH+Sctrq9abzHRnOtbJEXZ8EeSJQSxEJ2o9fE/Z0BdrDyCaDXjes2IvNryzue6SO9Cn6JYkavsQUMXqkvZO5JGpOHKpxZV6HW2Bk9S6usTF9v3I1QwErh/T9B4vloYzN2pbF0UCAl+LS9PFi8glx4RLY+57YcIuM6xtOj/e/CfHp6vOLTkz+rO2s9U=
+MjrVUEGDbUg6HIoDy0ysig7VbjcFyxELHUtex3Qw1l1DyXISDPes2IvNryzue6SO9en6JYkavsQUMXqkvZO5JGpOHKpxZV6HW2Bk9S6usTF9v3I1QwErh/T9B4vloYzN2pbF0UCAl+LS9PFi8glx4RLY+57YcIuM6xtOj/e/CfHp6vOLTkz+rO2s9U=
zvII4bOkxrZda3BeJkcEClM5LVAtcdntqbUJHph3ERPXX0/yaoTMFpmZpprjJd2v9ZQjdvImQ7WfiNlqxX9S4F+bktkDWy5BVh5FbhV7XZW1t6u4B4kgZIuVGQKyufHjmtf17sYt6LOg4ZeRdlqAqzO5Jp5nRf9dD+UxGMbpnLOjXy4/w7W1s9A=
uIUNIoANm5qLN6GfIsS41GWOwf7EWghXTR1xivt3vve7TDEyls0mbfZ6f0M2XI+H157KjsIl9LJlTD5sNooFG6jkVU8dxJnvARVYACJKMWRNfklmbDC7cRT4w0w+nWMYC0H5yMqhT4mTg8eyfYmwmZMYp0vqcFfOTRwTxATJ05W72FEzO8S3tLPT
5l8BU9M63vdHyH+KZxb/JjlbEW+h2Umn1cYwrqoIWdCGVtPN9LLBAfC+/5AhfuAyaZW13IsihzsYsPU/MHGRz6TB3IrXxrff98X/8+nwVd0KRKGBCwqwvfvzsPPXxpR5ovPqtcU51P4qO7k9pBb10VX9pbFjUISt1uOJewwX0aG/s9o=
6bltbnY4lJR7qgi1c7G9evSxexo2+Z7d5NrS3CAj00NkkWSrlTpQwI5W290cUjnRLn5HIHkeiELhFT1sI4Jfy+BwLe8IUbnfrMHUmv/mjw8vBQcDMVD9bYLEKfFjaugNQzNoIy8mfGmq8+KlrVmsrnJ7AY189h0h3X0tAcvw3N2uo9ErNDf5sbez0g==
HG153WMyJkx7TgZyXeLVBJcwLqm8vUKJhEQ9EogI5Y81ZyzPHxj6tlsr3J/0myg5tKlpuPH0s55CmgWBoBRAWqszqTQ2rJtcUuqZrf0ObJVihlijqSTFs+puZLVr19dk70r7Kgovy0PK/64AloudJFQYG5ZiI0aI0rEkfKBbNsRJ5xqNpVTaG2Xnr8lvp+zncEV4eLLW52XYYp3ZoF6KaF2OjNo9VeF0p5K7gywQIWfsIX2nUMEo4juWa4cjZctL1UB5dV6E9Wln+sxFjxPkK4sWuNGWc94d6WkIpv5bTUVYZhm5gb1xGU/guBXiQ92jUMe9Scuzrg==
4YV8j8h69qX2pxjzgLfVOO35EqfIhf/njUmOhbOAhQ0T3dK13Ok+fD3tyxJndk+rAfVhO9qztigbVT5WY6eG3Z4oWt9oDAU+elreYAkV2IZhieUeJXGBh/zW6oAdCl18XYC0CucPtEpHupY3L1Y7Yw3O8rsz11NRIyT1A9w3Q9pzbfIKS/Ct7tdybKNfG0s65XVDnouqs8E=
I7Wc7EBVafp3PYdIzNB1vznGeL3FBSKz0In/44VVnnGL7KUp++Gi4QQlfjh1MRumH9qvT6mJ0a9CPzask8muIttLJnn2lKoLMEDF+rIGjlTxObjiSXXVCj19gYP0yvp0JWZ9WLW8xF4/w/QOD2ZGg1f624elskIvq1vT1au4ZXdk2+N+G9EC3hO8bSofLjyXpzcrXs2Jc4qTprPF
MBacj8p2sG+gBW1RyuZBBZaDssY6T56+Nl4Of2IH1hrsDWMtUEFqLnSasu6JB4LvC4lFN6YD8m1K7FiWDXFqyp895E4gLH8Gfo63davg1VoZh4ZAKwMuCc9zOkFCNom+qeMpNWFPd4gL4RSkfz2Vcu4BJQOuz4m+CsV8MzSJ20GKQrTLZwH6buvtix07DT0ompHIE1fHkm+PnaGzxA==
RXGzDQ8L+IYRHsjuJYk465VgCDhCoNEbOrncj//hgVuWa5f6tdvPn5oLKENeGpEfc5zj7N8dfVeJ5Y75du7XB2Z4h532y4IqUqFc5iUYFmgmrk1PCHDd602AsfsBAXBEcu658O0qAUJ8NJMlVKxryK45K0wrVfHsmuXnHRMXb/YtrbiNs0zv73r0/5oNSDvAFO2bwRtM2ZdrgJ+gs8c=
vNy6cuF6xHWQ7NIbdZiNOmBmCfWJSCxEL2grbhvU2Qk5DybTWTaLwWIvNryzue6SO9ql6ZYkavsQUMXqkvZO5JGpOHKpxZV6HW2Bk9S6usTF9v3I1QwErh/T9B4vloYzN2pbF0UCAl+LS9PFi8glx4RLY+57YcIuM6xtOj/e/CfHp6vOLTkz+rO2s9U=
STP/UHpmaYBblHmVh+oxjmzZjKCWMEZVQRpwlt53qf3vD3Rm06kmbfZ6f0M2XI+A0ZDKjsIl9LJlTD5sNooFG6jkVU8dxJnvARVYACJKMWRNfklmbDC7cRT4w0w+nWMYC0H5yMqhT4mTg8eyfYmwmZMYp0vqcFfOTRwTxATJ05W72FEzO8S3tLPT
oopJ0GTsaap4SZoggTutMa9z/8nLIY32RinOmXaOl6fmmEe38aTCitJBnMYlOFYIpg6NrwhQnYvNIHEbAeGw5PKO+dDtysHi/FTTBVSMqygumWssK3UxDBpFp30Tdy9WrU14rbMsr0/6FD+6DWh7oJRNWyEbbJn36yBfQLMn
BG9096NfjiPU+5rfvy7lsuQVMSDMbxOixix4li0xCko//Q9JD2zfhh7Ol3VLIHXaecfmQAvDzolvM1pBInYpPkkjCTUBDxcIqyH0pF999fJOQQUDTg8pPmqFXDMUSTvBKgLUy0fBWu4LLasdW02dqHpRKBN3h/LvL11BsyQ=
Yr8+STWdt9yF9ypXk0TI5q1z/9jJN4n2RinOmXaOl6fmmEex8aTCitJBnMYlOFYIpg6NrwhQnYvNIHEbAeGw5PKO+dDtysHi/FTTBVSMqygumWssK3UxDBpFp30Tdy9WrU14rbMsr0/6FD+6DWh7oJRNWyEbbJn36yBfQLMn
9qXfiqvBOFR929b4jSJlWuQVNzbQchOixix4li0xCko//QlJD2zfhh7Ol3VLIHXaecfmQAvDzolvM1pBInYpPkkjCTUBDxcIqyH0pF999fJOQQUDTg8pPmqFXDMUSTvBKgLUy0fBWu4LLasdW02dqHpRKBN3h/LvL11BsyQ=
uyB5bxrwHNTP8vXR5rGWx+QVNiDCdxOixix4li0xCko//QpJD2zfhh7Ol3VLIHXaecfmQAvDzolvM1pBInYpPkkjCTUBDxcIqyH0pF999fJOQQUDTg8pPmqFXDMUSTvBKgLUy0fBWu4LLasdW02dqHpRKBN3h/LvL11BsyQ=
RKIWBOLwHX5sZvHnQ9Q1DpRSde7NhJTq5cHV0aGdm0utix6o1OYTdGb4jEgK1l9VkMKFScac7JglbsQKJdX5pO+yA7OEUAn39EG116jB0JLz9nMXCyVje21gMaVGBO25Lxq0tefTjLuTtvDhLnNmLSHJEDYWG6U1oAbR6ZkzaUmHwAAlSoP1M0gn9bmzs9Y=
uWCDUPiOxoa72U9YJgNjWROvNB/H9nEMYTQqGOYO+AAofv17YztcQJvb7KK5mhKk/QrBWSSuE6CeVss9LBJJcZ792IApXthiERUNDHPCjytw8F2PuJFJ/7zBxLoPJj9vX4WX4+EQrQ2yxNnRMyq4rdOz2INfZkyJuvPyxZ2ZXA7C+5EtrDbNAa1zHeEbMIy9PiMhy4R3iZGns8I=
agMPKRQ7nErlQNST7ToY3FA/hsxtcXzVZ+wELq8m/ij5dT8IMkEWd8W9sk7wzlX39K25JgZUt+xXu1mNX275LdMrcwJmz8zwrptH82ia6OMeEZzE6hNV15FcEKHckPFHfOFtB4DB+EIrVvun8+U7a2WACdXuhAUJVzq8pb+TNEsb1qgxxnMOffkpmEau230lqCYpWfGzwbm/oAg1ksONg8CHrembs/4=
dEVXlyf2XWx5ggt0fIS9/lA/hsxtcXzVZ+wELq8m/ij5dT8IMkEWd8W9sk7wzlX39K25JgZUt+xXu1mNX275LdMrcwJmz8zwrptH82ia6OMeEZzE6hNV15FcEKHckPFHfOFtB4DB+EIrVvun8+U7a2WACdXuhAUJVzq8pb+TNEsb1qgxxnMOffkpmEau230lqCYpWfGywbm/oAg1ksONg8CHrembs/4=
5WlRnjUy+QR5gyoucAv5NuXCx8TApoo7Dv7A4+Pp2DUe5mtjrj2BvGh4onoPWyMNWJJPFVP5GKn4G9CN4c7OmhzbcYeTp9wmVIvIQi3gwvirom2cy/t35AOiDZUk1SJKxpaXKaOyKxXOC0YdY3zVjqhVD28IEB1LzWDx2wEhMKTyTnmQ7QpBovyUU0VUTCtoLlnrbCu1sUwahSc9Ezevlq0N+G2zbC+P+lS/egop+2CUDdvhGywZN+tg34Cz5w==
pz6p9rVMQwCplPwcId+tKUcMGbPNA013HCgUR3WSGYoqlr97/KOa0T6W9KJdyc42ohfVjAtYP988PRxUmX0oezZecKz4unhhOaB7QAAzSquY6i9QmNIn3ac8jUfJ/wFDVNFdt2FHQETCLEu6bfXE+219vGq4/Jjz2wvfZB79EuAfG1LZQ9vuQZaeBW7V+x2V9TdruEcJYGRLFVkCcjkx49pXNe4GraizYGHXkTbaQKtzOWaep8W/Ws5l8RiGaVyzY99uPwM19bOQ
sTzyfd+mZKsRfWSpnzSucxkJ/pai3AFF1aA9Uz1pLgzqDepKfRIEQFQrsJXf2Wtt8sz4Xg05YcOYPpwoGtZPtaCC1ek4H22glb1ZdEv93Hk/8nMTFNC5l6SBRfe4wcCyAzYjd7ul89sdIOFFdgSdmf/aBNV3U3wbw/bAAT5zdk0RCcCWZps11RBGgclpOlgp1wDwhdoDRdOYZ4WZo7PG
iJIpu3i7Lw/tvyU7TkQOArWCIDuLRcfKYnbNmvxZWe8QNOLGANeIsmbZaEgRwxLTbouCTZe3o4mWlAT2b+mpdoCsUFOcxilcMxdAa6RMEZ7VtfrHmpO2CFu1vjajjoTiBkjJcnYyLQsHul4AyTXYpqHpZf5lUYGnvDZq4N0qXVyd4DTqpy+0agdaFlfvdjtDza5yW3P3U3FjxHVjHBdD+rMNcuoL0KrPl5Lsw587SxolFcN+y4qz4Q==
jwFzU4F9oK7VAoahJfFzDiBQz2tr09hnhNT/8NrspTQCa/vrCYsYGstGObuCedl5iOHJycjvEms6JHsWmrb7NWcYccqdDxqgl0tqOStrNkFOLm2O7auV1f3H8xivGdjkMwVxYuoJOSNSB83Orl3ws7gRf7FOCsjrewn+fo/VR9p2dZm4HhlUc+sPVl/rha2zyA==
Eo/BSeN2LjhDqJHZC8YKk5n2Kg1W7WlcFDFGCERNJTInykldUrwQCG95o+QZ9//w1Tv2J3M9InoSkbz2JQh2WOZ+7T+IwD07DfCR6wERUDQyPllAbVqhkrwE8zVUvIv47mmLvKvlkbxaFccNEwdPBu392D0zvE+/OsQfigpZW/DUPTuxm/w5Ryvwv7Cz1w==
D/iN0Vp4SjPsp/LTmzopthHwceNAc3KpuDEXxJ2rN7XGfkhz0iuOF6vpTj6fdbfZxhWJeO45BPPb78YfmyV9sxg=
Zt54Km+orlPlkYb4LsccJuX9Hq/Nsaz9g3TBlanJ5g9A5+6b7fwtbj6ojQ1xNQWrCeFqGLfq5g4veCQvZfjcg8IoQ84lEUM6eRzQewsV2IZhieUeJXGBh/zW6oAdCl18XYC0CucPtEpHupY3L1Y7Yw3O8rsz11NRIyT1A9w3Q9pzbfIKS/Cp79dybKNfG0s65XVDnouqs8E=
B3EsafBZ6WwmHGAH9WQG/unX12u6PRI/nF9QL63dmqereXqjWzkW7kys5YNdlk+0GBfIB0NoQ0YWuH/ZYBO1eTrG4FI+R9DBtPnlBXaxJncySzK9M5SB0CVOBBOXRRisj5fcB/Zfo9jnknsDbBBh5ywhPSeQwehie5arB2Nli8sVQDn1HoQ16Sf6DMVPE6SrSxZ4UdZzHp2paUgmPlsNxRhm2TnBubCZj+D4lSJDHSMQx33Ji7Pu
soT2OW8GqwnLedOqW6BG+yvURq8TvjnOWb4INpuYZrpX2nZm36b3X1IAfdaCD14Gg3ToU/vc9iD9mfHHWGoltN+cIdbnsazAc8RtEb6CAR/AyHrgHZ/803vJgaXQ+9+y/8ybbG22ZklBjuUpNnCjQ/wVArRWMvUT6GzlNz0cCacBXcjYAjKB7A12ud4M6Ks5lDDTFN4lExDLyUkw6vnfQZNLV+pdcQARUxDX8wooRwbJVQMcZHEjnftQ4UsbHCf8s5s=
Em74wLrpjvaJwH9IKKiv0Ttw2o5p0g8PbE9OSGq6079WDRcfztbqyHf0C+VL++GXrnm3ADMuO+aPr2hHHBSnqzbmLujTDG+verR/2gmJuwAULRsBG4xZV2tAH2CzBw==
1k/kXtU8auP82iknCT52BE4mKxY3c8f9s/AKPph6ERPaXyCUBO3bH+Hp3uDxfJj57cs8Yv9heqyOpNlqxX9S4F+bktkDWy5BVh5FbhV7XZW1t6u4B4kgZIuVGQKyufHjmtf17sYt6LOg4ZeRdlqAqzO5Jp5nRf9ZDuUxGMbpnLOjXy4/w7W1s9A=
vtWUPp5fbk4uHpxwO+ge13H16IF45svO67uDvf28SY00ovXzfueMBHhlX59lYSJwXcQ8mYmTkNIjqb5sSuyFGqkndsC7Y37JP1MqQVIWeX75g7m1ke/HyFvB5KRPXcWyHuGVgz5vWX46pWwzJGnrAdriJEvXYYouOw27GUot7egqMbiTxydCL/+9sbPU
B3EsafBZ6WwmHGAH9WQG/unX12u6PRI/nF9QL63dmqereXqjWzkW7kys5YNdlk+0GBfIB0NoQ0YWuH/ZYBO1eTrG4FI+R9DBtPnlBXaxJncySzK9M5SB0CVOBBOXRRisj5fcB/Zfo9jnknsDbBBh5ywhPSeQwehie5arB2Nli8sVQDn1HoQ16Sf6DMVPE6SrSxZ4UdZzHp2paUgmPlsNxRhm2TnBubCZj+D4lSJDHSMQx33Ji7Pu
8NwoaFKQG0fHOnnhZWM5XjZmA/GJSGVeJXQtbA7a+Vk0SmuXDRe43Qs4P8TDwZSAYpPx8Mk7fvZXadz7vvZO5JGpOHKpxZV6HW2Bk9S6usTF9v3I1QwErh/T9B4vloYzN2pbF0UCAl+LS9PFi8glx4RLY+57YcIuM6xpOz/e/CfHp6vOLTkz+rO2s9U=
KwW5W52unX6wEwzi9dG1WlA/iMRpL3nSertQIeBf3wDDXQwnAWgWdsn8/Um13Uzg6ay5Lwkdt+hbhRbmX2P0Q84sanF138/1sNgf4DaJo9cyWrH99ExA+NdSC6PckPFHfOFtB4DB+EIrVvun8+U7a2WACdXuhAUJVzq8pb+TNEsb1qgxxnMOffkpmEau230lqCYpWfG5wLm/oAg1ksONg8CHrembs/4=
yDs96cQTLuyrQXdHFxpfKniXKlYwZ3Qd4H0BOwNXxo+0eGlPGR2nyAtFxkbP4wTjvuyaUQXfP9XAmO9ARgkzd2IaYd3kTFAYhxLbQ0wQQafMoV3nsMHIohsWS0dDZauLtcBZNf6EFSmHeuwFLxNE6+uW2BE2c35dCeno5l5b7YV45nl54bnQ2W9gWFUCQz3jcEediauzzg==
VXtnhjtWmj94QFe2V/T0Qx9RJG9tAIgxV8UgQbC2o45TK3s9RSwxLZxyPTM2l+QkYJVHn30ROlC1NPTZwcM4cts5BuwyfD36Qfc+gPNTViknYzJBSiZhntGz8fXZPy8o41GcJPfNPRK2sd3D9p+xXiLVdDM8mfMhspJsix+xIo5DnQOZsr1ViEJhcFMPF2pP542ps8w=
nMpMESWbMsbFCiJoGHN+CUUAYYm8z7jSILUVbluZlE50Gs5kcH7t9g+8c5Qztx1lyKYJGVG5IHlfICh1MsPtw+AHjSl7sx4=
puhi34z1PiugGJh8/f7ayfAuHW8adnpdb5oJScb6zlIUILI+L7LV9EmgYWdPkbJOUz1zmQJdRUjSASDT//faD5ctebMc
0Skxzpj9G14qdNmlZ1cRjCYziATcsfy14eDQY1E31oqTlEAPOuvCCKCgv1OUcUmK3L7RR2B9Duk+jd5WYG5wvPYmjz6bkQKek/xpa59uPNcndyueTUlzShNmswU=
5tXRCGM9R9IsHrAg4t43xRZw7a/PDsAv1g6ODbsytelaErqigLg+vqMqQYS9yP3H8znmnifFP1lOZXEYBmncs+Pf7j+DNXWzEA==
blaZ3YAqxt5Hi/pwGJXIDNFOOuPan5Pj59uB36Gd31ijpR72h6NMM0bMsiEd3ycl6LiXEI7J+8c6eslNHMzoiO+yA7OEUAn39EG116jB0JLz9nMXCyVje21gMaVGBO25Lxq0tefTjLuTtvDhLnNmLSHJEDYWG6U1oAbR6Zk5aEmHwAAlSoP1M0gn9bmzs9Y=
Xp0Ebnxw9fRx+5I24NZjMy4Qjiw/xt98gMn/tJ/jv30BZP3dQMpZU5IPGLTsHcMf+Zm2wMmsUDkle2QCl/HCLHY0ccqdDxqgl0tqOStrNkFOLm2O7auV1f3H8xivGdjkMwVxYuoJOSNSB83Orl3ws7gRf7FOCsjrewn+fo/VR9l2dZm4HhlUc+sPVl/rha2zyA==
nicjK8ycYKuBI3efD37tPIK16emBCr63CLnWJyoeP8aV7K30vkKZAYSSq089T9jFOyA/3PPZ9NhSSzEoeWMebufxXGMObi68IXH4qpmd9WItdYGL5KLanPUuPRBlVGQ2r0t0hp8O5muHspvPdVpiR7tT09270EWftJOjNss5oraDNOmjj0acf3d/axYdYVPig66zzQ==
P0JT+vNWTNJG0/78QqUzoaLklg29t1lrtj1ACAcocc7NkpJoYd+wwPt54bUQi39i/xo/E6ymBvnB/sU5dsBDE/zFYgSWItXjaNwFJ33sqfcBDWgoQiJhXI2Gmc7MWMvplGAzpJ41M2BLeSkgKol/kZOb95qdYWCh02D340qYp1bJhWOspGEDbXvgAVtb7Iess8s=
IxmqS+M/y4SwEGW96+4bwvctNglVOD0TPI8UR9ypi1QRI7M1QvbE406zandPkbJOUz1zmQJdRUjSASDT//faD5ctebMc
M89zxPqMTFaoSKLrBSvrxvctNglVOD0TPIsWSdypi1QRI7M1QvbE406zandPkbJOUz1zmAJdRUjSASDT//faD5ctebMc
hDepxoIFLN5pIZqAv2G5U+X9Hq/Nsaz9g3TBlanJ5g9A5+6b7fwtbj6ojQ1xNQWrCeFqGLfq5g4veCQvZfjcg8IoQ84lEUM6eRzQewsV2IZhieUeJXGBh/zW6oAdCl18XYC0CucPtEpHupY3L1Y7Yw3O8rsz11NRIyT1A9w3Q9pzbfIKS/Co79dybKNfG0s65XVDnouqs8E=
/cpI0X59EuwFsi3l8lOhjdG70I+EsA6KxURPr7Y22NeUzQh2D/EfrTqQ13MKqEeGyNUDnGTxIx370OHLG5wnfLMb
qljU7fdHCSJiWrxEwasv95tYPfnBkJTgpMbEyIDU3lWlrx72h6NMM0bMsiEd3ycl6LiXEI7J+8c6eslNHMzoiO+yA7OEUAn39EG116jB0JLz9nMXCyVje21gMaVGBO25Lxq0tefTjLuTtvDhLnNmLSHJEDYWG6U1oAbR6Zk4aEmHwAAlSoP1M0gn9bmzs9Y=
2p6k1OzwLdj18I2ohKUAISld1vo8sT8wEDoMD3CO6dQUHX2Wli7e34zSDVJ/wTfc/9gnC+ow1w5IXZMEBAlT1bsY0fM7hDd0sxM=
G595liRScfFnENVay6u61ZyzTw1KpHa8NZdfPKyFLM6+mdZMJwQ87vO+ipIeRCnpyy1xpKqO52G9GRFlQwDo1E201QNUR4eDlRVfhusp4ibjROjT79bcb1fP66Y9cZNyY16zPQ==
+iW9WyMv8uQ3swXVaYB8zTHe5PvT8cM9bd3TNrhiRmGEUl4WDWXH+KO1gUJbRB/lHPVaIXV43ZNcSzZJPGnr1LFjUzUiNmRjrvMKd2/RUs4z/VOY4h3lyHJBwNPfN3qPd21Zszw=
QrxfZYmyejKF2rBmXBVHMyy9lQathGIWMZ3jiGd9LSL3zJt1uC0GYamguYNYQ1pp0KGvZFXbL7XejgDTartmV4PZVt7XpQ9YPkVBWPbJbDNzfz5/UxVlswA=
iNX2zg0zQdMCpv5HpoTSRMkSiGRQhmA3s5FmFjWV/5iLRUkCE5S3hYRlwqHt6EUzNJv+CXRZA/TJU6s1WgacQ8bDwrcngbpuq23LGHqNfSjaEQgTl0dSb08dYbME
IBPGrBy11kw92Lbi5kW3+uAhp0FhtEEthJFmFjWV/5iLRUkCE5S3hYRlwqHt6EUzNJv+CXRZA/TJU6s1WgacQ8bDwrcngbpuq23LGHqNfSjaEQgTl0dSb08dYbME
AyKGJdMUTzwICcLoPIp+zPrAoBn2jzM/4JazGXkAHcm/smU4IR0iiWTBSwTja+I3iLmCFVUsDx/t9RxKWpuQjzSHUa1sNo2B7XhcYVswzD1+I2FLRHdJEWezAg==
rS8GkrV2ieKVJHY+9JoLAFA/hsxtcXzVZ+wELq8m/ij5dT8IMkEWd8W9sk7wzlX39K25JgZUt+xXu1mNX275LdMrcwJmz8zwrptH82ia6OMeEZzE6hNV15FcEKHckPFHfOFtB4DB+EIrVvun8+U7a2WACdXuhAUJVzq8pb+TNEsb1qgxxnMOffkpmEau230lqCYpWfG4wLm/oAg1ksONg8CHrembs/4=
qfZKSSVMpsSxwIS/OrBJRCld1vs8sT8wEDoMD3CO6dQUHX2Wli7e34zSDVJ/wTfc/9gnC+ow1w5IXZMEBAlT1bsY0fM7hDd0sxM=
J8O3+Nlsrw5GX79SpyRaY8XSv8VuqDuPLvJWn+ygiqqbCw89AXrzNn5kkk3zk+wsEFHYOEAeVdtPl9hFYkNk8pJrCbKoWt/OJLZmp0x9BYSIPi/JJ1ezhhXPBbbKVhbkNZA7qbqO7Jrnv60NEpmMeeSFHqQhtKaU5pHqITUaLfAdrPovacKQFSwax7fWoQ0Y093wkbaeN7/OD6ca7A546t1YFCotnnK98T2K9bSKwWc7Db/SIGJhOx+ES6IMv5V0XpbQY/UV1zGUODOuLGbQJdVRCsnAtge+e8W3KiQS4dxMFBB15v5QCNWnPFYSeJ3ko/ww5F8RXXHvPllnP3bLWcwfWroPBXP1uI5Qj1xYEX9jF5U8J9fYT6Cat/Dx1pBDXyyiqVfPCQPcASWXyTeYRJrc45qVpUw7ZU0kCpDs4HNjGzfEhg0aoJdLajkrazZBTi5tju2rldX9x/MYrxnY5DMFcWLqCTkjUgfNzq5d8LO4EX+xTgrI63sJ/n6P1UfYdnWZuB4ZVHPrD1Zf64Wts8g=
D0fCC4NU0IJ5t0dSk9ephao9pxtdZByMIgl2gUzlLbWC1Xolg7hgHyhvku8BjSGIq1hHPzz4U1PgHoV/h54pjjRNl6wLWlGTf66WGWSRawU7RkRN9OCdVgkIbvhtospT4IV0gApELTsAZyJ6zTqh+38vGYEvsVDwCv3cq1Mt/QxMXsDIViULCKy7DdEI8Lvfpw4Y1tf/hYeAzJfjbcAmNfiruqgCK+7sUDnFrI9dGR0sosee51BmsRz6s5IGzD51KSaEyyxPB1S7POkpakTi5aATZZAbRR0xaDzWFueQ1j0k8sx5Du9x5/BbMMhVK3p7Hr4ERtYfkA4vhrkifB47hqA46ZllBR7u69htxRznA9Xekv/mnRqolkmj5w14UEyooMOTqvYd7RaBwvsBM3L74BF7ZL+2jK6EW1czaE8jFmn60wN2ISggpyNx+KqZnfViLXWBi+Si2pz1Lj0QZVRkNq9LdIafDuZrh7Kbz3VaYke7U9Pdu9BFn7STozbLOaK2gzToo49GnH93f2sWHWFT4oOus80=
nFjtfpQlH6B0mPJidfnhQmZpaBfsBcG+mNkBWKbss2o5iSFXj2L95qAf+WVFJb3dFYfeZzWRLYDyflQ45Rsae2SBZLdf5Xgmn3jEWTI353mHNwENGOakp68wMv0C2ASycH8KEbMEPlJpETFb1bbTY5MubJoghAOcHfHsImoqgfN7FRT1urlS6Zg89/jApOC9vHmTlpuQq2DcN3/uVqVKllFvkM07GOWxtkkgElEPCCOxAsrCzopr1LJye7J0jZdxXG0y5nenDWG5yvYuB4uZKB36KrOjFGhadvtjuREB8jQldmoKZqVjPUwR1rphjr1pIbKC3te8ehg2LbBS1riz6+pOFBSrJBWQtnyJXTtB6RIPP5n6fTl603yiGSm1Rd4CxlcaNCd/VXvT5LFbvv9mtqHo1xomI+mgBPEB4w8zuk3zD09bLoSssOWCQ+kqi+PhclK24NYTVdeRXBCh3JDxR3zhbQeAwfhCK1b7p/PlO2tlgAnV7oQFCVc6vKW/kzRLG9aoMcZzDn35KZhGrtt9JagmKVnxuMC5v6AINZLDjYPAh63pm7P+
hz1rtrVb9ixPR8Js0Y96s43I6O7gGZlFM7RWyt0UbjWz7gC2nlnnf2xjpXaq1ZENHoUouf335cc/O4GV6Xz4omixNUcUtYeXkDMsOOZd5S4PMuNSv+m2+2kSfOk3exDD9DW7SVNyRHGMpG36gZyOJDXG2l/I8bR8ssCd18gzAmbVHvE3l5uZPdd1INwC6bz3i8ltgOSqgLRuITtk5G+tTZBUa5PPOhjqr7t1KwhYdz81pDY50N96VLqvXgCYbeWwl3lJ0cQWRyIflBadFO7Tzt4orvmB0sS3FEs3OPPoSbXy4DKpyCdlrGMB7Z3gqDbKv/TGMQyGDIW2a8ELOA8Q1E0PKrf2CoT6LtvgIieS2X6k+qsKCMyp5V0BLoKjDM1ZhEPTmbam/9rlXlg6wTcH0SA0XKSIt1NWTpld+kmW2x0rVqss+c/kA05I3qhTQ1M0l8eG5VInQwoZLBDLa6VYNgE5JS5FQYG3nOYqMH263cw9MHQ6hz+0eieKVodP5rvTbX4yi1PnU2FDFDWzvIfDahPdMjorwKjft0KsEz+ry4qFxYOu65qz8Q==
hz1rtrVb9ixPR8Js0Y96s43I6O7gGZlFM7RWyt0UbjWz7gC2nlnnf2xjpXaq1ZENHoUouf335cc/O4GV6Xz4omixNUcUtYeXkDMsOOZd5S4PMuNSv+m2+2kSfOk3exDD9DW7SVNyRHGMpG36gZyOJDXG2l/I8bR8ssCd18gzAmbVHvE3l5uZPdd1INwC6bz3i8ltgOSqgLRuITtk5G+tTZBUa5PPOhjqr7t1KwhYdz81pDY50N96VLqvXgCYbeWwl3lJ0cQWRyIflBadFO7Tzt4orvmB0sS3FEs3OPPoSbXy4DKpyCdlrGMB7Z3gqDbKv/TGMQyGDIW2a8ELOA8Q1E0PKrf2CoT6LtvgIieS2X6k+qsKCMyp5V0BLoKjDM1ZhEPTmbam/9rlXlg6wTcH0SA0XKSIt1NWTpld+kmW2x0rVqss+c/kA05I3qhTQ1M0l8eG5VInQwoZLBDLa6VYNgE5JS5FQYG3nOYqMH263cw9MHQ6hz+0eieKVodP5rvTbX4yi1PnU2FDFDWzvIfDahPdMjorwKjft0KsEz+ry4qFxYOu65qz8Q==
ayr3C9DUHTWp0ZLTlmUgBbJjNC3i6qW/5dDqZOpCFRt+feMfJjyleKBtPW7Xj/Cpr8IES/b2V6Va+iH/Dmh2DJjnK8IbqieLMBTjM6LnFQAPhh2TA5Fr5d7jpfPEx2AGNSRF1r7CCbTSUdzrVKr+gmVprJmS4EmMWVkjYdlL+5c4wgbjzNF3+yVOMPAgIuKjg5pABX2LzAaDvbsAGNzDma11TJLHWYlWvrdERRoCdm0mPnxH9baLa2E/8GyH1LP2jgOQZCNooppmt9UI5KEYSQ9G1wIZ8y4yWgc8neUaj6O1QyTiBiyDhs4/GJzsU/opObVcpYBS0Z2C2ULwxIwCOfg8I5ipWFjI48Tclglz0YOWfAdmHZ/YETu3wpz/7Il8gGSF/be3nMbUKhwtMwCCWyXErbzLGzdEg8LNtST14ipGNtfJo5LrdU6rBv1jHBUuKLVPTwhw3etNgLH7AQFwRHLuufDtKgFCfDSTJVSsa8iuOStMK1Xx7Jrl5x0TF2/2La24jbNM7+969P+aCEk7wBTtm8EbTNmXa4CfoLPH
qHLENmI6y62Z5ssrHB0l/ch6o6hnuKqpwATC5ywZJS9gcwSNZIgMaF03Of9P9SuViWPmKCPBMtGUWlqWFdk2+l5cY+3hPJuizhvRsF6631mTrXO0wmL+byCu7E1euVBBUPuW5KuiB8lQ+iewwGLPXQ/M22PD7zmDDGHV19mXKEQqfPNa5UUcu1VttEpgjDBzs7sHBBbtaiDHa9p5OwvGQb5Ofc5di8VVjSdj2J+5COTjZYEieikJowLnvQ6+/UCzCLFv8b5qGGtLKW6+/zUX2CbVqfiOeaTzOy/mn/tl3bO4
ANgu2P24HWasy3DMFqZmBk6Snp7Dn5E0LaTSxDhaaqOpGpChThMggbRxt4InLN8Ht6R77As2hVCJEcGNU2WYvvKGwEfRO8pn8Xrc81RwKSJfwMB3lEkXmVRXMeNH78HReRVgLiSAQdlwrDxN7EDNnl5I91Z5rhuV+05LRAm35EveEP6A4/sTPMdf5g0i38PCCfSwY1udmL7RIcVGtTmB/wy+ChjNAp3EbagU0vfHNLI3UvYvf957W71m0uOjn1Mp00wVmww/g2JDRVLSWzgoF6eaDLsPkwsCVd1jxhvis7k=
rTXceCxu71Wjxihdtugfev3gzraD0paY4cp1QPCS2PdmnJlFITn0ovODfCe1+rZS/UrHdXkvo3UIbkDPrPhBfzO3ZXw3N2jPcLrHMGCir10vjDDmZC9ZgywhNVd5V0hEyjxT2oWFPLu1LRTKAEwQc1P7p4R2LUogJyt6+VvL5kGejh1O/cslVa3nA1g/+ejkw6Xhotpp6aMiJ92OHr2gs2hxz3FeKjhrK+nOPh91N9hGFQl4bjmE81vvRh8bJf2zmA==
e5EgSG12lUQmffeLVjMFy51V23Bq2Cejqn0Lnd7i/B2+f5H78Tth1Bw77frLsBL6att163BontnCk0B10ATEL/BjZEOWZTuR0ZF7l//XXbwGN5ukg1D4HT9cxaPHzwh12c0z1cHXdQd4MADqcS9M7nSCLBWzOLLzjuj9JIsDZ6zjKr1NJA2Swibeh9HjCrtd7gM2xeMkJYaInZ/XyGgNg63oQYMBeYAskoZp6C2y0WrcnKMd1JRbYA4Re9RrTaEE+g2X5RPvHx5NReiV89S/x9pcz6KPcQtotMVLWdtUCf+L6G/Ys78=
EX7GsQHMSPgM5NNmlK3YF51V23Bq2Cejqn0Lnd7i/B2+f5H78Tth1Bw77frLsBL6att163BontnFkUB10ATEL/BjZUOWZTuR0ZF7l//XXbwGN5ukg1D4HT9cxaPHzwh12c0z1cHXdQd4MADqcS9M7nSCLBWzOLLzjuj9JIsDZ6zjKr1NJA2Swibeh9HjCrtd7gM2xeMkJYaInZ/XyGgNg63oQYMBeYAskoZp6C2y0WrcnKMd1JRbYA4Re9RrTaEE+g2X5RPvHx5NReiV89S/x9pcz6KPcQtotMVLWdtUCf+L6G/Ys78=
gCb94qYuzbXUzGyEkXrjZp1V23Bq2Cejqn0Lnd7i/B2+f5H78Tth1Bw77frLsBL6att163BontnCk0B10ATEL/BjakOWZTuR0ZF7l//XXbwGN5ukg1D4HT9cxaPHzwh12c0z1cHXdQd4MADqcS9M7nSCLBWzOLLzjuj9JIsDZ6zjKr1NJA2Swibeh9HjCrtd7gM2xeMkJYaInZ/XyGgNg63oQYMBeYAskoZp6C2y0WrcnKMd1JRbYA4Re9RrTaEE+g2X5RPvHx5NReiV89S/x9pcz6KPcQtotMVLWdtUCf+L6G/Ys78=
Yr6SakQab1xbm2wnqskP/p1V23Bq2Cejqn0Lnd7i/B2+f5H78Tth1Bw77frLsBL6att163BontnFkUB10ATEL/Bja0OWZTuR0ZF7l//XXbwGN5ukg1D4HT9cxaPHzwh12c0z1cHXdQd4MADqcS9M7nSCLBWzOLLzjuj9JIsDZ6zjKr1NJA2Swibeh9HjCrtd7gM2xeMkJYaInZ/XyGgNg63oQYMBeYAskoZp6C2y0WrcnKMd1JRbYA4Re9RrTaEE+g2X5RPvHx5NReiV89S/x9pcz6KPcQtotMVLWdtUCf+L6G/Ys78=
eh+5FIqs6fo1LTA6PzoKT51V23Bq2Cejqn0Lnd7i/B2+f5H78Tth1Bw77frLsBL6att163BontnCk0B10ATEL/BjaEOWZTuR0ZF7l//XXbwGN5ukg1D4HT9cxaPHzwh12c0z1cHXdQd4MADqcS9M7nSCLBWzOLLzjuj9JIsDZ6zjKr1NJA2Swibeh9HjCrtd7gM2xeMkJYaInZ/XyGgNg63oQYMBeYAskoZp6C2y0WrcnKMd1JRbYA4Re9RrTaEE+g2X5RPvHx5NReiV89S/x9pcz6KPcQtotMVLWdtUCf+L6G/Ys78=
NYgztl6oKX+NdkDNnlWBmp1V23Bq2Cejqn0Lnd7i/B2+f5H78Tth1Bw77frLsBL6att163BontnFkUB10ATEL/BjaUOWZTuR0ZF7l//XXbwGN5ukg1D4HT9cxaPHzwh12c0z1cHXdQd4MADqcS9M7nSCLBWzOLLzjuj9JIsDZ6zjKr1NJA2Swibeh9HjCrtd7gM2xeMkJYaInZ/XyGgNg63oQYMBeYAskoZp6C2y0WrcnKMd1JRbYA4Re9RrTaEE+g2X5RPvHx5NReiV89S/x9pcz6KPcQtotMVLWdtUCf+L6G/Ys78=
6n/Afd0dO3+lSehODmTCSJ1V23Bq2Cejqn0Lnd7i/B2+f5H78Tth1Bw77frLsBL6att163BontnCk0B10ATEL/BjbkOWZTuR0ZF7l//XXbwGN5ukg1D4HT9cxaPHzwh12c0z1cHXdQd4MADqcS9M7nSCLBWzOLLzjuj9JIsDZ6zjKr1NJA2Swibeh9HjCrtd7gM2xeMkJYaInZ/XyGgNg63oQYMBeYAskoZp6C2y0WrcnKMd1JRbYA4Re9RrTaEE+g2X5RPvHx5NReiV89S/x9pcz6KPcQtotMVLWdtUCf+L6G/Ys78=
FCu4Olx/SIFLoF2+kU8tQp1V23Bq2Cejqn0Lnd7i/B2+f5H78Tth1Bw77frLsBL6att163BontnFkUB10ATEL/Bjb0OWZTuR0ZF7l//XXbwGN5ukg1D4HT9cxaPHzwh12c0z1cHXdQd4MADqcS9M7nSCLBWzOLLzjuj9JIsDZ6zjKr1NJA2Swibeh9HjCrtd7gM2xeMkJYaInZ/XyGgNg63oQYMBeYAskoZp6C2y0WrcnKMd1JRbYA4Re9RrTaEE+g2X5RPvHx5NReiV89S/x9pcz6KPcQtotMVLWdtUCf+L6G/Ys78=
N3sqY46Cdr5WXOq/6/MQBJ1V23Bq2Cejqn0Lnd7i/B2+f5H78Tth1Bw77frLsBL6att163BontnCk0B10ATEL/BjbEOWZTuR0ZF7l//XXbwGN5ukg1D4HT9cxaPHzwh12c0z1cHXdQd4MADqcS9M7nSCLBWzOLLzjuj9JIsDZ6zjKr1NJA2Swibeh9HjCrtd7gM2xeMkJYaInZ/XyGgNg63oQYMBeYAskoZp6C2y0WrcnKMd1JRbYA4Re9RrTaEE+g2X5RPvHx5NReiV89S/x9pcz6KPcQtotMVLWdtUCf+L6G/Ys78=
Dn4s7fyL6/zNjk7l2gVN5Z1V23Bq2Cejqn0Lnd7i/B2+f5H78Tth1Bw77frLsBL6att163BontnFkUB10ATEL/BjbUOWZTuR0ZF7l//XXbwGN5ukg1D4HT9cxaPHzwh12c0z1cHXdQd4MADqcS9M7nSCLBWzOLLzjuj9JIsDZ6zjKr1NJA2Swibeh9HjCrtd7gM2xeMkJYaInZ/XyGgNg63oQYMBeYAskoZp6C2y0WrcnKMd1JRbYA4Re9RrTaEE+g2X5RPvHx5NReiV89S/x9pcz6KPcQtotMVLWdtUCf+L6G/Ys78=
NpcHWquUC0bRyoZEEi88HZ1V23Bq2Cejqn0Lnd7i/B2+f5H78Tth1Bw77frLsBL6att163BontnCk0B10ATEL/BjZEKWZTuR0ZF7l//XXbwGN5ukg1D4HT9cxaPHzwh12c0z1cHXdQd4MADqcS9M7nSCLBWzOLLzjuj9JIsDZ6zjKr1NJA2Swibeh9HjCrtd7gM2xeMkJYaInZ/XyGgNg63oQYMBeYAskoZp6C2y0WrcnKMd1JRbYA4Re9RrTaEE+g2X5RPvHx5NReiV89S/x9pcz6KPcQtotMVLWdtUCf+L6G/Ys78=
dcf4RMbcV4XRMZDlc0F7tZ1V23Bq2Cejqn0Lnd7i/B2+f5H78Tth1Bw77frLsBL6att163BontnFkUB10ATEL/BjZUKWZTuR0ZF7l//XXbwGN5ukg1D4HT9cxaPHzwh12c0z1cHXdQd4MADqcS9M7nSCLBWzOLLzjuj9JIsDZ6zjKr1NJA2Swibeh9HjCrtd7gM2xeMkJYaInZ/XyGgNg63oQYMBeYAskoZp6C2y0WrcnKMd1JRbYA4Re9RrTaEE+g2X5RPvHx5NReiV89S/x9pcz6KPcQtotMVLWdtUCf+L6G/Ys78=
JPPKq4OuGGf5kQLDZCwHVZ1V23Bq2Cejqn0Lnd7i/B2+f5H78Tth1Bw77frLsBL6att163BontnCk0B10ATEL/BjakKWZTuR0ZF7l//XXbwGN5ukg1D4HT9cxaPHzwh12c0z1cHXdQd4MADqcS9M7nSCLBWzOLLzjuj9JIsDZ6zjKr1NJA2Swibeh9HjCrtd7gM2xeMkJYaInZ/XyGgNg63oQYMBeYAskoZp6C2y0WrcnKMd1JRbYA4Re9RrTaEE+g2X5RPvHx5NReiV89S/x9pcz6KPcQtotMVLWdtUCf+L6G/Ys78=
zFlpq9Dfk1EQAos7qeXBRJ1V23Bq2Cejqn0Lnd7i/B2+f5H78Tth1Bw77frLsBL6att163BontnFkUB10ATEL/Bja0KWZTuR0ZF7l//XXbwGN5ukg1D4HT9cxaPHzwh12c0z1cHXdQd4MADqcS9M7nSCLBWzOLLzjuj9JIsDZ6zjKr1NJA2Swibeh9HjCrtd7gM2xeMkJYaInZ/XyGgNg63oQYMBeYAskoZp6C2y0WrcnKMd1JRbYA4Re9RrTaEE+g2X5RPvHx5NReiV89S/x9pcz6KPcQtotMVLWdtUCf+L6G/Ys78=
b/8dp30wBt4n4KBSvezzXJ1V23Bq2Cejqn0Lnd7i/B2+f5H78Tth1Bw77frLsBL6att163BontnCk0B10ATEL/BjaEKWZTuR0ZF7l//XXbwGN5ukg1D4HT9cxaPHzwh12c0z1cHXdQd4MADqcS9M7nSCLBWzOLLzjuj9JIsDZ6zjKr1NJA2Swibeh9HjCrtd7gM2xeMkJYaInZ/XyGgNg63oQYMBeYAskoZp6C2y0WrcnKMd1JRbYA4Re9RrTaEE+g2X5RPvHx5NReiV89S/x9pcz6KPcQtotMVLWdtUCf+L6G/Ys78=
GuhAYe9xhMqVdaHDDnh4L51V23Bq2Cejqn0Lnd7i/B2+f5H78Tth1Bw77frLsBL6att163BontnFkUB10ATEL/BjaUKWZTuR0ZF7l//XXbwGN5ukg1D4HT9cxaPHzwh12c0z1cHXdQd4MADqcS9M7nSCLBWzOLLzjuj9JIsDZ6zjKr1NJA2Swibeh9HjCrtd7gM2xeMkJYaInZ/XyGgNg63oQYMBeYAskoZp6C2y0WrcnKMd1JRbYA4Re9RrTaEE+g2X5RPvHx5NReiV89S/x9pcz6KPcQtotMVLWdtUCf+L6G/Ys78=
nFH76eQSx6690hYflhFHj51V23Bq2Cejqn0Lnd7i/B2+f5H78Tth1Bw77frLsBL6att163BontnCk0B10ATEL/BjbkKWZTuR0ZF7l//XXbwGN5ukg1D4HT9cxaPHzwh12c0z1cHXdQd4MADqcS9M7nSCLBWzOLLzjuj9JIsDZ6zjKr1NJA2Swibeh9HjCrtd7gM2xeMkJYaInZ/XyGgNg63oQYMBeYAskoZp6C2y0WrcnKMd1JRbYA4Re9RrTaEE+g2X5RPvHx5NReiV89S/x9pcz6KPcQtotMVLWdtUCf+L6G/Ys78=
+2SK/A82lvVdDsoNWZ7QBp1V23Bq2Cejqn0Lnd7i/B2+f5H78Tth1Bw77frLsBL6att163BontnFkUB10ATEL/Bjb0KWZTuR0ZF7l//XXbwGN5ukg1D4HT9cxaPHzwh12c0z1cHXdQd4MADqcS9M7nSCLBWzOLLzjuj9JIsDZ6zjKr1NJA2Swibeh9HjCrtd7gM2xeMkJYaInZ/XyGgNg63oQYMBeYAskoZp6C2y0WrcnKMd1JRbYA4Re9RrTaEE+g2X5RPvHx5NReiV89S/x9pcz6KPcQtotMVLWdtUCf+L6G/Ys78=
/8SO/GUGzVHFG5RfS8m5Ep1V23Bq2Cejqn0Lnd7i/B2+f5H78Tth1Bw77frLsBL6att163BontnCk0B10ATEL/BjbEKWZTuR0ZF7l//XXbwGN5ukg1D4HT9cxaPHzwh12c0z1cHXdQd4MADqcS9M7nSCLBWzOLLzjuj9JIsDZ6zjKr1NJA2Swibeh9HjCrtd7gM2xeMkJYaInZ/XyGgNg63oQYMBeYAskoZp6C2y0WrcnKMd1JRbYA4Re9RrTaEE+g2X5RPvHx5NReiV89S/x9pcz6KPcQtotMVLWdtUCf+L6G/Ys78=
b4Xbv/204ycxVmgghz0kq51V23Bq2Cejqn0Lnd7i/B2+f5H78Tth1Bw77frLsBL6att163BontnFkUB10ATEL/BjbUKWZTuR0ZF7l//XXbwGN5ukg1D4HT9cxaPHzwh12c0z1cHXdQd4MADqcS9M7nSCLBWzOLLzjuj9JIsDZ6zjKr1NJA2Swibeh9HjCrtd7gM2xeMkJYaInZ/XyGgNg63oQYMBeYAskoZp6C2y0WrcnKMd1JRbYA4Re9RrTaEE+g2X5RPvHx5NReiV89S/x9pcz6KPcQtotMVLWdtUCf+L6G/Ys78=
yAcysFqj8IY6EdnWOMAcw1Os+N9hxj0QH651Soy0pjmNPA3vs5Eh7PNZA6fPO3wdKHFancojp7ywZFadM7pMfnckMqpJlAd66fQxWK/C6KNgTqFvmyrUxha3rumXtS2tMzWG7SLtbDYB34N2TwD9fydTsOmpkQvJwctNWwisuHaR83SyBJ8Axm3kCmb/tEX4ax9fsJN2BdGkkSqeVsK/zQPWAwGen44ZI/gdmvjBpwso9LUf3bR5nwFluHDiGtF0zW7pNqyAm8EUSOP8fk3DCItRmRiKUS95k3OnQj1Z0IkTCAebqsB3fk+tM3TEmXOFO8ixY/u0V8Szow==
Y/Rn/gVHY+UlHph0U2jIw51V23Bq2Cejqn0Lnd7i/B2+f5H78Tth1Bw77frLsBL6att163BontnFkUB10ATEL/BjZE2WZTuR0ZF7l//XXbwGN5ukg1D4HT9cxaPHzwh12c0z1cHXdQd4MADqcS9M7nSCLBWzOLLzjuj9JIsDZ6zjKr1NJA2Swibeh9HjCrtd7gM2xeMkJYaInZ/XyGgNg63oQYMBeYAskoZp6C2y0WrcnKMd1JRbYA4Re9RrTaEE+g2X5RPvHx5NReiV89S/x9pcz6KPcQtotMVLWdtUCf+L6G/Ys78=
1aNn0OJMz5y881wMobV2o6Jhi8Z8dje0YUtkJ7+jWhuH5sXFKF4Szvm18eA8OsEBDHQ/1RTwGaXWuaZuM/uXupBNXIJpdvMTNaJPxoDP1Cmd9+Zqqn6Q+rWxPnGpeyWTdD9qah5lPK1aQVrv9MxZZk2Z+h6VOEL2Jf1lmBmr8YsTkwZlp/87Q2IEYKgR8pfBliv/CQaCothaU1mvBQwkCUBwja8o0VmfTME02h9mr0+PBafDUdCdreLEiTFD6shNozOIY8+mXCkK80JljdnMbhJ7YU1cdj1hfX/MQStwPJ0Oo3HrFLeZcdezsg==
yAcysFqj8IY6EdnWOMAcw1Os+N9hxj0QH651Soy0pjmNPA3vs5Eh7PNZA6fPO3wdKHFancojp7ywZFadM7pMfnckMqpJlAd66fQxWK/C6KNgTqFvmyrUxha3rumXtS2tMzWG7SLtbDYB34N2TwD9fydTsOmpkQvJwctNWwisuHaR83SyBJ8Axm3kCmb/tEX4ax9fsJN2BdGkkSqeVsK/zQPWAwGen44ZI/gdmvjBpwso9LUf3bR5nwFluHDiGtF0zW7pNqyAm8EUSOP8fk3DCItRmRiKUS95k3OnQj1Z0IkTCAebqsB3fk+tM3TEmXOFO8ixY/u0V8Szow==
1aNn0OJMz5y881wMobV2o6Jhi8Z8dje0YUtkJ7+jWhuH5sXFKF4Szvm18eA8OsEBDHQ/1RTwGaXWuaZuM/uXupBNXIJpdvMTNaJPxoDP1Cmd9+Zqqn6Q+rWxPnGpeyWTdD9qah5lPK1aQVrv9MxZZk2Z+h6VOEL2Jf1lmBmr8YsTkwZlp/87Q2IEYKgR8pfBliv/CQaCothaU1mvBQwkCUBwja8o0VmfTME02h9mr0+PBafDUdCdreLEiTFD6shNozOIY8+mXCkK80JljdnMbhJ7YU1cdj1hfX/MQStwPJ0Oo3HrFLeZcdezsg==
yAcysFqj8IY6EdnWOMAcw1Os+N9hxj0QH651Soy0pjmNPA3vs5Eh7PNZA6fPO3wdKHFancojp7ywZFadM7pMfnckMqpJlAd66fQxWK/C6KNgTqFvmyrUxha3rumXtS2tMzWG7SLtbDYB34N2TwD9fydTsOmpkQvJwctNWwisuHaR83SyBJ8Axm3kCmb/tEX4ax9fsJN2BdGkkSqeVsK/zQPWAwGen44ZI/gdmvjBpwso9LUf3bR5nwFluHDiGtF0zW7pNqyAm8EUSOP8fk3DCItRmRiKUS95k3OnQj1Z0IkTCAebqsB3fk+tM3TEmXOFO8ixY/u0V8Szow==
1aNn0OJMz5y881wMobV2o6Jhi8Z8dje0YUtkJ7+jWhuH5sXFKF4Szvm18eA8OsEBDHQ/1RTwGaXWuaZuM/uXupBNXIJpdvMTNaJPxoDP1Cmd9+Zqqn6Q+rWxPnGpeyWTdD9qah5lPK1aQVrv9MxZZk2Z+h6VOEL2Jf1lmBmr8YsTkwZlp/87Q2IEYKgR8pfBliv/CQaCothaU1mvBQwkCUBwja8o0VmfTME02h9mr0+PBafDUdCdreLEiTFD6shNozOIY8+mXCkK80JljdnMbhJ7YU1cdj1hfX/MQStwPJ0Oo3HrFLeZcdezsg==
yAcysFqj8IY6EdnWOMAcw1Os+N9hxj0QH651Soy0pjmNPA3vs5Eh7PNZA6fPO3wdKHFancojp7ywZFadM7pMfnckMqpJlAd66fQxWK/C6KNgTqFvmyrUxha3rumXtS2tMzWG7SLtbDYB34N2TwD9fydTsOmpkQvJwctNWwisuHaR83SyBJ8Axm3kCmb/tEX4ax9fsJN2BdGkkSqeVsK/zQPWAwGen44ZI/gdmvjBpwso9LUf3bR5nwFluHDiGtF0zW7pNqyAm8EUSOP8fk3DCItRmRiKUS95k3OnQj1Z0IkTCAebqsB3fk+tM3TEmXOFO8ixY/u0V8Szow==
1aNn0OJMz5y881wMobV2o6Jhi8Z8dje0YUtkJ7+jWhuH5sXFKF4Szvm18eA8OsEBDHQ/1RTwGaXWuaZuM/uXupBNXIJpdvMTNaJPxoDP1Cmd9+Zqqn6Q+rWxPnGpeyWTdD9qah5lPK1aQVrv9MxZZk2Z+h6VOEL2Jf1lmBmr8YsTkwZlp/87Q2IEYKgR8pfBliv/CQaCothaU1mvBQwkCUBwja8o0VmfTME02h9mr0+PBafDUdCdreLEiTFD6shNozOIY8+mXCkK80JljdnMbhJ7YU1cdj1hfX/MQStwPJ0Oo3HrFLeZcdezsg==
yAcysFqj8IY6EdnWOMAcw1Os+N9hxj0QH651Soy0pjmNPA3vs5Eh7PNZA6fPO3wdKHFancojp7ywZFadM7pMfnckMqpJlAd66fQxWK/C6KNgTqFvmyrUxha3rumXtS2tMzWG7SLtbDYB34N2TwD9fydTsOmpkQvJwctNWwisuHaR83SyBJ8Axm3kCmb/tEX4ax9fsJN2BdGkkSqeVsK/zQPWAwGen44ZI/gdmvjBpwso9LUf3bR5nwFluHDiGtF0zW7pNqyAm8EUSOP8fk3DCItRmRiKUS95k3OnQj1Z0IkTCAebqsB3fk+tM3TEmXOFO8ixY/u0V8Szow==
1aNn0OJMz5y881wMobV2o6Jhi8Z8dje0YUtkJ7+jWhuH5sXFKF4Szvm18eA8OsEBDHQ/1RTwGaXWuaZuM/uXupBNXIJpdvMTNaJPxoDP1Cmd9+Zqqn6Q+rWxPnGpeyWTdD9qah5lPK1aQVrv9MxZZk2Z+h6VOEL2Jf1lmBmr8YsTkwZlp/87Q2IEYKgR8pfBliv/CQaCothaU1mvBQwkCUBwja8o0VmfTME02h9mr0+PBafDUdCdreLEiTFD6shNozOIY8+mXCkK80JljdnMbhJ7YU1cdj1hfX/MQStwPJ0Oo3HrFLeZcdezsg==
yAcysFqj8IY6EdnWOMAcw1Os+N9hxj0QH651Soy0pjmNPA3vs5Eh7PNZA6fPO3wdKHFancojp7ywZFadM7pMfnckMqpJlAd66fQxWK/C6KNgTqFvmyrUxha3rumXtS2tMzWG7SLtbDYB34N2TwD9fydTsOmpkQvJwctNWwisuHaR83SyBJ8Axm3kCmb/tEX4ax9fsJN2BdGkkSqeVsK/zQPWAwGen44ZI/gdmvjBpwso9LUf3bR5nwFluHDiGtF0zW7pNqyAm8EUSOP8fk3DCItRmRiKUS95k3OnQj1Z0IkTCAebqsB3fk+tM3TEmXOFO8ixY/u0V8Szow==
1aNn0OJMz5y881wMobV2o6Jhi8Z8dje0YUtkJ7+jWhuH5sXFKF4Szvm18eA8OsEBDHQ/1RTwGaXWuaZuM/uXupBNXIJpdvMTNaJPxoDP1Cmd9+Zqqn6Q+rWxPnGpeyWTdD9qah5lPK1aQVrv9MxZZk2Z+h6VOEL2Jf1lmBmr8YsTkwZlp/87Q2IEYKgR8pfBliv/CQaCothaU1mvBQwkCUBwja8o0VmfTME02h9mr0+PBafDUdCdreLEiTFD6shNozOIY8+mXCkK80JljdnMbhJ7YU1cdj1hfX/MQStwPJ0Oo3HrFLeZcdezsg==
yAcysFqj8IY6EdnWOMAcw1Os+N9hxj0QH651Soy0pjmNPA3vs5Eh7PNZA6fPO3wdKHFancojp7ywZFadM7pMfnckMqpJlAd66fQxWK/C6KNgTqFvmyrUxha3rumXtS2tMzWG7SLtbDYB34N2TwD9fydTsOmpkQvJwctNWwisuHaR83SyBJ8Axm3kCmb/tEX4ax9fsJN2BdGkkSqeVsK/zQPWAwGen44ZI/gdmvjBpwso9LUf3bR5nwFluHDiGtF0zW7pNqyAm8EUSOP8fk3DCItRmRiKUS95k3OnQj1Z0IkTCAebqsB3fk+tM3TEmXOFO8ixY/u0V8Szow==
1aNn0OJMz5y881wMobV2o6Jhi8Z8dje0YUtkJ7+jWhuH5sXFKF4Szvm18eA8OsEBDHQ/1RTwGaXWuaZuM/uXupBNXIJpdvMTNaJPxoDP1Cmd9+Zqqn6Q+rWxPnGpeyWTdD9qah5lPK1aQVrv9MxZZk2Z+h6VOEL2Jf1lmBmr8YsTkwZlp/87Q2IEYKgR8pfBliv/CQaCothaU1mvBQwkCUBwja8o0VmfTME02h9mr0+PBafDUdCdreLEiTFD6shNozOIY8+mXCkK80JljdnMbhJ7YU1cdj1hfX/MQStwPJ0Oo3HrFLeZcdezsg==
yAcysFqj8IY6EdnWOMAcw1Os+N9hxj0QH651Soy0pjmNPA3vs5Eh7PNZA6fPO3wdKHFancojp7ywZFadM7pMfnckMqpJlAd66fQxWK/C6KNgTqFvmyrUxha3rumXtS2tMzWG7SLtbDYB34N2TwD9fydTsOmpkQvJwctNWwisuHaR83SyBJ8Axm3kCmb/tEX4ax9fsJN2BdGkkSqeVsK/zQPWAwGen44ZI/gdmvjBpwso9LUf3bR5nwFluHDiGtF0zW7pNqyAm8EUSOP8fk3DCItRmRiKUS95k3OnQj1Z0IkTCAebqsB3fk+tM3TEmXOFO8ixY/u0V8Szow==
1aNn0OJMz5y881wMobV2o6Jhi8Z8dje0YUtkJ7+jWhuH5sXFKF4Szvm18eA8OsEBDHQ/1RTwGaXWuaZuM/uXupBNXIJpdvMTNaJPxoDP1Cmd9+Zqqn6Q+rWxPnGpeyWTdD9qah5lPK1aQVrv9MxZZk2Z+h6VOEL2Jf1lmBmr8YsTkwZlp/87Q2IEYKgR8pfBliv/CQaCothaU1mvBQwkCUBwja8o0VmfTME02h9mr0+PBafDUdCdreLEiTFD6shNozOIY8+mXCkK80JljdnMbhJ7YU1cdj1hfX/MQStwPJ0Oo3HrFLeZcdezsg==
yAcysFqj8IY6EdnWOMAcw1Os+N9hxj0QH651Soy0pjmNPA3vs5Eh7PNZA6fPO3wdKHFancojp7ywZFadM7pMfnckMqpJlAd66fQxWK/C6KNgTqFvmyrUxha3rumXtS2tMzWG7SLtbDYB34N2TwD9fydTsOmpkQvJwctNWwisuHaR83SyBJ8Axm3kCmb/tEX4ax9fsJN2BdGkkSqeVsK/zQPWAwGen44ZI/gdmvjBpwso9LUf3bR5nwFluHDiGtF0zW7pNqyAm8EUSOP8fk3DCItRmRiKUS95k3OnQj1Z0IkTCAebqsB3fk+tM3TEmXOFO8ixY/u0V8Szow==
1aNn0OJMz5y881wMobV2o6Jhi8Z8dje0YUtkJ7+jWhuH5sXFKF4Szvm18eA8OsEBDHQ/1RTwGaXWuaZuM/uXupBNXIJpdvMTNaJPxoDP1Cmd9+Zqqn6Q+rWxPnGpeyWTdD9qah5lPK1aQVrv9MxZZk2Z+h6VOEL2Jf1lmBmr8YsTkwZlp/87Q2IEYKgR8pfBliv/CQaCothaU1mvBQwkCUBwja8o0VmfTME02h9mr0+PBafDUdCdreLEiTFD6shNozOIY8+mXCkK80JljdnMbhJ7YU1cdj1hfX/MQStwPJ0Oo3HrFLeZcdezsg==
ru79BWVfTYjVdV3PDyDtXBdw7a/PDsAv1g6ODbsytelaErqigLg+vqMqQYS9yP3H8znmnifFP1lJZXYYBmncs+Pf7j+DNXWzEA==
ljPbPYggVGDvlBsrhwYcVA6qxvlMWaK43EhsF2uNhOIh2y4uLY7nG1zYgoJoyCa+u9opt4qcL4c7ib5+T1WH2bH13rhemZRzK48WX6sFbbMI
FO94FOBMsAtB0jrZTjoqVu30EN7vEL8e7QSGYeHZy+Pvww8mu48p5hbFKiCoy/ddiU+DkjbezIhcoW7AiTnHrfd21rF7IHfv/q4Lo92ejWh4TlS1lk+VilFtowKt2AuW0pa44IOF9vC129IjHuRUHpGaF32d6DXxYYKQLDbKhduopNUPHQQZrwFV2MAiCrEkTb7JJmxwO7EUuEOMPl3jWAuBeQjK4c9Jk0NH8n1JMFmTWCeL6rDXjkjfk4AEiVNVu5jRczsEN/Szkw==
v6LocIRMlDSwyV9ih6vDnoPwVTDmIvfmCaMfKWpxSmWWVP8ZmiUM4eHsVktm0KRaxAxsEBnbWUK/KmjHR/x0es6V+2yqu3Mec+3+qAeZxZD5ekh4SN9+UbGoMYvP2JX23+QCwIQqy3uyMnWdHlnGquDM4WxL1zW20ZPBJDy2TiQRaTgyKYWVup0tgdNUerqERbb9CFXMBO6fE/Ter9aG87eqW1fFQgKfCwvThQsIJYcEC2Mu+6HCbrNsaPm/mvznR2erjq15Mzoz9rOV
xIhAKa2gu60e1YFb0BV0YS10e7mzaUMDdkNsBWSQGZ1Hvoglm8eboz7UldEu09Un8R3WrUUVMMpvUi8Xm30vYAFYLP+n9W5+LY0mUQEHEeDF6jgCuOcb4d41l1G3kT96DdYd5yJUUVW4NEayW/7H6XFJ0Cm/54Cx0SaZagX/EuAfG1LZQ9vuQZaeBW7V+x2V9TdruEcJYGRLFVkCcjkx49pXNe4GraizYGHXkTbaQKtzOWaep8W/WMxl9RiGaVyzY99uPwM19bOQ
Iw3qyqmlHiiHdW/tzz9f1y10e7mzaUMDdkNsBWSQGZ1Hvoglm8ebrj7Uldwu09Un8R3WrUUVMMpvUgMAm3QzbhZYLP+n9W5+LY0mUQEHEeDF6jgCuOcb4d41l1G3kT96DdYd5yJUUVW4NEayW/7H6XFJ0Cm/54Cx0SaZagX/EuAfG1LZQ9vuQZaeBW7V+x2V9TdruEcJYGRLFVkCcjkx49pXNe4GraizYGHXkTbaQKtzOWaep8W/WMxl9RiGaVyzY99uPwM19bOQ
cQjTUFhhqui/vBDcs7UPIjs3l7KLR7nl87zGbJYnrTaiCHVG+6Rem1Wu/NCvFiB4oPTWAEqm+CsGslv7SOqBYxd78Sw2953xbH4viRxZG3Pj8PfeIurCAznB/FFtOW2lDap/IkcvGBCTFXpw/HoBCrU5w/0KQUWDIhFzwuOCn0ugcO1vyFH5X2zBFBq/5k+P7wVHg/FQPe3CxOlxo2qojYMzqKNvJrzpavOiJe1ZbC4ye0ENvPZdoZ147oGP8JxdbqORq3Q3OTH3s5I=
gTFIJ4oP9mmYaCwZaw4WFC10e7mzaUMDdkNsBWSQGZ1Hvoglm8ebrj7Uldwu09Un8R3WrUUVMMpvUi8Xm2MyYQtYLP+n9W5+LY0mUQEHEeDF6jgCuOcb4d41l1G3kT96DdYd5yJUUVW4NEayW/7H6XFJ0Cm/54Cx0SaZagX/EuAfG1LZQ9vuQZaeBW7V+x2V9TdruEcJYGRLFVkCcjkx49pXNe4GraizYGHXkTbaQKtzOWaep8W/WMxl9RiGaVyzY99uPwM19bOQ
E46P3SE7KO6bJ+Z/I9MfjTs3l7KLR7nl87zGbJYnrTaiCHVG+6RellWu/N2vFiB4oPTWAEqm+CsGskr9Sv+Fdxd78Sw2953xbH4viRxZG3Pj8PfeIurCAznB/FFtOW2lDap/IkcvGBCTFXpw/HoBCrU5w/0KQUWDIhFzwuOCn0ugcO1vyFH5X2zBFBq/5k+P7wVHg/FQPe3CxOlxo2qojYMzqKNvJrzpavOiJe1ZbC4ye0ENvPZdoZ147oGP8JxdbqORq3Q3OTH3s5I=
xazIbOapWEmRi18TqdYGxKwaHeyzmF+5MIwJ6TSvVjQb/OoMCjjax+4uYJNvPN6e4k0ol7fkq5ud5qUx7KWSmcKnQypr4f6sD6XVhIGWaFxgg44laeRxT4ckxSJnSOKkbLZ7zyq+9RmW5VY+GKBByOMLRUKJXwFg9MqecClFWNZBmaWOhSGB11xGqpA9Wt0sfZD0mkdftBrnKtYnDwa7My3esiuTh1MBg7S1E/xnw4pTfbKa66CovXfmLLN/S8tqxWUDDiv6s5E=
8vWSCnRHu+rXVlDS19PG3awaHeyzmF+5MIwJ6TSvVjQb/OoMCjjax+4uYJNvPN6e4k0ol7fkq5ud5qwi5riSm8KnQypr4f6sD6XVhIGWaFxgg44laeRxT4ckxSJnSOKkbLZ7zyq+9RmW5VY+GKBByOMLRUKJXwFg9MqecClFWNZBmaWOhSGB11xGqpA9Wt0sfZD0mkdftBrnKtYnDwa7My3esiuTh1MBg7S1E/xnw4pTfbKa66CovXfmLLN/S8tqxWUDDiv6s5E=
9A6y7YL1vns4NBTowaVt0rQQFzSvtOLUXVP3jr/B3Y0r+moOJiIxg1hjrWqWA/bBa2ON03qhat+1aJBRAzkh/VZsNo3VWb5FaxR/6/6qA5fNauVMWGq8wUZ73U4Rqeu2fazjMnIy0BQTMX50NV9al44QPLoxPv8JTVx9NSFG2Bjmvm3/iIC9+w0wEasBUdD0Mv7ZAG2aIVK8RHN1VHwLOO4pC/yrJRH8WlVHzRPHz0btvVj9M/zP/zoEn0oIG9u01P27cZu8uYcrMD/ws5c=
MrnrrT/jhOzrbPKZHIYQV30pOx2/MjCr8A8JxXdfGtCNN4Sq1v3/wgMl0vKb2C615/+Mm89zC6IVvePm2wKzGQ==
s1kezGApDYZ9myf1bk6RAmsWx7IXWwJ7z4XtWadIz262IBCayMtZGR+rmlwVkzQWHqkfrvshwu6z7G55vxv8Z0fnqw6t+TO6M3azFQ==
7Zc8aTtyYPXVG4IdJWyfU2BV+Rpb2v/LobqQsg+As/UgV+mthyca2J0vpILmxb8KU/2yGusgrj13aCwzf8vL6sXlA44rerMR
v+EzPCVt8S7e1mvqyyyk/B7aCqIc7d8f94MtMa+3uxBoHWaV35yBGhhg6dskA9lbr5xRVTFbepaKrYaVXjrv08oYEQyE5/VV0EZBSak+mqkdADAFGgOFU1hnRRljswY=
3T4O6T3wD56DStUsyodLJ0dh1oBuNkKIU1+2o4uflfRLYVOLuOIQJfwxjHo997AQC3hGN5fhSi77jfsZja0n6Gqx+JMHpwIvvz1xsxQ=
M4Ireq1lb8tHVbDWkE6eox7aCqIc7d8f94MtMa+3uxBoHWaV35yBGhhg6dskA9lbr5xRVTFbepaKrYaVXjrv08oYEQyE5/VV0EZBSak5n6kdADAFGgOFU1hnRRljswY=
13UXB2hueh9+AQe6SfkmaA6R4cVDJWnIzD0U6slFMwYVEnDK38jzLVC/yZWXLxrArQfEerYNf1KjlRKie6gqocfAzEuvg4sytQ0jtjtyswk=
KyFf1otm2Um92hw+ukAGQGBV+Rpb2v/LobqQsg+As/UgV+mthyca2J0vpILmxb8KU/2yGusgqj53aSwzf8vL6sXlA44rerMR
/N9uIYFzt/TPwNrJwEUDoB7aCqIc7d8f94MtMa+3uxBoHWaV35yBGhhg6dskA9lbr5xRVTFbepaKrYaVXjrv08oYEQyE5/VV0EZBSak6makcADAFGgOFU1hnRRljswY=
vzPIJQZuRNsk2shJvIBup30Dg+MsuCUjEzwBHHjI494DR3SBkWfb6dqaWWls2Cr779gnC+ow1w5MWpMPBAlT1bsY0fM7hDd0sxM=
etD+tA05lGbL/OqHrDbHJ2sWx7IXWwJ7z4XtWadIz262IBCayMtZGR+rmlwVkzQWHqkfrvshwu6z7Gx8vxX8Z0fnqw6t+TO6M3azFQ==
Fj/2NbuUDWikprq7RRsZAq2M4hj8kiQopo2VHmMCdY27smUqNhZ4k2iPSBfjbO0tlbveDhY9Ch3aumtbRoiNlCCHUa1sNo2B7XxbYVAwzD1+I2FLRHdJEWezAg==
viAr9xuqla+PcO3pyrFTmZ5Ah3JIli8Xo6QrGjfG4onKUUACBomlmIoyjqmk/0U0O4HjCyhCQOXMUZx6LReAUNvY1rcngbpuq23LHXyNdijaEQgTl0dSb08dYbME
443P8ilKSwciFVx+Z/IDUlJx9r6GWrpp0FfJROc5t+scWry1gLkI+rl/TICnwOLX8znmnifFP19MZXMZBmncs+Pf7j+DNXWzEA==
GDL/fxfkHtiXjCFsKoQDjayM4hj8kiQopo2VHmMCdY27smUqNhZ4k2iPSBfjbO0tlbveDhY9Ch3aumtbRoiNlCCHUa1sNo2B7X9eYVkxzD1+I2FLRHdJEWezAg==
/avmrplQzkJBY0Jjg9zqWVJx9r6GWrpp0FfJROc5t+scWry1gLkI+rl/TICnwOLX8znmnifFP11MZXMZBmncs+Pf7j+DNXWzEA==
8GWXBR6wS1sJNj8tWUwTKa2M4hj8kiQopo2VHmMCdY27smUqNhZ4k2iPSBfjbO0tlbveDhY9Ch3aumtbRoiNlCCHUa1sNo2B7X1eYVkxzD1+I2FLRHdJEWezAg==
Y0Lpx43xvvhE5YTojJ92oFJx9r6GWrpp0FfJROc5t+scWry1gLkI+rl/TICnwOLX8znmnifFP1JPZXMZBmncs+Pf7j+DNXWzEA==
kvdmoeWU093zNte8mKLesK2M4hj8kiQopo2VHmMCdY27smUqNhZ4k2iPSBfjbO0tlbveDhY9Ch3aumtbRoiNlCCHUa1sNo2B7XJdYVkxzD1+I2FLRHdJEWezAg==
RxQmSAcSmVnLDXi+pbOAlLy1soOfC+CvieMVJPBBFHcZxqzH9XEzOTzrpL6H3V7ejEO6Y0De3q3JsD9afxIZ5pvtyhqPX11NMLAXE4oIB2bPtcM75RFjPfuwIWubfGdcszs=
jXA93lFW+U9SHm3L9AHerby1soOfC+CvieMVJPBBFHcZxqzH9XEzOTzrpL6H3V7ejEO6Y0De3q3JsD9afxIZ5p/k3R2PX11NMLAXE4oIB2bIssM75RFjPfuwIWubfGdcszs=
EdgvKO6TtOZv7+D3Z2fZT7y1soOfC+Czi7cjGKJGE0F83auGgX4yJTrxv6y8iXTe3xDPcVHl7/nCqC5afxIZ5pvtyhqPX11NMLAXE4oIB2bNssM75RFjPfuwIWubfGdcszs=
bM6mE3C2FXfrQ/Wo74Ai97y1soOfC+Czi7cjGKJGE0F83auGgX4yJTrxv6y8iXTe3xDPcVHl7/nCqC5afxIZ5p/k3R2PX11NMLAXE4oIB2bCtsM45RFjPfuwIWubfGdcszs=
imMokffzNPyOvEJATu5mlLy1soOfC+Czi7cjGKJGE0F83auGgX4yJTrxv6y8iXTe3xDPcVHl7/nCqC5afxIZ5pvtyhqPX11NMLAXE4oIB2bOt8M45RFjPfuwIWubfGdcszs=
kLOZp5x+kD71OBVZQzKj1Ly1soOfC+Czi7cjGKJGE0F83auGgX4yJTrxv6y8iXTe3xDPcVHl7/nCqC5afxIZ5p/k3R2PX11NMLAXE4oIB2bLtcM45RFjPfuwIWubfGdcszs=
MToi/JeWlwrLltp4VKMWSCktOgi4IEO1ogkexXZpXsrYOpGx0u/+wgMl0vKb2Ci35/6Nm89zC6IVvePm2wKzGQ==
6TbEiXKSeFncGIvbtgnPIxN2p6MMH/o0/pDl2NSkyk89DiO6+KyNOCosH0DzUTood9aruWJiP5Xi6ZFlpkxVvtzYCRcJi//iQ8VSUlu4I5WnEQ07DxMLglVdY0YbYrM5
oDsnZeW+7ABaUSobZE8HFcfXeQQlnlnVSt2I1GohwHvxW44sW3RTaVRnz4W0SLe4atnC3gM9KOPdsKmQPXsBEzqfgBSkLTsfgal+YFE8+PkNC1ziX6FarO5kOeplP3Lgf9vyWeObDkF23qXudTt9lZX3CzjnSUBkq1W5gtJ5EeP6l1VuZm2Is0AhNxHWmmCrU/nGHscF31PspVqZZim8s4Ofzr+j9ZWz8A==
LJNBDqKE6dTZv9ZSWr2TXVUuUueUikKiP5NYcoZmzX+Y0O7e6dv5RjlH2iJAzb8jeniX9ZNifvDc/jlE2w3pUcDPF9Z/rldXfEIOjeEKDV3mRKunvPGKAIZGHRfIqI3DrajBwwE5AGySxukoLXJRqtxcI93U1NsgDlH7lGsNIcT6zRclEy+f3k2FaNXzlD+H2hxP4oOzi6O1BcuZ25SJv4uo75iz/w==
pvjvV2lu/a38bfIiy/P1m+uO2RMt2ShHZoPXbQEO0Brfy+i6xi49J7go/tbp0+m+GR8qagAFD3uawAd9E+ruSLwmiQwbxZmJ4LcH3n+mRy9cmn5FIUK9hYb8Oy88eRq4Zh6t34jgfZuNUNHLATEQlLKeGWBtuuHyPOSzVVRcS5huiUvcq8VRHNq1By0TJ4+mbV0YHTPcj1+6pN9qAzsbG1Vde1Gb3Hnnq1D/kLP3
aUw7lEZVWd6OxhTPUM7YWBB10lyo2g+NgU0HYYoAKX3qIMc9/IjWIDEtsC761OnN1aRhCR548CsjkfLmIx/z1LKy5BBdfssL1UOo8cOcv3g79eTMiheRrNEvLprfjZyHhgL+aDltGG7xEQXWVUmBr6wOSgit8h0UTZjUQhe3NOKX4rY/Hy77i51WEnND71N5c/xVi2zPA7JjdZJCu0gjRQchTatvY4vSde2jVvuSs+k=
D9lsRo906dhI69aPIbV2jf/4oRElyaLofUgnhaxAlnjBBZDW6tzp1eVMATHOMDDzUzlSnrOXc0wC2gSoDbaLUyVriAnTlL9gCx2E9FpfUXShh47iTwUcHzZqHtBppVg2ATklLkVBgbec5iowfbrdzD0wdDqHP7R6J4pWh0/mu9NtfjKLU+dTYUMUNbO8h8NqE90yOivAo923Sa0TP6vLioXFg67rmrPx
orRq1z7+hEAd6O0Op/6F3YzecwN1ilzOU8vbk3A6127xW44sW3RTaVRnz4W0SLe4atnC3gM9KOPdsKmQPXsBEzqfgBSkLTsfgal+YFE8+PkNC1ziX6FarO5kOeplP3Lgf9vyWeObDkF23qXudTt9lZX3CzjnSUBkq1W5gtJ5EeP6l1VuZm2Is0AhNxHWmmCrU/nGHscF31PspVqZZim8s4Ofzr+j9ZWz8A==
vnI5K0xkF3+2w7mEfroGrP/4vB0j27nhTUgnhaxAlnjBBZDW6tzp1eVMATHOMDDzUzlSnrOXc0wC2gSoDbaLUyVriAnTlL9gCx2E9FpfUXShh47iTwUcHzZqHtBppVg2ATklLkVBgbec5iowfbrdzD0wdDqHP7R6J4pWh0/mu9NtfjKLU+dTYUMUNbO8h8NqE90yOivAo923Sa0TP6vLioXFg67rmrPx
H9yHRYkNwIw5zwligKtmRxggGbmYCniS1YbVuVdZci3VX8rGrxfQ5iYyBTvINMbK6c/RomkDEnbgWTen6hw/IdO2VpTM+jFQ+1khFZArv0L/Ov+zLAbG2cEeBVn2IINz/CUiZBbClYNo/EWH/Uzp1wEtKIjCgiF8jebZLkw4iwmUAPNEHlXzgEtZ6YCqKb+xk7s3Oh3BoIHTgDeDynhnNsNnI8clgUMNe8BB+9tMx4yz6w==
EnvMES0sHRy7IKljDiGubxImfxsWOp64/41+KhV099GUrPZcKRmgIvLQ6dHtsBElNhwQF3tloqrrWzMIymZUfLXaa/dN9zh9Sxg/5INhFGAi8/EQCVv+VpdJ3Nt+Vs6EUUk4EuklFdpdTYGzlBo6JIWW/SgVbIQO3/P0Pu82BlP3ilt3BeKC/8tr0+XLaKUnxCtjDrsBQo7zjGMZ/3V9RwdHq65t2bNa85az9Q==
KZt0L9XJ2oyhBmOvE9By7hMvYgwQOdeqr4NiIBA1w5+Ytv5JKRmgIvLQ6dHtsBElNhwQF3tloqrrWzMIymZUfLXaa/dN9zh9Sxg/5INhFGAi8/EQCVv+VpdJ3Nt+Vs6EUUk4EuklFdpdTYGzlBo6JIWW/SgVbIQO3/P0Pu82BlP3ilt3BeKC/8tr0+XLaKUnxCtjDrsBQo7zjGMZ/3V9RwdHq65t2bNa85az9Q==
TJhQ4nTTMAL7qDDQYvtUI87RUkHLkaU+ij8oliEVVX1vSIfbqgD3PkNvsz/FWfNFO4gxo/v01wSzYw==
nQKfk8DgRuLb6FZd27fhKo9d8kREad3BNHTEIZs7jcWYZlk5QbMymQTheJWiQ50jkMf9yQuzbg==
ZrxlMOJrokTgAtzWiGCD5R+zeuFcYXO7qSFU1IL+N7/9P08j3jWEAqvpTj6fdbfTxBWCee45BPPb78YfmyV9sxg=
cfd3TzExzrZROWYuONgjGswbgmMuVRSCG0ke/u+Vp9PUNbI5Pln0c0tPdt/LxQ2zaA==
SerlV1PLU66rzA0X00DthPctNglVOD0TPI8UR9ypi1QRI7M1QvbE406zandPkbJOUz1zkwBdTknSASDT//faD5ctebMc
qKBzlEMRsfMw0JT7q7rjy+nX12u6PRI/nF9QL63dmqereXqjWzkW7kys5YNdlk+0GBfIB0NoQ0YWuH/ZYBO1eTrG4FI+R9DBtPnlBXaxJncySzK9M5SB0CVOBBOXRRisj5fcB/Zfo9jnknsDbBBh5ywhPSeQwehie5arB2Nli8sVQDn1HoQ16Sf6DMVPE6SrSxZ4UdZzHp2paUgmPlsNxRhm2TnBsrKZhOH4lSJDHSMQx33Ji7Pu
bVxpgtR1KBsiiq1JoRkxpvctNglVOD0TPIsWSdypi1QRI7M1QvbE406zandPkbJOUz1zkgBdTknSASDT//faD5ctebMc
GyKMkvvpHKM/ByYmkel/0eX9Hq/Nsaz9g3TBlanJ5g9A5+6b7fwtbj6ojQ1xNQWrCeFqGLfq5g4veCQvZfjcg8IoQ84lEUM6eRzQewsV2IZhieUeJXGBh/zW6oAdCl18XYC0CucPtEpHupY3L1Y7Yw3O8rsz11NRIyT1A9w3Q9pzbfIKS/Ci7dd5baNfG0s65XVDnouqs8E=
Z3nWLATc3wCKDwtF83C2Dh+zeuFcYXO7qSFU1IL+N/38O1Ij3jWEAqvpTj6fdbfSxBWCee45BPPb78YfmyV9sxg=
Lu0B8ptZu4RqzJ5qnmg+EMwbgmMuVRSCG0ke/u+Vp9vXNbI5Pln0c0tPdt/LxQ2zaA==
7UDZdJveOfxaykqRdgk51/ctNglVOD0TPI8UR9ypi1QRI7M1QvbE406zandPkbJOUz1zmwNdTknSASDT//faD5ctebMc
I4j+3Iig8qpTISxQCxpR1unX12u6PRI/nF9QL63dmqereXqjWzkW7kys5YNdlk+0GBfIB0NoQ0YWuH/ZYBO1eTrG4FI+R9DBtPnlBXaxJncySzK9M5SB0CVOBBOXRRisj5fcB/Zfo9jnknsDbBBh5ywhPSeQwehie5arB2Nli8sVQDn1HoQ16Sf6DMVPE6SrSxZ4UdZzHp2paUgmPlsNxRhm2TnBu7GZhOH4lSJDHSMQx33Ji7Pu
njlAFNJ1mvHEFTSEXzo4bfctNglVOD0TPIsWSdypi1QRI7M1QvbE406zandPkbJOUz1zmwNdTknSASDT//faD5ctebMc
1XYssT7Y5K7ouD/PZFJHVeX9Hq/Nsaz9g3TBlanJ5g9A5+6b7fwtbj6ojQ1xNQWrCeFqGLfq5g4veCQvZfjcg8IoQ84lEUM6eRzQewsV2IZhieUeJXGBh/zW6oAdCl18XYC0CucPtEpHupY3L1Y7Yw3O8rsz11NRIyT1A9w3Q9pzbfIKS/Cr7td5baNfG0s65XVDnouqs8E=
t4RVoVh/oKgNm7seX4gbrh+zeuFcYXO7qSFU1IL+N/38O1Ij3jWEAqvpTj6fdbfbxxWCee45BPPb78YfmyV9sxg=
xyvGYUUO3Am6aQVkpVOelxmnMnu7kqxcNjum7bFZF0zxywuxqIpP6UMnOpjTV0o0pNWelCV1qdLd9SRjqietBTjmOfkhshFZrWKY1UJDfWMwR10Ja7MO
++CU73gQO0VlbHgQ06+tgcfXeQQlnlnVSt2I1GohwHvxW44sW3RTaVRnz4W0SLe4atnC3gM9KOPdsKmQPXsBEzqfgBSkLTsfgal+YFE8+PkNC1ziX6FarO5kOeplP3Lgf9vyWeObDkF23qXudTt9lZX3CzjnSUBkq1W5gtJ5EeP6l1VuZm2Is0AhNxHWmmCrU/nGHscF31LvpVOaZim8s4Ofzr+j9ZWz8A==
7OoLlLNVV5VFz5oMP4aLv1UuUueUikKiP5NYcoZmzX+Y0O7e6dv5RjlH2iJAzb8jeniX9ZNifvDc/jlE2w3pUcDPF9Z/rldXfEIOjeEKDV3mRKunvPGKAIZGHRfIqI3DrajBwwE5AGySxukoLXJRqtxcI93U1NsgDlH7lGsNIcT6zRclEy+f3k2FaNXzlD+H2hxP4oKwi6q2BcuZ25SJv4uo75iz/w==
puXikbZ6seAWjRz99hhLcuuO2RMt2ShHZoPXbQEO0Brfy+i6xi49J7go/tbp0+m+GR8qagAFD3uawAd9E+ruSLwmiQwbxZmJ4LcH3n+mRy9cmn5FIUK9hYb8Oy88eRq4Zh6t34jgfZuNUNHLATEQlLKeGWBtuuHyPOSzVVRcS5huiUvcq8VRHNq1By0TJ4+mbV0YHTPcj1+6pN9qAjgbElZde1Gb3Hnnq1D/kLP3
ArnbZ6oHsQn8MTwS3S5rkRB10lyo2g+NgU0HYYoAKX3qIMc9/IjWIDEtsC761OnN1aRhCR548CsjkfLmIx/z1LKy5BBdfssL1UOo8cOcv3g79eTMiheRrNEvLprfjZyHhgL+aDltGG7xEQXWVUmBr6wOSgit8h0UTZjUQhe3NOKX4rY/Hy77i51WEnND71N5c/xVi2zPA7JjdZJCu0giRgcoTqtvY4vSde2jVvuSs+k=
zdvTtAkN4FreRrWGbp2vGv/4oRElyaLofUgnhaxAlnjBBZDW6tzp1eVMATHOMDDzUzlSnrOXc0wC2gSoDbaLUyVriAnTlL9gCx2E9FpfUXShh47iTwUcHzZqHtBppVg2ATklLkVBgbec5iowfbrdzD0wdDqHP7R6J4pWh0/mu9NtfjKLU+dTYUMUNbO8h8NqE90yOivAot63QK4TP6vLioXFg67rmrPx
V3K+euIkHV+Nejs7qJOBcozecwN1ilzOU8vbk3A6127xW44sW3RTaVRnz4W0SLe4atnC3gM9KOPdsKmQPXsBEzqfgBSkLTsfgal+YFE8+PkNC1ziX6FarO5kOeplP3Lgf9vyWeObDkF23qXudTt9lZX3CzjnSUBkq1W5gtJ5EeP6l1VuZm2Is0AhNxHWmmCrU/nGHscF31LvpVOaZim8s4Ofzr+j9ZWz8A==
k04s/m4iWV9GLVk+8zFOQ//4vB0j27nhTUgnhaxAlnjBBZDW6tzp1eVMATHOMDDzUzlSnrOXc0wC2gSoDbaLUyVriAnTlL9gCx2E9FpfUXShh47iTwUcHzZqHtBppVg2ATklLkVBgbec5iowfbrdzD0wdDqHP7R6J4pWh0/mu9NtfjKLU+dTYUMUNbO8h8NqE90yOivAot63QK4TP6vLioXFg67rmrPx
Mx5XGoYwuiFT1QCW39UCjxggGbmYCniS1YbVuVdZci3VX8rGrxfQ5iYyBTvINMbK6c/RomkDEnbgWTen6hw/IdO2VpTM+jFQ+1khFZArv0L/Ov+zLAbG2cEeBVn2IINz/CUiZBbClYNo/EWH/Uzp1wEtKIjCgiF8jebZLkw4iwmUAPNEHlXzgEtZ6YCqKb+xk7s3Oh3BoIHTgDeDynhnNsJkI84mgUMNe8BB+9tMx4yz6w==
lZMJWjKB2qg7N3+pXsnFrxImfxsWOp64/41+KhV099GUrPZcKRmgIvLQ6dHtsBElNhwQF3tloqrrWzMIymZUfLXaa/dN9zh9Sxg/5INhFGAi8/EQCVv+VpdJ3Nt+Vs6EUUk4EuklFdpdTYGzlBo6JIWW/SgVbIQO3/P0Pu82BlP3ilt3BeKC/8tr0+XLaKUnxCtjDrsBQo7zjGIa/3x+RwdHq65t2bNa85az9Q==
JtFrQVJqS6jkCILsUQf/WRMvYgwQOdeqr4NiIBA1w5+Ytv5JKRmgIvLQ6dHtsBElNhwQF3tloqrrWzMIymZUfLXaa/dN9zh9Sxg/5INhFGAi8/EQCVv+VpdJ3Nt+Vs6EUUk4EuklFdpdTYGzlBo6JIWW/SgVbIQO3/P0Pu82BlP3ilt3BeKC/8tr0+XLaKUnxCtjDrsBQo7zjGIa/3x+RwdHq65t2bNa85az9Q==
ksCInpnSReJUCXQYkmnFFB+zeuFcYXO7qSFU1IL+N7/9P08j3jWEAqvpTj6fdbfSxxWLeu45BPPb78YfmyV9sxg=
vbwHWlev198zUMm2ROYOms7RUkHLkaU+ij8oliEVVX1vSIfbqgD3PkJsszbGWfNFO4gxo/v01wSzYw==
XTz+mfxVOX1dODqaD5qveo9d8kREad3BNHTEIZs7jcWYZlk5QbIxmQ3ieJWiQ50jkMf9yQuzbg==
0mAYXuhAMSOvddGTDdoJmBmnMnu7kqxcNjum7bFZF0zxywuxqIpP6UMnOpjTV0o0pNWelCV1qdLd9SRjqietBTjmOfkhuRBZrWKY1UJDfWMwR10Ja7MO
tcCcbZRFVFZpLDV6PFgwu8fXeQQlnlnVSt2I1GohwHvxW44sW3RTaVRnz4W0SLe4atnC3gM9KOPdsKmQPXsBEzqfgBSkLTsfgal+YFE8+PkNC1ziX6FarO5kOeplP3Lgf9vyWeObDkF23qXudTt9lZX3CzjnSUBkq1W5gtJ5EeP6l1VuZm2Is0AhNxHWmmCrU/nGHscF31nupVOaZim8s4Ofzr+j9ZWz8A==
W1FgE6xZJhkcn8D/OwprWFUuUueUikKiP5NYcoZmzX+Y0O7e6dv5RjlH2iJAzb8jeniX9ZNifvDc/jlE2w3pUcDPF9Z/rldXfEIOjeEKDV3mRKunvPGKAIZGHRfIqI3DrajBwwE5AGySxukoLXJRqtxcI93U1NsgDlH7lGsNIcT6zRclEy+f3k2FaNXzlD+H2hxP4omxi6q2BcuZ25SJv4uo75iz/w==
NPRMhQLj9Admcyi+v0RjYOuO2RMt2ShHZoPXbQEO0Brfy+i6xi49J7go/tbp0+m+GR8qagAFD3uawAd9E+ruSLwmiQwbxZmJ4LcH3n+mRy9cmn5FIUK9hYb8Oy88eRq4Zh6t34jgfZuNUNHLATEQlLKeGWBtuuHyPOSzVVRcS5huiUvcq8VRHNq1By0TJ4+mbV0YHTPcj1+6pN9qCTkbElZde1Gb3Hnnq1D/kLP3
VpTdzNrYzU35bhjkqJgz6BB10lyo2g+NgU0HYYoAKX3qIMc9/IjWIDEtsC761OnN1aRhCR548CsjkfLmIx/z1LKy5BBdfssL1UOo8cOcv3g79eTMiheRrNEvLprfjZyHhgL+aDltGG7xEQXWVUmBr6wOSgit8h0UTZjUQhe3NOKX4rY/Hy77i51WEnND71N5c/xVi2zPA7JjdZJCu0gpRwcoTqtvY4vSde2jVvuSs+k=
CUCLPJcrd4AZa4FQgdA1///4oRElyaLofUgnhaxAlnjBBZDW6tzp1eVMATHOMDDzUzlSnrOXc0wC2gSoDbaLUyVriAnTlL9gCx2E9FpfUXShh47iTwUcHzZqHtBppVg2ATklLkVBgbec5iowfbrdzD0wdDqHP7R6J4pWh0/mu9NtfjKLU+dTYUMUNbO8h8NqE90yOivAqd+3QK4TP6vLioXFg67rmrPx
lo9ogVRQdvHGKv5XYGpJtozecwN1ilzOU8vbk3A6127xW44sW3RTaVRnz4W0SLe4atnC3gM9KOPdsKmQPXsBEzqfgBSkLTsfgal+YFE8+PkNC1ziX6FarO5kOeplP3Lgf9vyWeObDkF23qXudTt9lZX3CzjnSUBkq1W5gtJ5EeP6l1VuZm2Is0AhNxHWmmCrU/nGHscF31nupVOaZim8s4Ofzr+j9ZWz8A==
kM4z76CEEWwjfgJ7NIhimf/4vB0j27nhTUgnhaxAlnjBBZDW6tzp1eVMATHOMDDzUzlSnrOXc0wC2gSoDbaLUyVriAnTlL9gCx2E9FpfUXShh47iTwUcHzZqHtBppVg2ATklLkVBgbec5iowfbrdzD0wdDqHP7R6J4pWh0/mu9NtfjKLU+dTYUMUNbO8h8NqE90yOivAqd+3QK4TP6vLioXFg67rmrPx
bMRnXYrSqR1cPNxU+ewMwxggGbmYCniS1YbVuVdZci3VX8rGrxfQ5iYyBTvINMbK6c/RomkDEnbgWTen6hw/IdO2VpTM+jFQ+1khFZArv0L/Ov+zLAbG2cEeBVn2IINz/CUiZBbClYNo/EWH/Uzp1wEtKIjCgiF8jebZLkw4iwmUAPNEHlXzgEtZ6YCqKb+xk7s3Oh3BoIHTgDeDynhnNsllI84mgUMNe8BB+9tMx4yz6w==
F1wO+ABZpxYQ9R6INRCWsRImfxsWOp64/41+KhV099GUrPZcKRmgIvLQ6dHtsBElNhwQF3tloqrrWzMIymZUfLXaa/dN9zh9Sxg/5INhFGAi8/EQCVv+VpdJ3Nt+Vs6EUUk4EuklFdpdTYGzlBo6JIWW/SgVbIQO3/P0Pu82BlP3ilt3BeKC/8tr0+XLaKUnxCtjDrsBQo7zjGkb/3x+RwdHq65t2bNa85az9Q==
kAdk5wPjHezvbuNUS1UlwRMvYgwQOdeqr4NiIBA1w5+Ytv5JKRmgIvLQ6dHtsBElNhwQF3tloqrrWzMIymZUfLXaa/dN9zh9Sxg/5INhFGAi8/EQCVv+VpdJ3Nt+Vs6EUUk4EuklFdpdTYGzlBo6JIWW/SgVbIQO3/P0Pu82BlP3ilt3BeKC/8tr0+XLaKUnxCtjDrsBQo7zjGkb/3x+RwdHq65t2bNa85az9Q==
fCKEDZ68YEAKrprOv/7cdc7RUkHLkaU+ij8oliEVVX1vSIfbqgD3PkltszbGWfNFO4gxo/v01wSzYw==
Alg6kd8e34/Ydgd8IVish49d8kREad3BNHTEIZs7jcWYZlk5QbkwmQ3ieJWiQ50jkMf9yQuzbg==
zGME1J8qq7iGsLIY+PYX3x+zeuFcYXO7qSFU1IL+N7/9P08j3jWEAqvpTj6fdbfZxhWLeu45BPPb78YfmyV9sxg=
6j+ZZ4Zmz5D0Ce0Tyba88xmnMnu7kqxcNjum7bFZF0zxywuxqIpP6UMnOpjTV0o0pNWelCV1qdLd9SRjqietBTjmOfkhvxBZrWKY1UJDfWMwR10Ja7MO
xTFV9FaDx2ZP8Vwj4y6b6MfXeQQlnlnVSt2I1GohwHvxW44sW3RTaVRnz4W0SLe4atnC3gM9KOPdsKmQPXsBEzqfgBSkLTsfgal+YFE8+PkNC1ziX6FarO5kOeplP3Lgf9vyWeObDkF23qXudTt9lZX3CzjnSUBkq1W5gtJ5EeP6l1VuZm2Is0AhNxHWmmCrU/nGHscF31/upVOaZim8s4Ofzr+j9ZWz8A==
tPcd12i+8ux7Vb4DGQ0OsVUuUueUikKiP5NYcoZmzX+Y0O7e6dv5RjlH2iJAzb8jeniX9ZNifvDc/jlE2w3pUcDPF9Z/rldXfEIOjeEKDV3mRKunvPGKAIZGHRfIqI3DrajBwwE5AGySxukoLXJRqtxcI93U1NsgDlH7lGsNIcT6zRclEy+f3k2FaNXzlD+H2hxP4o+xi6q2BcuZ25SJv4uo75iz/w==
5BC3hjNeG7kJIbFo1i/q4uuO2RMt2ShHZoPXbQEO0Brfy+i6xi49J7go/tbp0+m+GR8qagAFD3uawAd9E+ruSLwmiQwbxZmJ4LcH3n+mRy9cmn5FIUK9hYb8Oy88eRq4Zh6t34jgfZuNUNHLATEQlLKeGWBtuuHyPOSzVVRcS5huiUvcq8VRHNq1By0TJ4+mbV0YHTPcj1+6pN9qDzkbElZde1Gb3Hnnq1D/kLP3
HjaNK6FDeKejzw4ovVfHzxB10lyo2g+NgU0HYYoAKX3qIMc9/IjWIDEtsC761OnN1aRhCR548CsjkfLmIx/z1LKy5BBdfssL1UOo8cOcv3g79eTMiheRrNEvLprfjZyHhgL+aDltGG7xEQXWVUmBr6wOSgit8h0UTZjUQhe3NOKX4rY/Hy77i51WEnND71N5c/xVi2zPA7JjdZJCu0gvRwcoTqtvY4vSde2jVvuSs+k=
UECJf2RnC7gWSQCLhE/yKv/4oRElyaLofUgnhaxAlnjBBZDW6tzp1eVMATHOMDDzUzlSnrOXc0wC2gSoDbaLUyVriAnTlL9gCx2E9FpfUXShh47iTwUcHzZqHtBppVg2ATklLkVBgbec5iowfbrdzD0wdDqHP7R6J4pWh0/mu9NtfjKLU+dTYUMUNbO8h8NqE90yOivAr9+3QK4TP6vLioXFg67rmrPx
NEysmjNnUqiHxI5YIpWrZ4zecwN1ilzOU8vbk3A6127xW44sW3RTaVRnz4W0SLe4atnC3gM9KOPdsKmQPXsBEzqfgBSkLTsfgal+YFE8+PkNC1ziX6FarO5kOeplP3Lgf9vyWeObDkF23qXudTt9lZX3CzjnSUBkq1W5gtJ5EeP6l1VuZm2Is0AhNxHWmmCrU/nGHscF31/upVOaZim8s4Ofzr+j9ZWz8A==
s/iklK39hE77PlsLhaEak//4vB0j27nhTUgnhaxAlnjBBZDW6tzp1eVMATHOMDDzUzlSnrOXc0wC2gSoDbaLUyVriAnTlL9gCx2E9FpfUXShh47iTwUcHzZqHtBppVg2ATklLkVBgbec5iowfbrdzD0wdDqHP7R6J4pWh0/mu9NtfjKLU+dTYUMUNbO8h8NqE90yOivAr9+3QK4TP6vLioXFg67rmrPx
q1AitK4wyIfF/8vm8aZoqRggGbmYCniS1YbVuVdZci3VX8rGrxfQ5iYyBTvINMbK6c/RomkDEnbgWTen6hw/IdO2VpTM+jFQ+1khFZArv0L/Ov+zLAbG2cEeBVn2IINz/CUiZBbClYNo/EWH/Uzp1wEtKIjCgiF8jebZLkw4iwmUAPNEHlXzgEtZ6YCqKb+xk7s3Oh3BoIHTgDeDynhnNs9lI84mgUMNe8BB+9tMx4yz6w==
9RWoUqVQeAPb0avgUfOfQhImfxsWOp64/41+KhV099GUrPZcKRmgIvLQ6dHtsBElNhwQF3tloqrrWzMIymZUfLXaa/dN9zh9Sxg/5INhFGAi8/EQCVv+VpdJ3Nt+Vs6EUUk4EuklFdpdTYGzlBo6JIWW/SgVbIQO3/P0Pu82BlP3ilt3BeKC/8tr0+XLaKUnxCtjDrsBQo7zjG8b/3x+RwdHq65t2bNa85az9Q==
lvVY0VLxSs3Nk4/CVVwUmhMvYgwQOdeqr4NiIBA1w5+Ytv5JKRmgIvLQ6dHtsBElNhwQF3tloqrrWzMIymZUfLXaa/dN9zh9Sxg/5INhFGAi8/EQCVv+VpdJ3Nt+Vs6EUUk4EuklFdpdTYGzlBo6JIWW/SgVbIQO3/P0Pu82BlP3ilt3BeKC/8tr0+XLaKUnxCtjDrsBQo7zjG8b/3x+RwdHq65t2bNa85az9Q==
GXFZKXQl+21poaPaaaecI87RUkHLkaU+ij8oliEVVX1vSIfbqgD3Pk9tszbGWfNFO4gxo/v01wSzYw==
j5TpgpBI60t53MMvq7+neo9d8kREad3BNHTEIZs7jcWYZlk5Qb8wmQ3ieJWiQ50jkMf9yQuzbg==
Zh0b6+E2zcbYq0K/+dl+Nx+zeuFcYXO7qSFU1IL+N7/9P08j3jWEAqvpTj6fdbffxhWLeu45BPPb78YfmyV9sxg=
dg9+Bu6BX2ObCdvVcPA1W8y6MFcnnY71bxkRybn4JSOjyVw7IEfiEvYtkduNVTtL6FquPD9Rrjr5BInr3zHijgMdQ5/1PZeKguGwU0+XKk+nDWmzDA==
GyJVBZ5SDjjdiBi/vKA6yE4mKxY3c8f9s/AKPph6ERPaXyCUBO3bH+Hp3uDxfJj57cs8Yv9heqyOpNlqxX9S4F+bktkDWy5BVh5FbhV7XZW1t6u4B4kgZIuVGQKyufHjmtf17sYt6LOg4ZeRdlqAqzO5Jp5nRf9fCeUzGsbpnLOjXy4/w7W1s9A=
ubmDbe1gCBVfHrYE3bmDqnH16IF45svO67uDvf28SY00ovXzfueMBHhlX59lYSJwXcQ8mYmTkNIjqb5sSuyFGqkndsC7Y37JP1MqQVIWeX75g7m1ke/HyFvB5KRPXcWyHuGVgz5vWX46pWwzJGnrAdriJEvXYYouOw27H00t7+oqMbiTxydCL/+9sbPU
Hcwry1ezI28alHEb1UT3SunX12u6PRI/nF9QL63dmqereXqjWzkW7kys5YNdlk+0GBfIB0NoQ0YWuH/ZYBO1eTrG4FI+R9DBtPnlBXaxJncySzK9M5SB0CVOBBOXRRisj5fcB/Zfo9jnknsDbBBh5ywhPSeQwehie5arB2Nli8sVQDn1HoQ16Sf6DMVPE6SrSxZ4UdZzHp2paUgmPlsNxRhm2TnBv7eZjeL4lSJDHSMQx33Ji7Pu
p1h0MigUEg/rD88Cdu/4vTZmA/GJSGVeJXQtbA7a+Vk0SmuXDRe43Qs4P8TDwZSAYpPx8Mk7fvZXadz7vvZO5JGpOHKpxZV6HW2Bk9S6usTF9v3I1QwErh/T9B4vloYzN2pbF0UCAl+LS9PFi8glx4RLY+57YcIuM6xvPD/c/ifHp6vOLTkz+rO2s9U=
4ASIrNMh1e28MUKXLIAS7VA/iMRpL3nSertQIeBf3wDDXQwnAWgWdsn8/Um13Uzg6ay5Lwkdt+hbhRbmX2P0Q84sanF138/1sNgf4DaJo9cyWrH99ExA+NdSC6PckPFHfOFtB4DB+EIrVvun8+U7a2WACdXuhAUJVzq8pb+TNEsb1qgxxnMOffkpmEau230lqCYpWfG/x7m9ogg1ksONg8CHrembs/4=
UwNudgN+y7GwYp9f9omvwHiXKlYwZ3Qd4H0BOwNXxo+0eGlPGR2nyAtFxkbP4wTjvuyaUQXfP9XAmO9ARgkzd2IaYd3kTFAYhxLbQ0wQQafMoV3nsMHIohsWS0dDZauLtcBZNf6EFSmHeuwFLxNE6+uW2BE2c35dCeno5l5b7YV45nl54b/X2W1iWFUCQz3jcEediauzzg==
kJmCtq/X3GknN9nJjPvIch9RJG9tAIgxV8UgQbC2o45TK3s9RSwxLZxyPTM2l+QkYJVHn30ROlC1NPTZwcM4cts5BuwyfD36Qfc+gPNTViknYzJBSiZhntGz8fXZPy8o41GcJPfNPRK2sd3D9p+xXiLVdDM8mfMhspJsix+xIo5DnQOftb1XikJhcFMPF2pP542ps8w=
tUBBWPezvWp7u7/gG45QBNFOOuPan5Pj59uB36Gd31ijpR72h6NMM0bMsiEd3ycl6LiXEI7J+8c6eslNHMzoiO+yA7OEUAn39EG116jB0JLz9nMXCyVje21gMaVGBO25Lxq0tefTjLuTtvDhLnNmLSHJEDYWG6U1oAbR6Zk/b0mFwgAlSoP1M0gn9bmzs9Y=
cM5fZTzs7hkgwYMBpsK9sC4Qjiw/xt98gMn/tJ/jv30BZP3dQMpZU5IPGLTsHcMf+Zm2wMmsUDkle2QCl/HCLHY0ccqdDxqgl0tqOStrNkFOLm2O7auV1f3H8xivGdjkMwVxYuoJOSNSB83Orl3ws7gRf7FOCsjrewn+fo/VR99xdZu6HhlUc+sPVl/rha2zyA==
31Bz2Brld57FAqQh85ApuIK16emBCr63CLnWJyoeP8aV7K30vkKZAYSSq089T9jFOyA/3PPZ9NhSSzEoeWMebufxXGMObi68IXH4qpmd9WItdYGL5KLanPUuPRBlVGQ2r0t0hp8O5muHspvPdVpiR7tT09270EWftJOjNss5oraDNO+kj0Sef3d/axYdYVPig66zzQ==
Gh4iQnYjhtwZ0WlKw6wf0aLklg29t1lrtj1ACAcocc7NkpJoYd+wwPt54bUQi39i/xo/E6ymBvnB/sU5dsBDE/zFYgSWItXjaNwFJ33sqfcBDWgoQiJhXI2Gmc7MWMvplGAzpJ41M2BLeSkgKol/kZOb95qdYWCh02D340qYp1bPgmOupmEDbXvgAVtb7Iess8s=
ng8aIrbfqMgQy2FGsUzYhX0pOx2/MjCr8A8JxXdfGtCNN4Sq1v3/wgMl0vKb2C+w5/iOm89zC6IVvePm2wKzGQ==
a/hR/V37jSnEYi2QLBkqM2sWx7IXWwJ7z4XtWadIz262IBCayMtZGR+rmlwVkzQWHqkfrvshwu6z7G98vxz+Z0fnqw6t+TO6M3azFQ==
YSAEy3Wa1ETe5HK7qrAyZ2BV+Rpb2v/LobqQsg+As/UgV+mthyca2J0vpILmxb8KU/2yGusgrzh3YC4zf8vL6sXlA44rerMR
dUj6CFo+f1PnEUwqhZaMtB7aCqIc7d8f94MtMa+3uxBoHWaV35yBGhhg6dskA9lbr5xRVTFbepaKrYaVXjrv08oYEQyE5/VV0EZBSak/n6kVAjAFGgOFU1hnRRljswY=
UV2nvSunLwP3QYiLXOrFkUdh1oBuNkKIU1+2o4uflfRLYVOLuOIQJfwxjHo997AQC3hGN5fhSi77jfsfja0v6mqx+JMHpwIvvz1xsxQ=
dUj6CFo+f1PnEUwqhZaMtB7aCqIc7d8f94MtMa+3uxBoHWaV35yBGhhg6dskA9lbr5xRVTFbepaKrYaVXjrv08oYEQyE5/VV0EZBSak/n6kVAjAFGgOFU1hnRRljswY=
XkSmGOkCOgr6ruV5LLNwfA6R4cVDJWnIzD0U6slFMwYVEnDK38jzLVC/yZWXLxrArQfEerYNf1KjlRKie6gvoMfIzkuvg4sytQ0jtjtyswk=
YSAEy3Wa1ETe5HK7qrAyZ2BV+Rpb2v/LobqQsg+As/UgV+mthyca2J0vpILmxb8KU/2yGusgrzh3YC4zf8vL6sXlA44rerMR
dUj6CFo+f1PnEUwqhZaMtB7aCqIc7d8f94MtMa+3uxBoHWaV35yBGhhg6dskA9lbr5xRVTFbepaKrYaVXjrv08oYEQyE5/VV0EZBSak/n6kVAjAFGgOFU1hnRRljswY=
DJXz6uiG4DX4KYjEk/VX9H0Dg+MsuCUjEzwBHHjI494DR3SBkWfb6dqaWWls2Cr779gnC+ow1w5PWpMGBglT1bsY0fM7hDd0sxM=
a/hR/V37jSnEYi2QLBkqM2sWx7IXWwJ7z4XtWadIz262IBCayMtZGR+rmlwVkzQWHqkfrvshwu6z7G98vxz+Z0fnqw6t+TO6M3azFQ==
ryj9MDHHk6YKzQ1dFbqu5K2M4hj8kiQopo2VHmMCdY27smUqNhZ4k2iPSBfjbO0tlbveDhY9Ch3aumtbRoiNlCCHUa1sNo2B7X9bYVkyzD1+I2FLRHdJEWezAg==
+dglD8tRGYYUio7hhIu8l55Ah3JIli8Xo6QrGjfG4onKUUACBomlmIoyjqmk/0U0O4HjCyhCQOXMUZx6LReAUNvY1rcngbpuq23LH32NfyraEQgTl0dSb08dYbME
ZXxEbSThumLsh7MMXKtRqFJx9r6GWrpp0FfJROc5t+scWry1gLkI+rl/TICnwOLX8znmnifFP19JZXMaBmncs+Pf7j+DNXWzEA==
pwxX0EHJJ5dBQ1cM3h1FDqyM4hj8kiQopo2VHmMCdY27smUqNhZ4k2iPSBfjbO0tlbveDhY9Ch3aumtbRoiNlCCHUa1sNo2B7X9bYVkyzD1+I2FLRHdJEWezAg==
ZXxEbSThumLsh7MMXKtRqFJx9r6GWrpp0FfJROc5t+scWry1gLkI+rl/TICnwOLX8znmnifFP19JZXMaBmncs+Pf7j+DNXWzEA==
ryj9MDHHk6YKzQ1dFbqu5K2M4hj8kiQopo2VHmMCdY27smUqNhZ4k2iPSBfjbO0tlbveDhY9Ch3aumtbRoiNlCCHUa1sNo2B7X9bYVkyzD1+I2FLRHdJEWezAg==
ZXxEbSThumLsh7MMXKtRqFJx9r6GWrpp0FfJROc5t+scWry1gLkI+rl/TICnwOLX8znmnifFP19JZXMaBmncs+Pf7j+DNXWzEA==
ryj9MDHHk6YKzQ1dFbqu5K2M4hj8kiQopo2VHmMCdY27smUqNhZ4k2iPSBfjbO0tlbveDhY9Ch3aumtbRoiNlCCHUa1sNo2B7X9bYVkyzD1+I2FLRHdJEWezAg==
Pn+yjkFNmB5KnFTwDKp56vctNglVOD0TPI8UR9ypi1QRI7M1QvbE406zandPkbJOUz1znwVdR0rSASDT//faD5ctebMc
RRJcgGiCYoROm8EfJMF+cvctNglVOD0TPIsWSdypi1QRI7M1QvbE406zandPkbJOUz1znwVdR0rSASDT//faD5ctebMc
PtLevUuT3Uiu5f4Ni3thJ+X9Hq/Nsaz9g3TBlanJ5g9A5+6b7fwtbj6ojQ1xNQWrCeFqGLfq5g4veCQvZfjcg8IoQ84lEUM6eRzQewsV2IZhieUeJXGBh/zW6oAdCl18XYC0CucPtEpHupY3L1Y7Yw3O8rsz11NRIyT1A9w3Q9pzbfIKS/Cv6NdwbqNfG0s65XVDnouqs8E=
jTBHl0ZWBeLiHT6+bAHSytG70I+EsA6KxURPr7Y22NeUzQh2D/EfrTqQ13MKqEeGz9IDnmbxIx370OHLG5wnfLMb
0+GViJFxlCYSCUWY3nI1IZtYPfnBkJTgpMbEyIDU3lWlrx72h6NMM0bMsiEd3ycl6LiXEI7J+8c6eslNHMzoiO+yA7OEUAn39EG116jB0JLz9nMXCyVje21gMaVGBO25Lxq0tefTjLuTtvDhLnNmLSHJEDYWG6U1oAbR6Zk/b0mFwgAlSoP1M0gn9bmzs9Y=
rJVRPAI0myaW7wHRQ99it87RUkHLkaU+ij8oliEVVX1vSIfbqgD3Pk9qszbGWfNFO4gxo/v01wSzYw==
XXYguiUIW/PIHf7j1LWv0I9d8kREad3BNHTEIZs7jcWYZlk5Qb83mQ3ieJWiQ50jkMf9yQuzbg==
O1vymalA6MjiEPPAaml+S43I6O7gGZlFM7RWyt0UbjWz7gC2nlnnf2xjpXaq1ZENHoUouf335cc/O4GV6Xz4omixNUcUtYeXkDMsOOZd5S4PMuNSv+m2+2kSfOk3exDD9DW7SVNyRHGMpG36gZyOJDXG2l/I8bR8ssCd18gzAmbVHvE3l5uZPdd1INwC6bz3i8ltgOSqgLRuITtk5G+tTZBUa5PPOhjqr7t1KwhYdz81pDY50N96VLqvXgCYbeWwl3lJ0cQWRyIflBadFO7Tzt4orvmB0sS3FEs3OPPoSbXy4DKpyCdlrGMB7Z3gqDbKv/TGMQyGDIW2a8ELOA8Q1E0PKrf2CoT6LtvgIieS2X6k+qsKCMyp5V0BLoKjDM1ZhEPTmbam/9rlXlg6wTcH0SA0XKSIt1NWTpld+kmW2x0rVqss+c/kA05I3qhTQ1M0l8eG5VInQwoZLBDLa6VYNgE5JS5FQYG3nOYqMH263cw9MHQ6hz+0eieKVodP5rvTbX4yi1PnU2FDFDWzvIfDahPdMjorwK/Yt0CuEz+ry4qFxYOu65qz8Q==
EbI5+V0XOe1QvPZ//a+bFbJjNC3i6qW/5dDqZOpCFRt+feMfJjyleKBtPW7Xj/Cpr8IES/b2V6Va+iH/Dmh2DJjnK8IbqieLMBTjM6LnFQAPhh2TA5Fr5d7jpfPEx2AGNSRF1r7CCbTSUdzrVKr+gmVprJmS4EmMWVkjYdlL+5c4wgbjzNF3+yVOMPAgIuKjg5pABX2LzAaDvbsAGNzDma11TJLHWYlWvrdERRoCdm0mPnxH9baLa2E/8GyH1LP2jgOQZCNooppmt9UI5KEYSQ9G1wIZ8y4yWgc8neUaj6O1QyTiBiyDhs4/GJzsU/opObVcpYBS0Z2C2ULwxIwCOfg8I5ipWFjI48Tclglz0YOWfAdmHZ/YETu3wpz/7Il8gGSF/be3nMbUKhwtMwCCWyXErbzLGzdEg8LNtST14ipGNtfJo5LrdU6rBv1jHBUuKLVPTwhw3etNgLH7AQFwRHLuufDtKgFCfDSTJVSsa8iuOStMK1Xx7Jrl5x0TF2/2La24jbNM7+969P+aD047whbtm8EbTNmXa4CfoLPH
+yqcPUnXLMXgtA2PhI6iicwbgmMuVRSCG0ke/u+Vp93QNbs6Pln0c0tPdt/LxQ2zaA==
C9iQSG7EBZUzhol419cYg/ctNglVOD0TPI8UR9ypi1QRI7M1QvbE406zandPkbJOUz1znQRdR0rSASDT//faD5ctebMc
UbcUHz3utoLUeClRZSBY4OnX12u6PRI/nF9QL63dmqereXqjWzkW7kys5YNdlk+0GBfIB0NoQ0YWuH/ZYBO1eTrG4FI+R9DBtPnlBXaxJncySzK9M5SB0CVOBBOXRRisj5fcB/Zfo9jnknsDbBBh5ywhPSeQwehie5arB2Nli8sVQDn1HoQ16Sf6DMVPE6SrSxZ4UdZzHp2paUgmPlsNxRhm2TnBvbaZjeL4lSJDHSMQx33Ji7Pu
6M02pMQZ6PivU9ZecxVtLfctNglVOD0TPIsWSdypi1QRI7M1QvbE406zandPkbJOUz1znQRdR0rSASDT//faD5ctebMc
4HZEKB7W2fIXb9S3/4lAiOX9Hq/Nsaz9g3TBlanJ5g9A5+6b7fwtbj6ojQ1xNQWrCeFqGLfq5g4veCQvZfjcg8IoQ84lEUM6eRzQewsV2IZhieUeJXGBh/zW6oAdCl18XYC0CucPtEpHupY3L1Y7Yw3O8rsz11NRIyT1A9w3Q9pzbfIKS/Ct6ddwbqNfG0s65XVDnouqs8E=
eXhpD/m7QqvHB+Z/lYUsZB+zeuFcYXO7qSFU1IL+N/38O1Ij3jWEAqvpTj6fdbfdwBWLeu45BPPb78YfmyV9sxg=
gLZTLqb/2crjUaTvZUkeUrKSqFRKK4qVlXlzlN2713nsSouhn5dWQHc3rozIRSIcofUtWmFlyNvOxwld1FZlMWX+1hHwkrSNpmNZmxxXoQFvswo=
y3DVVmlEzThJ+4Meb72ERcfXeQQlnlnVSt2I1GohwHvxW44sW3RTaVRnz4W0SLe4atnC3gM9KOPdsKmQPXsBEzqfgBSkLTsfgal+YFE8+PkNC1ziX6FarO5kOeplP3Lgf9vyWeObDkF23qXudTt9lZX3CzjnSUBkq1W5gtJ5EeP6l1VuZm2Is0AhNxHWmmCrU/nGHscF317spVKaZim8s4Ofzr+j9ZWz8A==
UoR42t8oTU2la7KcPblYalUuUueUikKiP5NYcoZmzX+Y0O7e6dv5RjlH2iJAzb8jeniX9ZNifvDc/jlE2w3pUcDPF9Z/rldXfEIOjeEKDV3mRKunvPGKAIZGHRfIqI3DrajBwwE5AGySxukoLXJRqtxcI93U1NsgDlH7lGsNIcT6zRclEy+f3k2FaNXzlD+H2hxP4o6zi6u2BcuZ25SJv4uo75iz/w==
PGu9+m3Utpss/PoZozp2XOuO2RMt2ShHZoPXbQEO0Brfy+i6xi49J7go/tbp0+m+GR8qagAFD3uawAd9E+ruSLwmiQwbxZmJ4LcH3n+mRy9cmn5FIUK9hYb8Oy88eRq4Zh6t34jgfZuNUNHLATEQlLKeGWBtuuHyPOSzVVRcS5huiUvcq8VRHNq1By0TJ4+mbV0YHTPcj1+6pN9qDjsbE1Zde1Gb3Hnnq1D/kLP3
bNS9ljB9oM4q3PvUlt5xXxB10lyo2g+NgU0HYYoAKX3qIMc9/IjWIDEtsC761OnN1aRhCR548CsjkfLmIx/z1LKy5BBdfssL1UOo8cOcv3g79eTMiheRrNEvLprfjZyHhgL+aDltGG7xEQXWVUmBr6wOSgit8h0UTZjUQhe3NOKX4rY/Hy77i51WEnND71N5c/xVi2zPA7JjdZJCu0guRQcpTqtvY4vSde2jVvuSs+k=
h4hhRRml6r5FQUOSAjKKAv/4oRElyaLofUgnhaxAlnjBBZDW6tzp1eVMATHOMDDzUzlSnrOXc0wC2gSoDbaLUyVriAnTlL9gCx2E9FpfUXShh47iTwUcHzZqHtBppVg2ATklLkVBgbec5iowfbrdzD0wdDqHP7R6J4pWh0/mu9NtfjKLU+dTYUMUNbO8h8NqE90yOivArt23Qa4TP6vLioXFg67rmrPx
w0O0T1nIagMYDccuOWnpGIzecwN1ilzOU8vbk3A6127xW44sW3RTaVRnz4W0SLe4atnC3gM9KOPdsKmQPXsBEzqfgBSkLTsfgal+YFE8+PkNC1ziX6FarO5kOeplP3Lgf9vyWeObDkF23qXudTt9lZX3CzjnSUBkq1W5gtJ5EeP6l1VuZm2Is0AhNxHWmmCrU/nGHscF317spVKaZim8s4Ofzr+j9ZWz8A==
FQpoLj581yTI+qJPI9zw///4vB0j27nhTUgnhaxAlnjBBZDW6tzp1eVMATHOMDDzUzlSnrOXc0wC2gSoDbaLUyVriAnTlL9gCx2E9FpfUXShh47iTwUcHzZqHtBppVg2ATklLkVBgbec5iowfbrdzD0wdDqHP7R6J4pWh0/mu9NtfjKLU+dTYUMUNbO8h8NqE90yOivArt23Qa4TP6vLioXFg67rmrPx
tViPlAQ7iz0g11hl9okkCBggGbmYCniS1YbVuVdZci3VX8rGrxfQ5iYyBTvINMbK6c/RomkDEnbgWTen6hw/IdO2VpTM+jFQ+1khFZArv0L/Ov+zLAbG2cEeBVn2IINz/CUiZBbClYNo/EWH/Uzp1wEtKIjCgiF8jebZLkw4iwmUAPNEHlXzgEtZ6YCqKb+xk7s3Oh3BoIHTgDeDynhnNs5nI88mgUMNe8BB+9tMx4yz6w==
FKGV0ztpquE7XGG7UtXF3hImfxsWOp64/41+KhV099GUrPZcKRmgIvLQ6dHtsBElNhwQF3tloqrrWzMIymZUfLXaa/dN9zh9Sxg/5INhFGAi8/EQCVv+VpdJ3Nt+Vs6EUUk4EuklFdpdTYGzlBo6JIWW/SgVbIQO3/P0Pu82BlP3ilt3BeKC/8tr0+XLaKUnxCtjDrsBQo7zjG4Z/31+RwdHq65t2bNa85az9Q==
mD70dlW92PlLihB4SoOGZRMvYgwQOdeqr4NiIBA1w5+Ytv5JKRmgIvLQ6dHtsBElNhwQF3tloqrrWzMIymZUfLXaa/dN9zh9Sxg/5INhFGAi8/EQCVv+VpdJ3Nt+Vs6EUUk4EuklFdpdTYGzlBo6JIWW/SgVbIQO3/P0Pu82BlP3ilt3BeKC/8tr0+XLaKUnxCtjDrsBQo7zjG4Z/31+RwdHq65t2bNa85az9Q==
RIb5p1cb6oCwCPC9+8p4xh+zeuFcYXO7qSFU1IL+N7/9P08j3jWEAqvpTj6fdbfexBWKeu45BPPb78YfmyV9sxg=
B8c/8xPaCX+zRqO3ZvPDnM7RUkHLkaU+ij8oliEVVX1vSIfbqgD3Pk5vszfGWfNFO4gxo/v01wSzYw==
GaJr9gZFOCOKSFRzLNC7pY9d8kREad3BNHTEIZs7jcWYZlk5Qb4ymQzieJWiQ50jkMf9yQuzbg==
61VCmxXDhe5Hii5KtB1BQKICD28adnpdb5oJScb6zlIUILI+L7LV9EmgYWdPkbJOUz1zmwFdRErSASDT//faD5ctebMc
fPF93zw2F4Gmpqefzc1iKHJIo5j2Walj3B7BQKFnm9gUCLqigLg+vqMqQZeyzOfH8znmnifFP1tNZXAaBmncs+Pf7j+DNXWzEA==
4Sl5WH+KW+jiofnVoo99Q2MzKIqJz+flULUVbluZlE50Gs5kcH7t9g+8c5Qztx1lyKYJGVGyI3leIih1MsPtw+AHjSl7sx4=
DRt937DQ7aP7MB2BlM7PGcJhMDtVQQpdb5oJScb6zlIUILI+L7LV9EmgYWdPkbJOUz1zkgFdRErSASDT//faD5ctebMc
d2bIy5dMyDOyfESU+tHalTxIcNBw2SmS7OYRH9DlbjEOld5OULYQJEZ+T2ariWJGI2Tr8S+3Xs8XL+vG/dETkiN+sx0=
lVriVYhdb8tVbd5VwuKR3PoCfyABIhldb5oJScb6zlIUILI+L7LV9EmgYWdPkbJOUz1zmgBdRErSASDT//faD5ctebMc
kjkouP8jm7sfY9sKcWD2aEkLS8WSm/fOQ7UVbluZlE50Gs5kcH7t9g+8c5Qztx1lyKYJGVG6InleIih1MsPtw+AHjSl7sx4=
7qfETCUsEpRJQUp+7NCwwh1x5piGFucv0BLtDbsytelaErqigLg+vqMqQYS9yP3H8znmnifFP1pMZXAaBmncs+Pf7j+DNXWzEA==
EpemhYIK48ddEzZg5n0jI0pq/cRXE7PpEZRydhdlYYYHOSjm4Go6/Pz+YW57TOc8jxfBDTz23aEdem6BCvIcXe6jEav0N7kxd7MS
tf4OIuY1lNr4Av3fWXZV9xU4/O80XKi9VZRydhdlYYYHOSjm4Go6/Pz+YW57TOc8jxfBDTz23aEdeW6BCvIcXe6jEav0N7kxd7MS
JHtvcalYZJHLOzU9kE10n09wzfvJDbM00BLtDbsytelaErqigLg+vqMqQYS9yP3H8znmnifFP1lMZXAaBmncs+Pf7j+DNXWzEA==
0wG7olXHmeRRYWtLODX8UUBx5piGFucv0BLtDbsytelaErqigLg+vqMqQYS9yP3H8znmnifFP1lMZXAaBmncs+Pf7j+DNXWzEA==
DGX2EEyUzCRcKgfRvc8WEU9wzfvJDbNp0BLtDbsytelaErqigLg+vqMqQYS9yP3H8znmnifFP1hMZXAaBmncs+Pf7j+DNXWzEA==
onvkmh7kMjGgZPi/eVeqhUpx5piGFucv0BLtDbsytelaErqigLg+vqMqQYS9yP3H8znmnifFP1hMZXAaBmncs+Pf7j+DNXWzEA==
2AC1cLDTX10Rdv0nishUI0g9/cRXE7PpEcNydhdlYYYHOSjm4Go6/Pz+YW57TOc8jxfBDTz23aEdeG6BCvIcXe6jEav0N7kxd7MS
L2YySKRqjsWff1QG1CuD5UI4/O80XKi9V8NydhdlYYYHOSjm4Go6/Pz+YW57TOc8jxfBDTz23aEdeG6BCvIcXe6jEav0N7kxd7MS
6GhFhF4WdNLKQ1E1L3ZELUo9/cRXE7PpEcNydhdlYYYHOSjm4Go6/Pz+YW57TOc8jxfBDTz23aEdeG6BCvIcXe6jEav0N7kxd7MS
vArxx3CQVHjzGKDmIUzHOkQl1IhqA0LEDhGzo5Tasb0XalGJ/qoWMvwwuj4nor0UEXBZJ5fhSi77jfsfiK0s6mqx+JMHpwIvvz1xsxQ=
87ACLsbW0qKFMFQIVZUIbqMCD28adnpdb5oJScb6zlIUILI+L7LV9EmgYWdPkbJOUz1zmwNdRErSASDT//faD5ctebMc
FPjgoNJpyb4xlRtUWrmAHnJIo5j2Walj3B7BQKFmm9gUCLqigLg+vqMqQZeyzOfH8znmnifFP1tPZXAaBmncs+Pf7j+DNXWzEA==
LeAn+NQL5e+d0fX++MM6vmMzKIqJz+blULUVbluZlE50Gs5kcH7t9g+8c5Qztx1lyKYJGVG4IXleIih1MsPtw+AHjSl7sx4=
bbO1u8TMy78DHa4lKh/3ocJhMDtVQQpdb5oJScb6zlIUILI+L7LV9EmgYWdPkbJOUz1znwNdRErSASDT//faD5ctebMc
WG8AxkWl7Xts2vqZVqmTgzxIcNBw2SmS7OYRH9DlbjEOld5OULYQJEZ+T2ariWJGI2Tv8i+3Xs8XL+vG/dETkiN+sx0=
Yvb0za2k35GNSdNQyCo00/gCfyABIhldb5oJScb6zlIUILI+L7LV9EmgYWdPkbJOUz1zngNdRErSASDT//faD5ctebMc
LzvO3wHhqypleWf8PSnEKtFhMDtVaBldb5oJScb6zlIUILI+L7LV9EmgYWdPkbJOUz1zngNdRErSASDT//faD5ctebMc
ltyTwV32XnJBYIvABnoMp/oCfyABIhldb5oJScb6zlIUILI+L7LV9EmgYWdPkbJOUz1zngNdRErSASDT//faD5ctebMc
n1R/3ijN3Meik7LsNQ+i/kkLS8WSm/fOQ7UVbluZlE50Gs5kcH7t9g+8c5Qztx1lyKYJGVG+IXleIih1MsPtw+AHjSl7sx4=
5pIOfzcs3Y436/EtT2EuXEpx5piGFucv0BLtDbsytelaErqigLg+vqMqQYS9yP3H8znmnifFP11PZXAaBmncs+Pf7j+DNXWzEA==
8DpwBaERHaKZegQyfrPdv0o9/cRXE7PpEcNydhdlYYYHOSjm4Go6/Pz+YW57TOc8jxfBDTz23aEdfW2BCvIcXe6jEav0N7kxd7MS
0VfNVM0TgGBtKQhOX2Lf/kcl1IhqA0LEDhGzo5Tasb0XalGJ/qoWMvwwuj4nor0UEXBZJ5fhSi77jfsci60s6mqx+JMHpwIvvz1xsxQ=
8erxj63rqjFS384a6AxCC6ACD28adnpdb5oJScb6zlIUILI+L7LV9EmgYWdPkbJOUz1znwJdRErSASDT//faD5ctebMc
A3TjHdplyiya01+w7cZL03JIo5j2Walj3B7BQKFlm9gUCLqigLg+vqMqQZeyzOfH8znmnifFP19OZXAaBmncs+Pf7j+DNXWzEA==
+FcUGWbS7NEbLoIBtR4IQ2MzKIqJz+XlULUVbluZlE50Gs5kcH7t9g+8c5Qztx1lyKYJGVGzIHleIih1MsPtw+AHjSl7sx4=
SJQBrE2lPCi3cLH5BhKG4MJhMDtVQQpdb5oJScb6zlIUILI+L7LV9EmgYWdPkbJOUz1zkwJdRErSASDT//faD5ctebMc
4WtgvPIbDrRKIsX42un7bjxIcNBw2SmS7OYRH9DlbjEOld5OULYQJEZ+T2ariWJGI2Ti8y+3Xs8XL+vG/dETkiN+sx0=
ZwoyVnqRq5sCGUxlbbjt4voCfyABIhldb5oJScb6zlIUILI+L7LV9EmgYWdPkbJOUz1zkgJdRErSASDT//faD5ctebMc
vqMfToQVhqCrS5cMV5ovpUkLS8WSm/fOQ7UVbluZlE50Gs5kcH7t9g+8c5Qztx1lyKYJGVG7J3leIih1MsPtw+AHjSl7sx4=
JGrTkUlC+i8M7D7iQdSnckpx5piGFucv0BLtDbsytelaErqigLg+vqMqQYS9yP3H8znmnifFP1tJZXAaBmncs+Pf7j+DNXWzEA==
Ai/gWzbbxnNERCn5svaRUEo9/cRXE7PpEcNydhdlYYYHOSjm4Go6/Pz+YW57TOc8jxfBDTz23aEde2uBCvIcXe6jEav0N7kxd7MS
GPPpR9A4qP0nFJDtza4yR0Yl1IhqA0LEDhGzo5Tasb0XalGJ/qoWMvwwuj4nor0UEXBZJ5fhSi77jfsbja0s6mqx+JMHpwIvvz1xsxQ=
xNrYgd+5hAQ5H9982kQ9dqECD28adnpdb5oJScb6zlIUILI+L7LV9EmgYWdPkbJOUz1zmAVdRErSASDT//faD5ctebMc
5O07+I4JXxnCrv8Ql5UzBXJIo5j2Walj3B7BQKFkm9gUCLqigLg+vqMqQZeyzOfH8znmnifFP1hJZXAaBmncs+Pf7j+DNXWzEA==
ox6tdA5crzKsGpGEYv6anWMzKIqJz+TlULUVbluZlE50Gs5kcH7t9g+8c5Qztx1lyKYJGVG8J3leIih1MsPtw+AHjSl7sx4=
8MUu5WtXj4uitEiiddqtBsJhMDtVQQpdb5oJScb6zlIUILI+L7LV9EmgYWdPkbJOUz1znAVdRErSASDT//faD5ctebMc
S4WZf091PtTXbEgfLP5n4PMRfyABIgpdb5oJScb6zlIUILI+L7LV9EmgYWdPkbJOUz1zkwVdRErSASDT//faD5ctebMc
1Sa22Y67EcUx+fbMCin7f1ICWMWSm/fHULUVbluZlE50Gs5kcH7t9g+8c5Qztx1lyKYJGVGzJ3leIih1MsPtw+AHjSl7sx4=
9o2oN6GVQFMBjrCR2LXq8UNq74uGFucvyxv+DbsytelaErqigLg+vqMqQYS9yP3H8znmnifFP1NJZXAaBmncs+Pf7j+DNXWzEA==
UmGkXfaGoFuZLKZKwKQ88kA05s1EE7PpEcppfwRlYYYHOSjm4Go6/Pz+YW57TOc8jxfBDTz23aEdc2uBCvIcXe6jEav0N7kxd7MS
elHe4kuCebAIkwE2FSA7NgEv3ZNjEELEDhG5qo/Tor0XalGJ/qoWMvwwuj4nor0UEXBZJ5fhSi77jfsSja0s6mqx+JMHpwIvvz1xsxQ=
h4SQ8PwBz6SCPZwwj08w0l3HkbB4ECD0p3ewIRsKLTfIFb0+o9lMflz6tnR4fuXm99xbpGt3ZbVgBpFp2TuuycbCQKWKgzWzCCe1OXOzFg==
1wUoPpYOEfM2lfOIuP60H6YCD28adnpdb5oJScb6zlIUILI+L7LV9EmgYWdPkbJOUz1znQRdRErSASDT//faD5ctebMc
i40z9csXKUVRpNcMg7rbH3JIo5j2Walj3B7BQKFjm9gUCLqigLg+vqMqQZeyzOfH8znmnifFP11IZXAaBmncs+Pf7j+DNXWzEA==
pLBeJ2tVjCqLS5/+WlMoAGMzKIqJz+PlULUVbluZlE50Gs5kcH7t9g+8c5Qztx1lyKYJGVGyJnleIih1MsPtw+AHjSl7sx4=
G5czrqJPvdg8eNsX3MvorsJhMDtVQQpdb5oJScb6zlIUILI+L7LV9EmgYWdPkbJOUz1zkgRdRErSASDT//faD5ctebMc
fBgLkGt8VFU6bMtmHubQGvMRfyABIgpdb5oJScb6zlIUILI+L7LV9EmgYWdPkbJOUz1zkgRdRErSASDT//faD5ctebMc
RIpmm4wbCrpjAZLLziz9mlICWMWSm/fHULUVbluZlE50Gs5kcH7t9g+8c5Qztx1lyKYJGVG7I3lZIih1MsPtw+AHjSl7sx4=
5ySKPlyS+917K7/dx1yxQUNq74uGFucvyxv+DbsytelaErqigLg+vqMqQYS9yP3H8znmnifFP1tNZXcaBmncs+Pf7j+DNXWzEA==
z5bfKPGqjMhSJiKtwZyTnkA05s1EE7PpEcppfwRlYYYHOSjm4Go6/Pz+YW57TOc8jxfBDTz23aEde2+BDfIcXe6jEav0N7kxd7MS
sg9wUwhaIp3tg+KBqq9J3Esj9fw0XKi9X8ppfwRlYYYHOSjm4Go6/Pz+YW57TOc8jxfBDTz23aEde2+BDfIcXe6jEav0N7kxd7MS
E9wrjhYHANw+LcGaWcmmSUs05s1EE7PpEcppfwRlYYYHOSjm4Go6/Pz+YW57TOc8jxfBDTz23aEdem+BDfIcXe6jEav0N7kxd7MS
FCKHsdXlIZSG5pVFF04IrUsj9fw0XKi9VMppfwRlYYYHOSjm4Go6/Pz+YW57TOc8jxfBDTz23aEdem+BDfIcXe6jEav0N7kxd7MS
eyp5ZrJGpowOxjlxSr3AvUA05s1EE7PpEcppfwRlYYYHOSjm4Go6/Pz+YW57TOc8jxfBDTz23aEdem+BDfIcXe6jEav0N7kxd7MS
zHsXnKSArKKHs7pSOtpQqwEv3ZNjEELEDhG5qo/Tor0XalGJ/qoWMvwwuj4nor0UEXBZJ5fhSi77jfsaia0r6mqx+JMHpwIvvz1xsxQ=
MZHglP4ukae1q1L33W3jCF7HkbB4ECD0p3ewIRsKLTfIFb0+o9lMflz6tnR4fuXm99xbpGt3ZbVgBpFp2TmrycHCQKWKgzWzCCe1OXOzFg==
QHg2rkm5II8t2/dramSuaXfMhqUEG/XRzgciWzydhepzixZtY4L9KRLCgoJoyCa+u9oppIWYNYc7ib5+T1WH3rX13rpemZRzK48WX6sFbbMI
duu4X+KfnDCBtr13wHXHPYfU6g4WJpmctjEziJz+lnnnSpHvvMUJVk954JbISiIM5P55HmNsz8zH1wld1FZlMWX91xH0krSNpmNZmxxXoQFvswo=
OtnKHX2lx394caBwk79sFqcCD28adnpdb5oJScb6zlIUILI+L7LV9EmgYWdPkbJOUz1zkgFdQkrSASDT//faD5ctebMc
wCZtiiMJWP4XGk18Ews2gXJIo5j2Walj3B7BQKFim9gUCLqigLg+vqMqQZeyzOfH8znmnifFP1JNZXYaBmncs+Pf7j+DNXWzEA==
iCfeFAjbh9mfre7izoZiLmMzKIqJz+LlULUVbluZlE50Gs5kcH7t9g+8c5Qztx1lyKYJGVG4InlYIih1MsPtw+AHjSl7sx4=
p3iZPO9O37GBRXBnA2iXQ8JhMDtVQQpdb5oJScb6zlIUILI+L7LV9EmgYWdPkbJOUz1zmABdQkrSASDT//faD5ctebMc
it3uLmtf4WQ6bqTP0s17Q/MRfyABIgpdb5oJScb6zlIUILI+L7LV9EmgYWdPkbJOUz1znwBdQkrSASDT//faD5ctebMc
uhbywhXFsxsX3tGmBgTFblICWMWSm/fHULUVbluZlE50Gs5kcH7t9g+8c5Qztx1lyKYJGVG/InlYIih1MsPtw+AHjSl7sx4=
ruSuyQfdnItx05IOgCFCvlFq74uGFucvyxv+DbsytelaErqigLg+vqMqQYS9yP3H8znmnifFP19MZXYaBmncs+Pf7j+DNXWzEA==
5Pxb4K8jahFJK3Qw7NoKHUAm5s1EE7PpEdhpfwRlYYYHOSjm4Go6/Pz+YW57TOc8jxfBDTz23aEdfm6BDPIcXe6jEav0N7kxd7MS
0P6QX1Vr34U4ss54Klqx5lkj9fw0XKi9X9hpfwRlYYYHOSjm4Go6/Pz+YW57TOc8jxfBDTz23aEdfm6BDPIcXe6jEav0N7kxd7MS
5M/aGJ4Ci7gsvAwB0g8QEFR53vvJDbN4yxv+DbsytelaErqigLg+vqMqQYS9yP3H8znmnifFP15MZXYaBmncs+Pf7j+DNXWzEA==
fX2w31vzw81BIjxjSP97OUNq74uGFucvyxv+DbsytelaErqigLg+vqMqQYS9yP3H8znmnifFP15MZXYaBmncs+Pf7j+DNXWzEA==
H7lwN4r4px9DyQ9qXyJzm0A05s1EE7PpEcppfwRlYYYHOSjm4Go6/Pz+YW57TOc8jxfBDTz23aEdfW6BDPIcXe6jEav0N7kxd7MS
xflb/9Xiuuma5Wsu26qoZQEv3ZNjEELEDhG5qo/Tor0XalGJ/qoWMvwwuj4nor0UEXBZJ5fhSi77jfsdiK0q6mqx+JMHpwIvvz1xsxQ=
iXquZoMhc1wGzAGRnI5QxF7HkbB4ECD0p3ewIRsKLTfIFb0+o9lMflz6tnR4fuXm99xbpGt3ZbVgBpFp2TyqycDCQKWKgzWzCCe1OXOzFg==
z/Wc4Eb/tNKuDOLV3rzmC3fMhqUEG/XRzgciWzydhepzixZtY4L9KRLCgoJoyCa+u9oppIWYNYc7ib5+T1WH3LT13rpemZRzK48WX6sFbbMI
G9gvgmB1hfnlcMVP/lj9goTU6g4WJpmctjEziJz+lnnnSpHvvMUJVk954JbISiIM5P55HmNsz8zH1wld1FZlMWXy1hH0krSNpmNZmxxXoQFvswo=
0o+IHeMlsdEf/wHQTICf8hZw7a/PDsAv1g6ODbsytelaErqigLg+vqMqQYS9yP3H8znmnifFP1hOZXQaBmncs+Pf7j+DNXWzEA==
Xn6r5As+8gX+59qjXxfs+CYziATcsfy14eDQY1E31oqTlEAPOuvCCKCgv1OUcUmK3L7RR2B9Duk+jd5WYG5wvPYmjz6bkQKek/xoa59rPtcndyueTUlzShNmswU=
OtP4sfkHWU66o3GlUDNTY9eZf31gS2c+jXImUyzFiBS9r2hTfUSwBlZekalfOHew/5fcXB1rejRXIQYKfuTlXu0sbP30OTvd3pSgoer1rqFupd5+MCbDO2KUzxaLmSLWw1Tow88jHt83X2s23cHTAkNOsy0=
Rgx0f1gUXwN0oMSl+hVH3A6qxvlMWaK43EhsF2uNhOIh2i4uLY7nG1zYgoJoyCa+u9opt4qcL4c7ib5+T1WH2Lb13LpemZRzK48WX6sFbbMI
igKzJ/fZvTzsweCdcFi9Yn0pOx2/MjCr8A8JxXdfGtCMN4Sq1v3/wgMl0vKb2C6w5/COm89zC6IVvePm2wKzGQ==
wN9EjoV2eYnjqUhkdTBAoWsWx7IXWwJ7z4XtWadIz262IBCayMtZGR+rmlwUkzQWHqkfrvshwu6z7G58vxT+Z0fnqw6t+TO6M3azFQ==
1HyRqgYO+FgiXHM2wTuaqK2M4hj8kiQopo2VHmMCdY27smUqNhZ4k2iPSBfjbO0tlbveDhY9Ch3aumtaRoiNlCCHUa1sNo2B7X5bYVEyzD1+I2FLRHdJEWezAg==
UVXJx8pG6ey+7Be7aa2ud+Lzo8be2KvXTirJhc3cz0Xz0hh8TCRIrYzL0FAXJRBcZ6fd3tS7gsdbhet/YccJ031PWTGj6Je0TazbIxY492lZVwDOO8FCTnPMaVh/tX6Hh4er7u2ZsxpzVrM1
mM+1C4yT6hQVm7KFkqWy7uLzo8be2KjXTirJhc3cz0Xz0hh8TCRIrYzL0FAXJRBcZ6fd3tS7gsdbhet/YccJ0X1PWTGj6Je0TazbIxY492lZVwDOO8FCTnPMY1l/tX6Hh4er7u2ZsxpzVrM1
Xz+B6ElRclEW8VTWsPf8C+Lzo8be2KnXTirJhc3cz0Xz0hh8TCRIrYzL0FAXJRBcZ6fd3tS7gsdbhet/YccJ0n1PWTGj6Je0TazbIxY492lZVwDOO8FCTnPMb1p/tX6Hh4er7u2ZsxpzVrM1
nnGboGFLffVZvpe7Gyn6JU47Lhj+hsHfxepiChnZkP3lL2X1jSMWvJbY49Kp2Yv27AMrcEQDNXwcxkTmNCmf1NWHE/XLyqPOeSNbpwl7QLCRG77rCniF9QCGcSm5O4iJbELg5aqDFfOopxV5U7M2
Qq3gAAzjMbleK+Luj7emtk47Lhj+hsDfxepiChnZkP3lL2X1jSMWvJbY49Kp2Yv27AMrcEQDNXwcxkTmNCmf19WHE/XLyqPOeSNbpwl7QLCRG77rCniF9QCGcSm5PYiJbELg5aqDFfOopxV5U7M2
x9ixKFZPAFC4PzVW/ozbt+VEncJnCCkZnXRscmgIYoc5dArykmBPTGNVEQ41JinP9bGshIzyZ0PuNMO8vLRyLPkheZrRmrPrkWNLOwJ0W9N0v3gotyHqrltN2xltbUZqivGYk+fnoq8ffVGzNA==
ebFP4c2EyWwbyw7zq9gOQBdw7a/PDsAv1g6ODbsytelaErqigLg+vqMqQYS9yP3H8znmnifFP1tJZXobBmncs+Pf7j+DNXWzEA==
DZSXRiGrGYwAXrsj6pKezw6qxvlMWaK43EhsF2uNhOIh2y4uLY7nG1zYgoJoyCa+u9opt4qcL4c7ib5+T1WH27H10rtemZRzK48WX6sFbbMI
CC0twZtQOIHLlGM3IarPdX0pOx2/MjCr8A8JxXdfGtCNN4Sq1v3/wgMl0vKb2Ci15/mIm89zC6IVvePm2wKzGQ==
HrovmKw3qEI2u43D6yw8T2sWx7IXWwJ7z4XtWadIz262IBCayMtZGR+rmlwVkzQWHqkfrvshwu6z7Gx6vx34Z0fnqw6t+TO6M3azFQ==
uAEvppyX5MG5R0p8oE2LMWJE+Rpb2v/LobqQsg+As/UgV+mthyca2J0vpILmxb8KU/2yGusgqD93YSgzf8vL6sXlA44rerMR
lZavDMwXdcI5W2gjdoKE4xYprpXnNcUvmlPJROc5t+scWry1gLkI+rl/TICnwOLX8znmnifFP1xMZXEcBmncs+Pf7j+DNXWzEA==
HvBqLPWeYPHHHHTKa6gJMvHiy3tY1PfTF0oE4qTRJL4xGXPCXd6gvgd0k8n4EzkBL7OaRCWLVM4u8d/2S/midgN07eIPhpi/979rVp0hU6IDbrMN
k4/6vvenSfcENAdXD33FKlo47Mk0EPXzUMNtMzMsPY0FO26u5n06/cq6ezt2SP00kAfBDTz23aEdcm2BC/QcXe6jEav0N7kxd7MS
koc5/ztFqLPRZhb2AN1guRYqrpXnNcUvmlPJROc5t+scWry1gLkI+rl/TICnwOLX8znmnifFP11OZXEcBmncs+Pf7j+DNXWzEA==
vxaHOIBYJesvvGKGls7RdOna59bIss19STvO3P9uZA6chfSCed2zjoVq0GKvEDNlgIepfac3Gsi9/+RSRlU/mvMt8srLMKMoV7Jo499bS3plNUNeC2qzAQ==
bqgzHVVoVSzHWzrQeL98Elo47Mk0EPXzUMNtMzMsPY0FO26u5n06/cq6ezt2SP00kAfBDTz23aEde2qBC/QcXe6jEav0N7kxd7MS
47pOVIWjiEcu1N1r+FOggxYrrpXnNcUvmlPJROc5t+scWry1gLkI+rl/TICnwOLX8znmnifFP15IZXEcBmncs+Pf7j+DNXWzEA==
/TR9VCglLVVbR78ssnuiK+na59bIsc19STvO3P9uZA6chfSCed2zjoVq0GKvEDNlgIepfac3Gsi9/+RSRlU/mvMt8srLMK4sV7No499bS3plNUNeC2qzAQ==
uIXepE6Qw5KHr4xXaOIivVo47Mk0EPXzUMNtMzMsPY0FO26u5n06/cq6ezt2SP00kAfBDTz23aEdc2+BCvQcXe6jEav0N7kxd7MS
GdO0OC3tE/kDdt2GHC0xw/YvOm9WKz0UM5ELS4CyyEUUIYR6NefY8FOofndPkbJOUz1zmgBdREzSASDT//faD5ctebMc
abUiyYbUM47maEadruPHaEB956nEWf1u1QyOWu4/q6gXWry1gLkI+rl/TICnwOLX8znmnifFP1JMZXAcBmncs+Pf7j+DNXWzEA==
SMFKRdUW2+N/CpB4KcrJa30pOx2/MjCr8A8JxXdfGtCMN4Sq1v3/wgMl0vKb2Ci35/2Im89zC6IVvePm2wKzGQ==
URxhme0pki1C8ycjaXk9JmsWx7IXWwJ7z4XtWadIz262IBCayMtZGR+rmlwUkzQWHqkfrvshwu6z7GJ8vxn4Z0fnqw6t+TO6M3azFQ==
EjyqFVpTOlBYLktt2idvgxYprpXnNcUvmlPJROc5t+scWry1gLkI+rl+TICnwOLX8znmnifFP19IZXYcBmncs+Pf7j+DNXWzEA==
PWlKifZRhFbGfH9Ns7Lx9vHiy3tY1PfTF0oE4qTRJL4xGXPCXd6gvgd0k8n4EzkBL7OaRCSLVM4u8d/2S/midgN07OUPgZi/979rVp0hU6IDbrMN
YufhaSR1wU5oNhBcWQsAsVo47Mk0EPXzUMNtMzMsPY0FO26u5n06/cq6ezp2SP00kAfBDTz23aEdem+BD/QcXe6jEav0N7kxd7MS
zYVrnlplyMM1KeCXlTHabRYqrpXnNcUvmlPJROc5t+scWry1gLkI+rl+TICnwOLX8znmnifFP11NZXUcBmncs+Pf7j+DNXWzEA==
6TbKomoNDIyxRwJCbqo9Eena59bIss19STvO3P9uZA6chfSCed2zjoVq0GKvEDNlgIepfac3Gsi8/+RSRlU/mvMt8srLMK8tV7Zo499bS3plNUNeC2qzAQ==
rl8pCjMpk7SMJlhcFvSaGFo47Mk0EPXzUMNtMzMsPY0FO26u5n06/cq6ezp2SP00kAfBDTz23aEdfG6BD/QcXe6jEav0N7kxd7MS
DGSI5eUDCcoCJ6+N4mE0xBYrrpXnNcUvmlPJROc5t+scWry1gLkI+rl+TICnwOLX8znmnifFP1lPZXUcBmncs+Pf7j+DNXWzEA==
YwOw8ouVv+m2NJFw/DY96Ona59bIsc19STvO3P9uZA6chfSCed2zjoVq0GKvEDNlgIepfac3Gsi8/+RSRlU/mvMt8srLMK8vV7Zo499bS3plNUNeC2qzAQ==
n7B83sSL9LLVB80NYKAfq1o47Mk0EPXzUMNtMzMsPY0FO26u5n06/cq6ezp2SP00kAfBDTz23aEdfWyBD/QcXe6jEav0N7kxd7MS
JpNQWPU/NDUG2irTRAmhv/YvOm9WKz0UM5ELS4CyyEUUIYR6NebY8FOofndPkbJOUz1zkgJdQUzSASDT//faD5ctebMc
FmLx7nUgM7FKCfdLtfY2+kB956nEWf1u1QyOWu4/q6gXWry1gLkI+rl+TICnwOLX8znmnifFP15IZXUcBmncs+Pf7j+DNXWzEA==
jxwpzK/Bd3/d+dqq+Zd1GpnByUhDguBlLBG8eg3X4NB7mDa3B0Ea7sut6xKYzd+tutFoE7cHsu/v3QGzZA==
WlgEs0YdL6F1i08VA/6vaH0pOx2/MjCr8A8JxXdfGtCMN4Sq1v3/wgMl0vKb2Cmw5/uPm8dwC6IVvePm2wKzGQ==
SK2OaFEySPxaqhFSN+HZq2sWx7IXWwJ7z4XtWadIz262IBCayMtZGR+rmlwUkzQWHqkfrvshwu6z7Gl9vx//Z0/kqw6t+TO6M3azFQ==
yOBYEH6FJ0ldtJjpRu/e2a6M4hj8kiQopo2VHmMCdY27smUqNhZ4k2iPSBfjbO0tlbveDhY9Ch3aumtaRoiNlCCHUa1sNo2B7XNdYV0zzDV9I2FLRHdJEWezAg==
cY0uWVvYvlRoLz43noG3c+zQtw/6nXYoqpa9SmQRXN22snAlMwAs3ijJAhPjbO0tlbveDhY9Ch3aumtaRoiNlCCHUa1sNo2B7XJcYV0zzDV9I2FLRHdJEWezAg==
Hwm0vM8K+tdOpLJRVuJNsn8qis46k0hqU2xmalr0gK9FDQsZ2s3HkGy1QL9Z96mY6GyrCiNTfKXBo3N9Wg7wrTz8Iu/PDG+verR/2gOOuwYXLRMCG4xZV2tAH2CzBw==
GwfEFwj/+OeW7Fj9s+3LaVJx9r6GWrpp0FfJROc5t+scWry1gLkI+rl+TICnwOLX8znmnifFP15IZXcbBmHfs+Pf7j+DNXWzEA==
kaYJ49T/DUABO2AiM/AQxK2M4hj8kiQopo2VHmMCdY27smUqNhZ4k2iPSBfjbO0tlbveDhY9Ch3aumtaRoiNlCCHUa1sNo2B7X5eYVwzzDV9I2FLRHdJEWezAg==
uwlQedP7jI5OumcoAd4rS+zQtw/6nXYoqpa9SmQRXN22snAlMwAs3ijJAhPjbO0tlbveDhY9Ch3aumtaRoiNlCCHUa1sNo2B7XtdYVwzzDV9I2FLRHdJEWezAg==
+CIHKcFPi/WAo8X5YkqnBn8qis46k0hqU2xmalr0gK9FDQsZ2s3HkGy1QL9Z96mY6GyrCiNTfKXBo3N9Wg7wrTz8Iu/PDG+verR/2giIuwcXLRMCG4xZV2tAH2CzBw==
1o56esmFicBUz327WBzviFJx9r6GWrpp0FfJROc5t+scWry1gLkI+rl+TICnwOLX8znmnifFP11PZXYbBmHfs+Pf7j+DNXWzEA==
P56yq969LjgH0E0CntuGgqyM4hj8kiQopo2VHmMCdY27smUqNhZ4k2iPSBfjbO0tlbveDhY9Ch3aumtaRoiNlCCHUa1sNo2B7XtcYVwzzDV9I2FLRHdJEWezAg==
oFpZk5dBAcW4VsRnB510h+zQtw/6nXYoqpa9SmQRXN22snAlMwAs3ijJAhPjbO0tlbveDhY9Ch3aumtaRoiNlCCHUa1sNo2B7XhcYVwzzDV9I2FLRHdJEWezAg==
g8OeUtbv9P7Y5/mmu4yQTn8qis46k0hqU2xmalr0gK9FDQsZ2s3HkGy1QL9Z96mY6GyrCiNTfKXBo3N9Wg7wrTz8Iu/PDG+verR/2g6JuwcXLRMCG4xZV2tAH2CzBw==
HIW/I3IrYI1CN5762KiqSVJx9r6GWrpp0FfJROc5t+scWry1gLkI+rl+TICnwOLX8znmnifFP1NOZXYbBmHfs+Pf7j+DNXWzEA==
yxcGQEuX0X9HkBLG8xKAd6uM4hj8kiQopo2VHmMCdY27smUqNhZ4k2iPSBfjbO0tlbveDhY9Ch3aumtaRoiNlCCHUa1sNo2B7X9aYVwzzDV9I2FLRHdJEWezAg==
VZ0YDYaKxvFYOafpdKh7rOzQtw/6nXYoqpa9SmQRXN22snAlMwAs3ijJAhPjbO0tlbveDhY9Ch3aumtaRoiNlCCHUa1sNo2B7XhfYV8zzDV9I2FLRHdJEWezAg==
FIVtw6NlbPRVEuG/l+r5nn8pis46k0hqU2xmalr0gK9FDQsZ2s3HkGy1QL9Z96mY6GyrCiNTfKXBo3N9Wg7wrTz8Iu/PDG+verR/2gqLuwQXLRMCG4xZV2tAH2CzBw==
5Wg/9nVM1jSHxJkT+cdYbVJx9r6GWrpp0FfJROc5t+scWry1gLkI+rl+TICnwOLX8znmnifFP1hMZXUbBmHfs+Pf7j+DNXWzEA==
hIwr5aDGuZEmSdLdM/7nN6qM4hj8kiQopo2VHmMCdY27smUqNhZ4k2iPSBfjbO0tlbveDhY9Ch3aumtaRoiNlCCHUa1sNo2B7XpdYV8zzDV9I2FLRHdJEWezAg==
FCd2E3OBiKltRR6gQO4E0ezQtw/6nXYoqpa9SmQRXN22snAlMwAs3ijJAhPjbO0tlbveDhY9Ch3aumtaRoiNlCCHUa1sNo2B7X9dYV8zzDV9I2FLRHdJEWezAg==
ZqcSUaQiSlE7Cuyd80PM938ois46k0hqU2xmalr0gK9FDQsZ2s3HkGy1QL9Z96mY6GyrCiNTfKXBo3N9Wg7wrTz8Iu/PDG+verR/2gOIuwQXLRMCG4xZV2tAH2CzBw==
BUmrXGuv3MLs10OFGIWPS1Jx9r6GWrpp0FfJROc5t+scWry1gLkI+rl+TICnwOLX8znmnifFP1pOZXUbBmHfs+Pf7j+DNXWzEA==
5OOxnR+4g6WuxO/kTgIpPamM4hj8kiQopo2VHmMCdY27smUqNhZ4k2iPSBfjbO0tlbveDhY9Ch3aumtaRoiNlCCHUa1sNo2B7X1bYV8zzDV9I2FLRHdJEWezAg==
4NLOLWKeEDxzeceRH/X9tuzQtw/6nXYoqpa9SmQRXN22snAlMwAs3ijJAhPjbO0tlbveDhY9Ch3aumtaRoiNlCCHUa1sNo2B7XJbYV8zzDV9I2FLRHdJEWezAg==
szVSsAQAWFofR6u4WFtz/38ois46k0hqU2xmalr0gK9FDQsZ2s3HkGy1QL9Z96mY6GyrCiNTfKXBo3N9Wg7wrTz8Iu/PDG+verR/2gmPuwQXLRMCG4xZV2tAH2CzBw==
bg/59iKrnQR+5vtLjt6iglJx9r6GWrpp0FfJROc5t+scWry1gLkI+rl+TICnwOLX8znmnifFP19IZXUbBmHfs+Pf7j+DNXWzEA==
T0FmUMa18vC8V6sJ2au6zfYvOm9WKz0UM5ELS4CyyEUUIYR6NebY8FOofndPkbJOUz1zkwRdQUvSCSPT//faD5ctebMc
ezwA8HuD40J4aVMc03ENj0B956nEWf1u1QyOWu4/q6gXWry1gLkI+rl+TICnwOLX8znmnifFP15MZXQbBmHfs+Pf7j+DNXWzEA==
hSyMWK8op2XoAPKpsYM9nnYE3SD07GeBz5sJXQqfPEuLZ/T6913EBbhL3QI+7K7wc4WiQt2auwwH6fRsqQDyavo/tOYL5mbln1dmoeae6U5QEWDvk8Aepeb4YIqcbxYZtwQ6WnUB3WOxljc7v95Q0uRER9ThQYD6zkolC9eFiH0+OdZhBKxbgGREROVQye9eX9DvqOBHUzYyha6uPX+MxT8Y4bmqWUwqtS9s+51y9gqKyq8czsKX6tBtMwnw/a5u8yeJ6SVaWtaj6z3wcUrW++fUrBJKC0/h9SGWDMlmdgJipWc1UAE6ggWuWTENQr6WE3w+UMqd3Ipy2BcTRt6InC+kkRgq7CUln6FNSuOP5TK5eT4bQNI18dFlOjqqRwY8I39Rc8/03WNa3wJujZjr0mJjLWh4Qe27q9MeNV+f09OqBCg4eRLvEY7rRzke4kqoktORn62sPPk4sJV/kPFxD4TB/Eo3Rhefl8XfM0lwNZ0qREFBq4rQfRvzkLO3RjS5QvOK9WW5ND4KO9l9RJZVkTXzhXGJ0yTl9eNpu6yXseGfs/o=
ZvJTKzr15rkuHUssmf7gNnEEjoXFgsXZSRpfkzdE12qp56JJnBmzAYcUhYiRn8P13mkr6YaJ0byh0SIzs7pSehZyAKSlc85FuGyELhrmPrCCS/lo9DF0aPIeFuecnTWEuN7/iVf3Iwalr1V2OnYG5CVwC+nqLhwad98dzcK5/HkUpU7kkVQ2FJYxOuEFej3wDYyKb7kiIJW8ujd3hsE9GOO9oFFGPqc/fu93WpwuaOrNOCTq/T4CPWHdOrXkqjFnSy1vEpAC8bvvJBviPF+FdE62IKOldWexBJhD7vyG4CXlsdqJsBaXPsul5+rUMvHcXPQgNbZeoIhFx4yWwljt5FPcYKTv8c3xn56Jpw8W21ncPyr63+XDdSguoE8MOCF/U3fF/Nd3SM8QemewgfaAQ09MkmmHb3mDTOGV15kXaETq/DNaJcXcu5XtdEqgDPBzczvHBNZtqiAH6xp5+4sGQX7Ovc6dCwVVTaej2F85yOQj5UEiuqnJo8JnfQ5+fYCzSDEv8f7qWGsLqS6+v7VX32VV6/zO8efze6+mn7vlnbP4
ZvJTKzr15rkuHUssmf7gNnEEjoXFgsXZSRpfkzdE12qp56JJnBmzAYcUhYiRn8P13mkr6YaJ0byh0SIzs7pSehZyAKSlc85FuGyELhrmPrCCS/lo9DF0aPIeFuecnTWEuN7/iVf3Iwalr1V2OnYG5CVwC+nqLhwad98dzcK5/HkUpU7kkVQ2FJYxOuEFej3wDYyKb7kiIJW8ujd3hsE9GOO9oFFGPqc/fu93WpwuaOrNOCTq/T4CPWHdOrXkqjFnSy1vEpAC8bvvJBviPF+FdE62IKOldWexBJhD7vyG4CXlsdqJsBaXPsul5+rUMvHcXPQgNbZeoIhFx4yWwljt5FPcYKTv8c3xn56Jpw8W21ncPyr63+XDdSguoE8MOCF/U3fF/Nd3SM8QemewgfaAQ09MkmmHb3mDTOGV15kXaETq/DNaJcXcu5XtdEqgDPBzczvHBNZtqiAH6xp5+4sGQX7Ovc6dCwVVTaej2F85yOQj5UEiuqnJo8JnfQ5+fYCzSDEv8f7qWGsLqS6+v7VX32VV6/zO8efze6+mn7vlnbP4
iaHfQoULTJd4o3F/RcXErnYE3SD07GeBz5sJXQqfPEuLZ/T6913EBbhL3QI+7K7wc4WiQt2auwwH6fRsqQDyavo/tOYL5mbln1dmoeae6U5QEWDvk8Aepeb4YIqcbxYZtwQ6WnUB3WOxljc7v95Q0uRER9ThQYD6zkolC9eFiH0+OdZhBKxbgGREROVQye9eX9DvqOBHUzYyha6uPX+MxT8Y4bmqWUwqtS9s+51y9gqKyq8czsKX6tBtMwnw/a5u8yeJ6SVaWtaj6z3wcUrW++fUrBJKC0/h9SGWDMlmdgJipWc1UAE6ggWuWTENQr6WE3w+UMqd3Ipy2BcTRt6InC+kkRgq7CUln6FNSuOP5TK5eT4bQNI18dFlOjqqRwY8I39Rc8/03WNa3wJujZjr0mJjLWh4Qe27q9MeNV+f09OqBCg4eRLvEY7rRzke4kqoktORn62sPPk4sJV/kPFxD4TB/Eo3Rhefl8XfM0lwNZ0qREFBq4rQfRvzkLO3RjS5QvOK9WW5ND4KO9l9RJZVkTX9h3GB1CTl9eNpu6yXseGfs/o=
1gflr37Fnf4PJ9AMCDv543EEjoXFgsXZSRpfkzdE12qp56JJnBmzAYcUhYiRn8P13mkr6YaJ0byh0SIzs7pSehZyAKSlc85FuGyELhrmPrCCS/lo9DF0aPIeFuecnTWEuN7/iVf3Iwalr1V2OnYG5CVwC+nqLhwad98dzcK5/HkUpU7kkVQ2FJYxOuEFej3wDYyKb7kiIJW8ujd3hsE9GOO9oFFGPqc/fu93WpwuaOrNOCTq/T4CPWHdOrXkqjFnSy1vEpAC8bvvJBviPF+FdE62IKOldWexBJhD7vyG4CXlsdqJsBaXPsul5+rUMvHcXPQgNbZeoIhFx4yWwljt5FPcYKTv8c3xn56Jpw8W21ncPyr63+XDdSguoE8MOCF/U3fF/Nd3SM8QemewgfaAQ09MkmmHb3mDTOGV15kXaETq/DNaJcXcu5XtdEqgDPBzczvHBNZtqiAH6xp5+4sGQX7Ovc6dCwVVTaej2F85yOQj5UEiuqnJo8JnfQ5+fYCzSDEv8f7qWGsLqS6+v7VX02FV6/zO8efze6+mn7vlnbP4
1gflr37Fnf4PJ9AMCDv543EEjoXFgsXZSRpfkzdE12qp56JJnBmzAYcUhYiRn8P13mkr6YaJ0byh0SIzs7pSehZyAKSlc85FuGyELhrmPrCCS/lo9DF0aPIeFuecnTWEuN7/iVf3Iwalr1V2OnYG5CVwC+nqLhwad98dzcK5/HkUpU7kkVQ2FJYxOuEFej3wDYyKb7kiIJW8ujd3hsE9GOO9oFFGPqc/fu93WpwuaOrNOCTq/T4CPWHdOrXkqjFnSy1vEpAC8bvvJBviPF+FdE62IKOldWexBJhD7vyG4CXlsdqJsBaXPsul5+rUMvHcXPQgNbZeoIhFx4yWwljt5FPcYKTv8c3xn56Jpw8W21ncPyr63+XDdSguoE8MOCF/U3fF/Nd3SM8QemewgfaAQ09MkmmHb3mDTOGV15kXaETq/DNaJcXcu5XtdEqgDPBzczvHBNZtqiAH6xp5+4sGQX7Ovc6dCwVVTaej2F85yOQj5UEiuqnJo8JnfQ5+fYCzSDEv8f7qWGsLqS6+v7VX02FV6/zO8efze6+mn7vlnbP4
JSf8UGRJW07++k7bUyB+7HYE3SD07GeBz5sJXQqfPEuLZ/T6913EBbhL3QI+7K7wc4WiQt2auwwH6fRsqQDyavo/tOYL5mbln1dmoeae6U5QEWDvk8Aepeb4YIqcbxYZtwQ6WnUB3WOxljc7v95Q0uRER9ThQYD6zkolC9eFiH0+OdZhBKxbgGREROVQye9eX9DvqOBHUzYyha6uPX+MxT8Y4bmqWUwqtS9s+51y9gqKyq8czsKX6tBtMwnw/a5u8yeJ6SVaWtaj6z3wcUrW++fUrBJKC0/h9SGWDMlmdgJipWc1UAE6ggWuWTENQr6WE3w+UMqd3Ipy2BcTRt6InC+kkRgq7CUln6FNSuOP5TK5eT4bQNI18dFlOjqqRwY8I39Rc8/03WNa3wJujZjr0mJjLWh4Qe27q9MeNV+f09OqBCg4eRLvEY7rRzke4kqoktORn62sPPk4sJV/kPFxD4TB/Eo3Rhefl8XfM0lwNZ0qREFBq4rQfRvzkLO3RjS5QvOK9WW5ND4KO9l9RJZVkTX4gnGB1CTl9eNpu6yXseGfs/o=
kIht4ABVtlI+Zh5KQ3UrLLKSqFRKK4qVlXlzlN2713nsSouhn5dWQHc3rozIRSIcofUtWmFlyNvOxwld1FZlMWX91xHylLSFpWNZmxxXoQFvswo=
qD3ixgmv/lvCg21SGwMjdMfXeQQlnlnVSt2I1GohwHvxW44sW3RTaVRnz4W0SLe4atnC3gM9KOPdsKmQPXsBEzqfgBSkLTsfgal+YFE8+PkNC1ziX6FarO5kOeplP3Lgf9vyWeObDkF23qXudTt9lZX3CzjnSUBkq1W5gtJ5EeP6l1VuZm2Is0AhNxHWmmCrU/nGHscF313tpVCcZiG/s4Ofzr+j9ZWz8A==
rImxldazqDJK6GM1muNZOFUuUueUikKiP5NYcoZmzX+Y0O7e6dv5RjlH2iJAzb8jeniX9ZNifvDc/jlE2w3pUcDPF9Z/rldXfEIOjeEKDV3mRKunvPGKAIZGHRfIqI3DrajBwwE5AGySxukoLXJRqtxcI93U1NsgDlH7lGsNIcT6zRclEy+f3k2FaNXzlD+H2hxP4o2yi6mwBcOa25SJv4uo75iz/w==
cjCi6DzOgUqY+vlcgPvGeuuO2RMt2ShHZoPXbQEO0Brfy+i6xi49J7go/tbp0+m+GR8qagAFD3uawAd9E+ruSLwmiQwbxZmJ4LcH3n+mRy9cmn5FIUK9hYb8Oy88eRq4Zh6t34jgfZuNUNHLATEQlLKeGWBtuuHyPOSzVVRcS5huiUvcq8VRHNq1By0TJ4+mbV0YHTPcj1+6pN9qDTobEVBdc1Kb3Hnnq1D/kLP3
kgtIWLeRQ8LQKUVjF+kxLhB10lyo2g+NgU0HYYoAKX3qIMc9/IjWIDEtsC761OnN1aRhCR548CsjkfLmIx/z1LKy5BBdfssL1UOo8cOcv3g79eTMiheRrNEvLprfjZyHhgL+aDltGG7xEQXWVUmBr6wOSgit8h0UTZjUQhe3NOKX4rY/Hy77i51WEnND71N5c/xVi2zPA7JjdZJCu0gtRAcrSKtnYIvSde2jVvuSs+k=
Kc7gfrU0Z0FOizWhdv1wxf/4oRElyaLofUgnhaxAlnjBBZDW6tzp1eVMATHOMDDzUzlSnrOXc0wC2gSoDbaLUyVriAnTlL9gCx2E9FpfUXShh47iTwUcHzZqHtBppVg2ATklLkVBgbec5iowfbrdzD0wdDqHP7R6J4pWh0/mu9NtfjKLU+dTYUMUNbO8h8NqE90yOivArdy3Q6gTN6jLioXFg67rmrPx
7SmjPP7ZMpChwLKB0c9PH4zecwN1ilzOU8vbk3A6127xW44sW3RTaVRnz4W0SLe4atnC3gM9KOPdsKmQPXsBEzqfgBSkLTsfgal+YFE8+PkNC1ziX6FarO5kOeplP3Lgf9vyWeObDkF23qXudTt9lZX3CzjnSUBkq1W5gtJ5EeP6l1VuZm2Is0AhNxHWmmCrU/nGHscF313tpVCcZiG/s4Ofzr+j9ZWz8A==
oHPXf7Ls/PME8MNoLRfHxv/4vB0j27nhTUgnhaxAlnjBBZDW6tzp1eVMATHOMDDzUzlSnrOXc0wC2gSoDbaLUyVriAnTlL9gCx2E9FpfUXShh47iTwUcHzZqHtBppVg2ATklLkVBgbec5iowfbrdzD0wdDqHP7R6J4pWh0/mu9NtfjKLU+dTYUMUNbO8h8NqE90yOivArdy3Q6gTN6jLioXFg67rmrPx
m1gm3H1DhiY9WXyEcj+6mBggGbmYCniS1YbVuVdZci3VX8rGrxfQ5iYyBTvINMbK6c/RomkDEnbgWTen6hw/IdO2VpTM+jFQ+1khFZArv0L/Ov+zLAbG2cEeBVn2IINz/CUiZBbClYNo/EWH/Uzp1wEtKIjCgiF8jebZLkw4iwmUAPNEHlXzgEtZ6YCqKb+xk7s3Oh3BoIHTgDeDynhnNs1mI80ggUsOe8BB+9tMx4yz6w==
h1NCizt4YY/1VR6vmlfexBImfxsWOp64/41+KhV099GUrPZcKRmgIvLQ6dHtsBElNhwQF3tloqrrWzMIymZUfLXaa/dN9zh9Sxg/5INhFGAi8/EQCVv+VpdJ3Nt+Vs6EUUk4EuklFdpdTYGzlBo6JIWW/SgVbIQO3/P0Pu82BlP3ilt3BeKC/8tr0+XLaKUnxCtjDrsBQo7zjG0Y/394Rw9Eq65t2bNa85az9Q==
LldgMAkjAvfrbPLSD78jLRMvYgwQOdeqr4NiIBA1w5+Ytv5JKRmgIvLQ6dHtsBElNhwQF3tloqrrWzMIymZUfLXaa/dN9zh9Sxg/5INhFGAi8/EQCVv+VpdJ3Nt+Vs6EUUk4EuklFdpdTYGzlBo6JIWW/SgVbIQO3/P0Pu82BlP3ilt3BeKC/8tr0+XLaKUnxCtjDrsBQo7zjG0Y/394Rw9Eq65t2bNa85az9Q==
cykqBvkEdtoud21vWxBl187RUkHLkaU+ij8oliEVVX1vSIfbqgD3Pk1uszXAWftGO4gxo/v01wSzYw==
9HigXFS+g6G1WbkmAXlEEo9d8kREad3BNHTEIZs7jcWYZlk5Qb0zmQ7keJ2hQ50jkMf9yQuzbg==
Db846knYyZwC7ojRUL4F+h+zeuFcYXO7qSFU1IL+N7/9P08j3jWEAqvpTj6fdbfdxRWIfO4xB/Pb78YfmyV9sxg=
1ppIqq8Bqk1Gas6Ywr2KfZcBvR3SSuonovc+c4uISPXl7yg6kSUYe15Heb1kFrVRlf3nMaJUxCUV48n7zBeRIX+zGg==
/BPq8BPLUZpxNmr9SssNTTYhPAqwJDDm9gMU2HBjGo/KPpSxy//twgMl0vKb2C205/uIm8dwC6IVvePm2wKzGQ==
cykqBvkEdtoud21vWxBl187RUkHLkaU+ij8oliEVVX1vSIfbqgD3Pk1uszXAWftGO4gxo/v01wSzYw==
9HigXFS+g6G1WbkmAXlEEo9d8kREad3BNHTEIZs7jcWYZlk5Qb0zmQ7keJ2hQ50jkMf9yQuzbg==
QHv3NUlidIa6epgyt4M4hqo9pxtdZByMIgl2gUzlLbWC1Xolg7hgHyhvku8BjSGIq1hHPzz4U1PgHoV/h54pjzRNl6wLWlGTf66WGWSRawU7RkRN9OCdVgkIbvhtospT4IV0gApELTsAZyJ6zTqh+38vGYEvsVDwCv3cq1Mt/QxMXsDIViULCKy7DdEI8Lvfpw4Y1tf/hYeAzJfjbcAmNfiruqgCK+7sUDnFrI9dGR0sosee51BmsRz6s5IGzD51KSaEyyxPB1S7POkpakTi5aATZZAbRR0xaDzWFueQ1j0k8sx5Du9x5/BbMMhVK3p7Hr4ERtYfkA4vhrkifB47hqA46ZllBR7u69htxRznA9Xekv/mnRqolkmj5w14UEyooMOTqvYd7RaBwvsBM3L74BF7ZL+2jK6EW1czaE8jFmn60wN2ISggpyNx+KqZnfViLXWBi+Si2pz1Lj0QZVRkNq9LdIafDuZrh7Kbz3VaYke7U9Pdu9BFn7STozbLOaK2gzTsoI9HmH9/fGsWHWFT4oOus80=
QtwYum+qm0aYSsorj+Wp/Ebbwrn5tuWItDG1RBAeKGqgEGnSww6B3VkKpuFBzJWo5nKa/9QqBrXqUA9ROdY6vGFWmS1Gd8O6iIQfJJsy8Xuv5tZRtHlLbStOREXkiL2+2UAusL1KajtwDfQImiyN09AvYjId0oGTbycZiT/ZcBjatZzjg8VdZNzWQEDGTavgfPNNmdgYm7e3Bhjex5elb1CE16u9KIZdaCM6IJJDTgSAcYXkX7U5dTyqx5b3OEZZzLLz2tYknh25rgRDvCenvGt0qWG6rMKNsBtlmAstPdm4dJZeN3h2VbR6TPGeh9EPIBNwgIXDWhMOtgROxnew5v/O+Wqs9pvuMLBpEfVtvgY7kC2NzA8jvc6a/+6Ncoh+meunRai47MAwSxMiZnVN/lGKu0njmtuIAXNkt6bkjmyLH3Mgn8u2AWpbg/6xQIBP8zm44kl11Qo9fYGD9Mr6dCVmfVi1vMReP8P0Dg9mRoNX+tuHpbJCL6tb09WruGV3ZNvjfhvRAt4TvGwoHy84l680K17NiXOKk6azxQ==
/anBBsCRZe9beNFdMJNemfctNglVOD0TPI8UR9ypi1QRI7M1QvbE406zandPkbJOUz1zmABdREzSCSPT//faD5ctebMc
Z8RuceH1qfDIrf0ni+WZbd60on7k8Htjj9JZRVtuXVGCZyJcNnQqq3AgxZrypg60MRm4wgkVVar9nYFjNGp6FGVGfXh1XET+f6P0bk/GxmOX2tun5dLCj2u70zVrGOUXJPvjXtsxgn5T3G9JX4+4d28UK36N6fMqU0azJQ==
Sl9PZDAQ0qFx7jV10hX96frAoBn2jzM/4JazGXkAHcm/smU4IR0iiWTBSwTja+IzireCFVUsDx/t9RxKWpuQjzSHUa1sNo2B7X9eYVo0zDV9I2FLRHdJEWezAg==
Bl3GGWtUzgn2ceccJTtCPOAhp0FhtEEthJFmFjWV/5iLRUkCE5S3hYRlwqHt6EUzNJ/8B3RZA/TJU6s1WgacQ8bDwrcngbpuq23LH3iNfCzaGQsTl0dSb08dYbME
Dage+G8v/pvVs364NdLh1skSiGRQhmA3s5FmFjWV/5iLRUkCE5S3hYRlwqHt6EUzNJ/8B3RZA/TJU6s1WgacQ8bDwrcngbpuq23LH3iNfCzaGQsTl0dSb08dYbME
t29qjf8S+uN7AfZouylIUSy9lQathGIWMZ3jiGd9LSL3zJt1uC0GYamguYNYR1hn0KGvZFXbL7XejgDTartmV4PZVt7XpQ9fPEVAXPbBbzNzfz5/UxVlswA=
EKYMaeh8YghL2gCoRFTIIDHe5PvT8cM9bd3TNrhiRmGEUl4WDWXH+KO1gUJbRB/lHPVaIXV43ZNcTzRHPGnr1LFjUzUiNmRjrvMKd2/RUs4z/VOf4B3kzHJJw9PfN3qPd21Zszw=
fGQoJesHU1v7xFCSrn1POJyzTw1KpHa8NZdfPKyFLM6+mdZMJwQ87vO+ipIeRCnpyy1xpKqO52G5Gx9lQwDo1E201QNUR4eDlRVfhusp4ibjRO/R79fYb1/M66Y9cZNyY16zPQ==
uV/qx51YO/7sEB6gxSZbcxEMbyIkGII8A88xR6uytoFTKX0gASowCMg+c3p2xc42DvFd+QxpRVm0dLKK3ZwnZtZ+P/UjUD36Qfc+gPNTViknYzJBSiZhntGz8fXZPy8o41GcJPfNPRK2sd3D9p+xXiLVdDM8mfMhspJsix+xIo5DnQOfsL1UjEJpc1MPF2pP542ps8w=
wZT96iVKIGkS6Q4uJqWRRQl+bz9ce25+TeGGoEQFOva3uedQLrXOPFEuKcXx5ApvievfN0sw48mJ2Sxxv2yiBHlox3sq4LceT09zVUD5O2Y7aHFDe1QXZLMD
w86R2SQwWfhSR+sntvvNqNPLyRgQhfdiZRSKLEWD28NihRGnB0Ea7sut6x+YzdysutlrE7cHsu/v3QGzZA==
w86R2SQwWfhSR+sntvvNqNPLyRgQhfdiZRSKLEWD28NihRGnB0Ea7sut6x+YzdysutlrE7cHsu/v3QGzZA==
DDOgsy39u8xjiykUTDVkyb9O0TBsn0ZKcAtAnn8NWi/h3kLUnHpOUDLSetGrM55nIz7H8oWWsNeIuuGGzVR2DVdN/Sr+oGRn/YoNGV4sWhEkdRXzMUkSV3l6naZABoIIwifH4krlpknSv2FeOgBG8MDHCDwB5kA=
