BXDRZh/23jugjq3Y/+yZPnH6/5p989rz67uDvf66SY00ovWcFYmKeB8bUZ4iJ3dtB9ErnciomtokhqozX8PDFLIldsC7Y37JP1MqQVIWeX75g7m1ke/HyFvB5KRPXcWyHuGVgz5vWX46pWwzJGnrAdriJEvXYYouOw27HEkt7egqMbmTxidCL/+9sKPX
gK48H/DEXhpjthJi9tYxd1p5Fz12WgZpbif5Yiwx3HUBntVYAtZXRWgirXmW2prIjc5c+q1VcRR30mvjPJDRBxxhjcegwdiCy9ab59Pl2ysFAKkVzoRlSbe6HOWfk9SLu1YI8SZzbj1ZqTgGzttd5QimSZkRvOP5HyDo9fPDrEMgB82puqPd
FxB0/vEiow7V1mMdxJTKuoKyv/vqWHBJFt2Yh4RQRSQAQN7K/FbMDSBDbl8S8p2DzLmX14xsKEOLjuxChffnUUKUROtcytSA7lY7HXzSmREPf2TgmZ7oAgEVHSyDAv+LgHDNL2jRGR+MwfRaX2bvz88FZ0OR0F0tosTJsQPqCM1jM0jjj6YcqUrzguVN2QzuUnshzRx2/eG9fA/Ba3B8HU+jsGvUt1nxlqPx
1TaoWLxvSdXi8i0iUjyeeI0+I+tYXgbzYW/XnApbtjArHV4u8w5GBG4geuc4ZIWmypI+mBk9mN4RAUWm9ZmBn8yeiviNop2krYiUMrdnNNL3cnbPP357O31GUgPjP1NJE2yVe0yfgwKDZdIyG5gsdGe6jFtPMgtjlf3jJltDo9o=
NzbHG/hvd8Q4uxPRCqg+bSwjOaDQXSxEL2grbhvU2Qk5DybTWTaL4WIvNryzue6SO9On6JYkavsQUMXqkvZO5JGpOHKpxZV6HW2Bk9S6usTF9v3I1QwErh/T9B4vloYzN2pbF0UCAl+LS9PFi8glx4RLY+57YcIuM6xsOD/e/CfHpqvPLTkz+rO3o9Y=
V3u2cnUSYSUm5Si5SMJgUiwjOaDQXSxEL2grbhvU2Qk5Hi7dXzmKs2IvNryzue6SO9Kn6JYkavsQUMXqkvZO5JGpOHKpxZV6HW2Bk9S6usTF9v3I1QwErh/T9B4vloYzN2pbF0UCAl+LS9PFi8glx4RLY+57YcIuM6xsOD/e/CfHpqvPLTkz+rO3o9Y=
Ta5xBsxO1FGbzRd0IKzRpEla+JPq0QVekbo2aS5gehbmEaheLiFbHgxIy7GdlWtt+c78WkMjMZP5auwoGtZPtaCC1ek8H3P4la4UKlXVyUQ/8nMTFNC5l6SBRfe4wcCyAzYjd7ul89sdIOFFdgSdmf/aBNV3U3wbw/bAAT5zdk0RCcCWZps11RBGgclpPFsp1wDwhdsDRNOYZ4WZoqPF
fytaXS5riJy71J6voK5JPHZ8EeSJQSxEJ2o9fE/Z0BdrDyCaDXjes2IvNryzue6SO9Cn6JYkavsQUMXqkvZO5JGpOHKpxZV6HW2Bk9S6usTF9v3I1QwErh/T9B4vloYzN2pbF0UCAl+LS9PFi8glx4RLY+57YcIuM6xsOD/e/CfHpqvPLTkz+rO3o9Y=
49HiuuIwsh4IQH+3f5HrnSg7VbjcFyxELHUtex3Qw1l1DyXISDPes2IvNryzue6SO9en6JYkavsQUMXqkvZO5JGpOHKpxZV6HW2Bk9S6usTF9v3I1QwErh/T9B4vloYzN2pbF0UCAl+LS9PFi8glx4RLY+57YcIuM6xsOD/e/CfHpqvPLTkz+rO3o9Y=
km5vFaUcDoNoyBAnksMqj1M5LVAtcdntqbUJHph3ERPXX0/yaoTMFpmZpprjJd2v9ZQjdvImQ7WfiNlqxX9S4F+bktkDWy5BVh5FbhV7XZW1t6u4B4kgZIuVGQKyufHjmtf17sYt6LOg4ZeRdlqAqzO5Jp5nRf9cDeUxGMbpnbOiXy4/w7W0o9M=
HnAOC9Z45u4ZB0WfUsDZRGWOwf7EWghXTR1xivt3vve7TDEyls0mbfZ6f0M2XI+H157KjsIl9LJlTD5sNooFG6jkVU8dxJnvARVYACJKMWRNfklmbDC7cRT4w0w+nWMYC0H5yMqhT4mTg8eyfYmwmZMYp0vqcFfOTB4TxATJ05S72VEzO8S3taPQ
lWFbSyDmLWQTDvYQqHwLOzlbEW+h2Umn1cYwrqoIWdCGVtPN9LLBAfC+/5AhfuAyaZW13IsihzsYsPU/MHGRz6TB3IrXxrff98X/8+nwVd0KRKGBCwqwvfvzsPPXxpR5ovPqtcU51P4qO7k9pBb10VX8p7FjUISt1+OIewwX0aG+o9k=
GqVmpTOatpEVis85+NCTcvSxexo2+Z7d5NrS3CAj00NkkWSrlTpQwI5W290cUjnRLn5HIHkeiELhFT1sI4Jfy+BwLe8IUbnfrMHUmv/mjw8vBQcDMVD9bYLEKfFjaugNQzNoIy8mfGmq8+KlrVmsrnJ7AY189h0h3XwvAcvw3N2vo9ArNDf5sbaj0Q==
oFwujKOnco0tIMdX+ahSXJcwLqm8vUKJhEQ9EogI5Y81ZyzPHxj6tlsr3J/0myg5tKlpuPH0s55CmgWBoBRAWqszqTQ2rJtcUuqZrf0ObJVihlijqSTFs+puZLVr19dk70r7Kgovy0PK/64AloudJFQYG5ZiI0aI0rEkfKBbNsRJ5xqNpVTaG2Xnr8lvp+zncEV4eLLW52XYYp3ZoF6KaF2OjNo9VeF0p5K7gywQIWfsIX2nUMEo4juWa4cjZctL1UB5dV6E9Wln+sxFjxPkK4sWuNGWc94d6WkIpv5bTUVYZhm5gbxzGU/guBXjQ9yjUMe9ScqjrQ==
bLuYXsIR5iz11+TALgWwzu35EqfIhf/njUmOhbOAhQ0T3dK13Ok+fD3tyxJndk+rAfVhO9qztigbVT5WY6eG3Z4oWt9oDAU+elreYAkV2IZhieUeJXGBh/zW6oAdCl18XYC0CucPtEpHupY3L1Y7Yw3O8rsz11NRIyT1A9w3Q9pzbfIKS/Cs7NdybKNfGks75XVDnouro8I=
qW2CKGfBX+Q7Cu1veBku9jnGeL3FBSKz0In/44VVnnGL7KUp++Gi4QQlfjh1MRumH9qvT6mJ0a9CPzask8muIttLJnn2lKoLMEDF+rIGjlTxObjiSXXVCj19gYP0yvp0JWZ9WLW8xF4/w/QOD2ZGg1f624elskIvq1vT1au4ZXdk2+N+G9EC3hO8bCgfLjyXpzYrX82Jc4qTp6PG
q0NpOhFnYj2kAnFRaEwUF5aDssY6T56+Nl4Of2IH1hrsDWMtUEFqLnSasu6JB4LvC4lFN6YD8m1K7FiWDXFqyp895E4gLH8Gfo63davg1VoZh4ZAKwMuCc9zOkFCNom+qeMpNWFPd4gL4RSkfz2Vcu4BJQOuz4m+CsV8MzSJ20GKQrTLZwH6buvtixw5DT0ompHJE1bHkm+PnaCjxw==
q335A1MUdIzisDafjzOd05VgCDhCoNEbOrncj//hgVuWa5f6tdvPn5oLKENeGpEfc5zj7N8dfVeJ5Y75du7XB2Z4h532y4IqUqFc5iUYFmgmrk1PCHDd602AsfsBAXBEcu658O0qAUJ8NJMlVKxryK45K0wrVfHsmuXnHRMXb/YtrbiNs0zv73r0/5oMSjvAFO2bwBtN2ZdrgJ+ho8Q=
JbUgULDylhmLiNGh5JQFZWBmCfWJSCxEL2grbhvU2Qk5DybTWTaLwWIvNryzue6SO9ql6ZYkavsQUMXqkvZO5JGpOHKpxZV6HW2Bk9S6usTF9v3I1QwErh/T9B4vloYzN2pbF0UCAl+LS9PFi8glx4RLY+57YcIuM6xsOD/e/CfHpqvPLTkz+rO3o9Y=
kXX0wANOsLqc90+a0JeOmmzZjKCWMEZVQRpwlt53qf3vD3Rm06kmbfZ6f0M2XI+A0ZDKjsIl9LJlTD5sNooFG6jkVU8dxJnvARVYACJKMWRNfklmbDC7cRT4w0w+nWMYC0H5yMqhT4mTg8eyfYmwmZMYp0vqcFfOTB4TxATJ05S72VEzO8S3taPQ
ljgJJNHCFU7yH/9GKYBn+q9z/8nLIY32RinOmXaOl6fmmEe38aTCitJBnMYlOFYIpg6NrwhQnYvNIHEbAeGw5PKO+dDtysHi/FTTBVSMqygumWssK3UxDBpFp30Tdy9WrU14rbMsr0/6FD+6DGp7oJRNWyAbbZn36yBfQaMk
RJBjTie7Y2/W3x2QRos4UOQVMSDMbxOixix4li0xCko//Q9JD2zfhh7Ol3VLIHXaecfmQAvDzolvM1pBInYpPkkjCTUBDxcIqyH0pF999fJOQQUDTg8pPmqFXDMUSTvBKgLUy0fBWu4LLascWU2dqHpRKRN2h/LvL11Aoyc=
sGLmsZCar9qNXAvVNZReFq1z/9jJN4n2RinOmXaOl6fmmEex8aTCitJBnMYlOFYIpg6NrwhQnYvNIHEbAeGw5PKO+dDtysHi/FTTBVSMqygumWssK3UxDBpFp30Tdy9WrU14rbMsr0/6FD+6DGp7oJRNWyAbbZn36yBfQaMk
AGC2maujWCx37bf3c73xeeQVNzbQchOixix4li0xCko//QlJD2zfhh7Ol3VLIHXaecfmQAvDzolvM1pBInYpPkkjCTUBDxcIqyH0pF999fJOQQUDTg8pPmqFXDMUSTvBKgLUy0fBWu4LLascWU2dqHpRKRN2h/LvL11Aoyc=
c/DzRVMpgTB+wYlcGJyFauQVNiDCdxOixix4li0xCko//QpJD2zfhh7Ol3VLIHXaecfmQAvDzolvM1pBInYpPkkjCTUBDxcIqyH0pF999fJOQQUDTg8pPmqFXDMUSTvBKgLUy0fBWu4LLascWU2dqHpRKRN2h/LvL11Aoyc=
6EbZpiNU8epiJzHohuRJKpRSde7NhJTq5cHV0aGdm0utix6o1OYTdGb4jEgK1l9VkMKFScac7JglbsQKJdX5pO+yA7OEUAn39EG116jB0JLz9nMXCyVje21gMaVGBO25Lxq0tefTjLuTtvDhLnNmLSHJEDYWG6U1oAbR6Zkya0mHwAAlS4P0M0gn9bmyo9U=
tuPTk6hoFlZkmL6lV+lNdhOvNB/H9nEMYTQqGOYO+AAofv17YztcQJvb7KK5mhKk/QrBWSSuE6CeVss9LBJJcZ792IApXthiERUNDHPCjytw8F2PuJFJ/7zBxLoPJj9vX4WX4+EQrQ2yxNnRMyq4rdOz2INfZkyJuvPyxZ2ZXA7C+5EtrDbNAa1yH+EbMIy9PyMgy4R3iZGmo8E=
MdhMoF27xlbFa5dCkNGu1FA/hsxtcXzVZ+wELq8m/ij5dT8IMkEWd8W9sk7wzlX39K25JgZUt+xXu1mNX275LdMrcwJmz8zwrptH82ia6OMeEZzE6hNV15FcEKHckPFHfOFtB4DB+EIrVvun8+U7a2WACdXuhAUJVzq8pb+TNEsb1qgxxnMOffkpmEau230lqCYpWfGyw7m/oAg1k8OMg8CHremao/0=
MdhMoF27xlbFa5dCkNGu1FA/hsxtcXzVZ+wELq8m/ij5dT8IMkEWd8W9sk7wzlX39K25JgZUt+xXu1mNX275LdMrcwJmz8zwrptH82ia6OMeEZzE6hNV15FcEKHckPFHfOFtB4DB+EIrVvun8+U7a2WACdXuhAUJVzq8pb+TNEsb1qgxxnMOffkpmEau230lqCYpWfGyw7m/oAg1k8OMg8CHremao/0=
CkYoHIgrPAS6fOl6ahjnBeXCx8TApoo7Dv7A4+Pp2DUe5mtjrj2BvGh4onoPWyMNWJJPFVP5GKn4G9CN4c7OmhzbcYeTp9wmVIvIQi3gwvirom2cy/t35AOiDZUk1SJKxpaXKaOyKxXOC0YdY3zVjqhVD28IEB1LzWDx2wEhMKTyTnmQ7QpBovyUU0VUTCtoLlnrbCu1sUwahSc9Ezevlq0N+G2zbC+P+lS/egsr+2CUDdvgGy0ZN+tg34Gj5A==
HNJwVhG5rplBX6RMYf4E8EcMGbPNA013HCgUR3WSGYoqlr97/KOa0T6W9KJdyc42ohfVjAtYP988PRxUmX0oezZecKz4unhhOaB7QAAzSquY6i9QmNIn3ac8jUfJ/wFDVNFdt2FHQETCLEu6bfXE+219vGq4/Jjz2wvfZB79EuAfG1LZQ9vuQZaeBW7V+x2V9TdruEcJYGRLFVkCcjkx49pXNe4GraizYGHXkTbaQKtzOWaep8W/W8xl8RiGaV2zYt9uPwM19KOT
wScG49JtIiJWolZxFxNvyCBQz2tr09hnhNT/8NrspTQCa/vrCYsYGstGObuCedl5iOHJycjvEms6JHsWmrb7NWcYccqdDxqgl0tqOStrNkFOLm2O7auV1f3H8xivGdjkMwVxYuoJOSNSB83Orl3ws7gRf7FOCsjrewn+fo/VR9t0dZm4HhlVc+oPVl/rhayjyw==
NIurcf4VSd53TjDsLj68fpn2Kg1W7WlcFDFGCERNJTInykldUrwQCG95o+QZ9//w1Tv2J3M9InoSkbz2JQh2WOZ+7T+IwD07DfCR6wERUDQyPllAbVqhkrwE8zVUvIv47mmLvKvlkbxaFccNEwdPBu392D0zvE+/OsQfigtbW/DUPTuwm/05Ryvwv7Gj1A==
lKrJ2kaYIig/ouSIhJZdqBHwceNAc3KpuDEXxJ2rN7XGfkhz0iuOF6vpTj6fdbfaxBWJeO45BfPa78YfmyV8oxs=
I3JFlJde6vZ1VfKBIMXtGOX9Hq/Nsaz9g3TBlanJ5g9A5+6b7fwtbj6ojQ1xNQWrCeFqGLfq5g4veCQvZfjcg8IoQ84lEUM6eRzQewsV2IZhieUeJXGBh/zW6oAdCl18XYC0CucPtEpHupY3L1Y7Yw3O8rsz11NRIyT1A9w3Q9pzbfIKS/Cq7ddybKNfGks75XVDnouro8I=
V6YPVo1hx/Kn5dxVtsaS4+nX12u6PRI/nF9QL63dmqereXqjWzkW7kys5YNdlk+0GBfIB0NoQ0YWuH/ZYBO1eTrG4FI+R9DBtPnlBXaxJncySzK9M5SB0CVOBBOXRRisj5fcB/Zfo9jnknsDbBBh5ywhPSeQwehie5arB2Nli8sVQDn1HoQ16Sf6DMVPE6SrSxZ4UdZzHp2paUgmPlsNxRhm2TnBurKZj+D4lSNDHCMQx33JiqPt
bcWGuhPmzfHN/SAwswVoiCld1vo8sT8wEDoMD3CO6dQUHX2Wli7e34zSDVJ/wTfc/9gnC+ow1w5KX5MEBAlT1LsZ0fM7hDd1oxA=
SdH5kMfmc6O9j8l9oHNMRpyzTw1KpHa8NZdfPKyFLM6+mdZMJwQ87vO+ipIeRCnpyy1xpKqO52G9GRFlQwDo1E201QNUR4eDlRVfhusp4ibjROrR79bcb1fO66c9cZNyY1+jPg==
YMEU4un8E5UH7qvgf86f0THe5PvT8cM9bd3TNrhiRmGEUl4WDWXH+KO1gUJbRB/lHPVaIXV43ZNcSzZJPGnr1LFjUzUiNmRjrvMKd2/RUs4z/VOa4B3lyHJBwdPeN3qPd21Yoz8=
6z9uNPm2sazpUWHlwoqvsyy9lQathGIWMZ3jiGd9LSL3zJt1uC0GYamguYNYQ1pp0KGvZFXbL7XejgDTartmV4PZVt7XpQ9aPEVBWPbJbTNyfz5/UxVkowM=
Ic1TPtHocM05FWVaUUYrw8kSiGRQhmA3s5FmFjWV/5iLRUkCE5S3hYRlwqHt6EUzNJv+CXRZA/TJU6s1WgacQ8bDwrcngbpuq23LGniNfSjaEQkTlkdSb08dYKMH
XX8VSOW80sShteunoiJEe+Ahp0FhtEEthJFmFjWV/5iLRUkCE5S3hYRlwqHt6EUzNJv+CXRZA/TJU6s1WgacQ8bDwrcngbpuq23LGniNfSjaEQkTlkdSb08dYKMH
m9GIK9HmjtKdY+75ylEdcfrAoBn2jzM/4JazGXkAHcm/smU4IR0iiWTBSwTja+I3iLmCFVUsDx/t9RxKWpuQjzSHUa1sNo2B7XpeYVswzD1/I2BLRHdJEWajAQ==
73BtmAYtR1g+V4HpJ+XwolA/hsxtcXzVZ+wELq8m/ij5dT8IMkEWd8W9sk7wzlX39K25JgZUt+xXu1mNX275LdMrcwJmz8zwrptH82ia6OMeEZzE6hNV15FcEKHckPFHfOFtB4DB+EIrVvun8+U7a2WACdXuhAUJVzq8pb+TNEsb1qgxxnMOffkpmEau230lqCYpWfG6wrm/oAg1k8OMg8CHremao/0=
owkD6mBWVQTaljCgthkKWild1vs8sT8wEDoMD3CO6dQUHX2Wli7e34zSDVJ/wTfc/9gnC+ow1w5KX5MEBAlT1LsZ0fM7hDd1oxA=
KLerLMRJc3uAg7Ws1By09sh6o6hnuKqpwATC5ywZJS9gcwSNZIgMaF03Of9P9SuViWPmKCPBMtGUWlqWFdk2+l5cY+3hPJuizhvRsF6631mTrXO0wmL+byCu7E1euVBBUPuW5KuiB8lQ+iewwGLPXQ/M22PD7zmDDGHV19mXKEQqfPNa5UUcu1VttEpgjDBzs7sHBBbtaiDHa9p5OwvGQb5Ofc5di8VVjSdj2J+5COTjZYEieikJowLnvQ6+/UCzCLFv8b5qGGtLKW6+/zUX2iTVqfiOeaXzOi/mn/tl3KO7
exhIfibwbEyOOar5s55ub06Snp7Dn5E0LaTSxDhaaqOpGpChThMggbRxt4InLN8Ht6R77As2hVCJEcGNU2WYvvKGwEfRO8pn8Xrc81RwKSJfwMB3lEkXmVRXMeNH78HReRVgLiSAQdlwrDxN7EDNnl5I91Z5rhuV+05LRAm35EveEP6A4/sTPMdf5g0i38PCCfSwY1udmL7RIcVGtTmB/wy+ChjNAp3EbagU0vfHNLI3UvYvf957W71m0uOjn1Mp00wVmww/g2JDRVLSWzgqFaeaDLsPkgsDVd1jxhvjo7o=
nvg5txsOV/wO6eApjIDXssXSv8VuqDuPLvJWn+ygiqqbCw89AXrzNn5kkk3zk+wsEFHYOEAeVdtPl9hFYkNk8pJrCbKoWt/OJLZmp0x9BYSIPi/JJ1ezhhXPBbbKVhbkNZA7qbqO7Jrnv60NEpmMeeSFHqQhtKaU5pHqITUaLfAdrPovacKQFSwax7fWoQ0Y093wkbaeN7/OD6ca7A546t1YFCotnnK98T2K9bSKwWc7Db/SIGJhOx+ES6IMv5V0XpbQY/UV1zGUODOuLGbQJdVRCsnAtge+e8W3KiQS4dxMFBB15v5QCNWnPFYSeJ3ko/ww5F8RXXHvPllnP3bLWcwfWroPBXP1uI5Qj1xYEX9jF5U8J9fYT6Cat/Dx1pBDXyyiqVfPCQPcASWXyTeYRJrc45qVpUw7ZU0kCpDs4HNjGzfEhg0aoJdLajkrazZBTi5tju2rldX9x/MYrxnY5DMFcWLqCTkjUgfNzq5d8LO4EX+xTgrI63sJ/n6P1UfadHWZuB4ZVXPqD1Zf64Wso8s=
Xxd0THjCDHvengEXhXJx+Ko9pxtdZByMIgl2gUzlLbWC1Xolg7hgHyhvku8BjSGIq1hHPzz4U1PgHoV/h54pjjRNl6wLWlGTf66WGWSRawU7RkRN9OCdVgkIbvhtospT4IV0gApELTsAZyJ6zTqh+38vGYEvsVDwCv3cq1Mt/QxMXsDIViULCKy7DdEI8Lvfpw4Y1tf/hYeAzJfjbcAmNfiruqgCK+7sUDnFrI9dGR0sosee51BmsRz6s5IGzD51KSaEyyxPB1S7POkpakTi5aATZZAbRR0xaDzWFueQ1j0k8sx5Du9x5/BbMMhVK3p7Hr4ERtYfkA4vhrkifB47hqA46ZllBR7u69htxRznA9Xekv/mnRqolkmj5w14UEyooMOTqvYd7RaBwvsBM3L74BF7ZL+2jK6EW1czaE8jFmn60wN2ISggpyNx+KqZnfViLXWBi+Si2pz1Lj0QZVRkNq9LdIafDuZrh7Kbz3VaYke7U9Pdu9BFn7STozbLOaK2gzTqoY9GnH93fmsXHWFT4oOvo84=
g2rKl+POvi7FO0nRGxA9rWZpaBfsBcG+mNkBWKbss2o5iSFXj2L95qAf+WVFJb3dFYfeZzWRLYDyflQ45Rsae2SBZLdf5Xgmn3jEWTI353mHNwENGOakp68wMv0C2ASycH8KEbMEPlJpETFb1bbTY5MubJoghAOcHfHsImoqgfN7FRT1urlS6Zg89/jApOC9vHmTlpuQq2DcN3/uVqVKllFvkM07GOWxtkkgElEPCCOxAsrCzopr1LJye7J0jZdxXG0y5nenDWG5yvYuB4uZKB36KrOjFGhadvtjuREB8jQldmoKZqVjPUwR1rphjr1pIbKC3te8ehg2LbBS1riz6+pOFBSrJBWQtnyJXTtB6RIPP5n6fTl603yiGSm1Rd4CxlcaNCd/VXvT5LFbvv9mtqHo1xomI+mgBPEB4w8zuk3zD09bLoSssOWCQ+kqi+PhclK24NYTVdeRXBCh3JDxR3zhbQeAwfhCK1b7p/PlO2tlgAnV7oQFCVc6vKW/kzRLG9aoMcZzDn35KZhGrtt9JagmKVnxusK5v6AINZPDjIPAh63pmqP9
J9josThFJgNE6nm7ofjzKo3I6O7gGZlFM7RWyt0UbjWz7gC2nlnnf2xjpXaq1ZENHoUouf335cc/O4GV6Xz4omixNUcUtYeXkDMsOOZd5S4PMuNSv+m2+2kSfOk3exDD9DW7SVNyRHGMpG36gZyOJDXG2l/I8bR8ssCd18gzAmbVHvE3l5uZPdd1INwC6bz3i8ltgOSqgLRuITtk5G+tTZBUa5PPOhjqr7t1KwhYdz81pDY50N96VLqvXgCYbeWwl3lJ0cQWRyIflBadFO7Tzt4orvmB0sS3FEs3OPPoSbXy4DKpyCdlrGMB7Z3gqDbKv/TGMQyGDIW2a8ELOA8Q1E0PKrf2CoT6LtvgIieS2X6k+qsKCMyp5V0BLoKjDM1ZhEPTmbam/9rlXlg6wTcH0SA0XKSIt1NWTpld+kmW2x0rVqss+c/kA05I3qhTQ1M0l8eG5VInQwoZLBDLa6VYNgE5JS5FQYG3nOYqMH263cw9MHQ6hz+0eieKVodP5rvTbX4yi1PnU2FDFDWzvIfDahPdMjorwKrdt0KsEz+qy4uFxYOu65uj8g==
BIg417WH9OOMz1FOTV4oif3gzraD0paY4cp1QPCS2PdmnJlFITn0ovODfCe1+rZS/UrHdXkvo3UIbkDPrPhBfzO3ZXw3N2jPcLrHMGCir10vjDDmZC9ZgywhNVd5V0hEyjxT2oWFPLu1LRTKAEwQc1P7p4R2LUogJyt6+VvL5kGejh1O/cslVa3nA1g/+ejkw6Xhotpp6aMiJ92OHr2gs2hxz3FeKjhrK+nOPh91N9pEFQl4bjmF81rvRh8bJfyjmw==
TpnFbU6Ct6qy3QG+KJuMyp1V23Bq2Cejqn0Lnd7i/B2+f5H78Tth1Bw77frLsBL6att163BontnCk0B10ATEL/BjZEOWZTuR0ZF7l//XXbwGN5ukg1D4HT9cxaPHzwh12c0z1cHXdQd4MADqcS9M7nSCLBWzOLLzjuj9JIsDZ6zjKr1NJA2Swibeh9HjCrtd7gM2xeMkJYaInZ/XyGgNg63oQYMBeYAskoZp6C2y0WrcnKMd1JRbYA4Re9RrTaEE+g2X5RPvHx5NReiV89S/x9pcz6KJcwtotMVLWNtVCf+L6G/Zo7w=
5PB0BF2wyNKqIwygLctJGJ1V23Bq2Cejqn0Lnd7i/B2+f5H78Tth1Bw77frLsBL6att163BontnFkUB10ATEL/BjZUOWZTuR0ZF7l//XXbwGN5ukg1D4HT9cxaPHzwh12c0z1cHXdQd4MADqcS9M7nSCLBWzOLLzjuj9JIsDZ6zjKr1NJA2Swibeh9HjCrtd7gM2xeMkJYaInZ/XyGgNg63oQYMBeYAskoZp6C2y0WrcnKMd1JRbYA4Re9RrTaEE+g2X5RPvHx5NReiV89S/x9pcz6KJcwtotMVLWNtVCf+L6G/Zo7w=
CtObFYPD9NeH16nFytLJ9p1V23Bq2Cejqn0Lnd7i/B2+f5H78Tth1Bw77frLsBL6att163BontnCk0B10ATEL/BjakOWZTuR0ZF7l//XXbwGN5ukg1D4HT9cxaPHzwh12c0z1cHXdQd4MADqcS9M7nSCLBWzOLLzjuj9JIsDZ6zjKr1NJA2Swibeh9HjCrtd7gM2xeMkJYaInZ/XyGgNg63oQYMBeYAskoZp6C2y0WrcnKMd1JRbYA4Re9RrTaEE+g2X5RPvHx5NReiV89S/x9pcz6KJcwtotMVLWNtVCf+L6G/Zo7w=
V2gZyGLKxgujHp+46jFX8Z1V23Bq2Cejqn0Lnd7i/B2+f5H78Tth1Bw77frLsBL6att163BontnFkUB10ATEL/Bja0OWZTuR0ZF7l//XXbwGN5ukg1D4HT9cxaPHzwh12c0z1cHXdQd4MADqcS9M7nSCLBWzOLLzjuj9JIsDZ6zjKr1NJA2Swibeh9HjCrtd7gM2xeMkJYaInZ/XyGgNg63oQYMBeYAskoZp6C2y0WrcnKMd1JRbYA4Re9RrTaEE+g2X5RPvHx5NReiV89S/x9pcz6KJcwtotMVLWNtVCf+L6G/Zo7w=
uvy21PEo02sb8WvZKqGb7p1V23Bq2Cejqn0Lnd7i/B2+f5H78Tth1Bw77frLsBL6att163BontnCk0B10ATEL/BjaEOWZTuR0ZF7l//XXbwGN5ukg1D4HT9cxaPHzwh12c0z1cHXdQd4MADqcS9M7nSCLBWzOLLzjuj9JIsDZ6zjKr1NJA2Swibeh9HjCrtd7gM2xeMkJYaInZ/XyGgNg63oQYMBeYAskoZp6C2y0WrcnKMd1JRbYA4Re9RrTaEE+g2X5RPvHx5NReiV89S/x9pcz6KJcwtotMVLWNtVCf+L6G/Zo7w=
483g208fWiQewXHCVxKil51V23Bq2Cejqn0Lnd7i/B2+f5H78Tth1Bw77frLsBL6att163BontnFkUB10ATEL/BjaUOWZTuR0ZF7l//XXbwGN5ukg1D4HT9cxaPHzwh12c0z1cHXdQd4MADqcS9M7nSCLBWzOLLzjuj9JIsDZ6zjKr1NJA2Swibeh9HjCrtd7gM2xeMkJYaInZ/XyGgNg63oQYMBeYAskoZp6C2y0WrcnKMd1JRbYA4Re9RrTaEE+g2X5RPvHx5NReiV89S/x9pcz6KJcwtotMVLWNtVCf+L6G/Zo7w=
tSNaTORDvC3JqeX8RQZgmJ1V23Bq2Cejqn0Lnd7i/B2+f5H78Tth1Bw77frLsBL6att163BontnCk0B10ATEL/BjbkOWZTuR0ZF7l//XXbwGN5ukg1D4HT9cxaPHzwh12c0z1cHXdQd4MADqcS9M7nSCLBWzOLLzjuj9JIsDZ6zjKr1NJA2Swibeh9HjCrtd7gM2xeMkJYaInZ/XyGgNg63oQYMBeYAskoZp6C2y0WrcnKMd1JRbYA4Re9RrTaEE+g2X5RPvHx5NReiV89S/x9pcz6KJcwtotMVLWNtVCf+L6G/Zo7w=
9Twm34rHLugTCJ/kN2qdl51V23Bq2Cejqn0Lnd7i/B2+f5H78Tth1Bw77frLsBL6att163BontnFkUB10ATEL/Bjb0OWZTuR0ZF7l//XXbwGN5ukg1D4HT9cxaPHzwh12c0z1cHXdQd4MADqcS9M7nSCLBWzOLLzjuj9JIsDZ6zjKr1NJA2Swibeh9HjCrtd7gM2xeMkJYaInZ/XyGgNg63oQYMBeYAskoZp6C2y0WrcnKMd1JRbYA4Re9RrTaEE+g2X5RPvHx5NReiV89S/x9pcz6KJcwtotMVLWNtVCf+L6G/Zo7w=
ZhPYZOPeBDrCLOOQN/Dx651V23Bq2Cejqn0Lnd7i/B2+f5H78Tth1Bw77frLsBL6att163BontnCk0B10ATEL/BjbEOWZTuR0ZF7l//XXbwGN5ukg1D4HT9cxaPHzwh12c0z1cHXdQd4MADqcS9M7nSCLBWzOLLzjuj9JIsDZ6zjKr1NJA2Swibeh9HjCrtd7gM2xeMkJYaInZ/XyGgNg63oQYMBeYAskoZp6C2y0WrcnKMd1JRbYA4Re9RrTaEE+g2X5RPvHx5NReiV89S/x9pcz6KJcwtotMVLWNtVCf+L6G/Zo7w=
R3r073AYtuT7hscAP5Q7+J1V23Bq2Cejqn0Lnd7i/B2+f5H78Tth1Bw77frLsBL6att163BontnFkUB10ATEL/BjbUOWZTuR0ZF7l//XXbwGN5ukg1D4HT9cxaPHzwh12c0z1cHXdQd4MADqcS9M7nSCLBWzOLLzjuj9JIsDZ6zjKr1NJA2Swibeh9HjCrtd7gM2xeMkJYaInZ/XyGgNg63oQYMBeYAskoZp6C2y0WrcnKMd1JRbYA4Re9RrTaEE+g2X5RPvHx5NReiV89S/x9pcz6KJcwtotMVLWNtVCf+L6G/Zo7w=
wq2ty//SXxOiivn69yDPUJ1V23Bq2Cejqn0Lnd7i/B2+f5H78Tth1Bw77frLsBL6att163BontnCk0B10ATEL/BjZEKWZTuR0ZF7l//XXbwGN5ukg1D4HT9cxaPHzwh12c0z1cHXdQd4MADqcS9M7nSCLBWzOLLzjuj9JIsDZ6zjKr1NJA2Swibeh9HjCrtd7gM2xeMkJYaInZ/XyGgNg63oQYMBeYAskoZp6C2y0WrcnKMd1JRbYA4Re9RrTaEE+g2X5RPvHx5NReiV89S/x9pcz6KJcwtotMVLWNtVCf+L6G/Zo7w=
4PSn6F5Lr0395TYJ2LKOpJ1V23Bq2Cejqn0Lnd7i/B2+f5H78Tth1Bw77frLsBL6att163BontnFkUB10ATEL/BjZUKWZTuR0ZF7l//XXbwGN5ukg1D4HT9cxaPHzwh12c0z1cHXdQd4MADqcS9M7nSCLBWzOLLzjuj9JIsDZ6zjKr1NJA2Swibeh9HjCrtd7gM2xeMkJYaInZ/XyGgNg63oQYMBeYAskoZp6C2y0WrcnKMd1JRbYA4Re9RrTaEE+g2X5RPvHx5NReiV89S/x9pcz6KJcwtotMVLWNtVCf+L6G/Zo7w=
tSay+Tj4+YM8/JBNscsMsJ1V23Bq2Cejqn0Lnd7i/B2+f5H78Tth1Bw77frLsBL6att163BontnCk0B10ATEL/BjakKWZTuR0ZF7l//XXbwGN5ukg1D4HT9cxaPHzwh12c0z1cHXdQd4MADqcS9M7nSCLBWzOLLzjuj9JIsDZ6zjKr1NJA2Swibeh9HjCrtd7gM2xeMkJYaInZ/XyGgNg63oQYMBeYAskoZp6C2y0WrcnKMd1JRbYA4Re9RrTaEE+g2X5RPvHx5NReiV89S/x9pcz6KJcwtotMVLWNtVCf+L6G/Zo7w=
Y6OQlvtGZPsaLTXloefnD51V23Bq2Cejqn0Lnd7i/B2+f5H78Tth1Bw77frLsBL6att163BontnFkUB10ATEL/Bja0KWZTuR0ZF7l//XXbwGN5ukg1D4HT9cxaPHzwh12c0z1cHXdQd4MADqcS9M7nSCLBWzOLLzjuj9JIsDZ6zjKr1NJA2Swibeh9HjCrtd7gM2xeMkJYaInZ/XyGgNg63oQYMBeYAskoZp6C2y0WrcnKMd1JRbYA4Re9RrTaEE+g2X5RPvHx5NReiV89S/x9pcz6KJcwtotMVLWNtVCf+L6G/Zo7w=
Ju4BdckAmp13aKg58LcdtFOs+N9hxj0QH651Soy0pjmNPA3vs5Eh7PNZA6fPO3wdKHFancojp7ywZFadM7pMfnckMqpJlAd66fQxWK/C6KNgTqFvmyrUxha3rumXtS2tMzWG7SLtbDYB34N2TwD9fydTsOmpkQvJwctNWwisuHaR83SyBJ8Axm3kCmb/tEX4ax9fsJN2BdGkkSqeVsK/zQPWAwGen44ZI/gdmvjBpwso9LUf3bR5nwFluHDiGtF0zW7pNqyAm8EUSOP8fk3DCItRmRiKUS95k3OnQj1Z0IkTCAebqsB3fkmvM3TEmXOEO8mxY/u0V8WjoA==
BPHI/vO61Um9+pzCZJz4yp1V23Bq2Cejqn0Lnd7i/B2+f5H78Tth1Bw77frLsBL6att163BontnFkUB10ATEL/BjaEKWZTuR0ZF7l//XXbwGN5ukg1D4HT9cxaPHzwh12c0z1cHXdQd4MADqcS9M7nSCLBWzOLLzjuj9JIsDZ6zjKr1NJA2Swibeh9HjCrtd7gM2xeMkJYaInZ/XyGgNg63oQYMBeYAskoZp6C2y0WrcnKMd1JRbYA4Re9RrTaEE+g2X5RPvHx5NReiV89S/x9pcz6KJcwtotMVLWNtVCf+L6G/Zo7w=
hKA3jyOPFVkpaYZuWn64SaJhi8Z8dje0YUtkJ7+jWhuH5sXFKF4Szvm18eA8OsEBDHQ/1RTwGaXWuaZuM/uXupBNXIJpdvMTNaJPxoDP1Cmd9+Zqqn6Q+rWxPnGpeyWTdD9qah5lPK1aQVrv9MxZZk2Z+h6VOEL2Jf1lmBmr8YsTkwZlp/87Q2IEYKgR8pfBliv/CQaCothaU1mvBQwkCUBwja8o0VmfTME02h9mr0+PBafDUdCdreLEiTFD6shNozOIY8+mXCkK80JljdnMbhJ7YU1cdj1hfXnOQStwPJ0Po3DrFLeZcdajsQ==
Ju4BdckAmp13aKg58LcdtFOs+N9hxj0QH651Soy0pjmNPA3vs5Eh7PNZA6fPO3wdKHFancojp7ywZFadM7pMfnckMqpJlAd66fQxWK/C6KNgTqFvmyrUxha3rumXtS2tMzWG7SLtbDYB34N2TwD9fydTsOmpkQvJwctNWwisuHaR83SyBJ8Axm3kCmb/tEX4ax9fsJN2BdGkkSqeVsK/zQPWAwGen44ZI/gdmvjBpwso9LUf3bR5nwFluHDiGtF0zW7pNqyAm8EUSOP8fk3DCItRmRiKUS95k3OnQj1Z0IkTCAebqsB3fkmvM3TEmXOEO8mxY/u0V8WjoA==
hKA3jyOPFVkpaYZuWn64SaJhi8Z8dje0YUtkJ7+jWhuH5sXFKF4Szvm18eA8OsEBDHQ/1RTwGaXWuaZuM/uXupBNXIJpdvMTNaJPxoDP1Cmd9+Zqqn6Q+rWxPnGpeyWTdD9qah5lPK1aQVrv9MxZZk2Z+h6VOEL2Jf1lmBmr8YsTkwZlp/87Q2IEYKgR8pfBliv/CQaCothaU1mvBQwkCUBwja8o0VmfTME02h9mr0+PBafDUdCdreLEiTFD6shNozOIY8+mXCkK80JljdnMbhJ7YU1cdj1hfXnOQStwPJ0Po3DrFLeZcdajsQ==
Ju4BdckAmp13aKg58LcdtFOs+N9hxj0QH651Soy0pjmNPA3vs5Eh7PNZA6fPO3wdKHFancojp7ywZFadM7pMfnckMqpJlAd66fQxWK/C6KNgTqFvmyrUxha3rumXtS2tMzWG7SLtbDYB34N2TwD9fydTsOmpkQvJwctNWwisuHaR83SyBJ8Axm3kCmb/tEX4ax9fsJN2BdGkkSqeVsK/zQPWAwGen44ZI/gdmvjBpwso9LUf3bR5nwFluHDiGtF0zW7pNqyAm8EUSOP8fk3DCItRmRiKUS95k3OnQj1Z0IkTCAebqsB3fkmvM3TEmXOEO8mxY/u0V8WjoA==
hKA3jyOPFVkpaYZuWn64SaJhi8Z8dje0YUtkJ7+jWhuH5sXFKF4Szvm18eA8OsEBDHQ/1RTwGaXWuaZuM/uXupBNXIJpdvMTNaJPxoDP1Cmd9+Zqqn6Q+rWxPnGpeyWTdD9qah5lPK1aQVrv9MxZZk2Z+h6VOEL2Jf1lmBmr8YsTkwZlp/87Q2IEYKgR8pfBliv/CQaCothaU1mvBQwkCUBwja8o0VmfTME02h9mr0+PBafDUdCdreLEiTFD6shNozOIY8+mXCkK80JljdnMbhJ7YU1cdj1hfXnOQStwPJ0Po3DrFLeZcdajsQ==
Ju4BdckAmp13aKg58LcdtFOs+N9hxj0QH651Soy0pjmNPA3vs5Eh7PNZA6fPO3wdKHFancojp7ywZFadM7pMfnckMqpJlAd66fQxWK/C6KNgTqFvmyrUxha3rumXtS2tMzWG7SLtbDYB34N2TwD9fydTsOmpkQvJwctNWwisuHaR83SyBJ8Axm3kCmb/tEX4ax9fsJN2BdGkkSqeVsK/zQPWAwGen44ZI/gdmvjBpwso9LUf3bR5nwFluHDiGtF0zW7pNqyAm8EUSOP8fk3DCItRmRiKUS95k3OnQj1Z0IkTCAebqsB3fkmvM3TEmXOEO8mxY/u0V8WjoA==
hKA3jyOPFVkpaYZuWn64SaJhi8Z8dje0YUtkJ7+jWhuH5sXFKF4Szvm18eA8OsEBDHQ/1RTwGaXWuaZuM/uXupBNXIJpdvMTNaJPxoDP1Cmd9+Zqqn6Q+rWxPnGpeyWTdD9qah5lPK1aQVrv9MxZZk2Z+h6VOEL2Jf1lmBmr8YsTkwZlp/87Q2IEYKgR8pfBliv/CQaCothaU1mvBQwkCUBwja8o0VmfTME02h9mr0+PBafDUdCdreLEiTFD6shNozOIY8+mXCkK80JljdnMbhJ7YU1cdj1hfXnOQStwPJ0Po3DrFLeZcdajsQ==
Ju4BdckAmp13aKg58LcdtFOs+N9hxj0QH651Soy0pjmNPA3vs5Eh7PNZA6fPO3wdKHFancojp7ywZFadM7pMfnckMqpJlAd66fQxWK/C6KNgTqFvmyrUxha3rumXtS2tMzWG7SLtbDYB34N2TwD9fydTsOmpkQvJwctNWwisuHaR83SyBJ8Axm3kCmb/tEX4ax9fsJN2BdGkkSqeVsK/zQPWAwGen44ZI/gdmvjBpwso9LUf3bR5nwFluHDiGtF0zW7pNqyAm8EUSOP8fk3DCItRmRiKUS95k3OnQj1Z0IkTCAebqsB3fkmvM3TEmXOEO8mxY/u0V8WjoA==
hKA3jyOPFVkpaYZuWn64SaJhi8Z8dje0YUtkJ7+jWhuH5sXFKF4Szvm18eA8OsEBDHQ/1RTwGaXWuaZuM/uXupBNXIJpdvMTNaJPxoDP1Cmd9+Zqqn6Q+rWxPnGpeyWTdD9qah5lPK1aQVrv9MxZZk2Z+h6VOEL2Jf1lmBmr8YsTkwZlp/87Q2IEYKgR8pfBliv/CQaCothaU1mvBQwkCUBwja8o0VmfTME02h9mr0+PBafDUdCdreLEiTFD6shNozOIY8+mXCkK80JljdnMbhJ7YU1cdj1hfXnOQStwPJ0Po3DrFLeZcdajsQ==
Ju4BdckAmp13aKg58LcdtFOs+N9hxj0QH651Soy0pjmNPA3vs5Eh7PNZA6fPO3wdKHFancojp7ywZFadM7pMfnckMqpJlAd66fQxWK/C6KNgTqFvmyrUxha3rumXtS2tMzWG7SLtbDYB34N2TwD9fydTsOmpkQvJwctNWwisuHaR83SyBJ8Axm3kCmb/tEX4ax9fsJN2BdGkkSqeVsK/zQPWAwGen44ZI/gdmvjBpwso9LUf3bR5nwFluHDiGtF0zW7pNqyAm8EUSOP8fk3DCItRmRiKUS95k3OnQj1Z0IkTCAebqsB3fkmvM3TEmXOEO8mxY/u0V8WjoA==
hKA3jyOPFVkpaYZuWn64SaJhi8Z8dje0YUtkJ7+jWhuH5sXFKF4Szvm18eA8OsEBDHQ/1RTwGaXWuaZuM/uXupBNXIJpdvMTNaJPxoDP1Cmd9+Zqqn6Q+rWxPnGpeyWTdD9qah5lPK1aQVrv9MxZZk2Z+h6VOEL2Jf1lmBmr8YsTkwZlp/87Q2IEYKgR8pfBliv/CQaCothaU1mvBQwkCUBwja8o0VmfTME02h9mr0+PBafDUdCdreLEiTFD6shNozOIY8+mXCkK80JljdnMbhJ7YU1cdj1hfXnOQStwPJ0Po3DrFLeZcdajsQ==
Ju4BdckAmp13aKg58LcdtFOs+N9hxj0QH651Soy0pjmNPA3vs5Eh7PNZA6fPO3wdKHFancojp7ywZFadM7pMfnckMqpJlAd66fQxWK/C6KNgTqFvmyrUxha3rumXtS2tMzWG7SLtbDYB34N2TwD9fydTsOmpkQvJwctNWwisuHaR83SyBJ8Axm3kCmb/tEX4ax9fsJN2BdGkkSqeVsK/zQPWAwGen44ZI/gdmvjBpwso9LUf3bR5nwFluHDiGtF0zW7pNqyAm8EUSOP8fk3DCItRmRiKUS95k3OnQj1Z0IkTCAebqsB3fkmvM3TEmXOEO8mxY/u0V8WjoA==
hKA3jyOPFVkpaYZuWn64SaJhi8Z8dje0YUtkJ7+jWhuH5sXFKF4Szvm18eA8OsEBDHQ/1RTwGaXWuaZuM/uXupBNXIJpdvMTNaJPxoDP1Cmd9+Zqqn6Q+rWxPnGpeyWTdD9qah5lPK1aQVrv9MxZZk2Z+h6VOEL2Jf1lmBmr8YsTkwZlp/87Q2IEYKgR8pfBliv/CQaCothaU1mvBQwkCUBwja8o0VmfTME02h9mr0+PBafDUdCdreLEiTFD6shNozOIY8+mXCkK80JljdnMbhJ7YU1cdj1hfXnOQStwPJ0Po3DrFLeZcdajsQ==
hKA3jyOPFVkpaYZuWn64SaJhi8Z8dje0YUtkJ7+jWhuH5sXFKF4Szvm18eA8OsEBDHQ/1RTwGaXWuaZuM/uXupBNXIJpdvMTNaJPxoDP1Cmd9+Zqqn6Q+rWxPnGpeyWTdD9qah5lPK1aQVrv9MxZZk2Z+h6VOEL2Jf1lmBmr8YsTkwZlp/87Q2IEYKgR8pfBliv/CQaCothaU1mvBQwkCUBwja8o0VmfTME02h9mr0+PBafDUdCdreLEiTFD6shNozOIY8+mXCkK80JljdnMbhJ7YU1cdj1hfXnOQStwPJ0Po3DrFLeZcdajsQ==
txA8ez8xNqG+SYPkVKFboy6VguVTAfXpnQB5E2+BmPtkjy5iKpX1OynNx9tk0iq8u9kiqoWcLYs7ib5+T1WH2bf12bhemZVzKo8WX6sFbKML
K8h5TfUmKld9lywQbMBVg04mKxY3c8f9s/AKPph6ERPaXyCUBO3bH+Hp3uDxfJj57cs8Yv9heqyOpNlqxX9S4F+bktkDWy5BVh5FbhV7XZW1t6u4B4kgZIuVGQKyufHjmtf17sYt6LOg4ZeRdlqAqzO5Jp5nRf9ZD+UxGMbpnbOiXy4/w7W0o9M=
aXV0vgldXB2wSe7iZfN2U3H16IF45svO67uDvf28SY00ovXzfueMBHhlX59lYSJwXcQ8mYmTkNIjqb5sSuyFGqkndsC7Y37JP1MqQVIWeX75g7m1ke/HyFvB5KRPXcWyHuGVgz5vWX46pWwzJGnrAdriJEvXYYouOw27GUst7egqMbmTxidCL/+9sKPX
bit1XZnz5zGu+B4VCtucM+nX12u6PRI/nF9QL63dmqereXqjWzkW7kys5YNdlk+0GBfIB0NoQ0YWuH/ZYBO1eTrG4FI+R9DBtPnlBXaxJncySzK9M5SB0CVOBBOXRRisj5fcB/Zfo9jnknsDbBBh5ywhPSeQwehie5arB2Nli8sVQDn1HoQ16Sf6DMVPE6SrSxZ4UdZzHp2paUgmPlsNxRhm2TnBubGZj+D4lSNDHCMQx33JiqPt
Or9slC3lWdCZe4sXyQ3hYjZmA/GJSGVeJXQtbA7a+Vk0SmuXDRe43Qs4P8TDwZSAYpPx8Mk7fvZXadz7vvZO5JGpOHKpxZV6HW2Bk9S6usTF9v3I1QwErh/T9B4vloYzN2pbF0UCAl+LS9PFi8glx4RLY+57YcIuM6xpOj/e/CfHpqvPLTkz+rO3o9Y=
1K+f+7ggr80CT6xugztn71A/iMRpL3nSertQIeBf3wDDXQwnAWgWdsn8/Um13Uzg6ay5Lwkdt+hbhRbmX2P0Q84sanF138/1sNgf4DaJo9cyWrH99ExA+NdSC6PckPFHfOFtB4DB+EIrVvun8+U7a2WACdXuhAUJVzq8pb+TNEsb1qgxxnMOffkpmEau230lqCYpWfG5wbm/oAg1k8OMg8CHremao/0=
wXLrNm1EsMZCHt3iREzrRHiXKlYwZ3Qd4H0BOwNXxo+0eGlPGR2nyAtFxkbP4wTjvuyaUQXfP9XAmO9ARgkzd2IaYd3kTFAYhxLbQ0wQQafMoV3nsMHIohsWS0dDZauLtcBZNf6EFSmHeuwFLxNE6+uW2BE2c35dCeno5l5b7YV45nl54bnR2W9gWFUDQzzjcEediaqjzQ==
+Xmib5JZquAyXa2M7E9rvB9RJG9tAIgxV8UgQbC2o45TK3s9RSwxLZxyPTM2l+QkYJVHn30ROlC1NPTZwcM4cts5BuwyfD36Qfc+gPNTViknYzJBSiZhntGz8fXZPy8o41GcJPfNPRK2sd3D9p+xXiLVdDM8mfMhspJsix+xIo5DnQOZs71ViEJhcVMOF2pP542oo88=
ASviJb2nfppRuG90kcmUcmMR+xJf7/+H/P3Z7gSCsbNoUf6thhFewsgioJju2q8KU/2yGusgqT53Yiwzf8rL68XlA44re6MS
wtbMxl08VmxMYxNi0x1rrWAR+xJf7/+H/P3Z7gSCsbNoUf6thhFewsgioJju2q8KU/2yGusgqT53Yiwzf8rL68XlA44re6MS
jTjehSSaEu1Lxc09+kdka2ER+xJf7/+H/P3Z7gSCsbNoUf6thhFewsgioJju2q8KU/2yGusgqT53Yiwzf8rL68XlA44re6MS
9G4g9vCQc0BgnmOFT0Biahds4L7UGMMv1g6ODbsytelaErqigLg+vqMqQYS9yP3H8znmnifFP1lPZXEYBmnds+Lf7j+DNXSjEw==
KEpScf9nXarNbPbjmwJxzm98pth6Vq78YY90anRlYYYHOSjm4Go6/Pz+YW57TOc8jxfBDTz23aEdeW2BC/AcXe+jEKv0N7kxdqMR
chYVulPiLmjaUXnx49itd2x8pth6Vq78YY90anRlYYYHOSjm4Go6/Pz+YW57TOc8jxfBDTz23aEdeW2BC/AcXe+jEKv0N7kxdqMR
Rv4MEZXN0QiBKlNPxW2piBZw7a/PDsAv1g6ODbsytelaErqigLg+vqMqQYS9yP3H8znmnifFP1lPZXEYBmnds+Lf7j+DNXSjEw==
QaAXo3urDKJ+yZ1ZV/yltiYziATcsfy14eDQY1E31oqTlEAPOuvCCKCgv1OUcUmK3L7RR2B9Duk+jd5WYG5wvPYmjz6bkQKek/xpap9uPNcndiufTUlzShNnowY=
v3XmARXxBslX9VW1woS949FOOuPan5Pj59uB36Gd31ijpR72h6NMM0bMsiEd3ycl6LiXEI7J+8c6eslNHMzoiO+yA7OEUAn39EG116jB0JLz9nMXCyVje21gMaVGBO25Lxq0tefTjLuTtvDhLnNmLSHJEDYWG6U1oAbR6Zk5aUmHwAAlS4P0M0gn9bmyo9U=
RJP7xniXl8M+syeUogc+dy4Qjiw/xt98gMn/tJ/jv30BZP3dQMpZU5IPGLTsHcMf+Zm2wMmsUDkle2QCl/HCLHY0ccqdDxqgl0tqOStrNkFOLm2O7auV1f3H8xivGdjkMwVxYuoJOSNSB83Orl3ws7gRf7FOCsjrewn+fo/VR9l3dZm4HhlVc+oPVl/rhayjyw==
b9clA9DouilnPls6tSZaPYK16emBCr63CLnWJyoeP8aV7K30vkKZAYSSq089T9jFOyA/3PPZ9NhSSzEoeWMebufxXGMObi68IXH4qpmd9WItdYGL5KLanPUuPRBlVGQ2r0t0hp8O5muHspvPdVpiR7tT09270EWftJOjNss5oraDNOmij0acf3d+axcdYVPig6+jzg==
mdZqmBSufNo6MEm4ZOVTsKLklg29t1lrtj1ACAcocc7NkpJoYd+wwPt54bUQi39i/xo/E6ymBvnB/sU5dsBDE/zFYgSWItXjaNwFJ33sqfcBDWgoQiJhXI2Gmc7MWMvplGAzpJ41M2BLeSkgKol/kZOb95qdYWCh02D340qYp1bJhGOspGEDbHvhAVtb7Ieto8g=
AC5lqO4rj3RF+tN4VBDysX0pOx2/MjCr8A8JxXdfGtCNN4Sq1v3/wgMl0vKb2Cm25/qMm89yC6MVvePm2wOjGg==
Cq3rXKbdUanaid1zi2qLHWsWx7IXWwJ7z4XtWadIz262IBCayMtZGR+rmlwVkzQWHqkfrvshwu6z7Gl6vx78Z0fmqw+t+TO6M3ejFg==
353uOaZbeftHcTVFKaMc1WBV+Rpb2v/LobqQsg+As/UgV+mthyca2J0vpILmxb8KU/2yGusgqT53Yiwzf8rL68XlA44re6MS
q7TB3+fBRP9dJtGFj74g/h7aCqIc7d8f94MtMa+3uxBoHWaV35yBGhhg6dskA9lbr5xRVTFbepaKrYaVXjrv08oYEQyE5/VV0EZBSak5makXADAFGwOEU1hnRRliowU=
6bkcRd7M0vWEyZs9sm1K/Edh1oBuNkKIU1+2o4uflfRLYVOLuOIQJfwxjHo997AQC3hGN5fhSi77jfsZi60t6Gqx+ZMGpwIvvz1woxc=
q7TB3+fBRP9dJtGFj74g/h7aCqIc7d8f94MtMa+3uxBoHWaV35yBGhhg6dskA9lbr5xRVTFbepaKrYaVXjrv08oYEQyE5/VV0EZBSak5makXADAFGwOEU1hnRRliowU=
5RgLJz/gkyLYfo1U2rIUwA6R4cVDJWnIzD0U6slFMwYVEnDK38jzLVC/yZWXLxrArQfEerYNf1KjlRKie6gppsfKzEuvgosztQ0jtjtzowo=
353uOaZbeftHcTVFKaMc1WBV+Rpb2v/LobqQsg+As/UgV+mthyca2J0vpILmxb8KU/2yGusgqT53Yiwzf8rL68XlA44re6MS
q7TB3+fBRP9dJtGFj74g/h7aCqIc7d8f94MtMa+3uxBoHWaV35yBGhhg6dskA9lbr5xRVTFbepaKrYaVXjrv08oYEQyE5/VV0EZBSak5makXADAFGwOEU1hnRRliowU=
MIpyctYVtu7XBj0m3SuJTX0Dg+MsuCUjEzwBHHjI494DR3SBkWfb6dqaWWls2Cr779gnC+ow1w5JXJMEBAlT1LsZ0fM7hDd1oxA=
Cq3rXKbdUanaid1zi2qLHWsWx7IXWwJ7z4XtWadIz262IBCayMtZGR+rmlwVkzQWHqkfrvshwu6z7Gl6vx78Z0fmqw+t+TO6M3ejFg==
rirrDvH3jJCSvwp61KtK7K2M4hj8kiQopo2VHmMCdY27smUqNhZ4k2iPSBfjbO0tlbveDhY9Ch3aumtbRoiNlCCHUa1sNo2B7XldYVswzD1/I2BLRHdJEWajAQ==
HbLS/M3bFce9PpaTq4/6J55Ah3JIli8Xo6QrGjfG4onKUUACBomlmIoyjqmk/0U0O4HjCyhCQOXMUZx6LReAUNvY1rcngbpuq23LGXuNfSjaEQkTlkdSb08dYKMH
TIoDJqtVGhQIxT0YEb02iFJx9r6GWrpp0FfJROc5t+scWry1gLkI+rl/TICnwOLX8znmnifFP1lPZXEYBmnds+Lf7j+DNXSjEw==
lDmaTqBIi1B1aAkNu4DaeayM4hj8kiQopo2VHmMCdY27smUqNhZ4k2iPSBfjbO0tlbveDhY9Ch3aumtbRoiNlCCHUa1sNo2B7XldYVswzD1/I2BLRHdJEWajAQ==
TIoDJqtVGhQIxT0YEb02iFJx9r6GWrpp0FfJROc5t+scWry1gLkI+rl/TICnwOLX8znmnifFP1lPZXEYBmnds+Lf7j+DNXSjEw==
rirrDvH3jJCSvwp61KtK7K2M4hj8kiQopo2VHmMCdY27smUqNhZ4k2iPSBfjbO0tlbveDhY9Ch3aumtbRoiNlCCHUa1sNo2B7XldYVswzD1/I2BLRHdJEWajAQ==
TIoDJqtVGhQIxT0YEb02iFJx9r6GWrpp0FfJROc5t+scWry1gLkI+rl/TICnwOLX8znmnifFP1lPZXEYBmnds+Lf7j+DNXSjEw==
rirrDvH3jJCSvwp61KtK7K2M4hj8kiQopo2VHmMCdY27smUqNhZ4k2iPSBfjbO0tlbveDhY9Ch3aumtbRoiNlCCHUa1sNo2B7XldYVswzD1/I2BLRHdJEWajAQ==
MNjX2CoqIHjU7TZdD1RFXn0pOx2/MjCr8A8JxXdfGtCMN4Sq1v3/wgMl0vKb2Cm25/qMm89yC6MVvePm2wOjGg==
kQ3+Rc5p9G3GICUf2qOkc2sWx7IXWwJ7z4XtWadIz262IBCayMtZGR+rmlwUkzQWHqkfrvshwu6z7Gl6vx78Z0fmqw+t+TO6M3ejFg==
/5Jg0jojhbhAtC50Mix3VK2M4hj8kiQopo2VHmMCdY27smUqNhZ4k2iPSBfjbO0tlbveDhY9Ch3aumtaRoiNlCCHUa1sNo2B7XldYVswzD1/I2BLRHdJEWajAQ==
AC5lqO4rj3RF+tN4VBDysX0pOx2/MjCr8A8JxXdfGtCNN4Sq1v3/wgMl0vKb2Cm25/qMm89yC6MVvePm2wOjGg==
Cq3rXKbdUanaid1zi2qLHWsWx7IXWwJ7z4XtWadIz262IBCayMtZGR+rmlwVkzQWHqkfrvshwu6z7Gl6vx78Z0fmqw+t+TO6M3ejFg==
K9//DAWgAcJM0MgvZcbUFWJE+Rpb2v/LobqQsg+As/UgV+mthyca2J0vpILmxb8KU/2yGusgqT53Yiwzf8rL68XlA44re6MS
u5KAI1/DuXeVaaFjp0SwMRYprpXnNcUvmlPJROc5t+scWry1gLkI+rl/TICnwOLX8znmnifFP1lPZXEYBmnds+Lf7j+DNXSjEw==
P/FwdgqjR8KGj7A5fyDutPHiy3tY1PfTF0oE4qTRJL4xGXPCXd6gvgd0k8n4EzkBL7OaRCWLVM4u8d/2S/midgN06eIPhpy/975rV50hU6IDb6MO
GPVe/VxQCU9N1TR+63uVt1o47Mk0EPXzUMNtMzMsPY0FO26u5n06/cq6ezt2SP00kAfBDTz23aEdeW2BC/AcXe+jEKv0N7kxdqMR
W2v9DZBoUmoqbECgZewAHxYqrpXnNcUvmlPJROc5t+scWry1gLkI+rl/TICnwOLX8znmnifFP1lPZXEYBmnds+Lf7j+DNXSjEw==
jlU8FCYRfGCmZVPCRq5Z0una59bIss19STvO3P9uZA6chfSCed2zjoVq0GKvEDNlgIepfac3Gsi9/+RSRlU/mvMt8srLMKkuV7Js499aS3tlNUNeC2ujAg==
GPVe/VxQCU9N1TR+63uVt1o47Mk0EPXzUMNtMzMsPY0FO26u5n06/cq6ezt2SP00kAfBDTz23aEdeW2BC/AcXe+jEKv0N7kxdqMR
4AwJ0aWgfzWc0TfRaMpw5xYrrpXnNcUvmlPJROc5t+scWry1gLkI+rl/TICnwOLX8znmnifFP1lPZXEYBmnds+Lf7j+DNXSjEw==
mM6bPVmBjF2i4Zy0c0rzXuna59bIsc19STvO3P9uZA6chfSCed2zjoVq0GKvEDNlgIepfac3Gsi9/+RSRlU/mvMt8srLMKkuV7Js499aS3tlNUNeC2ujAg==
GPVe/VxQCU9N1TR+63uVt1o47Mk0EPXzUMNtMzMsPY0FO26u5n06/cq6ezt2SP00kAfBDTz23aEdeW2BC/AcXe+jEKv0N7kxdqMR
xfCGHWDC4FpNgcZruqM1z/YvOm9WKz0UM5ELS4CyyEUUIYR6NefY8FOofndPkbJOUz1zmQNdRUjSASHT/vfaD5cteKMf
G/eW8Xw8poXROA7sxTBlxUB956nEWf1u1QyOWu4/q6gXWry1gLkI+rl/TICnwOLX8znmnifFP1lPZXEYBmnds+Lf7j+DNXSjEw==
MNjX2CoqIHjU7TZdD1RFXn0pOx2/MjCr8A8JxXdfGtCMN4Sq1v3/wgMl0vKb2Cm25/qMm89yC6MVvePm2wOjGg==
kQ3+Rc5p9G3GICUf2qOkc2sWx7IXWwJ7z4XtWadIz262IBCayMtZGR+rmlwUkzQWHqkfrvshwu6z7Gl6vx78Z0fmqw+t+TO6M3ejFg==
Oyr0qdowA2zQ2clNpMuN2BYprpXnNcUvmlPJROc5t+scWry1gLkI+rl+TICnwOLX8znmnifFP1lPZXEYBmnds+Lf7j+DNXSjEw==
ANjeG29oXgrAu3xTWQkJe/Hiy3tY1PfTF0oE4qTRJL4xGXPCXd6gvgd0k8n4EzkBL7OaRCSLVM4u8d/2S/midgN06eIPhpy/975rV50hU6IDb6MO
0UGM7YZY9TKiJotxtO7i9lo47Mk0EPXzUMNtMzMsPY0FO26u5n06/cq6ezp2SP00kAfBDTz23aEdeW2BC/AcXe+jEKv0N7kxdqMR
EEwOSENumENk6BCVOHKwSBYqrpXnNcUvmlPJROc5t+scWry1gLkI+rl+TICnwOLX8znmnifFP1lPZXEYBmnds+Lf7j+DNXSjEw==
JifAPuG4U9tCt1r/LWcaxuna59bIss19STvO3P9uZA6chfSCed2zjoVq0GKvEDNlgIepfac3Gsi8/+RSRlU/mvMt8srLMKkuV7Js499aS3tlNUNeC2ujAg==
0UGM7YZY9TKiJotxtO7i9lo47Mk0EPXzUMNtMzMsPY0FO26u5n06/cq6ezp2SP00kAfBDTz23aEdeW2BC/AcXe+jEKv0N7kxdqMR
Zsy91ACzY8/tnWbY9oahhBYrrpXnNcUvmlPJROc5t+scWry1gLkI+rl+TICnwOLX8znmnifFP1lPZXEYBmnds+Lf7j+DNXSjEw==
G/VwI6y2rTS7bZl0ZD8Zaena59bIsc19STvO3P9uZA6chfSCed2zjoVq0GKvEDNlgIepfac3Gsi8/+RSRlU/mvMt8srLMKkuV7Js499aS3tlNUNeC2ujAg==
0UGM7YZY9TKiJotxtO7i9lo47Mk0EPXzUMNtMzMsPY0FO26u5n06/cq6ezp2SP00kAfBDTz23aEdeW2BC/AcXe+jEKv0N7kxdqMR
CYDNotK+G8ex2CwmwG8+QPYvOm9WKz0UM5ELS4CyyEUUIYR6NebY8FOofndPkbJOUz1zmQNdRUjSASHT/vfaD5cteKMf
azBK/jtx4We5EcxuIixVTkB956nEWf1u1QyOWu4/q6gXWry1gLkI+rl+TICnwOLX8znmnifFP1lPZXEYBmnds+Lf7j+DNXSjEw==
t8+aE/HFX2/TTV4nqbOOGpnByUhDguBlLBG8eg3X4NB7mDa3B0Ea7sut6xmbzd2outFpE7YHsu/v3QCjZw==
MNjX2CoqIHjU7TZdD1RFXn0pOx2/MjCr8A8JxXdfGtCMN4Sq1v3/wgMl0vKb2Cm25/qMm89yC6MVvePm2wOjGg==
kQ3+Rc5p9G3GICUf2qOkc2sWx7IXWwJ7z4XtWadIz262IBCayMtZGR+rmlwUkzQWHqkfrvshwu6z7Gl6vx78Z0fmqw+t+TO6M3ejFg==
zZKfp5E5CAIASgWD6yka0K6M4hj8kiQopo2VHmMCdY27smUqNhZ4k2iPSBfjbO0tlbveDhY9Ch3aumtaRoiNlCCHUa1sNo2B7XldYVswzD1/I2BLRHdJEWajAQ==
MLEzeM4YgUB6OF4t6VhYFezQtw/6nXYoqpa9SmQRXN22snAlMwAs3ijJAhPjbO0tlbveDhY9Ch3aumtaRoiNlCCHUa1sNo2B7XldYVswzD1/I2BLRHdJEWajAQ==
2FjxXjYzc5PlEf91auXVrH8qis46k0hqU2xmalr0gK9FDQsZ2s3HkGy1QL9Z96mY6GyrCiNTfKXBo3N9Wg7wrTz8Iu/PDG+verR/2gmIuwAULRsAG41ZV2tAH2GjBA==
0DCWg5YaD9AYs4XGTwNMwVJx9r6GWrpp0FfJROc5t+scWry1gLkI+rl+TICnwOLX8znmnifFP1lPZXEYBmnds+Lf7j+DNXSjEw==
/5Jg0jojhbhAtC50Mix3VK2M4hj8kiQopo2VHmMCdY27smUqNhZ4k2iPSBfjbO0tlbveDhY9Ch3aumtaRoiNlCCHUa1sNo2B7XldYVswzD1/I2BLRHdJEWajAQ==
MLEzeM4YgUB6OF4t6VhYFezQtw/6nXYoqpa9SmQRXN22snAlMwAs3ijJAhPjbO0tlbveDhY9Ch3aumtaRoiNlCCHUa1sNo2B7XldYVswzD1/I2BLRHdJEWajAQ==
2FjxXjYzc5PlEf91auXVrH8qis46k0hqU2xmalr0gK9FDQsZ2s3HkGy1QL9Z96mY6GyrCiNTfKXBo3N9Wg7wrTz8Iu/PDG+verR/2gmIuwAULRsAG41ZV2tAH2GjBA==
0DCWg5YaD9AYs4XGTwNMwVJx9r6GWrpp0FfJROc5t+scWry1gLkI+rl+TICnwOLX8znmnifFP1lPZXEYBmnds+Lf7j+DNXSjEw==
39Qscc0en2qKlBZ+Tl9MEKyM4hj8kiQopo2VHmMCdY27smUqNhZ4k2iPSBfjbO0tlbveDhY9Ch3aumtaRoiNlCCHUa1sNo2B7XldYVswzD1/I2BLRHdJEWajAQ==
MLEzeM4YgUB6OF4t6VhYFezQtw/6nXYoqpa9SmQRXN22snAlMwAs3ijJAhPjbO0tlbveDhY9Ch3aumtaRoiNlCCHUa1sNo2B7XldYVswzD1/I2BLRHdJEWajAQ==
2FjxXjYzc5PlEf91auXVrH8qis46k0hqU2xmalr0gK9FDQsZ2s3HkGy1QL9Z96mY6GyrCiNTfKXBo3N9Wg7wrTz8Iu/PDG+verR/2gmIuwAULRsAG41ZV2tAH2GjBA==
0DCWg5YaD9AYs4XGTwNMwVJx9r6GWrpp0FfJROc5t+scWry1gLkI+rl+TICnwOLX8znmnifFP1lPZXEYBmnds+Lf7j+DNXSjEw==
pul4vuAnuJv+zxK8SdQt7quM4hj8kiQopo2VHmMCdY27smUqNhZ4k2iPSBfjbO0tlbveDhY9Ch3aumtaRoiNlCCHUa1sNo2B7XldYVswzD1/I2BLRHdJEWajAQ==
MLEzeM4YgUB6OF4t6VhYFezQtw/6nXYoqpa9SmQRXN22snAlMwAs3ijJAhPjbO0tlbveDhY9Ch3aumtaRoiNlCCHUa1sNo2B7XldYVswzD1/I2BLRHdJEWajAQ==
agDVQ2CQesnYxd79YymdS38pis46k0hqU2xmalr0gK9FDQsZ2s3HkGy1QL9Z96mY6GyrCiNTfKXBo3N9Wg7wrTz8Iu/PDG+verR/2gmIuwAULRsAG41ZV2tAH2GjBA==
0DCWg5YaD9AYs4XGTwNMwVJx9r6GWrpp0FfJROc5t+scWry1gLkI+rl+TICnwOLX8znmnifFP1lPZXEYBmnds+Lf7j+DNXSjEw==
lkz7J6KA4n+QTl7JNUbAUaqM4hj8kiQopo2VHmMCdY27smUqNhZ4k2iPSBfjbO0tlbveDhY9Ch3aumtaRoiNlCCHUa1sNo2B7XldYVswzD1/I2BLRHdJEWajAQ==
MLEzeM4YgUB6OF4t6VhYFezQtw/6nXYoqpa9SmQRXN22snAlMwAs3ijJAhPjbO0tlbveDhY9Ch3aumtaRoiNlCCHUa1sNo2B7XldYVswzD1/I2BLRHdJEWajAQ==
TnXYE4vhloLLenVRYH7Dx38ois46k0hqU2xmalr0gK9FDQsZ2s3HkGy1QL9Z96mY6GyrCiNTfKXBo3N9Wg7wrTz8Iu/PDG+verR/2gmIuwAULRsAG41ZV2tAH2GjBA==
0DCWg5YaD9AYs4XGTwNMwVJx9r6GWrpp0FfJROc5t+scWry1gLkI+rl+TICnwOLX8znmnifFP1lPZXEYBmnds+Lf7j+DNXSjEw==
ebDW+N+4KOInhTRzsIuAcKmM4hj8kiQopo2VHmMCdY27smUqNhZ4k2iPSBfjbO0tlbveDhY9Ch3aumtaRoiNlCCHUa1sNo2B7XldYVswzD1/I2BLRHdJEWajAQ==
MLEzeM4YgUB6OF4t6VhYFezQtw/6nXYoqpa9SmQRXN22snAlMwAs3ijJAhPjbO0tlbveDhY9Ch3aumtaRoiNlCCHUa1sNo2B7XldYVswzD1/I2BLRHdJEWajAQ==
TnXYE4vhloLLenVRYH7Dx38ois46k0hqU2xmalr0gK9FDQsZ2s3HkGy1QL9Z96mY6GyrCiNTfKXBo3N9Wg7wrTz8Iu/PDG+verR/2gmIuwAULRsAG41ZV2tAH2GjBA==
0DCWg5YaD9AYs4XGTwNMwVJx9r6GWrpp0FfJROc5t+scWry1gLkI+rl+TICnwOLX8znmnifFP1lPZXEYBmnds+Lf7j+DNXSjEw==
CYDNotK+G8ex2CwmwG8+QPYvOm9WKz0UM5ELS4CyyEUUIYR6NebY8FOofndPkbJOUz1zmQNdRUjSASHT/vfaD5cteKMf
azBK/jtx4We5EcxuIixVTkB956nEWf1u1QyOWu4/q6gXWry1gLkI+rl+TICnwOLX8znmnifFP1lPZXEYBmnds+Lf7j+DNXSjEw==
iyVTV7pBoViCNFT6Yamr4fctNglVOD0TPI8UR9ypi1QRI7M1QvbE406zandPkbJOUz1zmQNdRUjSASHT/vfaD5cteKMf
W85MS3On7VEzI//d0BJLafctNglVOD0TPIsWSdypi1QRI7M1QvbE406zandPkbJOUz1zmQNdRUjSASHT/vfaD5cteKMf
HFv8TSLJ6c9yOhoPgyTr6uX9Hq/Nsaz9g3TBlanJ5g9A5+6b7fwtbj6ojQ1xNQWrCeFqGLfq5g4veCQvZfjcg8IoQ84lEUM6eRzQewsV2IZhieUeJXGBh/zW6oAdCl18XYC0CucPtEpHupY3L1Y7Yw3O8rsz11NRIyT1A9w3Q9pzbfIKS/Cp7tdybKNfGks75XVDnouro8I=
aojPpCPG1Ny/ue5TJGWBStG70I+EsA6KxURPr7Y22NeUzQh2D/EfrTqQ13MKqEeGydQDnGTxIxz70eHLG5wnfaMY
mc8YTu/xjR4JnGDZc589F5tYPfnBkJTgpMbEyIDU3lWlrx72h6NMM0bMsiEd3ycl6LiXEI7J+8c6eslNHMzoiO+yA7OEUAn39EG116jB0JLz9nMXCyVje21gMaVGBO25Lxq0tefTjLuTtvDhLnNmLSHJEDYWG6U1oAbR6Zk5aUmHwAAlS4P0M0gn9bmyo9U=
yv8R83Rm0lysiBEbnRbS6s7RUkHLkaU+ij8oliEVVX1vSIfbqgD3PklsszTEWfNEO4kxo/v01wWjYA==
feNdfjHRAfdJcYCNEfdMuY9d8kREad3BNHTEIZs7jcWYZlk5QbkxmQ/geJWjQ5wjkMf9yQqjbQ==
lzh+MVDPx+IwLmzqpt/cko3I6O7gGZlFM7RWyt0UbjWz7gC2nlnnf2xjpXaq1ZENHoUouf335cc/O4GV6Xz4omixNUcUtYeXkDMsOOZd5S4PMuNSv+m2+2kSfOk3exDD9DW7SVNyRHGMpG36gZyOJDXG2l/I8bR8ssCd18gzAmbVHvE3l5uZPdd1INwC6bz3i8ltgOSqgLRuITtk5G+tTZBUa5PPOhjqr7t1KwhYdz81pDY50N96VLqvXgCYbeWwl3lJ0cQWRyIflBadFO7Tzt4orvmB0sS3FEs3OPPoSbXy4DKpyCdlrGMB7Z3gqDbKv/TGMQyGDIW2a8ELOA8Q1E0PKrf2CoT6LtvgIieS2X6k+qsKCMyp5V0BLoKjDM1ZhEPTmbam/9rlXlg6wTcH0SA0XKSIt1NWTpld+kmW2x0rVqss+c/kA05I3qhTQ1M0l8eG5VInQwoZLBDLa6VYNgE5JS5FQYG3nOYqMH263cw9MHQ6hz+0eieKVodP5rvTbX4yi1PnU2FDFDWzvIfDahPdMjorwKnet0KsEz+qy4uFxYOu65uj8g==
wvQOjuQb93f5Kb9dqYOpKLJjNC3i6qW/5dDqZOpCFRt+feMfJjyleKBtPW7Xj/Cpr8IES/b2V6Va+iH/Dmh2DJjnK8IbqieLMBTjM6LnFQAPhh2TA5Fr5d7jpfPEx2AGNSRF1r7CCbTSUdzrVKr+gmVprJmS4EmMWVkjYdlL+5c4wgbjzNF3+yVOMPAgIuKjg5pABX2LzAaDvbsAGNzDma11TJLHWYlWvrdERRoCdm0mPnxH9baLa2E/8GyH1LP2jgOQZCNooppmt9UI5KEYSQ9G1wIZ8y4yWgc8neUaj6O1QyTiBiyDhs4/GJzsU/opObVcpYBS0Z2C2ULwxIwCOfg8I5ipWFjI48Tclglz0YOWfAdmHZ/YETu3wpz/7Il8gGSF/be3nMbUKhwtMwCCWyXErbzLGzdEg8LNtST14ipGNtfJo5LrdU6rBv1jHBUuKLVPTwhw3etNgLH7AQFwRHLuufDtKgFCfDSTJVSsa8iuOStMK1Xx7Jrl5x0TF2/2La24jbNM7+969P+aCUg7wBTtm8AbTdmXa4CfoaPE
gYC6YaaBYZXBH5e1Q6HcZX0pOx2/MjCr8A8JxXdfGtCMN4Sq1v3/wgMl0vKb2CK05/uMm89yC6MVvePm2wOjGg==
gTgjKYbdYJ7nzmai52l4vGsWx7IXWwJ7z4XtWadIz262IBCayMtZGR+rmlwUkzQWHqkfrvshwu6z7G56vx/8Z0fmqw+t+TO6M3ejFg==
dZyfB79vTWrgq8PXk3QRsyB5203esdbn6ufNUlAm3r7HgkoqfOvCC6GZvx/JNgDW17zTASh7Gek/u5pMNGN0pv45nz6bkQKek/xubJ9oPNcndiufTUlzShNnowY=
0SB00bPUfJWosr7Zhzl/TFJx9r6GWrpp0FfJROc5t+scWry1gLkI+rl+TICnwOLX8znmnifFP15JZXcYBmnds+Lf7j+DNXSjEw==
POxNzsx/eYclr1qEyAT90qmM4hj8kiQopo2VHmMCdY27smUqNhZ4k2iPSBfjbO0tlbveDhY9Ch3aumtaRoiNlCCHUa1sNo2B7X5bYV0wzD1/I2BLRHdJEWajAQ==
F7SrAu/YUQBr3bs6aT4UzlJx9r6GWrpp0FfJROc5t+scWry1gLkI+rl+TICnwOLX8znmnifFP11JZXcYBmnds+Lf7j+DNXSjEw==
/pTvMoUa3hWvhSjmdEoTl6uM4hj8kiQopo2VHmMCdY27smUqNhZ4k2iPSBfjbO0tlbveDhY9Ch3aumtaRoiNlCCHUa1sNo2B7X1bYV0wzD1/I2BLRHdJEWajAQ==
Ie5KXzqIA3J1RvxpT6TKHVJx9r6GWrpp0FfJROc5t+scWry1gLkI+rl+TICnwOLX8znmnifFP1NJZXcYBmnds+Lf7j+DNXSjEw==
ovMG5iZ0iS/826UKvQ0nG6qM4hj8kiQopo2VHmMCdY27smUqNhZ4k2iPSBfjbO0tlbveDhY9Ch3aumtaRoiNlCCHUa1sNo2B7XNbYV0wzD1/I2BLRHdJEWajAQ==
IuTCO8P0hCDNYLCX4WuYTlJx9r6GWrpp0FfJROc5t+scWry1gLkI+rl+TICnwOLX8znmnifFP1xIZXcYBmnds+Lf7j+DNXSjEw==
rYVqwUlUnN6ed84aSOmfa6mM4hj8kiQopo2VHmMCdY27smUqNhZ4k2iPSBfjbO0tlbveDhY9Ch3aumtaRoiNlCCHUa1sNo2B7XxaYV0wzD1/I2BLRHdJEWajAQ==
Hx9ZHwXDzkYsHRMCmY32GzYb8lsUhbmBpbqQsg+As/UgV+mthyca2JwvpILmxb8KU/2yGusgrz53ZSwzf8rL68XlA44re6MS
OaqPDlNSfi3XRO5oCy4/O30pOx2/MjC28A8JxXdfGtCMN4Sq1v3/wgMl0vKb2CK25/2Mm89yC6MVvePm2wOjGg==
LyhBnzjaAaWUHIpTHoHVCGsWx7IXWwJ7z4XtWadIz262IBCayMtZGR+rmlwUkzQWHqkfrvshwu6z7G17vxn8Z0fmqw+t+TO6M3ejFg==
Y3JdcX9mumq6UNpeFnMmuaqM4hj8kiQopo2VHmMCdY27smUqNhZ4k2iPSBfjbO0tlbveDhY9Ch3aumtaRoiNlCCHUa1sNo2B7X5bYVwwzD1/I2BLRHdJEWajAQ==
wXCssbzEs/L/Rqe0NqjObhB1YyxEK25pVvyIu1UZI/36qe9EPOGIexkzYcy4uANug7fUMVE3+/naing5rGiKC29ox3sq4LceSUtzU0T5M2Q7aXFDe1QXZaMA
FBYeoZL3n3j/Pwpb4gERpFJx9r6GWrpp0FfJROc5t+scWry1gLkI+rl+TICnwOLX8znmnifFP15IZXYYBmnds+Lf7j+DNXSjEw==
1ThK/j7t9vwayw6KZwbNDKmM4hj8kiQopo2VHmMCdY27smUqNhZ4k2iPSBfjbO0tlbveDhY9Ch3aumtaRoiNlCCHUa1sNo2B7XteYV8wzD1/I2BLRHdJEWajAQ==
YkDgZcvtKoSU8EQzVEGHJxB1YyxEK25pVvyIu1UZI/36qe9EPOGIexkzYcy4uANug7fUMVE3+/naing5rGiKC29ox3sq4LceTU9zUET5M2Q7aXFDe1QXZaMA
TOxCYYZBqAIP7T+TSBB6vVJx9r6GWrpp0FfJROc5t+scWry1gLkI+rl+TICnwOLX8znmnifFP1tPZXUYBmnds+Lf7j+DNXSjEw==
PdtzLoN+YNemB26v0r9iZzybm7kDSfrggh52DGGBmK8iwyEkP4n/K1SKhJVoyRD6oY4koJ+QKpc7ib5+T1WH2rb13bhemZVzKo8WX6sFbKML
rhTylzWBWWkYAKGYu6EZ7Uu062ufJd1QyGS7MmOr7C0h60NlWhbA5dx0shePNH+nWnwPQo8QS000JQs42/XJ3wuIL3mjHA==
Icz0b8O15ti/b0K+gNoKn3XD/eBgeLzFQQMznVrusA28nOLPz+wvD/rUv/oNqPvllI3bYButGbfr4N8Bo2Q=
Cm4EOtzPISypNlSJpeHZoH0pOx2/MjCr8A8JxXdfGtCMN4Sq1v3/wgMl0vKb2Cm35/+Mm89yC6MVvePm2wOjGg==
odoCI1p3flp8FgeLeL9oUkB956nEWf1u1QyOWu4/q6gXWry1gLkI+rl+TICnwOLX8znmnifFP1pJZXQYBmnds+Lf7j+DNXSjEw==
cV80lBvZot9kzZgZLBanA2sWx7IXWwJ7z4XtWadIz262IBCayMtZGR+rmlwUkzQWHqkfrvshwu6z7Gh7vxz9Z0fmqw+t+TO6M3ejFg==
DFOGYh8s6MPOvjbSc3Z68SN5203esdbn6ufNUlAm3r7HgkoqfOvCC6GZvx/JNgDW17zTASh7Gek/u5pMNGN0pv45nz6bkQKek/xjap9tPdcndiufTUlzShNnowY=
mQBn1sL2J6xCd0aU1WoMTn8ois46k0hqU2xmalr0gK9FDQsZ2s3HkGy1QL9Z96mY6GyrCiNTfKXBo3N9Wg7wrTz8Iu/PDG+verR/2giLuwAVLRsAG41ZV2tAH2GjBA==
xr1xvGl/5jdQRwDsKachyVJx9r6GWrpp0FfJROc5t+scWry1gLkI+rl+TICnwOLX8znmnifFP15MZXEZBmnds+Lf7j+DNXSjEw==
1eW/NYWFRRj01gZJmioyRyB5203esdbn6ufNUlAm3r7HgkoqfOvCC6GZvx/JNgDW17zTASh7Gek/u5pMNGN0pv45nz6bkQKek/xjaZ9uPdcndiufTUlzShNnowY=
Sq5KnMV1gBDdz6TRnEDWTn8ois46k0hqU2xmalr0gK9FDQsZ2s3HkGy1QL9Z96mY6GyrCiNTfKXBo3N9Wg7wrTz8Iu/PDG+verR/2gqIuwAVLRsAG41ZV2tAH2GjBA==
qs2SJ/75s0SccoGehLqsAFJx9r6GWrpp0FfJROc5t+scWry1gLkI+rl+TICnwOLX8znmnifFP1lPZXEZBmnds+Lf7j+DNXSjEw==
/w2pDf2iMXJwtp3UeCdCIjybm7kDSfrggh52DGGBmK8iwyEkP4n/K1SKhJVoyRD6oY4koJ+QKpc7ib5+T1WH2bb12blemZVzKo8WX6sFbKML
kzdux2sNY8ad0vcjqKIuffYvOm9WKz0UM5ELS4CyyEUUIYR6NebY8FOofndPkbJOUz1zkgJdRUnSASHT/vfaD5cteKMf
zLQJoaPDqHHc1J0jaXH1REB956nEWf1u1QyOWu4/q6gXWry1gLkI+rl+TICnwOLX8znmnifFP1lIZXEZBmnds+Lf7j+DNXSjEw==
d43HdXDIGeNNok8znbq/2msWx7IXWwJ7z4XtWadIz262IBCayMtZGR+rmlwUkzQWHqkfrvshwu6z7Gt4vx/9Z0fmqw+t+TO6M3ejFg==
jtx2FRqyNZKwFfreTxEgfCN5203esdbn6ufNUlAm3r7HgkoqfOvCC6GZvx/JNgDW17zTASh7Gek/u5pMNGN0pv45nz6bkQKek/xtaZ9vPdcndiufTUlzShNnowY=
BUo1ZXi89J+XWCKOXdsDt38ois46k0hqU2xmalr0gK9FDQsZ2s3HkGy1QL9Z96mY6GyrCiNTfKXBo3N9Wg7wrTz8Iu/PDG+verR/2g6JuwEVLRsAG41ZV2tAH2GjBA==
QgZOd+rNaAXXEt1TZ9/2kVJx9r6GWrpp0FfJROc5t+scWry1gLkI+rl+TICnwOLX8znmnifFP1JJZXAZBmnds+Lf7j+DNXSjEw==
tRXfgFU+EsyJ4MQLqUUwZSB5203esdbn6ufNUlAm3r7HgkoqfOvCC6GZvx/JNgDW17zTASh7Gek/u5pMNGN0pv45nz6bkQKek/xpbZ9vPdcndiufTUlzShNnowY=
+uOZ13jDVw+vneNItN1wwX8ois46k0hqU2xmalr0gK9FDQsZ2s3HkGy1QL9Z96mY6GyrCiNTfKXBo3N9Wg7wrTz8Iu/PDG+verR/2g6PuwEVLRsAG41ZV2tAH2GjBA==
G9/yA5yTcF1mPHp/j3jCm1Jx9r6GWrpp0FfJROc5t+scWry1gLkI+rl+TICnwOLX8znmnifFP1xIZXAZBmnds+Lf7j+DNXSjEw==
p8sOB8pdxwpOyu42ax8DpiN5203esdbn6ufNUlAm3r7HgkoqfOvCC6GZvx/JNgDW17zTASh7Gek/u5pMNGN0pv45nz6bkQKek/xsbJ9pPdcndiufTUlzShNnowY=
aQggPaeYmjuoZIoaaT9YGRB1YyxEK25pVvyIu1UZI/36qe9EPOGIexkzYcy4uANug7fUMVE3+/naing5rGiKC29ox3sq4LceT0tzU0X5M2Q7aXFDe1QXZaMA
XdATa6Qk1FDa9OWMs5SPUFJx9r6GWrpp0FfJROc5t+scWry1gLkI+rl+TICnwOLX8znmnifFP15IZXYZBmnds+Lf7j+DNXSjEw==
tGx1Zt88RplZEYtpEKgUsSB5203esdbn6ufNUlAm3r7HgkoqfOvCC6GZvx/JNgDW17zTASh7Gek/u5pMNGN0pv45nz6bkQKek/xjbZ9pPdcndiufTUlzShNnowY=
wAMKiaK08hdcreyaD0+kjxB1YyxEK25pVvyIu1UZI/36qe9EPOGIexkzYcy4uANug7fUMVE3+/naing5rGiKC29ox3sq4LceSU5zUEX5M2Q7aXFDe1QXZaMA
kWowrFLc/jgyjWB9cZHBsFJx9r6GWrpp0FfJROc5t+scWry1gLkI+rl+TICnwOLX8znmnifFP19NZXUZBmnds+Lf7j+DNXSjEw==
f3jmXlIAW5n973pwjH9W5waiNye22a8XZzKh96dFVk2w1Betvs8E71c8OYXpG0Jmos2ehVY658LS+Dl8vCetBTjmOfkhuxJZq2GY1UNDfGMwR10JaqMN
fxIHu27KSpwWIqTUm6cp8vYvOm9WKz0UM5ELS4CyyEUUIYR6NebY8FOofndPkbJOUz1zkwNdT0nSASHT/vfaD5cteKMf
QR1Rf1WaX4ZoT0xNYP7JTgH7NuNIa3bo7ypU1ZipAPqxblRgzzCaF6vpTj6fdbfdxhWDee45BfPa78YfmyV8oxs=
5XoUbyvQNeeMKuwokrSPcGsWx7IXWwJ7z4XtWadIz262IBCayMtZGR+rmlwUkzQWHqkfrvshwu6z7Gx8vxT9Z0fmqw+t+TO6M3ejFg==
SHuVtozPNaz8amzYFDaGDxYprrXHFeUvmlPJROc5t+scWry1gLkI+rl+TICnwOLX8znmnifFP1hIZXsZBmnds+Lf7j+DNXSjEw==
VkTlONVaVHu8M30+pBxeyfHiy3tY1PfTF0oE4qTRJL4xGXPCXd6gvgd0k8n4EzkBL7OaRCSLVM4u8d/2S/midgN04uUPjJ2/975rV50hU6IDb6MO
5d2yDc2QSARCnHzGY11tW1w47Mk0EPXzUMNtMzMsPY0FO26u5n06/cq6ezp2SP00kAfBDTz23aEdeG+BAPEcXe+jEKv0N7kxdqMR
iS1HfIY7Q7J2XThahDQoolo47Mk0EPXzUMNtMzMsPY0FO26u5n06/cq6ezp2SP00kAfBDTz23aEdfG+BAPEcXe+jEKv0N7kxdqMR
/9Eqxr8uiarK9HHePlgp8zybm7kDSfrggh52DGGBmK8iwyEkP4n/K1SKhJVoyRD6oY4koJ+QKpc7ib5+T1WH27f10rlemZVzKo8WX6sFbKML
zAFiFbnLoQVDXzBXo5bsDRYprrXHFeUvmlPJROc5t+scWry1gLkI+rl+TICnwOLX8znmnifFP1tPZXMaBmnds+Lf7j+DNXSjEw==
qi2RgRtSJ0tq6F8C3HVXXPHiy3tY1PfTF0oE4qTRJL4xGXPCXd6gvgd0k8n4EzkBL7OaRCSLVM4u8d/2S/midgN07+IPhJ6/975rV50hU6IDb6MO
RXj6nDAwQCUtGbIeMJOcClo47Mk0EPXzUMNtMzMsPY0FO26u5n06/cq6ezp2SP00kAfBDTz23aEdfm2BCfIcXe+jEKv0N7kxdqMR
3ulLYpxFed4ChJctPHxtLRYqrrXHFeUvmlPJROc5t+scWry1gLkI+rl+TICnwOLX8znmnifFP1pOZXMaBmnds+Lf7j+DNXSjEw==
4Ithxz1H8pg8Edy1zclelOna5/bIss19STvO3P9uZA6chfSCed2zjoVq0GKvEDNlgIepfac3Gsi8/+RSRlU/mvMt8srLMKMoV7Bu499aS3tlNUNeC2ujAg==
pwgF6Wrjhjqj01uBg5T441o47Mk0EPXzUMNtMzMsPY0FO26u5n06/cq6ezp2SP00kAfBDTz23aEdcmuBCfIcXe+jEKv0N7kxdqMR
4CWXuRnwrHmk4wEebwc5sxYrrrXHFeUvmlPJROc5t+scWry1gLkI+rl+TICnwOLX8znmnifFP19IZXMaBmnds+Lf7j+DNXSjEw==
CrHCHR/UIVNLD9t8EsY45+na5/bIsc19STvO3P9uZA6chfSCed2zjoVq0GKvEDNlgIepfac3Gsi8/+RSRlU/mvMt8srLMK8sV7Fu499aS3tlNUNeC2ujAg==
CTU5EvkgvXEOBJJ4RUA/YVo47Mk0EPXzUMNtMzMsPY0FO26u5n06/cq6ezp2SP00kAfBDTz23aEdfW+BCPIcXe+jEKv0N7kxdqMR
/3Yvzmcmza3hW5JZuUDpIzybm7kDSfrggh52DGGBmK8iwyEkP4n/K1SKhJVoyRD6oY4koJ+QKpc7ib5+T1WH2rT12rpemZVzKo8WX6sFbKML
Odeh1x7zjW0CeH4/oOpRjK6M4hj8kiQopo2VHmMCdY27smUqNhZ4k2iPSBfjbO0tlbveDhY9Ch3aumtaRoiNlCCHUa1sNo2B7XJdYVgyzD1/I2BLRHdJEWajAQ==
52ccJpSyqRPJ674Pfo4H71Jx9r6GWrpp0FfJROc5t+scWry1gLkI+rl+TICnwOLX8znmnifFP1lOZXIaBmnds+Lf7j+DNXSjEw==
unxot6634XJO8/KnjI3PQ62M4hj8kiQopo2VHmMCdY27smUqNhZ4k2iPSBfjbO0tlbveDhY9Ch3aumtaRoiNlCCHUa1sNo2B7XlcYVgyzD1/I2BLRHdJEWajAQ==
52ccJpSyqRPJ674Pfo4H71Jx9r6GWrpp0FfJROc5t+scWry1gLkI+rl+TICnwOLX8znmnifFP1lOZXIaBmnds+Lf7j+DNXSjEw==
tq8NZJsMnZTN8r6Iju5YE6yM4hj8kiQopo2VHmMCdY27smUqNhZ4k2iPSBfjbO0tlbveDhY9Ch3aumtaRoiNlCCHUa1sNo2B7XlcYVgyzD1/I2BLRHdJEWajAQ==
GKJxoHECA9NOXEy6CyfzCFJx9r6GWrpp0FfJROc5t+scWry1gLkI+rl+TICnwOLX8znmnifFP1hOZXIaBmnds+Lf7j+DNXSjEw==
mKPBgHaTzSZ7K9RhTyhUcquM4hj8kiQopo2VHmMCdY27smUqNhZ4k2iPSBfjbO0tlbveDhY9Ch3aumtaRoiNlCCHUa1sNo2B7XhcYVgyzD1/I2BLRHdJEWajAQ==
Jk4ZebmQERImfchzMMOY7VJx9r6GWrpp0FfJROc5t+scWry1gLkI+rl+TICnwOLX8znmnifFP19OZXIaBmnds+Lf7j+DNXSjEw==
OALyjYYTHqDkxNUkNPeWQKqM4hj8kiQopo2VHmMCdY27smUqNhZ4k2iPSBfjbO0tlbveDhY9Ch3aumtaRoiNlCCHUa1sNo2B7X9cYVgyzD1/I2BLRHdJEWajAQ==
rl10+ZE1Sa7uaVpZwwc36lJx9r6GWrpp0FfJROc5t+scWry1gLkI+rl+TICnwOLX8znmnifFP11OZXIaBmnds+Lf7j+DNXSjEw==
xSDVaCAhKhC9B9n4HwEN1qmM4hj8kiQopo2VHmMCdY27smUqNhZ4k2iPSBfjbO0tlbveDhY9Ch3aumtaRoiNlCCHUa1sNo2B7X1cYVgyzD1/I2BLRHdJEWajAQ==
17vJI+vztFqEKcVDyOoY2FJx9r6GWrpp0FfJROc5t+scWry1gLkI+rl+TICnwOLX8znmnifFP1NOZXIaBmnds+Lf7j+DNXSjEw==
tGNYWv+R0z6da+8chY9Q3auM4hj8kiQopo2VHmMCdY27smUqNhZ4k2iPSBfjbO0tlbveDhY9Ch3aumtaRoiNlCCHUa1sNo2B7XNcYVgyzD1/I2BLRHdJEWajAQ==
n7O3TujvaXyGUkZPC2fZy1Jx9r6GWrpp0FfJROc5t+scWry1gLkI+rl+TICnwOLX8znmnifFP1tJZXIaBmnds+Lf7j+DNXSjEw==
ctxXDxMgxcWHcKcMluWWa6qM4hj8kiQopo2VHmMCdY27smUqNhZ4k2iPSBfjbO0tlbveDhY9Ch3aumtaRoiNlCCHUa1sNo2B7XtbYVgyzD1/I2BLRHdJEWajAQ==
PfmHNXC7j5tHiKFt+quXlFJx9r6GWrpp0FfJROc5t+scWry1gLkI+rl+TICnwOLX8znmnifFP1lJZXIaBmnds+Lf7j+DNXSjEw==
xducv2qmLeW+KK52XSnAP6qM4hj8kiQopo2VHmMCdY27smUqNhZ4k2iPSBfjbO0tlbveDhY9Ch3aumtaRoiNlCCHUa1sNo2B7XlbYVgyzD1/I2BLRHdJEWajAQ==
PfmHNXC7j5tHiKFt+quXlFJx9r6GWrpp0FfJROc5t+scWry1gLkI+rl+TICnwOLX8znmnifFP1lJZXIaBmnds+Lf7j+DNXSjEw==
2ctjzTD+guMXQjLNCJtMWKuM4hj8kiQopo2VHmMCdY27smUqNhZ4k2iPSBfjbO0tlbveDhY9Ch3aumtaRoiNlCCHUa1sNo2B7XlbYVgyzD1/I2BLRHdJEWajAQ==
7FYl/DRCLMQthHWiBC6tc1Jx9r6GWrpp0FfJROc5t+scWry1gLkI+rl+TICnwOLX8znmnifFP15JZXIaBmnds+Lf7j+DNXSjEw==
ltk2ODt20c8nVNxGbHfoQqqM4hj8kiQopo2VHmMCdY27smUqNhZ4k2iPSBfjbO0tlbveDhY9Ch3aumtaRoiNlCCHUa1sNo2B7X5bYVgyzD1/I2BLRHdJEWajAQ==
FixZrRQvY1T9kAsbY3gmB1pCvkRiSTzFjzegmCIot6Evzy9HtAPy28AkDUxL0eD/hf2riVpdJyAs5WBPWYeJSCjcy5qjw9zVgXOTTVo+EH18jIJ/T5wPH7pkX6oMf5tTVp37kJsd+aerEH9RozQ=
G5amZBxYWjCJIzUiQLJusVtCvkRiSTzFjzegmCIot6Evzy9HtAPy28AkDUxL0eD/hf2riVpdJyAs5WBPWYeJSCjcy5qjw9zVgXOTTVo+EH18jIJ/T5wPH7pkX6oDf5tTVp37kJsd+aerEH9RozQ=
5iXfGhd/FgjPtE78byHUDFxCvkRiSTzFjzegmCIot6Evzy9HtAPy28AkDUxL0eD/hf2riVpdJyAs5WBPWYeJSCjcy5qjw9zVgXOTTVo+EH18jIJ/T5wPH7pkX6oDf5tTVp37kJsd+aerEH9RozQ=
Rvx5ByxwdpoH8APpezOuaF1CvkRiSTzFjzegmCIot6Evzy9HtAPy28AkDUxL0eD/hf2riVpdJyAs5WBPWYeJSCjcy5qjw9zVgXOTTVo+EH18jIJ/T5wPH7pkX6oLeptQVp37kJsd+aerEH9RozQ=
NsuLq4k1ONBWYICjo8GlVuLxspuIm/edDH7CitPPh1XT0QRxZmVYroHKy1NkcQ1HN//Kz9O+lI8M6fllLeZAhndMU3GIq9m5X4uafFQztHZeSR/OO8FCTnPMalh/vn6Hh4ar7+2ZsxpzV6M2
1GuTCbyVlhRxiUG0K3X1EuLyspuIm/edDH7CitPPh1XT0QRxZmVYroHKy1NkcQ1HN//Kz9O+lI8M6fllLeZAhndMU3GIq9m5X4uafFQztHZeSR/OO8FCTnPMaVh/vn6Hh4ar7+2ZsxpzV6M2
8xJ+Lhu32wCi5m3x9RkiQEtqdD7Ggy7ejxLdrZpLrgmYTC6gqJztw4uLlKq0UQx9JjIAhcPAXP44yRJz06xdTSU7Tm5G/do9qrqbehbIXXSwB+FN3Ha9Yf14T0Grcrydj6Pw65S3GXFWozE=
zLuFM8dNwbIy3rIo1xxcEuLwspuIm/edDH7CitPPh1XT0QRxZmVYroHKy1NkcQ1HN//Kz9O+lI8M6fllLeZAhndMU3GIq9m5X4uafFQztHZeSR/OO8FCTnPMblh/vn6Hh4ar7+2ZsxpzV6M2
bD79oEh9LHXAi4ICSWneFNPP0+KVKW2yv8kgozS96tycVDIUl0cJCxYuztmWiZSicjFZKOaaWmnwl2nEB/nX6/waHDUg+ej62b7sAAcAgtcTeYYeh4UfXS0lkZqmqf2zwh+Ov2N1VKMz
bIWp5yxXzAks62bFaXWtquLwspuIm/edDH7CitPPh1XT0QRxZmVYroHKy1NkcQ1HN//Kz9O+lI8M6fllLeZAhndMU3GIq9m5X4uafFQztHZeSR/OO8FCTnPMbVh/vn6Hh4ar7+2ZsxpzV6M2
QrsFXdVPgUxVOStP3wagP9PP0+KVKW2yv8kgozS96tycVDIUl0cJCxYuztmWiZSicjFZKOaaWmnwl2nEB/nX6/waHDUg+ej62b7sAAcAgtcTeYYeh4UfUi0lkZqmqf2zwh+Ov2N1VKMz
gJoMcKzfvO1rgQgI0LLOLGeIjijHsgLOm/NXgeu9ZFWOeWjamcbLV2wNHVPP0+qr+2Jku1SluaHlWhDSz6Cz1eA3aU3HBxr43M8k4iblvyqTnTL6qwCrHTeCrlO/6svLBYWDbmtbozI=
BBllVOCjWgG13cDqZOzZ2dPN0+KVKW2yv8kgozS96tycVDIUl0cJCxYuztmWiZSicjFZKOaaWmnwl2nEB/nX6/waHDUg+ej62b7sAAcAgtcTeYYeh4UfWiwlkZqmqf2zwh+Ov2N1VKMz
f+Jl1K13wm9qK8wOxthH2dPO0+KVKW2yv8kgozS96tycVDIUl0cJCxYuztmWiZSicjFZKOaaWmnwl2nEB/nX6/waHDUg+ej62b7sAAcAgtcTeYYeh4UfWSwlkZqmqf2zwh+Ov2N1VKMz
Q0zhff/LS+TKVCvydnpgAOLwspuIm/edDH7CitPPh1XT0QRxZmVYroHKy1NkcQ1HN//Kz9O+lI8M6fllLeZAhndMU3GIq9m5X4uafFQztHZeSR/OO8FCTnPMb1l/vn6Hh4ar7+2ZsxpzV6M2
Z8zRPVjBL9rkQ570MR6eRUh6IXmJii/NjxLdrZpLrgmYTC6gqJztw4uLlKq0UQx9JjIAhcPAXP44yRJz06xdTSU7Tm5G/do9qrqbehbIXXSwB+FN3Ha9Yf1yTkGrcrydj6Pw65S3GXFWozE=
q/XKTtnMkh8ysb5nupgvjl1CvkRiSTzFjzegmCIot6Evzy9HtAPy28AkDUxL0eD/hf2riVpdJyAs5WBPWYeJSCjcy5qjw9zVgXOTTVo+EH18jIJ/T5wPH7pkX6oCe5tQVp37kJsd+aerEH9RozQ=
AZYKNexC2Oow9LW4aERwr0h6IXmJii/NjxLdrZpLrgmYTC6gqJztw4uLlKq0UQx9JjIAhcPAXP44yRJz06xdTSU7Tm5G/do9qrqbehbIXXSwB+FN3Ha9Yf17TUGrcrydj6Pw65S3GXFWozE=
bZ4ktZcjF3UeEFkTrKkgCV1CvkRiSTzFjzegmCIot6Evzy9HtAPy28AkDUxL0eD/hf2riVpdJyAs5WBPWYeJSCjcy5qjw9zVgXOTTVo+EH18jIJ/T5wPH7pkX6oLeJtQVp37kJsd+aerEH9RozQ=
BgWaad8fkiDfIVerPmtOJNPP0+KVKW2yv8kgozS96tycVDIUl0cJCxYuztmWiZSicjFZKOaaWmnwl2nEB/nX6/waHDUg+ej62b7sAAcAgtcTeYYeh4UfWS8lkZqmqf2zwh+Ov2N1VKMz
Xgsrs7KBFgC1xubEu1SWOFJx9r6GWrpp0FfJROc5t+scWry1gLkI+rl+TICnwOLX8znmnifFP1JPZXEaBmnds+Lf7j+DNXSjEw==
JGCob2EDeniDdWar0YjI56uM4hj8kiQopo2VHmMCdY27smUqNhZ4k2iPSBfjbO0tlbveDhY9Ch3aumtaRoiNlCCHUa1sNo2B7XJdYVsyzD1/I2BLRHdJEWajAQ==
ddW+uEMqQ44CgF/EHH/QfVJx9r6GWrpp0FfJROc5t+scWry1gLkI+rl+TICnwOLX8znmnifFP1tOZXEaBmnds+Lf7j+DNXSjEw==
9bZJcovwGl6sJ2NqodRmaayM4hj8kiQopo2VHmMCdY27smUqNhZ4k2iPSBfjbO0tlbveDhY9Ch3aumtaRoiNlCCHUa1sNo2B7XtcYVsyzD1/I2BLRHdJEWajAQ==
L/efgvegcAGI5kbWYAsia1Jx9r6GWrpp0FfJROc5t+scWry1gLkI+rl+TICnwOLX8znmnifFP1pOZXEaBmnds+Lf7j+DNXSjEw==
hNAAzS0GVlxCCwdoq7XJD6qM4hj8kiQopo2VHmMCdY27smUqNhZ4k2iPSBfjbO0tlbveDhY9Ch3aumtaRoiNlCCHUa1sNo2B7XpcYVsyzD1/I2BLRHdJEWajAQ==
L/efgvegcAGI5kbWYAsia1Jx9r6GWrpp0FfJROc5t+scWry1gLkI+rl+TICnwOLX8znmnifFP1pOZXEaBmnds+Lf7j+DNXSjEw==
hNAAzS0GVlxCCwdoq7XJD6qM4hj8kiQopo2VHmMCdY27smUqNhZ4k2iPSBfjbO0tlbveDhY9Ch3aumtaRoiNlCCHUa1sNo2B7XpcYVsyzD1/I2BLRHdJEWajAQ==
mH468wMRu8bg3uIUx0TkMezQtw/6nXYoqpa9SmQRXN22snAlMwAs3ijJAhPjbO0tlbveDhY9Ch3aumtaRoiNlCCHUa1sNo2B7XhcYVsyzD1/I2BLRHdJEWajAQ==
2a2UFwbiuVgZAMqksVOPexB1YyxEK25pVvyIu1UZI/36qe9EPOGIexkzYcy4uANug7fUMVE3+/naing5rGiKC29ox3sq4LceTU1zVEb5M2Q7aXFDe1QXZaMA
reHe0aqlOyzveI6ChvJwhlJx9r6GWrpp0FfJROc5t+scWry1gLkI+rl+TICnwOLX8znmnifFP1NOZXEaBmnds+Lf7j+DNXSjEw==
9qWLPLVMMe1mHey0N9mAtKmM4hj8kiQopo2VHmMCdY27smUqNhZ4k2iPSBfjbO0tlbveDhY9Ch3aumtaRoiNlCCHUa1sNo2B7XNcYVsyzD1/I2BLRHdJEWajAQ==
pQP/wWsRxgM2SRixI/tEVFJx9r6GWrpp0FfJROc5t+scWry1gLkI+rl+TICnwOLX8znmnifFP15JZXEaBmnds+Lf7j+DNXSjEw==
OcLw6aVYkxlHM6jyulLi+66M4hj8kiQopo2VHmMCdY27smUqNhZ4k2iPSBfjbO0tlbveDhY9Ch3aumtaRoiNlCCHUa1sNo2B7X5bYVsyzD1/I2BLRHdJEWajAQ==
OpLEPNhN6iaiNnLoci03EFJx9r6GWrpp0FfJROc5t+scWry1gLkI+rl+TICnwOLX8znmnifFP1tIZXEaBmnds+Lf7j+DNXSjEw==
Xrb9/AWyIAGlRU2EcFl3sq2M4hj8kiQopo2VHmMCdY27smUqNhZ4k2iPSBfjbO0tlbveDhY9Ch3aumtaRoiNlCCHUa1sNo2B7XtaYVsyzD1/I2BLRHdJEWajAQ==
jraEG2ipS25ZgTLUbbbtpFJx9r6GWrpp0FfJROc5t+scWry1gLkI+rl+TICnwOLX8znmnifFP1pIZXEaBmnds+Lf7j+DNXSjEw==
sTHp6+SOrARgt5oRoWOLmqyM4hj8kiQopo2VHmMCdY27smUqNhZ4k2iPSBfjbO0tlbveDhY9Ch3aumtaRoiNlCCHUa1sNo2B7XpaYVsyzD1/I2BLRHdJEWajAQ==
6ckbXsqXgxcBJeifHBUBA1Jx9r6GWrpp0FfJROc5t+scWry1gLkI+rl+TICnwOLX8znmnifFP1lIZXEaBmnds+Lf7j+DNXSjEw==
xWuu6iA+dq/0XXhKihSm46uM4hj8kiQopo2VHmMCdY27smUqNhZ4k2iPSBfjbO0tlbveDhY9Ch3aumtaRoiNlCCHUa1sNo2B7XlaYVsyzD1/I2BLRHdJEWajAQ==
dHT4GfDRlPkGUlq8LJFRIFJx9r6GWrpp0FfJROc5t+scWry1gLkI+rl+TICnwOLX8znmnifFP1hIZXEaBmnds+Lf7j+DNXSjEw==
LXIu1jlTsy/vct/sO1KJa6qM4hj8kiQopo2VHmMCdY27smUqNhZ4k2iPSBfjbO0tlbveDhY9Ch3aumtaRoiNlCCHUa1sNo2B7XhaYVsyzD1/I2BLRHdJEWajAQ==
cK99hbzNWnF8uddkcelp/FJx9r6GWrpp0FfJROc5t+scWry1gLkI+rl+TICnwOLX8znmnifFP15IZXEaBmnds+Lf7j+DNXSjEw==
ENCvhMmMEzxZg/O3SCteVaqM4hj8kiQopo2VHmMCdY27smUqNhZ4k2iPSBfjbO0tlbveDhY9Ch3aumtaRoiNlCCHUa1sNo2B7X5aYVsyzD1/I2BLRHdJEWajAQ==
xC/K76zARS2YFk6MV9AvX1Jx9r6GWrpp0FfJROc5t+scWry1gLkI+rl+TICnwOLX8znmnifFP11IZXEaBmnds+Lf7j+DNXSjEw==
E7N9nLKXuY4QSPtKfoTUC6mM4hj8kiQopo2VHmMCdY27smUqNhZ4k2iPSBfjbO0tlbveDhY9Ch3aumtaRoiNlCCHUa1sNo2B7X1aYVsyzD1/I2BLRHdJEWajAQ==
u2asMwfNteEIDJVs4G5hgzSRm7gTDOKhmQc+CC7KwuloxyEkP4n/K1SKhJVoyRD6oY4koJ+QKpc7ib5+T1WH3LT12LpemZVzKo8WX6sFbKML
J3JOaQWaLXKqOOIn7p/VOTYb8lsUhbmBpbqQsg+As/UgV+mthyca2JwvpILmxb8KU/2yGusgqj53Yy4zf8rL68XlA44re6MS
7u7uEw8KVyvOv65XnzQW7lGy+n3NY4IX1m29LiCg7C0h60NlWhbA5dx0shePNH+nWnwPQowQS0k2JQs42/XJ3wuIL3mjHA==
nIwpy0qMaRtfnYxHHihpAUB956nEWf1u1QyOWu4/q6gXWry1gLkI+rl+TICnwOLX8znmnifFP15IZXcaBmnds+Lf7j+DNXSjEw==
Mm6KFdY7lFH+agiYeT4BTADdiqd+UQOxq2L2JxAbMT+4QugzvZgBNlrttnVOOv+y+thBrHRnZbVgBpFp2TirycDCQKWLgzSzCCe1OXKjFQ==
Dro3+MlCbmUwWKDxJ45HbAfdiqd+UQOxq2L2JxAbMT+4QugzvZgBNlrttnVOOv+y+thBrHRnZbVgBpFp2TyrycDCQKWLgzSzCCe1OXKjFQ==
WMzDNaec8Jz2ehy2o8DXfkav/GPaa9RS1WunKiCg7C0h60NlWhbA5dx0shePNH+nWnwPQosSS002JQs42/XJ3wuIL3mjHA==
Ur42ombBQVbbH4qP47/M6msWx7IXWwJ7z4XtWadIz262IBCayMtZGR+rmlwUkzQWHqkfrvshwu6z7GJ7vxT+Z0fmqw+t+TO6M3ejFg==
7229KLW0vMVAJ6lGwAbak6mM4hj8kiQopo2VHmMCdY27smUqNhZ4k2iPSBfjbO0tlbveDhY9Ch3aumtaRoiNlCCHUa1sNo2B7XJcYVEyzD1/I2BLRHdJEWajAQ==
yr291J4dw6r4uxSeFsNxZ+LwspuIm/edDH7CitPPh1XT0QRxZmVYroHKy1NkcQ1HN//Kz9O+lI8M6fllLeZAhndMU3GIq9m5X4uafFQztHZeSR/OO8FCTnPMb1x/tH6Hh4ar7+2ZsxpzV6M2
1lqgffvzwH8U0rCd2GzOOdPP0+KVKW2yv8kgozS96tycVDIUl0cJCxYuztmWiZSicjFZKOaaWmnwl2nEB/nX6/waHDUg+ej62b7sAAcAgtcTeYYeh4UfUiklm5qmqf2zwh+Ov2N1VKMz
DQ+W0TdNMBb58DJUgDzmxF1CvkRiSTzFjzegmCIot6Evzy9HtAPy28AkDUxL0eD/hf2riVpdJyAs5WBPWYeJSCjcy5qjw9zVgXOTTVo+EH18jIJ/T5wPH7pkX6oKf5taVp37kJsd+aerEH9RozQ=
B+VNzr1/v9wE7s+X976IzEh6IXmJii/NjxLdrZpLrgmYTC6gqJztw4uLlKq0UQx9JjIAhcPAXP44yRJz06xdTSU7Tm5G/do9qrqbehbIXXSwB+FN3Ha9Yf15SkGhcrydj6Pw65S3GXFWozE=
bn0ytTMSjvQxwTls5d3PV1Jx9r6GWrpp0FfJROc5t+scWry1gLkI+rl+TICnwOLX8znmnifFP1hIZXsaBmnds+Lf7j+DNXSjEw==
TFSsRsODERBviKccBfHBEqiM4hj8kiQopo2VHmMCdY27smUqNhZ4k2iPSBfjbO0tlbveDhY9Ch3aumtaRoiNlCCHUa1sNo2B7XhaYVEyzD1/I2BLRHdJEWajAQ==
38cEOITuT4ynjPom5ycAfFJx9r6GWrpp0FfJROc5t+scWry1gLkI+rl+TICnwOLX8znmnifFP19IZXsaBmnds+Lf7j+DNXSjEw==
d+/75LFDBNEOssmEoO8cK6qM4hj8kiQopo2VHmMCdY27smUqNhZ4k2iPSBfjbO0tlbveDhY9Ch3aumtaRoiNlCCHUa1sNo2B7X9aYVEyzD1/I2BLRHdJEWajAQ==
4tqBknxJ6k4yAeVZLnW76VJx9r6GWrpp0FfJROc5t+scWry1gLkI+rl+TICnwOLX8znmnifFP15IZXsaBmnds+Lf7j+DNXSjEw==
NRM/HK1vNHfb15jwUMWWmKmM4hj8kiQopo2VHmMCdY27smUqNhZ4k2iPSBfjbO0tlbveDhY9Ch3aumtaRoiNlCCHUa1sNo2B7X5aYVEyzD1/I2BLRHdJEWajAQ==
QzkQwrnsvZcDhjlWQocxV1Jx9r6GWrpp0FfJROc5t+scWry1gLkI+rl+TICnwOLX8znmnifFP11IZXsaBmnds+Lf7j+DNXSjEw==
cbZxkNT2umF2VkaAf6rjuqqM4hj8kiQopo2VHmMCdY27smUqNhZ4k2iPSBfjbO0tlbveDhY9Ch3aumtaRoiNlCCHUa1sNo2B7X1aYVEyzD1/I2BLRHdJEWajAQ==
sCnrVFyoUVq1o7+bsoM+IFJx9r6GWrpp0FfJROc5t+scWry1gLkI+rl+TICnwOLX8znmnifFP1xIZXsaBmnds+Lf7j+DNXSjEw==
yPSO1D5LEYNVMyQfi1q3RquM4hj8kiQopo2VHmMCdY27smUqNhZ4k2iPSBfjbO0tlbveDhY9Ch3aumtaRoiNlCCHUa1sNo2B7XxaYVEyzD1/I2BLRHdJEWajAQ==
sCnrVFyoUVq1o7+bsoM+IFJx9r6GWrpp0FfJROc5t+scWry1gLkI+rl+TICnwOLX8znmnifFP1xIZXsaBmnds+Lf7j+DNXSjEw==
3F9RF1GE5HT7NUmoo9YHiaqM4hj8kiQopo2VHmMCdY27smUqNhZ4k2iPSBfjbO0tlbveDhY9Ch3aumtaRoiNlCCHUa1sNo2B7XxaYVEyzD1/I2BLRHdJEWajAQ==
WwNtM9PQZ2TYiG0HAf2En1Jx9r6GWrpp0FfJROc5t+scWry1gLkI+rl+TICnwOLX8znmnifFP1NIZXsaBmnds+Lf7j+DNXSjEw==
fNhUyn2FhN2/aridv2VWAKmM4hj8kiQopo2VHmMCdY27smUqNhZ4k2iPSBfjbO0tlbveDhY9Ch3aumtaRoiNlCCHUa1sNo2B7XNaYVEyzD1/I2BLRHdJEWajAQ==
HOVmnCLpiQKvdWfhzDp7kVpCvkRiSTzFjzegmCIot6Evzy9HtAPy28AkDUxL0eD/hf2riVpdJyAs5WBPWYeJSCjcy5qjw9zVgXOTTVo+EH18jIJ/T5wPH7pkX6oLeptbVp37kJsd+aerEH9RozQ=
OQLLxNdjSRaHTagTIfQ6ZltCvkRiSTzFjzegmCIot6Evzy9HtAPy28AkDUxL0eD/hf2riVpdJyAs5WBPWYeJSCjcy5qjw9zVgXOTTVo+EH18jIJ/T5wPH7pkX6oKeptbVp37kJsd+aerEH9RozQ=
a7jxbbNsED6F1V3kbNe0jlxCvkRiSTzFjzegmCIot6Evzy9HtAPy28AkDUxL0eD/hf2riVpdJyAs5WBPWYeJSCjcy5qjw9zVgXOTTVo+EH18jIJ/T5wPH7pkX6oKeptbVp37kJsd+aerEH9RozQ=
XmcAfsreCqJNyv8s/s81lV1CvkRiSTzFjzegmCIot6Evzy9HtAPy28AkDUxL0eD/hf2riVpdJyAs5WBPWYeJSCjcy5qjw9zVgXOTTVo+EH18jIJ/T5wPH7pkX6oIeptbVp37kJsd+aerEH9RozQ=
gR3LbSfgRibyhCV0oY858+LwspuIm/edDH7CitPPh1XT0QRxZmVYroHKy1NkcQ1HN//Kz9O+lI8M6fllLeZAhndMU3GIq9m5X4uafFQztHZeSR/OO8FCTnPMbFh/tX6Hh4ar7+2ZsxpzV6M2
1qoavUXoHRSJPvPUz/nv+NPP0+KVKW2yv8kgozS96tycVDIUl0cJCxYuztmWiZSicjFZKOaaWmnwl2nEB/nX6/waHDUg+ej62b7sAAcAgtcTeYYeh4UfXC0lmpqmqf2zwh+Ov2N1VKMz
dTGaeNohBpwdFD/Q3UlbgeLwspuIm/edDH7CitPPh1XT0QRxZmVYroHKy1NkcQ1HN//Kz9O+lI8M6fllLeZAhndMU3GIq9m5X4uafFQztHZeSR/OO8FCTnPMY1h/tX6Hh4ar7+2ZsxpzV6M2
gGusKursVs5ly+OxL6Ey4tPP0+KVKW2yv8kgozS96tycVDIUl0cJCxYuztmWiZSicjFZKOaaWmnwl2nEB/nX6/waHDUg+ej62b7sAAcAgtcTeYYeh4UfWSwlmpqmqf2zwh+Ov2N1VKMz
zr6rulu4L6rdi3B7B3+/8lJx9r6GWrpp0FfJROc5t+scWry1gLkI+rl+TICnwOLX8znmnifFP1tOZXoaBmnds+Lf7j+DNXSjEw==
HtRfTBoU5K+V1UI5nV3TgKmM4hj8kiQopo2VHmMCdY27smUqNhZ4k2iPSBfjbO0tlbveDhY9Ch3aumtaRoiNlCCHUa1sNo2B7XtcYVAyzD1/I2BLRHdJEWajAQ==
KQiDGXvugIozfa5mHRMJ3Rd1YyxEK3hoWvDOvUICPfy5qulbPOGIexkzYcy4uANug7fUMVE3+/naing5rGiKC29ox3sq4LceQk1zX0b5M2Q7aXFDe1QXZaMA
qMS+HeNSFCyAa1zgIz1oTBB1YyxEK3hoWvDOvUICPfy5qulbPOGIexkzYcy4uANug7fUMVE3+/naing5rGiKC29ox3sq4LceSkpzX0b5M2Q7aXFDe1QXZaMA
ygIu5VPumVmALDrnP5RPU1Jx9r6GWrpp0FfJROc5t+scWry1gLkI+rl+TICnwOLX8znmnifFP1JJZXoaBmnds+Lf7j+DNXSjEw==
13Q3I3XTomzzEcT82XBP6waiNye22a8XZzKh96dFVk2w1Betvs8E71c8OYXpG0Jmos2ehVY658LS+Dl8vCetBTjmOfkhuRZZpGKY1UNDfGMwR10JaqMN
GXJ2JOrhSmPeNYkTROt0n/YvOm9WKz0UM5ELS4CyyEUUIYR6NebY8FOofndPkbJOUz1znQRdTkrSASHT/vfaD5cteKMf
VLo/e45YJP4e2oD+0kzLDgfdiqd+UQOxq2L2JxAbMT+4QugzvZgBNlrttnVOOv+y+thBrHRnZbVgBpFp2TurycXDQKWLgzSzCCe1OXKjFQ==
6hk9MtroLBczvq0+r23AMWsWx7IXWwJ7z4XtWadIz262IBCayMtZGR+rmlwUkzQWHqkfrvshwu6z7Gt6vxz/Z0fmqw+t+TO6M3ejFg==
VX1AqAz5EevfUY/092p47KmM4hj8kiQopo2VHmMCdY27smUqNhZ4k2iPSBfjbO0tlbveDhY9Ch3aumtaRoiNlCCHUa1sNo2B7XtdYVkzzD1/I2BLRHdJEWajAQ==
yLsScR04mBH/aTdTL9Bwlu30EN7vEL8e7QSGYeHZy+Pvww8mu48p5hbFKiCoy/ddiU+DkjbezIhcoW7AiTnHrfd21rF7IHfv/q4Lo92ejWh4TlS1lk+VilFtowKt2AuW0pa44IOF9vC129IjHuRUHpGaF32d6DXxYYKQLDbKhduopNUPHQQZrwFV2MAiCrEkTb7JJmxwO7EUuEOMPl3jWAuBeQjK4c9Jk0NH8n1JMFmTWCeL6rDXjkLbk4IHiVNUu5nRczsEN/WjkA==
y/CC6nK6XL/8dnSH81B3poPwVTDmIvfmCaMfKWpxSmWWVP8ZmiUM4eHsVktm0KRaxAxsEBnbWUK/KmjHR/x0es6V+2yqu3Mec+3+qAeZxZD5ekh4SN9+UbGoMYvP2JX23+QCwIQqy3uyMnWdHlnGquDM4WxL1zW20ZPBJDy2TiQRaTgyKYWVup0tgdNUerqERbb9CFXMBO6fE/Ter9aG87eqW1fFQgKfCwvThQsIJYcEC2Mu+6HCbrNsYv2/mP/nR2arj615Mzoz96OW
sWnANA3OV+LcJDdicxrOtS10e7mzaUMDdkNsBWSQGZ1Hvoglm8eboz7UldEu09Un8R3WrUUVMMpvUi8Xm30vYAFYLP+n9W5+LY0mUQEHEeDF6jgCuOcb4d41l1G3kT96DdYd5yJUUVW4NEayW/7H6XFJ0Cm/54Cx0SaZagX/EuAfG1LZQ9vuQZaeBW7V+x2V9TdruEcJYGRLFVkCcjkx49pXNe4GraizYGHXkTbaQKtzOWaep8W/Ushl9xuGaV2zYt9uPwM19KOT
RB0+iB38EZBYOq5JpTvu3y10e7mzaUMDdkNsBWSQGZ1Hvoglm8ebrj7Uldwu09Un8R3WrUUVMMpvUgMAm3QzbhZYLP+n9W5+LY0mUQEHEeDF6jgCuOcb4d41l1G3kT96DdYd5yJUUVW4NEayW/7H6XFJ0Cm/54Cx0SaZagX/EuAfG1LZQ9vuQZaeBW7V+x2V9TdruEcJYGRLFVkCcjkx49pXNe4GraizYGHXkTbaQKtzOWaep8W/Ushl9xuGaV2zYt9uPwM19KOT
bZwq6YdTrBVVdwiv2l5Btjs3l7KLR7nl87zGbJYnrTaiCHVG+6Rem1Wu/NCvFiB4oPTWAEqm+CsGslv7SOqBYxd78Sw2953xbH4viRxZG3Pj8PfeIurCAznB/FFtOW2lDap/IkcvGBCTFXpw/HoBCrU5w/0KQUWDIhFzwuOCn0ugcO1vyFH5X2zBFBq/5k+P7wVHg/FQPe3CxOlxo2qojYMzqKNvJrzpavOiJe1ZbC4ye0ENvPZdoZ1y6oGN85xdb6OQq3Q3OTH2o5E=
nK721FoeMqkyDHU0O6ayaC10e7mzaUMDdkNsBWSQGZ1Hvoglm8ebrj7Uldwu09Un8R3WrUUVMMpvUi8Xm2MyYQtYLP+n9W5+LY0mUQEHEeDF6jgCuOcb4d41l1G3kT96DdYd5yJUUVW4NEayW/7H6XFJ0Cm/54Cx0SaZagX/EuAfG1LZQ9vuQZaeBW7V+x2V9TdruEcJYGRLFVkCcjkx49pXNe4GraizYGHXkTbaQKtzOWaep8W/Ushl9xuGaV2zYt9uPwM19KOT
RwyxVAx5mOeaOIF+h7R10js3l7KLR7nl87zGbJYnrTaiCHVG+6RellWu/N2vFiB4oPTWAEqm+CsGskr9Sv+Fdxd78Sw2953xbH4viRxZG3Pj8PfeIurCAznB/FFtOW2lDap/IkcvGBCTFXpw/HoBCrU5w/0KQUWDIhFzwuOCn0ugcO1vyFH5X2zBFBq/5k+P7wVHg/FQPe3CxOlxo2qojYMzqKNvJrzpavOiJe1ZbC4ye0ENvPZdoZ1y6oGN85xdb6OQq3Q3OTH2o5E=
BioVY+HO3byb07lXSoDHT6waHeyzmF+5MIwJ6TSvVjQb/OoMCjjax+4uYJNvPN6e4k0ol7fkq5ud5qUx7KWSmcKnQypr4f6sD6XVhIGWaFxgg44laeRxT4ckxSJnSOKkbLZ7zyq+9RmW5VY+GKBByOMLRUKJXwFg9MqecClFWNZBmaWOhSGB11xGqpA9Wt0sfZD0mkdftBrnKtYnDwa7My3esiuTh1MBg7S1E/xnw4pTfbKa66CiuXfkL7N/SstrxWUDDiv7o5I=
c2Bh1R7FTKZg/9G4g3se1awaHeyzmF+5MIwJ6TSvVjQb/OoMCjjax+4uYJNvPN6e4k0ol7fkq5ud5qwi5riSm8KnQypr4f6sD6XVhIGWaFxgg44laeRxT4ckxSJnSOKkbLZ7zyq+9RmW5VY+GKBByOMLRUKJXwFg9MqecClFWNZBmaWOhSGB11xGqpA9Wt0sfZD0mkdftBrnKtYnDwa7My3esiuTh1MBg7S1E/xnw4pTfbKa66CiuXfkL7N/SstrxWUDDiv7o5I=
Blwl0S+ybwP6qQswj/2VibQQFzSvtOLUXVP3jr/B3Y0r+moOJiIxg1hjrWqWA/bBa2ON03qhat+1aJBRAzkh/VZsNo3VWb5FaxR/6/6qA5fNauVMWGq8wUZ73U4Rqeu2fazjMnIy0BQTMX50NV9al44QPLoxPv8JTVx9NSFG2Bjmvm3/iIC9+w0wEasBUdD0Mv7ZAG2aIVK8RHN1VHwLOO4pC/yrJRH8WlVHzRPHz0btvVj9M/zP/zoEn0oCH9u21/27cJu9uYcrMD/xo5Q=
liIiyanopyry3JCXq8SD4nEEjoXFgsXZSRpfkzdE12qp56JJnBmzAYcUhYiRn8P13mkr6YaJ0byh0SIzs7pSehZyAKSlc85FuGyELhrmPrCCS/lo9DF0aPIeFuecnTWEuN7/iVf3Iwalr1V2OnYG5CVwC+nqLhwad98dzcK5/HkUpU7kkVQ2FJYxOuEFej3wDYyKb7kiIJW8ujd3hsE9GOO9oFFGPqc/fu93WpwuaOrNOCTq/T4CPWHdOrXkqjFnSy1vEpAC8bvvJBviPF+FdE62IKOldWexBJhD7vyG4CXlsdqJsBaXPsul5+rUMvHcXPQgNbZeoIhFx4yWwljt5FPcYKTv8c3xn56Jpw8W21ncPyr63+XDdSguoE8MOCF/U3fF/Nd3SM8QemewgfaAQ09MkmmHb3mDTOGV15kXaETq/DNaJcXcu5XtdEqgDPBzczvHBNZtqiAH6xp5+4sGQX7Ovc6dCwVVTaej2F85yOQj5UEiuqnJo8JnfQ5+fYCzSDEv8f7qWGsLqS6+v7VX22dV7fvO+eXzeq+mn7vlnKP7
liIiyanopyry3JCXq8SD4nEEjoXFgsXZSRpfkzdE12qp56JJnBmzAYcUhYiRn8P13mkr6YaJ0byh0SIzs7pSehZyAKSlc85FuGyELhrmPrCCS/lo9DF0aPIeFuecnTWEuN7/iVf3Iwalr1V2OnYG5CVwC+nqLhwad98dzcK5/HkUpU7kkVQ2FJYxOuEFej3wDYyKb7kiIJW8ujd3hsE9GOO9oFFGPqc/fu93WpwuaOrNOCTq/T4CPWHdOrXkqjFnSy1vEpAC8bvvJBviPF+FdE62IKOldWexBJhD7vyG4CXlsdqJsBaXPsul5+rUMvHcXPQgNbZeoIhFx4yWwljt5FPcYKTv8c3xn56Jpw8W21ncPyr63+XDdSguoE8MOCF/U3fF/Nd3SM8QemewgfaAQ09MkmmHb3mDTOGV15kXaETq/DNaJcXcu5XtdEqgDPBzczvHBNZtqiAH6xp5+4sGQX7Ovc6dCwVVTaej2F85yOQj5UEiuqnJo8JnfQ5+fYCzSDEv8f7qWGsLqS6+v7VX22dV7fvO+eXzeq+mn7vlnKP7
liIiyanopyry3JCXq8SD4nEEjoXFgsXZSRpfkzdE12qp56JJnBmzAYcUhYiRn8P13mkr6YaJ0byh0SIzs7pSehZyAKSlc85FuGyELhrmPrCCS/lo9DF0aPIeFuecnTWEuN7/iVf3Iwalr1V2OnYG5CVwC+nqLhwad98dzcK5/HkUpU7kkVQ2FJYxOuEFej3wDYyKb7kiIJW8ujd3hsE9GOO9oFFGPqc/fu93WpwuaOrNOCTq/T4CPWHdOrXkqjFnSy1vEpAC8bvvJBviPF+FdE62IKOldWexBJhD7vyG4CXlsdqJsBaXPsul5+rUMvHcXPQgNbZeoIhFx4yWwljt5FPcYKTv8c3xn56Jpw8W21ncPyr63+XDdSguoE8MOCF/U3fF/Nd3SM8QemewgfaAQ09MkmmHb3mDTOGV15kXaETq/DNaJcXcu5XtdEqgDPBzczvHBNZtqiAH6xp5+4sGQX7Ovc6dCwVVTaej2F85yOQj5UEiuqnJo8JnfQ5+fYCzSDEv8f7qWGsLqS6+v7VX22dV7fvO+eXzeq+mn7vlnKP7
liIiyanopyry3JCXq8SD4nEEjoXFgsXZSRpfkzdE12qp56JJnBmzAYcUhYiRn8P13mkr6YaJ0byh0SIzs7pSehZyAKSlc85FuGyELhrmPrCCS/lo9DF0aPIeFuecnTWEuN7/iVf3Iwalr1V2OnYG5CVwC+nqLhwad98dzcK5/HkUpU7kkVQ2FJYxOuEFej3wDYyKb7kiIJW8ujd3hsE9GOO9oFFGPqc/fu93WpwuaOrNOCTq/T4CPWHdOrXkqjFnSy1vEpAC8bvvJBviPF+FdE62IKOldWexBJhD7vyG4CXlsdqJsBaXPsul5+rUMvHcXPQgNbZeoIhFx4yWwljt5FPcYKTv8c3xn56Jpw8W21ncPyr63+XDdSguoE8MOCF/U3fF/Nd3SM8QemewgfaAQ09MkmmHb3mDTOGV15kXaETq/DNaJcXcu5XtdEqgDPBzczvHBNZtqiAH6xp5+4sGQX7Ovc6dCwVVTaej2F85yOQj5UEiuqnJo8JnfQ5+fYCzSDEv8f7qWGsLqS6+v7VX22dV7fvO+eXzeq+mn7vlnKP7
MVBesX7P+Un7JpJvvgq5tBZq66/TFsEv1g6ODbsytelaErqigLg+vqMqQYS9yP3H8znmnifFP1hPZXUbBmnds+Lf7j+DNXSjEw==
O4dUqjsYL39UhSYytIxq812AzOFYIjn08m/1MRoCf2bqUPMuoeoCZFz6tnR4fuXm989UoHF3ZbVgBpFp2TipycPDQKWLgzSzCCe1OXKjFQ==
9ZVIMVflLQ48rY7ntcCN3ig3PAikOEK1ogkexXZpXsrYOpGx0u/+wgMl0vKb2CK25/6Pm89yC6MVvePm2wOjGg==
x2+qd6uxwaAuUvBE0pO+tXYE3SD07GeBz5sJXQqfPEuLZ/T6913EBbhL3QI+7K7wc4WiQt2auwwH6fRsqQDyavo/tOYL5mbln1dmoeae6U5QEWDvk8Aepeb4YIqcbxYZtwQ6WnUB3WOxljc7v95Q0uRER9ThQYD6zkolC9eFiH0+OdZhBKxbgGREROVQye9eX9DvqOBHUzYyha6uPX+MxT8Y4bmqWUwqtS9s+51y9gqKyq8czsKX6tBtMwnw/a5u8yeJ6SVaWtaj6z3wcUrW++fUrBJKC0/h9SGWDMlmdgJipWc1UAE6ggWuWTENQr6WE3w+UMqd3Ipy2BcTRt6InC+kkRgq7CUln6FNSuOP5TK5eT4bQNI18dFlOjqqRwY8I39Rc8/03WNa3wJujZjr0mJjLWh4Qe27q9MeNV+f09OqBCg4eRLvEY7rRzke4kqoktORn62sPPk4sJV/kPFxD4TB/Eo3Rhefl8XfM0lwNZ0qREFBq4rQfRvzkLO3RjS5QvOK9WW5ND4KO9l9RJZVkTX4hHGG0yTt9+Nou6yXseGeo/k=
n/eQ1HD35lRlf25uLC22jBdq66/TFsEv1g6ODbsytelaErqigLg+vqMqQYS9yP3H8znmnifFP15MZXobBmnds+Lf7j+DNXSjEw==
q+AHg0mxOw3K+HfePjur5zZDkOpaEwtqi4/yDPFTzHSsLGKZms1OGR6d3kZAniMDEqwPrvshwu6z7G55vxX/Z0fmqw+t+TO6M3ejFg==
kjPp6ne7C4CI9k2zdNPi1ik3PAikOEK1ogkexXZpXsrYOpGx0u/+wgMl0vKb2Cu25/GPm89yC6MVvePm2wOjGg==
9kVCh7DmYnZgdBM9pWDHSjYb8lsUhbmBpbqQsg+As/UgV+mthyca2JwvpILmxb8KU/2yGusgqj53YCgzf8rL68XlA44re6MS
WPlw6ST+NZj/7/uJ3TQU3EB956nEWf1u1QyOWu4/q6gXWry1gLkI+rl+TICnwOLX8znmnifFP11PZXMcBmnds+Lf7j+DNXSjEw==
3IVjtaRhgogIJsmo8iORJWsWx7IXWwJ7z4XtWadIz262IBCayMtZGR+rmlwUkzQWHqkfrvshwu6z7GN9vxz4Z0fmqw+t+TO6M3ejFg==
dcL98k2Q3XIdmviz3sQeHxYqrrXHFeUvmlPJROc5t+scWry1gLkI+rl+TICnwOLX8znmnifFP1xMZXIcBmnds+Lf7j+DNXSjEw==
V10+Y3p5F1tXtoWxDEhuGVo47Mk0EPXzUMNtMzMsPY0FO26u5n06/cq6ezp2SP00kAfBDTz23aEdc22BCPQcXe+jEKv0N7kxdqMR
5Gu1GqZFHSpTUjI+C0GvGku062ufJd1QyGS7MmOr7C0h60NlWhbA5dx0shePNH+nWnwPQooRS0swJQs42/XJ3wuIL3mjHA==
BLndYYMD28nEFG2vQ/dO7GsWx7IXWwJ7z4XtWadIz262IBCayMtZGR+rmlwUkzQWHqkfrvshwu6z7Gl4vxr4Z0fmqw+t+TO6M3ejFg==
67P+cJ5cy8epWezPihYKd3b11lv8qCpZN4nkijs5KSL33ox+4jcKL6qzuYRXWUdrjLrsdVDZGPqpnhzAd6ByV4PZVt7XpQ9cP0VFXPbJbTNyfz5/UxVkowM=
YVVEwFCcIE+knRfwdavrAiWmiwCb6eUWbGdWNJBLGwkCfdbi5rokIndt4dUfu9bpeCcRZO8pj6vE6jRVOOng+tGu9OAvcLoXyynuvn81l92m1S38Dnkl87ovZp97ZVyjOw==
Nh620flFOLcsN+XDWFURVt7lDA1OvXH5FZ1ONrmNeNmN2MlHNxk2t+T/ytoPRimmzWV57b2O4G6nBBM5WEP50U+DmnREW5SejgFfhusp4ibjRO7V79LYb1fO66c9cZNyY1+jPg==
O9p86+k8CMcUtSy0Dw+ehRjah7AqUlmxr23xJ1gJNnv/XOE1odsKNlrttnVOOv+y+thBrHRnZbVgBpFp2TOuycPEQKWLgzSzCCe1OXKjFQ==
6NYsENHk7y1CP0QjMpsHE0u062ufJd1QyGS7MmOr7C0h60NlWhbA5dx0shePNH+nWnwPQokSS00wJQs42/XJ3wuIL3mjHA==
1o6cwYEpo6//MV5N//Oyv0B956nEWf1u1QyOWu4/q6gXWry1gLkI+rl+TICnwOLX8znmnifFP1xNZXQcBmnds+Lf7j+DNXSjEw==
kofinEx+aVm+okaKe18UEkav/GPaa9RS1WunKiCg7C0h60NlWhbA5dx0shePNH+nWnwPQooQS00wJQs42/XJ3wuIL3mjHA==
PwrJen4BVCWUsNGnmpTtwXEEjoXFgsXZSRpfkzdE12qp56JJnBmzAYcUhYiRn8P13mkr6YaJ0byh0SIzs7pSehZyAKSlc85FuGyELhrmPrCCS/lo9DF0aPIeFuecnTWEuN7/iVf3Iwalr1V2OnYG5CVwC+nqLhwad98dzcK5/HkUpU7kkVQ2FJYxOuEFej3wDYyKb7kiIJW8ujd3hsE9GOO9oFFGPqc/fu93WpwuaOrNOCTq/T4CPWHdOrXkqjFnSy1vEpAC8bvvJBviPF+FdE62IKOldWexBJhD7vyG4CXlsdqJsBaXPsul5+rUMvHcXPQgNbZeoIhFx4yWwljt5FPcYKTv8c3xn56Jpw8W21ncPyr63+XDdSguoE8MOCF/U3fF/Nd3SM8QemewgfaAQ09MkmmHb3mDTOGV15kXaETq/DNaJcXcu5XtdEqgDPBzczvHBNZtqiAH6xp5+4sGQX7Ovc6dCwVVTaej2F85yOQj5UEiuqnJo8JnfQ5+fYCzSDEv8f7qWGsLqS6+v7VX3mFV7PzO+eXzeq+mn7vlnKP7
PwrJen4BVCWUsNGnmpTtwXEEjoXFgsXZSRpfkzdE12qp56JJnBmzAYcUhYiRn8P13mkr6YaJ0byh0SIzs7pSehZyAKSlc85FuGyELhrmPrCCS/lo9DF0aPIeFuecnTWEuN7/iVf3Iwalr1V2OnYG5CVwC+nqLhwad98dzcK5/HkUpU7kkVQ2FJYxOuEFej3wDYyKb7kiIJW8ujd3hsE9GOO9oFFGPqc/fu93WpwuaOrNOCTq/T4CPWHdOrXkqjFnSy1vEpAC8bvvJBviPF+FdE62IKOldWexBJhD7vyG4CXlsdqJsBaXPsul5+rUMvHcXPQgNbZeoIhFx4yWwljt5FPcYKTv8c3xn56Jpw8W21ncPyr63+XDdSguoE8MOCF/U3fF/Nd3SM8QemewgfaAQ09MkmmHb3mDTOGV15kXaETq/DNaJcXcu5XtdEqgDPBzczvHBNZtqiAH6xp5+4sGQX7Ovc6dCwVVTaej2F85yOQj5UEiuqnJo8JnfQ5+fYCzSDEv8f7qWGsLqS6+v7VX3mFV7PzO+eXzeq+mn7vlnKP7
PBK7TpiB+8zWV4uuHRs5znYE3SD07GeBz5sJXQqfPEuLZ/T6913EBbhL3QI+7K7wc4WiQt2auwwH6fRsqQDyavo/tOYL5mbln1dmoeae6U5QEWDvk8Aepeb4YIqcbxYZtwQ6WnUB3WOxljc7v95Q0uRER9ThQYD6zkolC9eFiH0+OdZhBKxbgGREROVQye9eX9DvqOBHUzYyha6uPX+MxT8Y4bmqWUwqtS9s+51y9gqKyq8czsKX6tBtMwnw/a5u8yeJ6SVaWtaj6z3wcUrW++fUrBJKC0/h9SGWDMlmdgJipWc1UAE6ggWuWTENQr6WE3w+UMqd3Ipy2BcTRt6InC+kkRgq7CUln6FNSuOP5TK5eT4bQNI18dFlOjqqRwY8I39Rc8/03WNa3wJujZjr0mJjLWh4Qe27q9MeNV+f09OqBCg4eRLvEY7rRzke4kqoktORn62sPPk4sJV/kPFxD4TB/Eo3Rhefl8XfM0lwNZ0qREFBq4rQfRvzkLO3RjS5QvOK9WW5ND4KO9l9RJZVkTX9g3GG1CTt9+Nou6yXseGeo/k=
uka/RAUfIOx+TbRrhpCpBXEEjoXFgsXZSRpfkzdE12qp56JJnBmzAYcUhYiRn8P13mkr6YaJ0byh0SIzs7pSehZyAKSlc85FuGyELhrmPrCCS/lo9DF0aPIeFuecnTWEuN7/iVf3Iwalr1V2OnYG5CVwC+nqLhwad98dzcK5/HkUpU7kkVQ2FJYxOuEFej3wDYyKb7kiIJW8ujd3hsE9GOO9oFFGPqc/fu93WpwuaOrNOCTq/T4CPWHdOrXkqjFnSy1vEpAC8bvvJBviPF+FdE62IKOldWexBJhD7vyG4CXlsdqJsBaXPsul5+rUMvHcXPQgNbZeoIhFx4yWwljt5FPcYKTv8c3xn56Jpw8W21ncPyr63+XDdSguoE8MOCF/U3fF/Nd3SM8QemewgfaAQ09MkmmHb3mDTOGV15kXaETq/DNaJcXcu5XtdEqgDPBzczvHBNZtqiAH6xp5+4sGQX7Ovc6dCwVVTaej2F85yOQj5UEiuqnJo8JnfQ5+fYCzSDEv8f7qWGsLqS6+v7VX02BV7PzO+eXzeq+mn7vlnKP7
uka/RAUfIOx+TbRrhpCpBXEEjoXFgsXZSRpfkzdE12qp56JJnBmzAYcUhYiRn8P13mkr6YaJ0byh0SIzs7pSehZyAKSlc85FuGyELhrmPrCCS/lo9DF0aPIeFuecnTWEuN7/iVf3Iwalr1V2OnYG5CVwC+nqLhwad98dzcK5/HkUpU7kkVQ2FJYxOuEFej3wDYyKb7kiIJW8ujd3hsE9GOO9oFFGPqc/fu93WpwuaOrNOCTq/T4CPWHdOrXkqjFnSy1vEpAC8bvvJBviPF+FdE62IKOldWexBJhD7vyG4CXlsdqJsBaXPsul5+rUMvHcXPQgNbZeoIhFx4yWwljt5FPcYKTv8c3xn56Jpw8W21ncPyr63+XDdSguoE8MOCF/U3fF/Nd3SM8QemewgfaAQ09MkmmHb3mDTOGV15kXaETq/DNaJcXcu5XtdEqgDPBzczvHBNZtqiAH6xp5+4sGQX7Ovc6dCwVVTaej2F85yOQj5UEiuqnJo8JnfQ5+fYCzSDEv8f7qWGsLqS6+v7VX02BV7PzO+eXzeq+mn7vlnKP7
rqRy+T53FYCWrPxrcXBeyXYE3SD07GeBz5sJXQqfPEuLZ/T6913EBbhL3QI+7K7wc4WiQt2auwwH6fRsqQDyavo/tOYL5mbln1dmoeae6U5QEWDvk8Aepeb4YIqcbxYZtwQ6WnUB3WOxljc7v95Q0uRER9ThQYD6zkolC9eFiH0+OdZhBKxbgGREROVQye9eX9DvqOBHUzYyha6uPX+MxT8Y4bmqWUwqtS9s+51y9gqKyq8czsKX6tBtMwnw/a5u8yeJ6SVaWtaj6z3wcUrW++fUrBJKC0/h9SGWDMlmdgJipWc1UAE6ggWuWTENQr6WE3w+UMqd3Ipy2BcTRt6InC+kkRgq7CUln6FNSuOP5TK5eT4bQNI18dFlOjqqRwY8I39Rc8/03WNa3wJujZjr0mJjLWh4Qe27q9MeNV+f09OqBCg4eRLvEY7rRzke4kqoktORn62sPPk4sJV/kPFxD4TB/Eo3Rhefl8XfM0lwNZ0qREFBq4rQfRvzkLO3RjS5QvOK9WW5ND4KO9l9RJZVkTXygnGG1CTt9+Nou6yXseGeo/k=
zFtDPA8UjWD38TQPP9JQMrKSqFRKK4qVlXlzlN2713nsSouhn5dWQHc3rozIRSIcofUtWmFlyNvOxwld1FZlMWX70xH0kbSFpmNYmxxXoQFuowk=
tMRAUNQkn2Kf2j63mdmp78fXeQQlnlnVSt2I1GohwHvxW44sW3RTaVRnz4W0SLe4atnC3gM9KOPdsKmQPXsBEzqfgBSkLTsfgal+YFE8+PkNC1ziX6FarO5kOeplP3Lgf9vyWeObDkF23qXudTt9lZX3CzjnSUBkq1W5gtJ5EeP6l1VuZm2Is0AhNxHWmmCrU/nGHscF31vppVaZZiG8s4Kfzr+j9ZSj8w==
cJ/r0J9HYxK3EXlxJwxWNlUuUueUikKiP5NYcoZmzX+Y0O7e6dv5RjlH2iJAzb8jeniX9ZNifvDc/jlE2w3pUcDPF9Z/rldXfEIOjeEKDV3mRKunvPGKAIZGHRfIqI3DrajBwwE5AGySxukoLXJRqtxcI93U1NsgDlH7lGsNIcT6zRclEy+f3k2FaNXzlD+H2hxP4ou2i6+1BcOZ25WJv4uo75mj/A==
pIHuwGmLW833/z0hEySo1euO2RMt2ShHZoPXbQEO0Brfy+i6xi49J7go/tbp0+m+GR8qagAFD3uawAd9E+ruSLwmiQwbxZmJ4LcH3n+mRy9cmn5FIUK9hYb8Oy88eRq4Zh6t34jgfZuNUNHLATEQlLKeGWBtuuHyPOSzVVRcS5huiUvcq8VRHNq1By0TJ4+mbV0YHTPcj1+6pN9qCz4bF1Vdc1Gb3Xnnq1D/kaP0
MuKehpj/HOR1MmrwakHffRB10lyo2g+NgU0HYYoAKX3qIMc9/IjWIDEtsC761OnN1aRhCR548CsjkfLmIx/z1LKy5BBdfssL1UOo8cOcv3g79eTMiheRrNEvLprfjZyHhgL+aDltGG7xEQXWVUmBr6wOSgit8h0UTZjUQhe3NOKX4rY/Hy77i51WEnND71N5c/xVi2zPA7JjdZJCu0grQActTatnY4vTde2jVvuTo+o=
l6/guD2GtirI1geTdneuhf/4oRElyaLofUgnhaxAlnjBBZDW6tzp1eVMATHOMDDzUzlSnrOXc0wC2gSoDbaLUyVriAnTlL9gCx2E9FpfUXShh47iTwUcHzZqHtBppVg2ATklLkVBgbec5iowfbrdzD0wdDqHP7R6J4pWh0/mu9NtfjKLU+dTYUMUNbO8h8NqE90yOivAq9i3Ra0TN6vLi4XFg67rm6Py
hkFr+3CPIH6HMIFdznro3IzecwN1ilzOU8vbk3A6127xW44sW3RTaVRnz4W0SLe4atnC3gM9KOPdsKmQPXsBEzqfgBSkLTsfgal+YFE8+PkNC1ziX6FarO5kOeplP3Lgf9vyWeObDkF23qXudTt9lZX3CzjnSUBkq1W5gtJ5EeP6l1VuZm2Is0AhNxHWmmCrU/nGHscF31vppVaZZiG8s4Kfzr+j9ZSj8w==
hKesPFa3xean+kOHPIYMNP/4vB0j27nhTUgnhaxAlnjBBZDW6tzp1eVMATHOMDDzUzlSnrOXc0wC2gSoDbaLUyVriAnTlL9gCx2E9FpfUXShh47iTwUcHzZqHtBppVg2ATklLkVBgbec5iowfbrdzD0wdDqHP7R6J4pWh0/mu9NtfjKLU+dTYUMUNbO8h8NqE90yOivAq9i3Ra0TN6vLi4XFg67rm6Py
QRMeQwTZxYYsDgNKM9x+phggGbmYCniS1YbVuVdZci3VX8rGrxfQ5iYyBTvINMbK6c/RomkDEnbgWTen6hw/IdO2VpTM+jFQ+1khFZArv0L/Ov+zLAbG2cEeBVn2IINz/CUiZBbClYNo/EWH/Uzp1wEtKIjCgiF8jebZLkw4iwmUAPNEHlXzgEtZ6YCqKb+xk7s3Oh3BoIHTgDeDynhnNstiI8slgUsNe8FB+9tMx42j6A==
8iXmmdlBzjisNMU3PldpZBImfxsWOp64/41+KhV099GUrPZcKRmgIvLQ6dHtsBElNhwQF3tloqrrWzMIymZUfLXaa/dN9zh9Sxg/5INhFGAi8/EQCVv+VpdJ3Nt+Vs6EUUk4EuklFdpdTYGzlBo6JIWW/SgVbIQO3/P0Pu82BlP3ilt3BeKC/8tr0+XLaKUnxCtjDrsBQo7zjGsc/3l9Rw9Hq69t2bNa85ej9g==
YOdp/q+iVkp/QNFFoxOwtBMvYgwQOdeqr4NiIBA1w5+Ytv5JKRmgIvLQ6dHtsBElNhwQF3tloqrrWzMIymZUfLXaa/dN9zh9Sxg/5INhFGAi8/EQCVv+VpdJ3Nt+Vs6EUUk4EuklFdpdTYGzlBo6JIWW/SgVbIQO3/P0Pu82BlP3ilt3BeKC/8tr0+XLaKUnxCtjDrsBQo7zjGsc/3l9Rw9Hq69t2bNa85ej9g==
swvESNYUDk6eqA4anmJlqs7RUkHLkaU+ij8oliEVVX1vSIfbqgD3PktqszPFWftFO4kxo/v01wWjYA==
f9rCiOvxZv9JgV6kRQgMS49d8kREad3BNHTEIZs7jcWYZlk5Qbs3mQjheJ2iQ5wjkMf9yQqjbQ==
W0y9cXQZWKKEdlYMn4P4bR+zeuFcYXO7qSFU1IL+N7/9P08j3jWEAqvpTj6fdbfbwRWOee4xBPPa78YfmyV8oxs=
ViDxpRsv/CNWMy+SlMo3bswbgmMuVRSCG0ke/u+Vp9vRNb45PlH0c0pPdt/LxQyjaw==
Vl9stXWFK0P2sw3GHRA7oPctNglVOD0TPI8UR9ypi1QRI7M1QvbE406zandPkbJOUz1zmwVdQknSCSDT/vfaD5cteKMf
/vjSUvKqIZpGH1o2W4r1fenX12u6PRI/nF9QL63dmqereXqjWzkW7kys5YNdlk+0GBfIB0NoQ0YWuH/ZYBO1eTrG4FI+R9DBtPnlBXaxJncySzK9M5SB0CVOBBOXRRisj5fcB/Zfo9jnknsDbBBh5ywhPSeQwehie5arB2Nli8sVQDn1HoQ16Sf6DMVPE6SrSxZ4UdZzHp2paUgmPlsNxRhm2TnBu7eZiOH4nSJDHCMQx33JiqPt
csvseB6E0showhe92m1st/ctNglVOD0TPIsWSdypi1QRI7M1QvbE406zandPkbJOUz1zmwVdQknSCSDT/vfaD5cteKMf
ZTWOd4N/WmztmskfxgehLOX9Hq/Nsaz9g3TBlanJ5g9A5+6b7fwtbj6ojQ1xNQWrCeFqGLfq5g4veCQvZfjcg8IoQ84lEUM6eRzQewsV2IZhieUeJXGBh/zW6oAdCl18XYC0CucPtEpHupY3L1Y7Yw3O8rsz11NRIyT1A9w3Q9pzbfIKS/Cr6Nd1baNXG0s75XVDnouro8I=
Xoj4+lKVOPuMN71qBqFRWh+zeuFcYXO7qSFU1IL+N/38O1Ij3jWEAqvpTj6fdbfbwRWOee4xBPPa78YfmyV8oxs=
RBtjNM3KjAbE59SqtHefI6ICD28adnpdb5oJScb6zlIUILI+L7LV9EmgYWdPkbJOUz1zmAFdQUnSCSDT/vfaD5cteKMf
P/4v0uiyEpfL/KQTb2A293JIo5j2Walj3B7BQKFnm9gUCLqigLg+vqMqQZeyzOfH8znmnifFP1hNZXUZBmHcs+Lf7j+DNXSjEw==
EaTC5224QR1N7feoteo9KKMCD28adnpdb5oJScb6zlIUILI+L7LV9EmgYWdPkbJOUz1zngFdQUnSCSDT/vfaD5cteKMf
Hvwu75s8xeVrrNMMDfIAvHJIo5j2Walj3B7BQKFmm9gUCLqigLg+vqMqQZeyzOfH8znmnifFP15NZXUZBmHcs+Lf7j+DNXSjEw==
600dKM3SULztAixLlqCnBqACD28adnpdb5oJScb6zlIUILI+L7LV9EmgYWdPkbJOUz1znAFdQUnSCSDT/vfaD5cteKMf
vs39u7FMXZUnXmPlFfc+53JIo5j2Walj3B7BQKFlm9gUCLqigLg+vqMqQZeyzOfH8znmnifFP1xNZXUZBmHcs+Lf7j+DNXSjEw==
G8Y3TrrzdZVZjrfPmjohCRZw7a/PDsAv1g6ODbsytelaErqigLg+vqMqQYS9yP3H8znmnifFP15MZXUZBmHcs+Lf7j+DNXSjEw==
Z4p9Bspkn8S9IkkKJQNRyiYziATcsfy14eDQY1E31oqTlEAPOuvCCKCgv1OUcUmK3L7RR2B9Duk+jd5WYG5wvPYmjz6bkQKek/xuaZ9qPdcvdyufTUlzShNnowY=
QAjbKdKoyeu+dM2myJpXdNeZf31gS2c+jXImUyzFiBS9r2hTfUSwBlZekalfOHew/5fcXB1rejRXIQYKfuTlXu0sbP30OTvd3pSgoer1rqFupd5+MCbDO2KUzxaLmSLWw1Tuwc8iHd8/X2s33cHTAkNPoy4=
DKNmrQqAnpUVUUMo/prg+w6qxvlMWaK43EhsF2uNhOIh2i4uLY7nG1zYgoJoyCa+u9opt4qcL4c7ib5+T1WH3rT13blekZRzKo8WX6sFbKML
M0kG/QCMt4QlJcHsK0sUraECD28adnpdb5oJScb6zlIUILI+L7LV9EmgYWdPkbJOUz1zkgBdQUnSCSDT/vfaD5cteKMf
rrSzgxG9WK3GVAaNXHYnBHJIo5j2Walj3B7BQKFkm9gUCLqigLg+vqMqQZeyzOfH8znmnifFP1JMZXUZBmHcs+Lf7j+DNXSjEw==
T927mKF3570ub7v60MaWYqYCD28adnpdb5oJScb6zlIUILI+L7LV9EmgYWdPkbJOUz1zmgNdQUnSCSDT/vfaD5cteKMf
voSno1JyReezDoZi3RmFsHJIo5j2Walj3B7BQKFjm9gUCLqigLg+vqMqQZeyzOfH8znmnifFP1pPZXUZBmHcs+Lf7j+DNXSjEw==
g0HM01dULfh0aczPWcRCVqcCD28adnpdb5oJScb6zlIUILI+L7LV9EmgYWdPkbJOUz1zmQNdQUnSCSDT/vfaD5cteKMf
VmEEivlkzjh5xZi55tsRjnJIo5j2Walj3B7BQKFim9gUCLqigLg+vqMqQZeyzOfH8znmnifFP1lPZXUZBmHcs+Lf7j+DNXSjEw==
FZw44iyDMSujZlAsg7SRdB81+MV8cPzyRY8rXQRlYYYHOSjm4Go6/Pz+YW57TOc8jxfBDTz23aEdcmqBD/EcVe6jEKv0N7kxdqMR
oAdeEIMqNxeJtg36EmW0dxw1+MV8cPzyRY8qXQRlYYYHOSjm4Go6/Pz+YW57TOc8jxfBDTz23aEdc2+BDvEcVe6jEKv0N7kxdqMR
M2X9Fx/sGxGYjESb2zjexB01+MV8cPzyRY8pXQRlYYYHOSjm4Go6/Pz+YW57TOc8jxfBDTz23aEdf26BDvEcVe6jEKv0N7kxdqMR
tXCFU3c1cqgW1JcPp49kR0RszI9nMgP7Wl6j787xor0XalGJ/qoWMvwwuj4nor0UEXBZJ5fhSi77jfsai60o6Wq5+JMGpwIvvz1woxc=
h3Z0gpJwdPj7cwREVQBszTYDtrVXLHzWj4Vs8h+6J5/h4AB4oaVUcxbTUlseBITQ+DZKQF98z386hJ/KDJjbNdV9s/GbPbkHK7A/caMU
aHZ2/jq9ZNOLZU0RnXM4Nd61lGta2O3xZw8G9+qwNrorFnrGEenp4gx2kY+wFS4BLoXeXnCGUNQm7s/2S/midgN07eMPg52//79rV50hU6IDb6MO
jAzndSLB4qKcXPtjEJMCwzUAtrVXLHzWj4Vs8h+7J5/h4AB4oaVUcxbTUlseBITQ+DZKQF98z386hJ/KD57bNdV9s/GbPbkHK7A/caMU
ec9hAIxsh5ci46uYAwBxtuLzo8be2KvXTirJhc3cz0Xz0hh8TCRIrYzL0FAXJRBcZ6fd3tS7gsdbhet/YccJ0X1PWTGj6Je0TazbIxY492lZVwDOO8FCTnPMaFp/tH2Hj4er7+2ZsxpzV6M2
hhI+zI0SaUd257oFhgPo9OLzo8be2KjXTirJhc3cz0Xz0hh8TCRIrYzL0FAXJRBcZ6fd3tS7gsdbhet/YccJ031PWTGj6Je0TazbIxY492lZVwDOO8FCTnPMblt/tH2Hj4er7+2ZsxpzV6M2
KmRyMJe+tGKPsct5kSX+xeLzo8be2KvXTirJhc3cz0Xz0hh8TCRIrYzL0FAXJRBcZ6fd3tS7gsdbhet/YccJ0X1PWTGj6Je0TazfKgE/92lZVwDOO8FCTnPMYl1/tH2Hj4er7+2ZsxpzV6M2
MydINcYMxX1uI7xQgIfzGOLzo8be2KjXTirJhc3cz0Xz0hh8TCRIrYzL0FAXJRBcZ6fd3tS7gsdbhet/YccJ031PWTGj6Je0TazfKgE/92lZVwDOO8FCTnPMa1h/tX2Hj4er7+2ZsxpzV6M2
1QTL5NiM5DYPYkVqXvtBd19Cv01iAHuF0ia31j4ss6NK3zlRnU+u0oM7Ck5qha//16KvhFdbKz8rgDcVXqiEHmzOy5CyiuSWz36BahthUnY/k4VhUJwPH7pkX6oIe5tbVZ3zkZsd+aerEH9RozQ=
YQHuCs6iF31kZHvO7/XSgE47Lhj+hsffxepiChnZkP3lL2X1jSMWvJbY49Kp2Yv27AMrcEQDNXwcxkTmNCmf1MqYE/XLyqPOeSNbpwl7QLCRG77rCniF9QCGcSm5OYmJbEHg7aqDFPOopxV5UqM1
lD1A5GpgPdRK8FodJVrwAE47Lhj+hsbfxepiChnZkP3lL2X1jSMWvJbY49Kp2Yv27AMrcEQDNXwcxkTmNCmf18qYE/XLyqPOeSNbpwl7QLCRG77rCniF9QCGcSm5M4mJbEHg7aqDFPOopxV5UqM1
DuwRNRmYvasMWleKfaieJ+Lzo8be2K7XTirJhc3cz0Xz0hh8TCRIrYzL0FAXJRBcZ6fd3tS7gsdbhet/YccJ0X1PWTGj6Je0TazbIxY492lZVwDOO8FCTnPMYlt/tX2Hj4er7+2ZsxpzV6M2
67tDBUyRWKc68s3BgDuy/eLzo8be2K/XTirJhc3cz0Xz0hh8TCRIrYzL0FAXJRBcZ6fd3tS7gsdbhet/YccJ031PWTGj6Je0TazbIxY492lZVwDOO8FCTnPMbVx/tX2Hj4er7+2ZsxpzV6M2
6RSp3p77flj75Uh7NdZbr+Lzo8be2KzXTirJhc3cz0Xz0hh8TCRIrYzL0FAXJRBcZ6fd3tS7gsdbhet/YccJ0n1PWTGj6Je0TazbIxY492lZVwDOO8FCTnPMaV1/tX2Hj4er7+2ZsxpzV6M2
MgVsFzK9pKg3699cSpUhThoUMpcdGIzWKi3mVX46z5IqmLHM5OfVFTDG4YnJM7rp9IKQzXoDpBO45+XZAqNl
HO8ckZs0F/S9Qb33SEP04GsWx7IXWwJ7z4XtWadIz262IBCHyMtZGR+rmlwUkzQWHqkfrvshwu6z7GN6vx7+Z0/nqw+t+TO6M3ejFg==
mKHMRU+4wOR9JJom7B44YmsWx7IXWwJ7z4XtWadIz262IBCHyMtZGR+rmlwUkzQWHqkfrvshwu6z7G57vx7+Z0/nqw+t+TO6M3ejFg==
lzbkPUuDYUuQQXJZtXiqmQH7NuNIa3bo8ipU1ZipAPqxblRgzzCaF6vpTj6fdbfcwRWJeu4xBPPa78YfmyV8oxs=
2QAMuU9QHwcvsg+CzNRfxH0pOx2/MjCr8A8JxXdfGtCMN4Sq1v3/wgMl0vKb2CKx5/qOm8dzC6MVvePm2wOjGg==
lbt6Do+w54+Rrgyd+v4592sWx7IXWwJ7z4XtWadIz262IBCayMtZGR+rmlwUkzQWHqkfrvshwu6z7GJ4vx/+Z0/nqw+t+TO6M3ejFg==
5D5VBjtDGjeRKgSXoQU1DxYprrXHFeUvmlPJROc5t+scWry1gLkI+rl+TICnwOLX8znmnifFP19MZXAaBmHcs+Lf7j+DNXSjEw==
rzE0o5bzrr+hM3rwe1yZ2LWNth8KIrvdg3w9kpzwjWPoQ5Wji4xVXU17pt7OXSIN0rpjSm5o1cTYxwld1FZlMWX71RHykrSFpmNYmxxXoQFuowk=
56nBexIR4Yw/HG2capvVr1o47Mk0EPXzUMNtMzMsPY0FO26u5n06/cq6ezp2SP00kAfBDTz23aEdc22BCvIcVe6jEKv0N7kxdqMR
pLpKE6hVYl6nVdAdSmTHZxYqrrXHFeUvmlPJROc5t+scWry1gLkI+rl+TICnwOLX8znmnifFP19OZXAaBmHcs+Lf7j+DNXSjEw==
iC0xgzAVblsjYIGhCLas9Ji/JQs6mpezHlEVzKv+Kmjrz04jMw/tVOMxm8vwEngF5EGUeiUGqDDjCI733zHijgMdQ5/1PZSKgumwU06XKk+nDWijDw==
fJVMOwgR7zsD+Yd5I8SEDlo47Mk0EPXzUMNtMzMsPY0FO26u5n06/cq6ezp2SP00kAfBDTz23aEdfGuBCvIcVe6jEKv0N7kxdqMR
pmcv45b/ISpB8vi+RSBQDzybm7kDSfrggh52DGGBmK8iwyEkP4n/K1SKhJVoyRD6oY4koJ+QKpc7ib5+T1WH37D12LpekZRzKo8WX6sFbKML
7eIR0mp/uzxnpakGFUDu3Eu062ufJd1QyGS7MmOr7C0h60NlWhbA5dx0shePNH+nWnwPQoIXS0k2JQM52/XJ3wuIL3mjHA==
tOBeILTX1Po5gLb6wZvmn0B956nEWf1u1QyOWu4/q6gXWry1gLkI+rl+TICnwOLX8znmnifFP19NZXcaBmHcs+Lf7j+DNXSjEw==
OhIQtd3UHCh4om57na4DxX8sPxK+NDC28A8JxXdfGtCMN4Sq1v3/wgMl0vKb2Ciw5/yOm8dzC6MVvePm2wOjGg==
cziHxuh1Kch3F7c/FOVqTCd5203esdbn6ufNUlAm3r7HgkoqfOvCC6GZvx/JNgDW17zTASh7Gek/u5pMNGN0pv45nz6bkQKek/xsaJ9pPtcvdyufTUlzShNnowY=
eDkwl5Lqlo8Ls5SwI51tCezQtw/6nXYoqpa9SmQRXN22snAlMwAs3ijJAhPjbO0tlbveDhY9Ch3aumtaRoiNlCCHUa1sNo2B7XheYVwyzDV+I2BLRHdJEWajAQ==
keSxG9V/g4IaZcd618xE7n8qis46k0hqU2xmalr0gK9FDQsZ2s3HkGy1QL9Z96mY6GyrCiNTfKXBo3N9Wg7wrTz8Iu/PDG+verR/2gyIuwcWLRMBG41ZV2tAH2GjBA==
3W/Nn52tkjxS9cI88SIP4lJx9r6GWrpp0FfJROc5t+scWry1gLkI+rl+TICnwOLX8znmnifFP1tOZXYaBmHcs+Lf7j+DNXSjEw==
ptgMGyloICCu3sXEq+YUpSR5203esdbn6ufNUlAm3r7HgkoqfOvCC6GZvx/JNgDW17zTASh7Gek/u5pMNGN0pv45nz6bkQKek/xsa59pPtcvdyufTUlzShNnowY=
O0VYOtn11kxwxTZToaEWoezQtw/6nXYoqpa9SmQRXN22snAlMwAs3ijJAhPjbO0tlbveDhY9Ch3aumtaRoiNlCCHUa1sNo2B7XhbYVwyzDV+I2BLRHdJEWajAQ==
2k2VPLQ0BKFc0W/fHZ1wSuzQtw/6nXYoqpa9SmQRXN22snAlMwAs3ijJAhPjbO0tlbveDhY9Ch3aumtaRoiNlCCHUa1sNo2B7X1bYVwyzDV+I2BLRHdJEWajAQ==
KX6LVVeDJvkEDQsLbCcNtH8qis46k0hqU2xmalr0gK9FDQsZ2s3HkGy1QL9Z96mY6GyrCiNTfKXBo3N9Wg7wrTz8Iu/PDG+verR/2giPuwcWLRMBG41ZV2tAH2GjBA==
+/SJoAR27LHDGBV5Et0XoVJx9r6GWrpp0FfJROc5t+scWry1gLkI+rl+TICnwOLX8znmnifFP19IZXYaBmHcs+Lf7j+DNXSjEw==
i+2UrF6L387iR/rSpI7D4CV5203esdbn6ufNUlAm3r7HgkoqfOvCC6GZvx/JNgDW17zTASh7Gek/u5pMNGN0pv45nz6bkQKek/xqaJ9qPtcvdyufTUlzShNnowY=
ymcw6wCTlp8ZIHeDljqABezQtw/6nXYoqpa9SmQRXN22snAlMwAs3ijJAhPjbO0tlbveDhY9Ch3aumtaRoiNlCCHUa1sNo2B7XhfYV8yzDV+I2BLRHdJEWajAQ==
Yyc0OfSVCFddIE1spkoFPH8qis46k0hqU2xmalr0gK9FDQsZ2s3HkGy1QL9Z96mY6GyrCiNTfKXBo3N9Wg7wrTz8Iu/PDG+verR/2gmLuwQWLRMBG41ZV2tAH2GjBA==
dMCidsVSwBHIB7wCF7QGEFJx9r6GWrpp0FfJROc5t+scWry1gLkI+rl+TICnwOLX8znmnifFP19MZXUaBmHcs+Lf7j+DNXSjEw==
ozc2KUciyTO6SEcfdTLKfCJ5203esdbn6ufNUlAm3r7HgkoqfOvCC6GZvx/JNgDW17zTASh7Gek/u5pMNGN0pv45nz6bkQKek/xvap9qPtcvdyufTUlzShNnowY=
RFChAYgxoVBHhWJI1kgIb+zQtw/6nXYoqpa9SmQRXN22snAlMwAs3ijJAhPjbO0tlbveDhY9Ch3aumtaRoiNlCCHUa1sNo2B7XNdYV8yzDV+I2BLRHdJEWajAQ==
omTznE5dVlMCGANAzyTS3n8pis46k0hqU2xmalr0gK9FDQsZ2s3HkGy1QL9Z96mY6GyrCiNTfKXBo3N9Wg7wrTz8Iu/PDG+verR/2g+JuwQWLRMBG41ZV2tAH2GjBA==
UGc3NNKnwpuOMeniRMqHIlJx9r6GWrpp0FfJROc5t+scWry1gLkI+rl+TICnwOLX8znmnifFP11OZXUaBmHcs+Lf7j+DNXSjEw==
xV2sWFeNuL3b0TfiC6SpFyN5203esdbn6ufNUlAm3r7HgkoqfOvCC6GZvx/JNgDW17zTASh7Gek/u5pMNGN0pv45nz6bkQKek/xrbJ9qPtcvdyufTUlzShNnowY=
rTrmmuawjjZlcuiNDXErquzQtw/6nXYoqpa9SmQRXN22snAlMwAs3ijJAhPjbO0tlbveDhY9Ch3aumtaRoiNlCCHUa1sNo2B7XhbYV8yzDV+I2BLRHdJEWajAQ==
/lVMk/wjGrTU9xIwuxX2Ln8pis46k0hqU2xmalr0gK9FDQsZ2s3HkGy1QL9Z96mY6GyrCiNTfKXBo3N9Wg7wrTz8Iu/PDG+verR/2g6OuwQWLRMBG41ZV2tAH2GjBA==
Wk7cc1Wvv1cFm6yF7XLxX1Jx9r6GWrpp0FfJROc5t+scWry1gLkI+rl+TICnwOLX8znmnifFP1NJZXUaBmHcs+Lf7j+DNXSjEw==
TO11ro/R1kgA9aS1Lz5FmiB5203esdbn6ufNUlAm3r7HgkoqfOvCC6GZvx/JNgDW17zTASh7Gek/u5pMNGN0pv45nz6bkQKek/xpbZ9qPtcvdyufTUlzShNnowY=
jHUYupzQitvC6+QvZhj0pOzQtw/6nXYoqpa9SmQRXN22snAlMwAs3ijJAhPjbO0tlbveDhY9Ch3aumtaRoiNlCCHUa1sNo2B7X9aYV8yzDV+I2BLRHdJEWajAQ==
SwuS6MY0BetguHZc4CkTHH8pis46k0hqU2xmalr0gK9FDQsZ2s3HkGy1QL9Z96mY6GyrCiNTfKXBo3N9Wg7wrTz8Iu/PDG+verR/2g2PuwQWLRMBG41ZV2tAH2GjBA==
ju/XUFYvtSf1JYSQvVqsXlJx9r6GWrpp0FfJROc5t+scWry1gLkI+rl+TICnwOLX8znmnifFP1NIZXUaBmHcs+Lf7j+DNXSjEw==
V9KeYugnK6nhmtBNTdNtBku062ufJd1QyGS7MmOr7C0h60NlWhbA5dx0shePNH+nWnwPQo8SS002JQM52/XJ3wuIL3mjHA==
c9lw83aYetvbG7W4BDsqfHXD/eBgeLzFQQMznVrusA28nOLPz+wvD/rUv/oMqvvllo3TYRutGbfr4N8Bo2Q=
bFnRwaPc6Pwr3MF17bkHL7KSqFRKK4qVlXlzlN2713nsSouhn5dWQHc3rozIRSIcofUtWmFlyNvOxwld1FZlMWX/0hHwk7SFpmNYmxxXoQFuowk=
3vmYMZnnQWDviwr0oAQDo8fXeQQlnlnVSt2I1GohwHvxW44sW3RTaVRnz4W0SLe4atnC3gM9KOPdsKmQPXsBEzqfgBSkLTsfgal+YFE8+PkNC1ziX6FarO5kOeplP3Lgf9vyWeObDkF23qXudTt9lZX3CzjnSUBkq1W5gtJ5EeP6l1VuZm2Is0AhNxHWmmCrU/nGHscF31/opVKbZiG8s4Kfzr+j9ZSj8w==
wYGD/D3+BFdAiuAHmJGqFVUuUueUikKiP5NYcoZmzX+Y0O7e6dv5RjlH2iJAzb8jeniX9ZNifvDc/jlE2w3pUcDPF9Z/rldXfEIOjeEKDV3mRKunvPGKAIZGHRfIqI3DrajBwwE5AGySxukoLXJRqtxcI93U1NsgDlH7lGsNIcT6zRclEy+f3k2FaNXzlD+H2hxP4o+3i6u3BcOZ25WJv4uo75mj/A==
6nQuet7OscX9aCS9s/G/bOuO2RMt2ShHZoPXbQEO0Brfy+i6xi49J7go/tbp0+m+GR8qagAFD3uawAd9E+ruSLwmiQwbxZmJ4LcH3n+mRy9cmn5FIUK9hYb8Oy88eRq4Zh6t34jgfZuNUNHLATEQlLKeGWBtuuHyPOSzVVRcS5huiUvcq8VRHNq1By0TJ4+mbV0YHTPcj1+6pN9qDz8bE1ddc1Gb3Xnnq1D/kaP0
v1Tww5n/mC9/dz1JlrZQ/RB10lyo2g+NgU0HYYoAKX3qIMc9/IjWIDEtsC761OnN1aRhCR548CsjkfLmIx/z1LKy5BBdfssL1UOo8cOcv3g79eTMiheRrNEvLprfjZyHhgL+aDltGG7xEQXWVUmBr6wOSgit8h0UTZjUQhe3NOKX4rY/Hy77i51WEnND71N5c/xVi2zPA7JjdZJCu0gvQQcpT6tnY4vTde2jVvuTo+o=
vVhn6BIzyHW+h5z9zNCvIv/4oRElyaLofUgnhaxAlnjBBZDW6tzp1eVMATHOMDDzUzlSnrOXc0wC2gSoDbaLUyVriAnTlL9gCx2E9FpfUXShh47iTwUcHzZqHtBppVg2ATklLkVBgbec5iowfbrdzD0wdDqHP7R6J4pWh0/mu9NtfjKLU+dTYUMUNbO8h8NqE90yOivAr9m3Qa8TN6vLi4XFg67rm6Py
qSw8K02Yar2X6kz+NEjPK4zecwN1ilzOU8vbk3A6127xW44sW3RTaVRnz4W0SLe4atnC3gM9KOPdsKmQPXsBEzqfgBSkLTsfgal+YFE8+PkNC1ziX6FarO5kOeplP3Lgf9vyWeObDkF23qXudTt9lZX3CzjnSUBkq1W5gtJ5EeP6l1VuZm2Is0AhNxHWmmCrU/nGHscF31/opVKbZiG8s4Kfzr+j9ZSj8w==
mDDrCyqOQ1l52s+/O5rCWv/4vB0j27nhTUgnhaxAlnjBBZDW6tzp1eVMATHOMDDzUzlSnrOXc0wC2gSoDbaLUyVriAnTlL9gCx2E9FpfUXShh47iTwUcHzZqHtBppVg2ATklLkVBgbec5iowfbrdzD0wdDqHP7R6J4pWh0/mu9NtfjKLU+dTYUMUNbO8h8NqE90yOivAr9m3Qa8TN6vLi4XFg67rm6Py
ofZvphkix5Hf0pMbteCn7RggGbmYCniS1YbVuVdZci3VX8rGrxfQ5iYyBTvINMbK6c/RomkDEnbgWTen6hw/IdO2VpTM+jFQ+1khFZArv0L/Ov+zLAbG2cEeBVn2IINz/CUiZBbClYNo/EWH/Uzp1wEtKIjCgiF8jebZLkw4iwmUAPNEHlXzgEtZ6YCqKb+xk7s3Oh3BoIHTgDeDynhnNs9jI88ngUsNe8FB+9tMx42j6A==
AapTsFkcW+Gep6VdvihYpBImfxsWOp64/41+KhV099GUrPZcKRmgIvLQ6dHtsBElNhwQF3tloqrrWzMIymZUfLXaa/dN9zh9Sxg/5INhFGAi8/EQCVv+VpdJ3Nt+Vs6EUUk4EuklFdpdTYGzlBo6JIWW/SgVbIQO3/P0Pu82BlP3ilt3BeKC/8tr0+XLaKUnxCtjDrsBQo7zjG8d/31/Rw9Hq69t2bNa85ej9g==
TGhmp0mwUmpJH6N1TG4MfhMvYgwQOdeqr4NiIBA1w5+Ytv5JKRmgIvLQ6dHtsBElNhwQF3tloqrrWzMIymZUfLXaa/dN9zh9Sxg/5INhFGAi8/EQCVv+VpdJ3Nt+Vs6EUUk4EuklFdpdTYGzlBo6JIWW/SgVbIQO3/P0Pu82BlP3ilt3BeKC/8tr0+XLaKUnxCtjDrsBQo7zjG8d/31/Rw9Hq69t2bNa85ej9g==
tvMOYphKKVxInf5t+SkyXh+zeuFcYXO7qSFU1IL+N7/9P08j3jWEAqvpTj6fdbffwBWKe+4xBPPa78YfmyV8oxs=
jtty0lFfgfREv/CziVCGbc7RUkHLkaU+ij8oliEVVX1vSIfbqgD3Pk9rszfHWftFO4kxo/v01wWjYA==
CO1o+AAzVRYP3/CFD7G1zY9d8kREad3BNHTEIZs7jcWYZlk5Qb82mQzjeJ2iQ5wjkMf9yQqjbQ==
VBqOGEqQQmW9BHAyjJjrQbKSqFRKK4qVlXlzlN2713nsSouhn5dWQHc3rozIRSIcofUtWmFlyNvOxwld1FZlMWX/0xH2lLSFpmNYmxxXoQFuowk=
rrMaruH9Z4P9ypIR5CKK4cfXeQQlnlnVSt2I1GohwHvxW44sW3RTaVRnz4W0SLe4atnC3gM9KOPdsKmQPXsBEzqfgBSkLTsfgal+YFE8+PkNC1ziX6FarO5kOeplP3Lgf9vyWeObDkF23qXudTt9lZX3CzjnSUBkq1W5gtJ5EeP6l1VuZm2Is0AhNxHWmmCrU/nGHscF31/ppVScZiG8s4Kfzr+j9ZSj8w==
nme8xiGDX4XPtihJrkg7YlUuUueUikKiP5NYcoZmzX+Y0O7e6dv5RjlH2iJAzb8jeniX9ZNifvDc/jlE2w3pUcDPF9Z/rldXfEIOjeEKDV3mRKunvPGKAIZGHRfIqI3DrajBwwE5AGySxukoLXJRqtxcI93U1NsgDlH7lGsNIcT6zRclEy+f3k2FaNXzlD+H2hxP4o+2i62wBcOZ25WJv4uo75mj/A==
Xupt62/9G7T6xvFBidb2N+uO2RMt2ShHZoPXbQEO0Brfy+i6xi49J7go/tbp0+m+GR8qagAFD3uawAd9E+ruSLwmiQwbxZmJ4LcH3n+mRy9cmn5FIUK9hYb8Oy88eRq4Zh6t34jgfZuNUNHLATEQlLKeGWBtuuHyPOSzVVRcS5huiUvcq8VRHNq1By0TJ4+mbV0YHTPcj1+6pN9qDz4bFVBdc1Gb3Xnnq1D/kaP0
mWBiLkG9wLRcVH6QX+TWRBB10lyo2g+NgU0HYYoAKX3qIMc9/IjWIDEtsC761OnN1aRhCR548CsjkfLmIx/z1LKy5BBdfssL1UOo8cOcv3g79eTMiheRrNEvLprfjZyHhgL+aDltGG7xEQXWVUmBr6wOSgit8h0UTZjUQhe3NOKX4rY/Hy77i51WEnND71N5c/xVi2zPA7JjdZJCu0gvQAcvSKtnY4vTde2jVvuTo+o=
2IovpT+YigInmsuUdaoPKP/4oRElyaLofUgnhaxAlnjBBZDW6tzp1eVMATHOMDDzUzlSnrOXc0wC2gSoDbaLUyVriAnTlL9gCx2E9FpfUXShh47iTwUcHzZqHtBppVg2ATklLkVBgbec5iowfbrdzD0wdDqHP7R6J4pWh0/mu9NtfjKLU+dTYUMUNbO8h8NqE90yOivAr9i3R6gTN6vLi4XFg67rm6Py
NXQpwiq1iTB0UAMOJEQ75IzecwN1ilzOU8vbk3A6127xW44sW3RTaVRnz4W0SLe4atnC3gM9KOPdsKmQPXsBEzqfgBSkLTsfgal+YFE8+PkNC1ziX6FarO5kOeplP3Lgf9vyWeObDkF23qXudTt9lZX3CzjnSUBkq1W5gtJ5EeP6l1VuZm2Is0AhNxHWmmCrU/nGHscF31/ppVScZiG8s4Kfzr+j9ZSj8w==
JQNy2KaB+SatJHYnvtye7v/4vB0j27nhTUgnhaxAlnjBBZDW6tzp1eVMATHOMDDzUzlSnrOXc0wC2gSoDbaLUyVriAnTlL9gCx2E9FpfUXShh47iTwUcHzZqHtBppVg2ATklLkVBgbec5iowfbrdzD0wdDqHP7R6J4pWh0/mu9NtfjKLU+dTYUMUNbO8h8NqE90yOivAr9i3R6gTN6vLi4XFg67rm6Py
sdZRiYi3vgys21luiNjBIRggGbmYCniS1YbVuVdZci3VX8rGrxfQ5iYyBTvINMbK6c/RomkDEnbgWTen6hw/IdO2VpTM+jFQ+1khFZArv0L/Ov+zLAbG2cEeBVn2IINz/CUiZBbClYNo/EWH/Uzp1wEtKIjCgiF8jebZLkw4iwmUAPNEHlXzgEtZ6YCqKb+xk7s3Oh3BoIHTgDeDynhnNs9iI8kggUsNe8FB+9tMx42j6A==
FrUUCT98uLGelBlV8zguORImfxsWOp64/41+KhV099GUrPZcKRmgIvLQ6dHtsBElNhwQF3tloqrrWzMIymZUfLXaa/dN9zh9Sxg/5INhFGAi8/EQCVv+VpdJ3Nt+Vs6EUUk4EuklFdpdTYGzlBo6JIWW/SgVbIQO3/P0Pu82BlP3ilt3BeKC/8tr0+XLaKUnxCtjDrsBQo7zjG8c/3t4Rw9Hq69t2bNa85ej9g==
BeR0dukzaH4Oobnor8vkLxMvYgwQOdeqr4NiIBA1w5+Ytv5JKRmgIvLQ6dHtsBElNhwQF3tloqrrWzMIymZUfLXaa/dN9zh9Sxg/5INhFGAi8/EQCVv+VpdJ3Nt+Vs6EUUk4EuklFdpdTYGzlBo6JIWW/SgVbIQO3/P0Pu82BlP3ilt3BeKC/8tr0+XLaKUnxCtjDrsBQo7zjG8c/3t4Rw9Hq69t2bNa85ej9g==
9SzmRiGq431co2Fz/bx+5c7RUkHLkaU+ij8oliEVVX1vSIfbqgD3Pk9qszHAWftFO4kxo/v01wWjYA==
4PAq7Gf1SHJZ8p5eRFchiI9d8kREad3BNHTEIZs7jcWYZlk5Qb83mQrkeJ2iQ5wjkMf9yQqjbQ==
5fvCiQSxOXSyYjukZKVD1R+zeuFcYXO7qSFU1IL+N7/9P08j3jWEAqvpTj6fdbffwRWMfO4xBPPa78YfmyV8oxs=
