OHyHifhpieRhGfj8qda6HnH6/5p989rz67uDvf66SY00ovWcFYmKeB8bUZ4iJ3dtB9ErnciomtokhqozX8PDFLIldsC7Y37JP1MqQVIWeX75g7m1ke/HyFvB5KRPXcWyHuGVgz5vWX46pWwzJGnrAdriJEvXYYouOw27GUst6O0qObiTxidCL/+9sKPX
IBEK/JdbEPYHfzTYVGje1Vp5Fz12WgZpbif5Yiwx3HUBntVYAtZXRWgirXmW2prIjc5c+q1VcRR30mvjPJDRBxxhjcegwdiCy9ab59Pl2ysFAKkVzoRlSbe6HOWfk9SLu1YI8SZzbj1ZqTgGzttd5QimSZkRueH5GiXo/fLDrEMgB82puqPd
Xxdzg3P695ros3CF+twSrYKyv/vqWHBJFt2Yh4RQRSQAQN7K/FbMDSBDbl8S8p2DzLmX14xsKEOLjuxChffnUUKUROtcytSA7lY7HXzSmREPf2TgmZ7oAgEVHSyDAv+LgHDNL2jRGR+MwfRaX2bvz88FZ0OR0F0tosTJsQPqCM1jM0jjj6YcqUrzguVN2QzuUnshzRx2/eG9eQ3BbnV8FU6jsGvUt1nxlqPx
TLKoSekAoLQgSHk7t3OmQ40+I+tYXgbzYW/XnApbtjArHV4u8w5GBG4geuc4ZIWmypI+mBk9mN4RAUWm9ZmBn8yeiviNop2krYiUMrdnNNL3cnbPP357O31GUgPjP1NJE2yVe0yfgwKDZdIyG5gpdme/iVtHMwtjlf3jJltDo9o=
KFyfmzjP1BJWMs51pt6K+CwjOaDQXSxEL2grbhvU2Qk5DybTWTaL4WIvNryzue6SO9On6JYkavsQUMXqkvZO5JGpOHKpxZV6HW2Bk9S6usTF9v3I1QwErh/T9B4vloYzN2pbF0UCAl+LS9PFi8glx4RLY+57YcIuM6xpOj/b+SfPp6vPLTkz+rO3o9Y=
5E4BF6ImWhOElOG/K1tQySwjOaDQXSxEL2grbhvU2Qk5Hi7dXzmKs2IvNryzue6SO9Kn6JYkavsQUMXqkvZO5JGpOHKpxZV6HW2Bk9S6usTF9v3I1QwErh/T9B4vloYzN2pbF0UCAl+LS9PFi8glx4RLY+57YcIuM6xpOj/b+SfPp6vPLTkz+rO3o9Y=
XrT5awqQkJWKC7SL1ZOoJEla+JPq0QVekbo2aS5gehbmEaheLiFbHgxIy7GdlWtt+c78WkMjMZP5auwoGtZPtaCC1ek8H3P4la4UKlXVyUQ/8nMTFNC5l6SBRfe4wcCyAzYjd7ul89sdIOFFdgSdmf/aBNV3U3wbw/bAAT5zdk0RCcCWZps11RBGgclpOVkp0gXwjdoDRNOYZ4WZoqPF
CUMeQyFNC/c/R0lIEOGCQHZ8EeSJQSxEJ2o9fE/Z0BdrDyCaDXjes2IvNryzue6SO9Cn6JYkavsQUMXqkvZO5JGpOHKpxZV6HW2Bk9S6usTF9v3I1QwErh/T9B4vloYzN2pbF0UCAl+LS9PFi8glx4RLY+57YcIuM6xpOj/b+SfPp6vPLTkz+rO3o9Y=
3dwOnvOW5WKoLPZCZcBglig7VbjcFyxELHUtex3Qw1l1DyXISDPes2IvNryzue6SO9en6JYkavsQUMXqkvZO5JGpOHKpxZV6HW2Bk9S6usTF9v3I1QwErh/T9B4vloYzN2pbF0UCAl+LS9PFi8glx4RLY+57YcIuM6xpOj/b+SfPp6vPLTkz+rO3o9Y=
OPMzzSB47Rodw1sr4fwmfFM5LVAtcdntqbUJHph3ERPXX0/yaoTMFpmZpprjJd2v9ZQjdvImQ7WfiNlqxX9S4F+bktkDWy5BVh5FbhV7XZW1t6u4B4kgZIuVGQKyufHjmtf17sYt6LOg4ZeRdlqAqzO5Jp5nRf9ZD+U0HcbhnLOiXy4/w7W0o9M=
E9vk6U0wXBnXg2QRa+t/+WWOwf7EWghXTR1xivt3vve7TDEyls0mbfZ6f0M2XI+H157KjsIl9LJlTD5sNooFG6jkVU8dxJnvARVYACJKMWRNfklmbDC7cRT4w0w+nWMYC0H5yMqhT4mTg8eyfYmwmZMYp0vqcFfOSRwTwQHJ25W72VEzO8S3taPQ
7hBi3KNC9aFqLoXzkXdlITlbEW+h2Umn1cYwrqoIWdCGVtPN9LLBAfC+/5AhfuAyaZW13IsihzsYsPU/MHGRz6TB3IrXxrff98X/8+nwVd0KRKGBCwqwvfvzsPPXxpR5ovPqtcU51P4qO7k9pBb10VX5pbFmVYSl1uOIewwX0aG+o9k=
1rfJiHRLT7oJf4RQOai8s96j+veRHfyISa+LPSsYHoGd8LS98g3vEInV+QM9IL6rUjc2pIOhjsoLD2YwJnwKY6DIRXIibi68IXH4qpmd9WItdYGL5KLanPUuPRBlVGQ2r0t0hp8O5muHspvPdVpiR7tT09270EWftJOjNss5oraDNOmij0OZf39/axcdYVPig6+jzg==
JafLg9x2+eR0tWM86GNgbfSxexo2+Z7d5NrS3CAj0ENkkWSrlTpQwI5W290cUjnRLn5HIHkeiELhFT1sI4Jfy+BwLe8IUbnfrMHUmv/mjw8vBQcDMVD9bYLEKfFjaugNQzNoIy8mfGmq8+KlrVmsrnJ7AY189h0h3XktAc713NWuo9ArNDf5sbaj0Q==
EU496nJMbZ9dzt6EEy25spcwLqm8vUKJhEQ9EogI5Y81ZyzPHxj6tlsr3J/0myg5tKlpuPH0s55CmgWBoBRAWqszqTQ2rJtcUuqZrf0ObJVihlijqSTFs+puZLVr19dk70r7Kgovy0PK/64AloudJFQYG5ZiI0aI0rEkfKBbNsRJ5xqNpVTaG2Xnr8lvp+zncEV4eLLW52XYYp3ZoF6KaF2OjNo9VeF0p5K7gywQIWfsIX2nUMEo4juWa4cjZctL1UB5dV6E9Wln+sxFjxPkK4sWuNGWc94d6WkIpv5bTUVYZhm5gblxGUrluB3iQ9yjUMe9ScqjrQ==
OnNKyPQbSeW2es6An6mFLe35EqfIhf/njUmOhbOAhQ0T3dK13Ok+fD3tyxJndk+rAfVhO9qztigbVT5WY6eG3Z4oWt9oDAU+elreYAkV2IZhieUeJXGBh/zW6oAdCl18XYC0CucPtEpHupY3L1Y7Yw3O8rsz11NRIyT1A9w3Q9pzbfIKS/Cp7td3aaNXG0s75XVDnouro8I=
kfPhqYv+rwRfLS4t0Avt4WBmCfWJSCxEL2grbhvU2Qk5DybTWTaLwWIvNryzue6SO9ql6ZYkavsQUMXqkvZO5JGpOHKpxZV6HW2Bk9S6usTF9v3I1QwErh/T9B4vloYzN2pbF0UCAl+LS9PFi8glx4RLY+57YcIuM6xpOj/b+SfPp6vPLTkz+rO3o9Y=
75+8MvRPWV2rkgSyQT0WtGzZjKCWMEZVQRpwlt53qf3vD3Rm06kmbfZ6f0M2XI+A0ZDKjsIl9LJlTD5sNooFG6jkVU8dxJnvARVYACJKMWRNfklmbDC7cRT4w0w+nWMYC0H5yMqhT4mTg8eyfYmwmZMYp0vqcFfOSRwTwQHJ25W72VEzO8S3taPQ
6f4vsEY8fzN6aO1NaiS4Hq9z/8nLIY32RinOmXaOl6fmmEe38aTCitJBnMYlOFYIpg6NrwhQnYvNIHEbAeGw5PKO+dDtysHi/FTTBVSMqygumWssK3UxDBpFp30Tdy9WrU14rbMsr0/6FD+6CWh7pZFNUyEbbZn36yBfQaMk
Vu7Znjt59rMG0yqEj9Zrw+QVMSDMbxOixix4li0xCko//Q9JD2zfhh7Ol3VLIHXaecfmQAvDzolvM1pBInYpPkkjCTUBDxcIqyH0pF999fJOQQUDTg8pPmqFXDMUSTvBKgLUy0fBWu4LLasZW02YrXpZKBN2h/LvL11Aoyc=
dpNt1R9wQjXagciHvHzaHK1z/9jJN4n2RinOmXaOl6fmmEex8aTCitJBnMYlOFYIpg6NrwhQnYvNIHEbAeGw5PKO+dDtysHi/FTTBVSMqygumWssK3UxDBpFp30Tdy9WrU14rbMsr0/6FD+6CWh7pZFNUyEbbZn36yBfQaMk
bDe6hRyxDiSQU0OD8EVyPeQVNzbQchOixix4li0xCko//QlJD2zfhh7Ol3VLIHXaecfmQAvDzolvM1pBInYpPkkjCTUBDxcIqyH0pF999fJOQQUDTg8pPmqFXDMUSTvBKgLUy0fBWu4LLasZW02YrXpZKBN2h/LvL11Aoyc=
Y9qc4IudOTlU1D7dEapEo+QVNiDCdxOixix4li0xCko//QpJD2zfhh7Ol3VLIHXaecfmQAvDzolvM1pBInYpPkkjCTUBDxcIqyH0pF999fJOQQUDTg8pPmqFXDMUSTvBKgLUy0fBWu4LLasZW02YrXpZKBN2h/LvL11Aoyc=
VI+2EKAV2b2Th65poMN6ShOhgKTp/Zl8uJmgsthVbCHxiqyBl5JJkp9rhvcewk4htMGe8Xbmxx9GALdeNo3ykrI5zG6lkIbwRha9h0g47RNtmKHzAQlgXFIWibit4vH6HKwDrdQk+1BOgVsE653BlLr99xUTH3/uDdWIRXMEn1eabG8SicCrXXFVYwlbBelvS5iPqaPM
D4KV9EdwmkfhBuKktP/p6zNiZxOHLmHVIXDxypWc8QETGScu/vfDCWIa+EO1ShjzlQTtKTlITvo1ZcuIouE9k5qRi9LbYvebqDBl3+Cxoe+0wcyq5wZnP2dFT1OZsAX9OkRRYdvKAN2LcyBTBwZkmbLz+tW1eYReurtJ3RRWpbEl+ZWRtpV0BWZjGBtcV+GBrqPJ
Bd7qpYt3CtMAWw+CDzD4zTNiZxOHLmHVIXDxypWc8QETGScu/vfDCWIa+EO1ShjzlQTtKTlITvo1ZcuIouE9k5qRi9LbYvebqDBl3+Cxoe+0wcyq5wZnP2dFT1OZsAX9OkRRYdvKAN2LcyBTBwZkmbLz+tW1eYReurtJ3RRWpbEl+ZaRs5F0BGZjGBtcV+GBrqPJ
