5+cYWjIHVq3mgrT5aWqCd3H6/5p989rz67uDvf66SY00ovWcFYmKeB8bUZ4iJ3dtB9ErnciomtokhqozX8PDFLIldsC7Y37JP1MqQVIWeX75g7m1ke/HyFvB5KRPXcWyHuGVgz5vWX46pWwzJGnrAdriJEvXYYouOw27GE0t7ugqMbiTxydCL/+9sbPU
W9KcOJiecLFLIuWRPdZhMVp5Fz12WgZpbif5Yiwx3HUBntVYAtZXRWgirXmW2prIjc5c+q1VcRR30mvjPJDRBxxhjcegwdiCy9ab59Pl2ysFAKkVzoRlSbe6HOWfk9SLu1YI8SZzbj1ZqTgGzttd5QimSZkRuOf5HCDo9fLDrUMgB82pu7Pe
+EUSdgsATD+c558OsvorIIKyv/vqWHBJFt2Yh4RQRSQAQN7K/FbMDSBDbl8S8p2DzLmX14xsKEOLjuxChffnUUKUROtcytSA7lY7HXzSmREPf2TgmZ7oAgEVHSyDAv+LgHDNL2jRGR+MwfRaX2bvz88FZ0OR0F0tosTJsQPqCM1jM0jjj6YcqUrzguVN2QzuUnshzRx2/eG9eAvBaHB8HU6jsWvUt1nxl7Py
r/4paZIRo/DyazxQw0MwT40+I+tYXgbzYW/XnApbtjArHV4u8w5GBG4geuc4ZIWmypI+mBk9mN4RAUWm9ZmBn8yeiviNop2krYiUMrdnNNL3cnbPP357O31GUgPjP1NJE2yVe0yfgwKDZdIyG5gocGe5jFtPMwtilf3jJltCs9k=
sHDe0/dmkeu8rxg+gtcq3CwjOaDQXSxEL2grbhvU2Qk5DybTWTaL4WIvNryzue6SO9On6JYkavsQUMXqkvZO5JGpOHKpxZV6HW2Bk9S6usTF9v3I1QwErh/T9B4vloYzN2pbF0UCAl+LS9PFi8glx4RLY+57YcIuM6xoPD/d/CfHp6vOLTkz+rO2s9U=
RmCQTxWaR+awDxjxLeVquCwjOaDQXSxEL2grbhvU2Qk5Hi7dXzmKs2IvNryzue6SO9Kn6JYkavsQUMXqkvZO5JGpOHKpxZV6HW2Bk9S6usTF9v3I1QwErh/T9B4vloYzN2pbF0UCAl+LS9PFi8glx4RLY+57YcIuM6xoPD/d/CfHp6vOLTkz+rO2s9U=
NMJmSC0PY31wyqoVMLu1ukla+JPq0QVekbo2aS5gehbmEaheLiFbHgxIy7GdlWtt+c78WkMjMZP5auwoGtZPtaCC1ek8H3P4la4UKlXVyUQ/8nMTFNC5l6SBRfe4wcCyAzYjd7ul89sdIOFFdgSdmf/aBNV3U3wbw/bAAT5zdk0RCcCWZps11RBGgclpOF8p1ADwhdoDRdOYZ4WZo7PG
uHDxIvb9Hf934+uErmmMpnZ8EeSJQSxEJ2o9fE/Z0BdrDyCaDXjes2IvNryzue6SO9Cn6JYkavsQUMXqkvZO5JGpOHKpxZV6HW2Bk9S6usTF9v3I1QwErh/T9B4vloYzN2pbF0UCAl+LS9PFi8glx4RLY+57YcIuM6xoPD/d/CfHp6vOLTkz+rO2s9U=
B3p/8TNCSGkuSIXn/gmISSg7VbjcFyxELHUtex3Qw1l1DyXISDPes2IvNryzue6SO9en6JYkavsQUMXqkvZO5JGpOHKpxZV6HW2Bk9S6usTF9v3I1QwErh/T9B4vloYzN2pbF0UCAl+LS9PFi8glx4RLY+57YcIuM6xoPD/d/CfHp6vOLTkz+rO2s9U=
kyptifBIlGlJ0ZAJhDviilM5LVAtcdntqbUJHph3ERPXX0/yaoTMFpmZpprjJd2v9ZQjdvImQ7WfiNlqxX9S4F+bktkDWy5BVh5FbhV7XZW1t6u4B4kgZIuVGQKyufHjmtf17sYt6LOg4ZeRdlqAqzO5Jp5nRf9YCeUyGMbpnLOjXy4/w7W1s9A=
CbRtN0qDarfacQ40KU/IFWWOwf7EWghXTR1xivt3vve7TDEyls0mbfZ6f0M2XI+H157KjsIl9LJlTD5sNooFG6jkVU8dxJnvARVYACJKMWRNfklmbDC7cRT4w0w+nWMYC0H5yMqhT4mTg8eyfYmwmZMYp0vqcFfOSBoTxwTJ05W72FEzO8S3tLPT
0kTkyGOgHoxszjg++McEWTlbEW+h2Umn1cYwrqoIWdCGVtPN9LLBAfC+/5AhfuAyaZW13IsihzsYsPU/MHGRz6TB3IrXxrff98X/8+nwVd0KRKGBCwqwvfvzsPPXxpR5ovPqtcU51P4qO7k9pBb10VX4o7FgUISt1uOJewwX0aG/s9o=
PUca38Bv0IjddhC9+FVIifSxexo2+Z7d5NrS3CAj00NkkWSrlTpQwI5W290cUjnRLn5HIHkeiELhFT1sI4Jfy+BwLe8IUbnfrMHUmv/mjw8vBQcDMVD9bYLEKfFjaugNQzNoIy8mfGmq8+KlrVmsrnJ7AY189h0h3XgrAcjw3N2uo9ErNDf5sbez0g==
eE6UfKk+2+XgDNFkuwe6jpcwLqm8vUKJhEQ9EogI5Y81ZyzPHxj6tlsr3J/0myg5tKlpuPH0s55CmgWBoBRAWqszqTQ2rJtcUuqZrf0ObJVihlijqSTFs+puZLVr19dk70r7Kgovy0PK/64AloudJFQYG5ZiI0aI0rEkfKBbNsRJ5xqNpVTaG2Xnr8lvp+zncEV4eLLW52XYYp3ZoF6KaF2OjNo9VeF0p5K7gywQIWfsIX2nUMEo4juWa4cjZctL1UB5dV6E9Wln+sxFjxPkK4sWuNGWc94d6WkIpv5bTUVYZhm5gbh3GUzguBXiQ92jUMe9Scuzrg==
I46yOR+NXtmIT99w3xErBe35EqfIhf/njUmOhbOAhQ0T3dK13Ok+fD3tyxJndk+rAfVhO9qztigbVT5WY6eG3Z4oWt9oDAU+elreYAkV2IZhieUeJXGBh/zW6oAdCl18XYC0CucPtEpHupY3L1Y7Yw3O8rsz11NRIyT1A9w3Q9pzbfIKS/Co6NdxbKNfG0s65XVDnouqs8E=
25mDk6XZBH35t91qTuLk6znGeL3FBSKz0In/44VVnnGL7KUp++Gi4QQlfjh1MRumH9qvT6mJ0a9CPzask8muIttLJnn2lKoLMEDF+rIGjlTxObjiSXXVCj19gYP0yvp0JWZ9WLW8xF4/w/QOD2ZGg1f624elskIvq1vT1au4ZXdk2+N+G9EC3hO8aCwfLTyXpzcrXs2Jc4qTprPF
cdzDAxkm12GINGixZlvLk5aDssY6T56+Nl4Of2IH1hrsDWMtUEFqLnSasu6JB4LvC4lFN6YD8m1K7FiWDXFqyp895E4gLH8Gfo63davg1VoZh4ZAKwMuCc9zOkFCNom+qeMpNWFPd4gL4RSkfz2Vcu4BJQOuz4m+CsV8MzSJ20GKQrTLZwH6buvtixg9DT4ompHIE1fHkm+PnaGzxA==
LKi2ASflGDljVjoXRQ47MZVgCDhCoNEbOrncj//hgVuWa5f6tdvPn5oLKENeGpEfc5zj7N8dfVeJ5Y75du7XB2Z4h532y4IqUqFc5iUYFmgmrk1PCHDd602AsfsBAXBEcu658O0qAUJ8NJMlVKxryK45K0wrVfHsmuXnHRMXb/YtrbiNs0zv73r0/5oITjvDFO2bwRtM2ZdrgJ+gs8c=
c8VLf9SWehBPm2ifqkYxb2BmCfWJSCxEL2grbhvU2Qk5DybTWTaLwWIvNryzue6SO9ql6ZYkavsQUMXqkvZO5JGpOHKpxZV6HW2Bk9S6usTF9v3I1QwErh/T9B4vloYzN2pbF0UCAl+LS9PFi8glx4RLY+57YcIuM6xoPD/d/CfHp6vOLTkz+rO2s9U=
wd7gnL7PisbuEmHj866z2WzZjKCWMEZVQRpwlt53qf3vD3Rm06kmbfZ6f0M2XI+A0ZDKjsIl9LJlTD5sNooFG6jkVU8dxJnvARVYACJKMWRNfklmbDC7cRT4w0w+nWMYC0H5yMqhT4mTg8eyfYmwmZMYp0vqcFfOSBoTxwTJ05W72FEzO8S3tLPT
4FbVb/e5PgoAJIKhkUWPTq9z/8nLIY32RinOmXaOl6fmmEe38aTCitJBnMYlOFYIpg6NrwhQnYvNIHEbAeGw5PKO+dDtysHi/FTTBVSMqygumWssK3UxDBpFp30Tdy9WrU14rbMsr0/6FD+6CG57o5RNWyEbbJn36yBfQLMn
s2gbgj4WNtu0bxE0uQ+la+QVMSDMbxOixix4li0xCko//Q9JD2zfhh7Ol3VLIHXaecfmQAvDzolvM1pBInYpPkkjCTUBDxcIqyH0pF999fJOQQUDTg8pPmqFXDMUSTvBKgLUy0fBWu4LLasYXU2eqHpRKBN3h/LvL11BsyQ=
hSgp+A7vLH9bgm1+0f+sWK1z/9jJN4n2RinOmXaOl6fmmEex8aTCitJBnMYlOFYIpg6NrwhQnYvNIHEbAeGw5PKO+dDtysHi/FTTBVSMqygumWssK3UxDBpFp30Tdy9WrU14rbMsr0/6FD+6CG57o5RNWyEbbJn36yBfQLMn
Wc/kH+mUfdI2TWobAQbLb+QVNzbQchOixix4li0xCko//QlJD2zfhh7Ol3VLIHXaecfmQAvDzolvM1pBInYpPkkjCTUBDxcIqyH0pF999fJOQQUDTg8pPmqFXDMUSTvBKgLUy0fBWu4LLasYXU2eqHpRKBN3h/LvL11BsyQ=
ZQNiVrS/2EQCvSfg9ZahauQVNiDCdxOixix4li0xCko//QpJD2zfhh7Ol3VLIHXaecfmQAvDzolvM1pBInYpPkkjCTUBDxcIqyH0pF999fJOQQUDTg8pPmqFXDMUSTvBKgLUy0fBWu4LLasYXU2eqHpRKBN3h/LvL11BsyQ=
XvvAa5VHG6iBWCviyVqA/ZRSde7NhJTq5cHV0aGdm0utix6o1OYTdGb4jEgK1l9VkMKFScac7JglbsQKJdX5pO+yA7OEUAn39EG116jB0JLz9nMXCyVje21gMaVGBO25Lxq0tefTjLuTtvDhLnNmLSHJEDYWG6U1oAbR6Zk9b0mEwAAlSoP1M0gn9bmzs9Y=
ZOQFRXNs0H6bYaDigPQ0ShOvNB/H9nEMYTQqGOYO+AAofv17YztcQJvb7KK5mhKk/QrBWSSuE6CeVss9LBJJcZ792IApXthiERUNDHPCjytw8F2PuJFJ/7zBxLoPJj9vX4WX4+EQrQ2yxNnRMyq4rdOz2INfZkyJuvPyxZ2ZXA7C+5EtrDbNAa19G+EYMIy9PiMhy4R3iZGns8I=
kLTJmIiknyKiuBvBMvaveVA/hsxtcXzVZ+wELq8m/ij5dT8IMkEWd8W9sk7wzlX39K25JgZUt+xXu1mNX275LdMrcwJmz8zwrptH82ia6OMeEZzE6hNV15FcEKHckPFHfOFtB4DB+EIrVvun8+U7a2WACdXuhAUJVzq8pb+TNEsb1qgxxnMOffkpmEau230lqCYpWfG9x7m8oAg1ksONg8CHrembs/4=
kLTJmIiknyKiuBvBMvaveVA/hsxtcXzVZ+wELq8m/ij5dT8IMkEWd8W9sk7wzlX39K25JgZUt+xXu1mNX275LdMrcwJmz8zwrptH82ia6OMeEZzE6hNV15FcEKHckPFHfOFtB4DB+EIrVvun8+U7a2WACdXuhAUJVzq8pb+TNEsb1qgxxnMOffkpmEau230lqCYpWfG9x7m8oAg1ksONg8CHrembs/4=
50s1yaKKprqksNxsSO2lp+XCx8TApoo7Dv7A4+Pp2DUe5mtjrj2BvGh4onoPWyMNWJJPFVP5GKn4G9CN4c7OmhzbcYeTp9wmVIvIQi3gwvirom2cy/t35AOiDZUk1SJKxpaXKaOyKxXOC0YdY3zVjqhVD28IEB1LzWDx2wEhMKTyTnmQ7QpBovyUU0VUTCtoLlnrbCu1sUwahSc9Ezevlq0N+G2zbC+P+lS/egMu+2OUDdvhGywZN+tg34Cz5w==
yxxI0soy6CO3Bd9qWWdGTEcMGbPNA013HCgUR3WSGYoqlr97/KOa0T6W9KJdyc42ohfVjAtYP988PRxUmX0oezZecKz4unhhOaB7QAAzSquY6i9QmNIn3ac8jUfJ/wFDVNFdt2FHQETCLEu6bfXE+219vGq4/Jjz2wvfZB79EuAfG1LZQ9vuQZaeBW7V+x2V9TdruEcJYGRLFVkCcjkx49pXNe4GraizYGHXkTbaQKtzOWaep8W/U8ll8hiGaVyzY99uPwM19bOQ
DPA2ZbD6EvDbr8p8KR3fbyBQz2tr09hnhNT/8NrspTQCa/vrCYsYGstGObuCedl5iOHJycjvEms6JHsWmrb7NWcYccqdDxqgl0tqOStrNkFOLm2O7auV1f3H8xivGdjkMwVxYuoJOSNSB83Orl3ws7gRf7FOCsjrewn+fo/VR9NxdZq4HhlUc+sPVl/rha2zyA==
r5TA38jeyrQp8gUlWkqtd5n2Kg1W7WlcFDFGCERNJTInykldUrwQCG95o+QZ9//w1Tv2J3M9InoSkbz2JQh2WOZ+7T+IwD07DfCR6wERUDQyPllAbVqhkrwE8zVUvIv47mmLvKvlkbxaFccNEwdPBu392D0zvE+/OsQfigNeW/PUPTuxm/w5Ryvwv7Cz1w==
adgrrY75xqWGERJd8yBLxBHwceNAc3KpuDEXxJ2rN7XGfkhz0iuOF6vpTj6fdbfSwRWKeO45BPPb78YfmyV9sxg=
naDun551/bEmAx1MbMFQNuX9Hq/Nsaz9g3TBlanJ5g9A5+6b7fwtbj6ojQ1xNQWrCeFqGLfq5g4veCQvZfjcg8IoQ84lEUM6eRzQewsV2IZhieUeJXGBh/zW6oAdCl18XYC0CucPtEpHupY3L1Y7Yw3O8rsz11NRIyT1A9w3Q9pzbfIKS/Ci6NdxbKNfG0s65XVDnouqs8E=
0wO/btCicMQFN2OsHBtNjenX12u6PRI/nF9QL63dmqereXqjWzkW7kys5YNdlk+0GBfIB0NoQ0YWuH/ZYBO1eTrG4FI+R9DBtPnlBXaxJncySzK9M5SB0CVOBBOXRRisj5fcB/Zfo9jnknsDbBBh5ywhPSeQwehie5arB2Nli8sVQDn1HoQ16Sf6DMVPE6SrSxZ4UdZzHp2paUgmPlsNxRhm2TnBsreZjOD4lSJDHSMQx33Ji7Pu
astXFN5uJLyR1qSjzjk9yyld1vo8sT8wEDoMD3CO6dQUHX2Wli7e34zSDVJ/wTfc/9gnC+ow1w5LW5MHBAlT1bsY0fM7hDd0sxM=
ERNGrsQT93RlxAExB4SCZZyzTw1KpHa8NZdfPKyFLM6+mdZMJwQ87vO+ipIeRCnpyy1xpKqO52G9GRFlQwDo1E201QNUR4eDlRVfhusp4ibjROvV79Xcb1fP66Y9cZNyY16zPQ==
n+v3n+qP/fx0I5IX7bqYxzHe5PvT8cM9bd3TNrhiRmGEUl4WDWXH+KO1gUJbRB/lHPVaIXV43ZNcSzZJPGnr1LFjUzUiNmRjrvMKd2/RUs4z/VOb5B3myHJBwNPfN3qPd21Zszw=
BEV/2OrZao0LTlZWpTdR2iy9lQathGIWMZ3jiGd9LSL3zJt1uC0GYamguYNYQ1pp0KGvZFXbL7XejgDTartmV4PZVt7XpQ9bOEVCWPbJbDNzfz5/UxVlswA=
TYjRH7KGMO1UyASUxSopbckSiGRQhmA3s5FmFjWV/5iLRUkCE5S3hYRlwqHt6EUzNJv+CXRZA/TJU6s1WgacQ8bDwrcngbpuq23LG3yNfijaEQgTl0dSb08dYbME
kiAFegTQ/OWYa9B4eTSq3uAhp0FhtEEthJFmFjWV/5iLRUkCE5S3hYRlwqHt6EUzNJv+CXRZA/TJU6s1WgacQ8bDwrcngbpuq23LG3yNfijaEQgTl0dSb08dYbME
L962DMziDUnBNytZkUWPDPrAoBn2jzM/4JazGXkAHcm/smU4IR0iiWTBSwTja+I3iLmCFVUsDx/t9RxKWpuQjzSHUa1sNo2B7XtaYVgwzD1+I2FLRHdJEWezAg==
eC6sJhnmppYwDx69eLpHgVA/hsxtcXzVZ+wELq8m/ij5dT8IMkEWd8W9sk7wzlX39K25JgZUt+xXu1mNX275LdMrcwJmz8zwrptH82ia6OMeEZzE6hNV15FcEKHckPFHfOFtB4DB+EIrVvun8+U7a2WACdXuhAUJVzq8pb+TNEsb1qgxxnMOffkpmEau230lqCYpWfG7xrm8oAg1ksONg8CHrembs/4=
H3GmV8N8Qv/J37bRxj+PrCld1vs8sT8wEDoMD3CO6dQUHX2Wli7e34zSDVJ/wTfc/9gnC+ow1w5LW5MHBAlT1bsY0fM7hDd0sxM=
PVsdW1W6vUE2cBiIMgBiGMXSv8VuqDuPLvJWn+ygiqqbCw89AXrzNn5kkk3zk+wsEFHYOEAeVdtPl9hFYkNk8pJrCbKoWt/OJLZmp0x9BYSIPi/JJ1ezhhXPBbbKVhbkNZA7qbqO7Jrnv60NEpmMeeSFHqQhtKaU5pHqITUaLfAdrPovacKQFSwax7fWoQ0Y093wkbaeN7/OD6ca7A546t1YFCotnnK98T2K9bSKwWc7Db/SIGJhOx+ES6IMv5V0XpbQY/UV1zGUODOuLGbQJdVRCsnAtge+e8W3KiQS4dxMFBB15v5QCNWnPFYSeJ3ko/ww5F8RXXHvPllnP3bLWcwfWroPBXP1uI5Qj1xYEX9jF5U8J9fYT6Cat/Dx1pBDXyyiqVfPCQPcASWXyTeYRJrc45qVpUw7ZU0kCpDs4HNjGzfEhg0aoJdLajkrazZBTi5tju2rldX9x/MYrxnY5DMFcWLqCTkjUgfNzq5d8LO4EX+xTgrI63sJ/n6P1UfbcHWauB4ZVHPrD1Zf64Wts8g=
lKLYFlMd4gawvq/TYXLKOqo9pxtdZByMIgl2gUzlLbWC1Xolg7hgHyhvku8BjSGIq1hHPzz4U1PgHoV/h54pjjRNl6wLWlGTf66WGWSRawU7RkRN9OCdVgkIbvhtospT4IV0gApELTsAZyJ6zTqh+38vGYEvsVDwCv3cq1Mt/QxMXsDIViULCKy7DdEI8Lvfpw4Y1tf/hYeAzJfjbcAmNfiruqgCK+7sUDnFrI9dGR0sosee51BmsRz6s5IGzD51KSaEyyxPB1S7POkpakTi5aATZZAbRR0xaDzWFueQ1j0k8sx5Du9x5/BbMMhVK3p7Hr4ERtYfkA4vhrkifB47hqA46ZllBR7u69htxRznA9Xekv/mnRqolkmj5w14UEyooMOTqvYd7RaBwvsBM3L74BF7ZL+2jK6EW1czaE8jFmn60wN2ISggpyNx+KqZnfViLXWBi+Si2pz1Lj0QZVRkNq9LdIafDuZrh7Kbz3VaYke7U9Pdu9BFn7STozbLOaK2gzTrpY9FnH93f2sWHWFT4oOus80=
zIULAAtHrUuEo3WBPoqVrGZpaBfsBcG+mNkBWKbss2o5iSFXj2L95qAf+WVFJb3dFYfeZzWRLYDyflQ45Rsae2SBZLdf5Xgmn3jEWTI353mHNwENGOakp68wMv0C2ASycH8KEbMEPlJpETFb1bbTY5MubJoghAOcHfHsImoqgfN7FRT1urlS6Zg89/jApOC9vHmTlpuQq2DcN3/uVqVKllFvkM07GOWxtkkgElEPCCOxAsrCzopr1LJye7J0jZdxXG0y5nenDWG5yvYuB4uZKB36KrOjFGhadvtjuREB8jQldmoKZqVjPUwR1rphjr1pIbKC3te8ehg2LbBS1riz6+pOFBSrJBWQtnyJXTtB6RIPP5n6fTl603yiGSm1Rd4CxlcaNCd/VXvT5LFbvv9mtqHo1xomI+mgBPEB4w8zuk3zD09bLoSssOWCQ+kqi+PhclK24NYTVdeRXBCh3JDxR3zhbQeAwfhCK1b7p/PlO2tlgAnV7oQFCVc6vKW/kzRLG9aoMcZzDn35KZhGrtt9JagmKVnxu8a5vKAINZLDjYPAh63pm7P+
QxjMGqPjMve2/WVOv972M43I6O7gGZlFM7RWyt0UbjWz7gC2nlnnf2xjpXaq1ZENHoUouf335cc/O4GV6Xz4omixNUcUtYeXkDMsOOZd5S4PMuNSv+m2+2kSfOk3exDD9DW7SVNyRHGMpG36gZyOJDXG2l/I8bR8ssCd18gzAmbVHvE3l5uZPdd1INwC6bz3i8ltgOSqgLRuITtk5G+tTZBUa5PPOhjqr7t1KwhYdz81pDY50N96VLqvXgCYbeWwl3lJ0cQWRyIflBadFO7Tzt4orvmB0sS3FEs3OPPoSbXy4DKpyCdlrGMB7Z3gqDbKv/TGMQyGDIW2a8ELOA8Q1E0PKrf2CoT6LtvgIieS2X6k+qsKCMyp5V0BLoKjDM1ZhEPTmbam/9rlXlg6wTcH0SA0XKSIt1NWTpld+kmW2x0rVqss+c/kA05I3qhTQ1M0l8eG5VInQwoZLBDLa6VYNgE5JS5FQYG3nOYqMH263cw9MHQ6hz+0eieKVodP5rvTbX4yi1PnU2FDFDWzvIfDahPdMjorwKvZt0GsEz+ry4qFxYOu65qz8Q==
ZNmc7+J8ZTbnQsfFUIupkch6o6hnuKqpwATC5ywZJS9gcwSNZIgMaF03Of9P9SuViWPmKCPBMtGUWlqWFdk2+l5cY+3hPJuizhvRsF6631mTrXO0wmL+byCu7E1euVBBUPuW5KuiB8lQ+iewwGLPXQ/M22PD7zmDDGHV19mXKEQqfPNa5UUcu1VttEpgjDBzs7sHBBbtaiDHa9p5OwvGQb5Ofc5di8VVjSdj2J+5COTjZYEieikJowLnvQ6+/UCzCLFv8b5qGGtLKW6+/zUX2yDVqviOeaTzOy/mn/tl3bO4
lsZcTGWXKGDT5z5EGogZdk6Snp7Dn5E0LaTSxDhaaqOpGpChThMggbRxt4InLN8Ht6R77As2hVCJEcGNU2WYvvKGwEfRO8pn8Xrc81RwKSJfwMB3lEkXmVRXMeNH78HReRVgLiSAQdlwrDxN7EDNnl5I91Z5rhuV+05LRAm35EveEP6A4/sTPMdf5g0i38PCCfSwY1udmL7RIcVGtTmB/wy+ChjNAp3EbagU0vfHNLI3UvYvf957W71m0uOjn1Mp00wVmww/g2JDRVLSWzgrEaeZDLsPkwsCVd1jxhvis7k=
SV8bTQuytFAmpdM5DXZ7lv3gzraD0paY4cp1QPCS2PdmnJlFITn0ovODfCe1+rZS/UrHdXkvo3UIbkDPrPhBfzO3ZXw3N2jPcLrHMGCir10vjDDmZC9ZgywhNVd5V0hEyjxT2oWFPLu1LRTKAEwQc1P7p4R2LUogJyt6+VvL5kGejh1O/cslVa3nA1g/+ejkw6Xhotpp6aMiJ92OHr2gs2hxz3FeKjhrK+nOPh91N9pAFQp4bjmE81vvRh8bJf2zmA==
CMYik4X+YzSNBC0ydhaqUJ1V23Bq2Cejqn0Lnd7i/B2+f5H78Tth1Bw77frLsBL6att163BontnCk0B10ATEL/BjZEOWZTuR0ZF7l//XXbwGN5ukg1D4HT9cxaPHzwh12c0z1cHXdQd4MADqcS9M7nSCLBWzOLLzjuj9JIsDZ6zjKr1NJA2Swibeh9HjCrtd7gM2xeMkJYaInZ/XyGgNg63oQYMBeYAskoZp6C2y0WrcnKMd1JRbYA4Re9RrTaEE+g2X5RPvHx5NReiV89S/x9pcz6KKdwtrtMVLWdtUCf+L6G/Ys78=
WAbiC+neX6B7auG8rFuf6p1V23Bq2Cejqn0Lnd7i/B2+f5H78Tth1Bw77frLsBL6att163BontnFkUB10ATEL/BjZUOWZTuR0ZF7l//XXbwGN5ukg1D4HT9cxaPHzwh12c0z1cHXdQd4MADqcS9M7nSCLBWzOLLzjuj9JIsDZ6zjKr1NJA2Swibeh9HjCrtd7gM2xeMkJYaInZ/XyGgNg63oQYMBeYAskoZp6C2y0WrcnKMd1JRbYA4Re9RrTaEE+g2X5RPvHx5NReiV89S/x9pcz6KKdwtrtMVLWdtUCf+L6G/Ys78=
dZhSDDBl5lyWm+gxKUedNZ1V23Bq2Cejqn0Lnd7i/B2+f5H78Tth1Bw77frLsBL6att163BontnCk0B10ATEL/BjakOWZTuR0ZF7l//XXbwGN5ukg1D4HT9cxaPHzwh12c0z1cHXdQd4MADqcS9M7nSCLBWzOLLzjuj9JIsDZ6zjKr1NJA2Swibeh9HjCrtd7gM2xeMkJYaInZ/XyGgNg63oQYMBeYAskoZp6C2y0WrcnKMd1JRbYA4Re9RrTaEE+g2X5RPvHx5NReiV89S/x9pcz6KKdwtrtMVLWdtUCf+L6G/Ys78=
5nW4UKLqH6ppLWP/VkTJip1V23Bq2Cejqn0Lnd7i/B2+f5H78Tth1Bw77frLsBL6att163BontnFkUB10ATEL/Bja0OWZTuR0ZF7l//XXbwGN5ukg1D4HT9cxaPHzwh12c0z1cHXdQd4MADqcS9M7nSCLBWzOLLzjuj9JIsDZ6zjKr1NJA2Swibeh9HjCrtd7gM2xeMkJYaInZ/XyGgNg63oQYMBeYAskoZp6C2y0WrcnKMd1JRbYA4Re9RrTaEE+g2X5RPvHx5NReiV89S/x9pcz6KKdwtrtMVLWdtUCf+L6G/Ys78=
M8DUuK12+Ye5cyjxsnJOfJ1V23Bq2Cejqn0Lnd7i/B2+f5H78Tth1Bw77frLsBL6att163BontnCk0B10ATEL/BjaEOWZTuR0ZF7l//XXbwGN5ukg1D4HT9cxaPHzwh12c0z1cHXdQd4MADqcS9M7nSCLBWzOLLzjuj9JIsDZ6zjKr1NJA2Swibeh9HjCrtd7gM2xeMkJYaInZ/XyGgNg63oQYMBeYAskoZp6C2y0WrcnKMd1JRbYA4Re9RrTaEE+g2X5RPvHx5NReiV89S/x9pcz6KKdwtrtMVLWdtUCf+L6G/Ys78=
eBYT1dX9Oenzno6/f99t9p1V23Bq2Cejqn0Lnd7i/B2+f5H78Tth1Bw77frLsBL6att163BontnFkUB10ATEL/BjaUOWZTuR0ZF7l//XXbwGN5ukg1D4HT9cxaPHzwh12c0z1cHXdQd4MADqcS9M7nSCLBWzOLLzjuj9JIsDZ6zjKr1NJA2Swibeh9HjCrtd7gM2xeMkJYaInZ/XyGgNg63oQYMBeYAskoZp6C2y0WrcnKMd1JRbYA4Re9RrTaEE+g2X5RPvHx5NReiV89S/x9pcz6KKdwtrtMVLWdtUCf+L6G/Ys78=
rbchnuNfaDfep28Dt1o7Q51V23Bq2Cejqn0Lnd7i/B2+f5H78Tth1Bw77frLsBL6att163BontnCk0B10ATEL/BjbkOWZTuR0ZF7l//XXbwGN5ukg1D4HT9cxaPHzwh12c0z1cHXdQd4MADqcS9M7nSCLBWzOLLzjuj9JIsDZ6zjKr1NJA2Swibeh9HjCrtd7gM2xeMkJYaInZ/XyGgNg63oQYMBeYAskoZp6C2y0WrcnKMd1JRbYA4Re9RrTaEE+g2X5RPvHx5NReiV89S/x9pcz6KKdwtrtMVLWdtUCf+L6G/Ys78=
TBcCZVQ/N3kqCbKSPctPM51V23Bq2Cejqn0Lnd7i/B2+f5H78Tth1Bw77frLsBL6att163BontnFkUB10ATEL/Bjb0OWZTuR0ZF7l//XXbwGN5ukg1D4HT9cxaPHzwh12c0z1cHXdQd4MADqcS9M7nSCLBWzOLLzjuj9JIsDZ6zjKr1NJA2Swibeh9HjCrtd7gM2xeMkJYaInZ/XyGgNg63oQYMBeYAskoZp6C2y0WrcnKMd1JRbYA4Re9RrTaEE+g2X5RPvHx5NReiV89S/x9pcz6KKdwtrtMVLWdtUCf+L6G/Ys78=
3upoDDhE3qYDTF3rrOffip1V23Bq2Cejqn0Lnd7i/B2+f5H78Tth1Bw77frLsBL6att163BontnCk0B10ATEL/BjbEOWZTuR0ZF7l//XXbwGN5ukg1D4HT9cxaPHzwh12c0z1cHXdQd4MADqcS9M7nSCLBWzOLLzjuj9JIsDZ6zjKr1NJA2Swibeh9HjCrtd7gM2xeMkJYaInZ/XyGgNg63oQYMBeYAskoZp6C2y0WrcnKMd1JRbYA4Re9RrTaEE+g2X5RPvHx5NReiV89S/x9pcz6KKdwtrtMVLWdtUCf+L6G/Ys78=
y3U+94svYscBmcXI/ySbg51V23Bq2Cejqn0Lnd7i/B2+f5H78Tth1Bw77frLsBL6att163BontnFkUB10ATEL/BjbUOWZTuR0ZF7l//XXbwGN5ukg1D4HT9cxaPHzwh12c0z1cHXdQd4MADqcS9M7nSCLBWzOLLzjuj9JIsDZ6zjKr1NJA2Swibeh9HjCrtd7gM2xeMkJYaInZ/XyGgNg63oQYMBeYAskoZp6C2y0WrcnKMd1JRbYA4Re9RrTaEE+g2X5RPvHx5NReiV89S/x9pcz6KKdwtrtMVLWdtUCf+L6G/Ys78=
A6mtDJNeQ2tWENeto6wuyZ1V23Bq2Cejqn0Lnd7i/B2+f5H78Tth1Bw77frLsBL6att163BontnCk0B10ATEL/BjZEKWZTuR0ZF7l//XXbwGN5ukg1D4HT9cxaPHzwh12c0z1cHXdQd4MADqcS9M7nSCLBWzOLLzjuj9JIsDZ6zjKr1NJA2Swibeh9HjCrtd7gM2xeMkJYaInZ/XyGgNg63oQYMBeYAskoZp6C2y0WrcnKMd1JRbYA4Re9RrTaEE+g2X5RPvHx5NReiV89S/x9pcz6KKdwtrtMVLWdtUCf+L6G/Ys78=
F6a8pGUZ/oEyMY+SsV84i51V23Bq2Cejqn0Lnd7i/B2+f5H78Tth1Bw77frLsBL6att163BontnFkUB10ATEL/BjZUKWZTuR0ZF7l//XXbwGN5ukg1D4HT9cxaPHzwh12c0z1cHXdQd4MADqcS9M7nSCLBWzOLLzjuj9JIsDZ6zjKr1NJA2Swibeh9HjCrtd7gM2xeMkJYaInZ/XyGgNg63oQYMBeYAskoZp6C2y0WrcnKMd1JRbYA4Re9RrTaEE+g2X5RPvHx5NReiV89S/x9pcz6KKdwtrtMVLWdtUCf+L6G/Ys78=
CL7F7ZdIORqnzrWrNzkAEp1V23Bq2Cejqn0Lnd7i/B2+f5H78Tth1Bw77frLsBL6att163BontnCk0B10ATEL/BjakKWZTuR0ZF7l//XXbwGN5ukg1D4HT9cxaPHzwh12c0z1cHXdQd4MADqcS9M7nSCLBWzOLLzjuj9JIsDZ6zjKr1NJA2Swibeh9HjCrtd7gM2xeMkJYaInZ/XyGgNg63oQYMBeYAskoZp6C2y0WrcnKMd1JRbYA4Re9RrTaEE+g2X5RPvHx5NReiV89S/x9pcz6KKdwtrtMVLWdtUCf+L6G/Ys78=
K/TQlBkjyZaXwVMwIOZdhZ1V23Bq2Cejqn0Lnd7i/B2+f5H78Tth1Bw77frLsBL6att163BontnFkUB10ATEL/Bja0KWZTuR0ZF7l//XXbwGN5ukg1D4HT9cxaPHzwh12c0z1cHXdQd4MADqcS9M7nSCLBWzOLLzjuj9JIsDZ6zjKr1NJA2Swibeh9HjCrtd7gM2xeMkJYaInZ/XyGgNg63oQYMBeYAskoZp6C2y0WrcnKMd1JRbYA4Re9RrTaEE+g2X5RPvHx5NReiV89S/x9pcz6KKdwtrtMVLWdtUCf+L6G/Ys78=
VOyxU8uY4ipzypt9WlOh0lOs+N9hxj0QH651Soy0pjmNPA3vs5Eh7PNZA6fPO3wdKHFancojp7ywZFadM7pMfnckMqpJlAd66fQxWK/C6KNgTqFvmyrUxha3rumXtS2tMzWG7SLtbDYB34N2TwD9fydTsOmpkQvJwctNWwisuHaR83SyBJ8Axm3kCmb/tEX4ax9fsJN2BdGkkSqeVsK/zQPWAwGen44ZI/gdmvjBpwso9LUf3bR5nwFluHDiGtF0zW7pNqyAm8EUSOP8fk3DCItRmRiKUS95k3OnQj1Z0IkTCAebqsB3fkqrM3fEmXOFO8ixY/u0V8Szow==
9pVJD2l1JN0jPWBoiHCDXJ1V23Bq2Cejqn0Lnd7i/B2+f5H78Tth1Bw77frLsBL6att163BontnFkUB10ATEL/BjaEKWZTuR0ZF7l//XXbwGN5ukg1D4HT9cxaPHzwh12c0z1cHXdQd4MADqcS9M7nSCLBWzOLLzjuj9JIsDZ6zjKr1NJA2Swibeh9HjCrtd7gM2xeMkJYaInZ/XyGgNg63oQYMBeYAskoZp6C2y0WrcnKMd1JRbYA4Re9RrTaEE+g2X5RPvHx5NReiV89S/x9pcz6KKdwtrtMVLWdtUCf+L6G/Ys78=
MOSPoRYEWa6A/q+PpiP4YaJhi8Z8dje0YUtkJ7+jWhuH5sXFKF4Szvm18eA8OsEBDHQ/1RTwGaXWuaZuM/uXupBNXIJpdvMTNaJPxoDP1Cmd9+Zqqn6Q+rWxPnGpeyWTdD9qah5lPK1aQVrv9MxZZk2Z+h6VOEL2Jf1lmBmr8YsTkwZlp/87Q2IEYKgR8pfBliv/CQaCothaU1mvBQwkCUBwja8o0VmfTME02h9mr0+PBafDUdCdreLEiTFD6shNozOIY8+mXCkK80JljdnMbhJ7YU1cdj1hfXrKQShwPJ0Oo3HrFLeZcdezsg==
VOyxU8uY4ipzypt9WlOh0lOs+N9hxj0QH651Soy0pjmNPA3vs5Eh7PNZA6fPO3wdKHFancojp7ywZFadM7pMfnckMqpJlAd66fQxWK/C6KNgTqFvmyrUxha3rumXtS2tMzWG7SLtbDYB34N2TwD9fydTsOmpkQvJwctNWwisuHaR83SyBJ8Axm3kCmb/tEX4ax9fsJN2BdGkkSqeVsK/zQPWAwGen44ZI/gdmvjBpwso9LUf3bR5nwFluHDiGtF0zW7pNqyAm8EUSOP8fk3DCItRmRiKUS95k3OnQj1Z0IkTCAebqsB3fkqrM3fEmXOFO8ixY/u0V8Szow==
MOSPoRYEWa6A/q+PpiP4YaJhi8Z8dje0YUtkJ7+jWhuH5sXFKF4Szvm18eA8OsEBDHQ/1RTwGaXWuaZuM/uXupBNXIJpdvMTNaJPxoDP1Cmd9+Zqqn6Q+rWxPnGpeyWTdD9qah5lPK1aQVrv9MxZZk2Z+h6VOEL2Jf1lmBmr8YsTkwZlp/87Q2IEYKgR8pfBliv/CQaCothaU1mvBQwkCUBwja8o0VmfTME02h9mr0+PBafDUdCdreLEiTFD6shNozOIY8+mXCkK80JljdnMbhJ7YU1cdj1hfXrKQShwPJ0Oo3HrFLeZcdezsg==
VOyxU8uY4ipzypt9WlOh0lOs+N9hxj0QH651Soy0pjmNPA3vs5Eh7PNZA6fPO3wdKHFancojp7ywZFadM7pMfnckMqpJlAd66fQxWK/C6KNgTqFvmyrUxha3rumXtS2tMzWG7SLtbDYB34N2TwD9fydTsOmpkQvJwctNWwisuHaR83SyBJ8Axm3kCmb/tEX4ax9fsJN2BdGkkSqeVsK/zQPWAwGen44ZI/gdmvjBpwso9LUf3bR5nwFluHDiGtF0zW7pNqyAm8EUSOP8fk3DCItRmRiKUS95k3OnQj1Z0IkTCAebqsB3fkqrM3fEmXOFO8ixY/u0V8Szow==
MOSPoRYEWa6A/q+PpiP4YaJhi8Z8dje0YUtkJ7+jWhuH5sXFKF4Szvm18eA8OsEBDHQ/1RTwGaXWuaZuM/uXupBNXIJpdvMTNaJPxoDP1Cmd9+Zqqn6Q+rWxPnGpeyWTdD9qah5lPK1aQVrv9MxZZk2Z+h6VOEL2Jf1lmBmr8YsTkwZlp/87Q2IEYKgR8pfBliv/CQaCothaU1mvBQwkCUBwja8o0VmfTME02h9mr0+PBafDUdCdreLEiTFD6shNozOIY8+mXCkK80JljdnMbhJ7YU1cdj1hfXrKQShwPJ0Oo3HrFLeZcdezsg==
VOyxU8uY4ipzypt9WlOh0lOs+N9hxj0QH651Soy0pjmNPA3vs5Eh7PNZA6fPO3wdKHFancojp7ywZFadM7pMfnckMqpJlAd66fQxWK/C6KNgTqFvmyrUxha3rumXtS2tMzWG7SLtbDYB34N2TwD9fydTsOmpkQvJwctNWwisuHaR83SyBJ8Axm3kCmb/tEX4ax9fsJN2BdGkkSqeVsK/zQPWAwGen44ZI/gdmvjBpwso9LUf3bR5nwFluHDiGtF0zW7pNqyAm8EUSOP8fk3DCItRmRiKUS95k3OnQj1Z0IkTCAebqsB3fkqrM3fEmXOFO8ixY/u0V8Szow==
MOSPoRYEWa6A/q+PpiP4YaJhi8Z8dje0YUtkJ7+jWhuH5sXFKF4Szvm18eA8OsEBDHQ/1RTwGaXWuaZuM/uXupBNXIJpdvMTNaJPxoDP1Cmd9+Zqqn6Q+rWxPnGpeyWTdD9qah5lPK1aQVrv9MxZZk2Z+h6VOEL2Jf1lmBmr8YsTkwZlp/87Q2IEYKgR8pfBliv/CQaCothaU1mvBQwkCUBwja8o0VmfTME02h9mr0+PBafDUdCdreLEiTFD6shNozOIY8+mXCkK80JljdnMbhJ7YU1cdj1hfXrKQShwPJ0Oo3HrFLeZcdezsg==
VOyxU8uY4ipzypt9WlOh0lOs+N9hxj0QH651Soy0pjmNPA3vs5Eh7PNZA6fPO3wdKHFancojp7ywZFadM7pMfnckMqpJlAd66fQxWK/C6KNgTqFvmyrUxha3rumXtS2tMzWG7SLtbDYB34N2TwD9fydTsOmpkQvJwctNWwisuHaR83SyBJ8Axm3kCmb/tEX4ax9fsJN2BdGkkSqeVsK/zQPWAwGen44ZI/gdmvjBpwso9LUf3bR5nwFluHDiGtF0zW7pNqyAm8EUSOP8fk3DCItRmRiKUS95k3OnQj1Z0IkTCAebqsB3fkqrM3fEmXOFO8ixY/u0V8Szow==
MOSPoRYEWa6A/q+PpiP4YaJhi8Z8dje0YUtkJ7+jWhuH5sXFKF4Szvm18eA8OsEBDHQ/1RTwGaXWuaZuM/uXupBNXIJpdvMTNaJPxoDP1Cmd9+Zqqn6Q+rWxPnGpeyWTdD9qah5lPK1aQVrv9MxZZk2Z+h6VOEL2Jf1lmBmr8YsTkwZlp/87Q2IEYKgR8pfBliv/CQaCothaU1mvBQwkCUBwja8o0VmfTME02h9mr0+PBafDUdCdreLEiTFD6shNozOIY8+mXCkK80JljdnMbhJ7YU1cdj1hfXrKQShwPJ0Oo3HrFLeZcdezsg==
VOyxU8uY4ipzypt9WlOh0lOs+N9hxj0QH651Soy0pjmNPA3vs5Eh7PNZA6fPO3wdKHFancojp7ywZFadM7pMfnckMqpJlAd66fQxWK/C6KNgTqFvmyrUxha3rumXtS2tMzWG7SLtbDYB34N2TwD9fydTsOmpkQvJwctNWwisuHaR83SyBJ8Axm3kCmb/tEX4ax9fsJN2BdGkkSqeVsK/zQPWAwGen44ZI/gdmvjBpwso9LUf3bR5nwFluHDiGtF0zW7pNqyAm8EUSOP8fk3DCItRmRiKUS95k3OnQj1Z0IkTCAebqsB3fkqrM3fEmXOFO8ixY/u0V8Szow==
MOSPoRYEWa6A/q+PpiP4YaJhi8Z8dje0YUtkJ7+jWhuH5sXFKF4Szvm18eA8OsEBDHQ/1RTwGaXWuaZuM/uXupBNXIJpdvMTNaJPxoDP1Cmd9+Zqqn6Q+rWxPnGpeyWTdD9qah5lPK1aQVrv9MxZZk2Z+h6VOEL2Jf1lmBmr8YsTkwZlp/87Q2IEYKgR8pfBliv/CQaCothaU1mvBQwkCUBwja8o0VmfTME02h9mr0+PBafDUdCdreLEiTFD6shNozOIY8+mXCkK80JljdnMbhJ7YU1cdj1hfXrKQShwPJ0Oo3HrFLeZcdezsg==
VOyxU8uY4ipzypt9WlOh0lOs+N9hxj0QH651Soy0pjmNPA3vs5Eh7PNZA6fPO3wdKHFancojp7ywZFadM7pMfnckMqpJlAd66fQxWK/C6KNgTqFvmyrUxha3rumXtS2tMzWG7SLtbDYB34N2TwD9fydTsOmpkQvJwctNWwisuHaR83SyBJ8Axm3kCmb/tEX4ax9fsJN2BdGkkSqeVsK/zQPWAwGen44ZI/gdmvjBpwso9LUf3bR5nwFluHDiGtF0zW7pNqyAm8EUSOP8fk3DCItRmRiKUS95k3OnQj1Z0IkTCAebqsB3fkqrM3fEmXOFO8ixY/u0V8Szow==
MOSPoRYEWa6A/q+PpiP4YaJhi8Z8dje0YUtkJ7+jWhuH5sXFKF4Szvm18eA8OsEBDHQ/1RTwGaXWuaZuM/uXupBNXIJpdvMTNaJPxoDP1Cmd9+Zqqn6Q+rWxPnGpeyWTdD9qah5lPK1aQVrv9MxZZk2Z+h6VOEL2Jf1lmBmr8YsTkwZlp/87Q2IEYKgR8pfBliv/CQaCothaU1mvBQwkCUBwja8o0VmfTME02h9mr0+PBafDUdCdreLEiTFD6shNozOIY8+mXCkK80JljdnMbhJ7YU1cdj1hfXrKQShwPJ0Oo3HrFLeZcdezsg==
MOSPoRYEWa6A/q+PpiP4YaJhi8Z8dje0YUtkJ7+jWhuH5sXFKF4Szvm18eA8OsEBDHQ/1RTwGaXWuaZuM/uXupBNXIJpdvMTNaJPxoDP1Cmd9+Zqqn6Q+rWxPnGpeyWTdD9qah5lPK1aQVrv9MxZZk2Z+h6VOEL2Jf1lmBmr8YsTkwZlp/87Q2IEYKgR8pfBliv/CQaCothaU1mvBQwkCUBwja8o0VmfTME02h9mr0+PBafDUdCdreLEiTFD6shNozOIY8+mXCkK80JljdnMbhJ7YU1cdj1hfXrKQShwPJ0Oo3HrFLeZcdezsg==
73eeI9bEUj/GjWuPpSRl4ZcBvR3SSuonovc+c4uISPXl7yg6kSUYe15Heb1kFrVRlfPiMaBQxC0W48n7zBeRIX+zGg==
T2q1D5xFP3yfAP/UAmY/ejYhPAqwJDDm9gMU2HBjGo/KPpSxy//twgMl0vKb2COx5/mMm89zC6IVvePm2wKzGQ==
4gduKjSxu8hVOoMj/Uq9Qc7RUkHLkaU+ij8oliEVVX1vSIfbqgD3PkNrszfEWfNFO4gxo/v01wSzYw==
Q4EIWGPMg0VAoflcsS11Mo9d8kREad3BNHTEIZs7jcWYZlk5QbM2mQzgeJWiQ50jkMf9yQuzbg==
whRZjNwmZh/SJqUT0auQ/qo9pxtdZByMIgl2gUzlLbWC1Xolg7hgHyhvku8BjSGIq1hHPzz4U1PgHoV/h54pjzRNl6wLWlGTf66WGWSRawU7RkRN9OCdVgkIbvhtospT4IV0gApELTsAZyJ6zTqh+38vGYEvsVDwCv3cq1Mt/QxMXsDIViULCKy7DdEI8Lvfpw4Y1tf/hYeAzJfjbcAmNfiruqgCK+7sUDnFrI9dGR0sosee51BmsRz6s5IGzD51KSaEyyxPB1S7POkpakTi5aATZZAbRR0xaDzWFueQ1j0k8sx5Du9x5/BbMMhVK3p7Hr4ERtYfkA4vhrkifB47hqA46ZllBR7u69htxRznA9Xekv/mnRqolkmj5w14UEyooMOTqvYd7RaBwvsBM3L74BF7ZL+2jK6EW1czaE8jFmn60wN2ISggpyNx+KqZnfViLXWBi+Si2pz1Lj0QZVRkNq9LdIafDuZrh7Kbz3VaYke7U9Pdu9BFn7STozbLOaK2gzTjpY9FnH93f2sWHWFT4oOus80=
JW/DKFezYmllT9gBb/Gu4g9OlSRCJvtkw8bVshtK98EE86FkKxMOKlisy9E7Nh6puAGydc7M43lJQai+vWhEkNBEcN+zfrdvMYHd1RqBPQ58xk6HtG0NhIAu1+kPJ+tG7R+t1lLmnmS94KMJUl5U2r+PRe0qiYR57JUmxEmEflRewYKBreqlcJUcYs/BkuhV9Orvl66xBRjbzYixnm7v/7ZfD/p0vvBqVaiMikXOyn0pDeKVjJrJZzMdhzLIUjl7p1SjApTPHfTWJkgDXcUv8cxIG47Udtgl3UHy6ejGX36DFR9KvKJpXMRkiNUOLuhIjZfUtipoleSr7AiENyGFsVduMcenhkPZRK/CWqdVC7VgfnivJEgZf2sH7RwPJwAP2MofEGlmGMPX3DoJP5+xwwQxTffxJ5BEkszben2VFHvdncyqCJxo8+urr6Qu3eJgzztCGdN7PkFGPpWuxdvNFQUXW3g3qVBku3XpwgLZgWMKNyUulk34s7ABR9EmOhArw1mW3hclz1P4xQJYtkksMzP/fn+TlaWzwA==
ttpCvESGEfEzECV+zi3Rh/ctNglVOD0TPI8UR9ypi1QRI7M1QvbE406zandPkbJOUz1zngFdRUjSASDT//faD5ctebMc
cZ6SoCpoFXV9axz5pPePot60on7k8Htjj9JZRVtuXVGCZyJcNnQqq3AgxZrypg60MRm4wgkVVar9nYFjNGp6FGVGfXh1XET+f6P0bk/GxmOX2tun5dLCj2u70zVrGOUXJPvjXtsxgn5T3G5IX468d2cXK36N6fMqU0azJQ==
4iHBk7Cpjxt9yRJvB4nC0frAoBn2jzM/4JazGXkAHcm/smU4IR0iiWTBSwTja+IzireCFVUsDx/t9RxKWpuQjzSHUa1sNo2B7X5fYVswzD1+I2FLRHdJEWezAg==
5RWxu/4kT2/ElSTrQtfCcOAhp0FhtEEthJFmFjWV/5iLRUkCE5S3hYRlwqHt6EUzNJ/8B3RZA/TJU6s1WgacQ8bDwrcngbpuq23LHnmNfSjaEQgTl0dSb08dYbME
UN90J+yutLmu0yU76HArZMkSiGRQhmA3s5FmFjWV/5iLRUkCE5S3hYRlwqHt6EUzNJ/8B3RZA/TJU6s1WgacQ8bDwrcngbpuq23LHnmNfSjaEQgTl0dSb08dYbME
bpXqOv/IMKrat+8IP3L7iiy9lQathGIWMZ3jiGd9LSL3zJt1uC0GYamguYNYR1hn0KGvZFXbL7XejgDTartmV4PZVt7XpQ9ePUVBWPbJbDNzfz5/UxVlswA=
Br3LgNSjbN5M09toRuCMWTHe5PvT8cM9bd3TNrhiRmGEUl4WDWXH+KO1gUJbRB/lHPVaIXV43ZNcTzRHPGnr1LFjUzUiNmRjrvMKd2/RUs4z/VOe4R3lyHJBwNPfN3qPd21Zszw=
ZWp/9wdFpaSH3Ft199b2nZyzTw1KpHa8NZdfPKyFLM6+mdZMJwQ87vO+ipIeRCnpyy1xpKqO52G5Gx9lQwDo1E201QNUR4eDlRVfhusp4ibjRO7Q79bcb1fP66Y9cZNyY16zPQ==
bhqPzM3bOe/FwRykyjGtCxEMbyIkGII8A88xR6uytoFTKX0gASowCMg+c3p2xc42DvFd+QxpRVm0dLKK3ZwnZtZ+P/UjUD36Qfc+gPNTViknYzJBSiZhntGz8fXZPy8o41GcJPfNPRK2sd3D9p+xXiLVdDM8mfMhspJsix+xIo5DnQOesb1ViEJhcFMPF2pP542ps8w=
hURduNzkl5qly1IF1zEwOwl+bz9ce25+TeGGoEQFOva3uedQLrXOPFEuKcXx5ApvievfN0sw48mJ2Sxxv2yiBHlox3sq4LceTk5zVET5M2U7aHFDe1QXZLMD
+3Yr0CxRGAJ0NU4x6VvzfdPLyRgQhfdiZRSKLEWD28NihRGnB0Ea7sut6x6Zzd2outFoE7cHsu/v3QGzZA==
+3Yr0CxRGAJ0NU4x6VvzfdPLyRgQhfdiZRSKLEWD28NihRGnB0Ea7sut6x6Zzd2outFoE7cHsu/v3QGzZA==
DDOgsy39u8xjiykUTDVkyb9O0TBsn0ZKcAtAnn8NWi/h3kLUnHpOUDLSetGrM55nIz7H8oWWsNeIuuGGzVR2DVdN/Sr+oGRn/YoNGV4sWhEkdRXzMUkSV3l6naZABoIIwifH4krlpknSv2FeOgBG8MDHCDwB5kA=
