jtrG/ZQ9WxRf8ATXsOzTTHH6/5p989rz67uDvf66SY00ovWcFYmKeB8bUZ4iJ3dtB9ErnciomtokhqozX8PDFLIldsC7Y37JP1MqQVIWeX75g7m1ke/HyFvB5KRPXcWyHuGVgz5vWX46pWwzJGnrAdriJEvXYYouOw27G0gt7OgqObiTxidCL/+9sKPX
DCPJSXiUdKLisIdZrBqDZFp5Fz12WgZpbif5Yiwx3HUBntVYAtZXRWgirXmW2prIjc5c+q1VcRR30mvjPJDRBxxhjcegwdiCy9ab59Pl2ysFAKkVzoRlSbe6HOWfk9SLu1YI8SZzbj1ZqTgGzttd5QimSZkRu+L5HiDo/fLDrEMgB82puqPd
TDIhR0VNhPGw5WPeO+xEHYKyv/vqWHBJFt2Yh4RQRSQAQN7K/FbMDSBDbl8S8p2DzLmX14xsKEOLjuxChffnUUKUROtcytSA7lY7HXzSmREPf2TgmZ7oAgEVHSyDAv+LgHDNL2jRGR+MwfRaX2bvz88FZ0OR0F0tosTJsQPqCM1jM0jjj6YcqUrzguVN2QzuUnshzRx2/eG9ew7BanB8FU6jsGvUt1nxlqPx
Dx/oCyj2sHXsUVKpcx83jI0+I+tYXgbzYW/XnApbtjArHV4u8w5GBG4geuc4ZIWmypI+mBk9mN4RAUWm9ZmBn8yeiviNop2krYiUMrdnNNL3cnbPP357O31GUgPjP1NJE2yVe0yfgwKDZdIyG5grdWe7jFtHMwtjlf3jJltDo9o=
/MqKRsjIG3V4hcKhGeS7pywjOaDQXSxEL2grbhvU2Qk5DybTWTaL4WIvNryzue6SO9On6JYkavsQUMXqkvZO5JGpOHKpxZV6HW2Bk9S6usTF9v3I1QwErh/T9B4vloYzN2pbF0UCAl+LS9PFi8glx4RLY+57YcIuM6xrOT/f/CfPp6vPLTkz+rO3o9Y=
SkAK6h1/HqvM4jAmut3lxywjOaDQXSxEL2grbhvU2Qk5Hi7dXzmKs2IvNryzue6SO9Kn6JYkavsQUMXqkvZO5JGpOHKpxZV6HW2Bk9S6usTF9v3I1QwErh/T9B4vloYzN2pbF0UCAl+LS9PFi8glx4RLY+57YcIuM6xrOT/f/CfPp6vPLTkz+rO3o9Y=
0LsMDGzXs/RGhCtBTNqIIUla+JPq0QVekbo2aS5gehbmEaheLiFbHgxIy7GdlWtt+c78WkMjMZP5auwoGtZPtaCC1ek8H3P4la4UKlXVyUQ/8nMTFNC5l6SBRfe4wcCyAzYjd7ul89sdIOFFdgSdmf/aBNV3U3wbw/bAAT5zdk0RCcCWZps11RBGgclpO1op1gDwjdoDRNOYZ4WZoqPF
i2X5pz1H/k6p6EN+0REb1XZ8EeSJQSxEJ2o9fE/Z0BdrDyCaDXjes2IvNryzue6SO9Cn6JYkavsQUMXqkvZO5JGpOHKpxZV6HW2Bk9S6usTF9v3I1QwErh/T9B4vloYzN2pbF0UCAl+LS9PFi8glx4RLY+57YcIuM6xrOT/f/CfPp6vPLTkz+rO3o9Y=
iEm96SkjHzJYF72iJX+z+Sg7VbjcFyxELHUtex3Qw1l1DyXISDPes2IvNryzue6SO9en6JYkavsQUMXqkvZO5JGpOHKpxZV6HW2Bk9S6usTF9v3I1QwErh/T9B4vloYzN2pbF0UCAl+LS9PFi8glx4RLY+57YcIuM6xrOT/f/CfPp6vPLTkz+rO3o9Y=
SPkkmm9xuyw2XS6nBTYJ1VM5LVAtcdntqbUJHph3ERPXX0/yaoTMFpmZpprjJd2v9ZQjdvImQ7WfiNlqxX9S4F+bktkDWy5BVh5FbhV7XZW1t6u4B4kgZIuVGQKyufHjmtf17sYt6LOg4ZeRdlqAqzO5Jp5nRf9bDOUwGMbhnLOiXy4/w7W0o9M=
BKVR3Mw9wp2xcjbf5JR6ZmWOwf7EWghXTR1xivt3vve7TDEyls0mbfZ6f0M2XI+H157KjsIl9LJlTD5sNooFG6jkVU8dxJnvARVYACJKMWRNfklmbDC7cRT4w0w+nWMYC0H5yMqhT4mTg8eyfYmwmZMYp0vqcFfOSx8TxQTJ25W72VEzO8S3taPQ
RYCnYdUGe829Xzwky6ahezlbEW+h2Umn1cYwrqoIWdCGVtPN9LLBAfC+/5AhfuAyaZW13IsihzsYsPU/MHGRz6TB3IrXxrff98X/8+nwVd0KRKGBCwqwvfvzsPPXxpR5ovPqtcU51P4qO7k9pBb10VX7prFiUISl1uOIewwX0aG+o9k=
bCW1J49CMKmAHcfi/uu0u96j+veRHfyISa+LPSsYHoGd8LS98g3vEInV+QM9IL6rUjc2pIOhjsoLD2YwJnwKY6DIRXIibi68IXH4qpmd9WItdYGL5KLanPUuPRBlVGQ2r0t0hp8O5muHspvPdVpiR7tT09270EWftJOjNss5oraDNOuhj0ecf39/axcdYVPig6+jzg==
JHmYCBi/Zvn5PRW40EKQL/Sxexo2+Z7d5NrS3CAj0ENkkWSrlTpQwI5W290cUjnRLn5HIHkeiELhFT1sI4Jfy+BwLe8IUbnfrMHUmv/mjw8vBQcDMVD9bYLEKfFjaugNQzNoIy8mfGmq8+KlrVmsrnJ7AY189h0h3XsuAcrw3NWuo9ArNDf5sbaj0Q==
n6sXr50EQy59udcUE26uhpcwLqm8vUKJhEQ9EogI5Y81ZyzPHxj6tlsr3J/0myg5tKlpuPH0s55CmgWBoBRAWqszqTQ2rJtcUuqZrf0ObJVihlijqSTFs+puZLVr19dk70r7Kgovy0PK/64AloudJFQYG5ZiI0aI0rEkfKBbNsRJ5xqNpVTaG2Xnr8lvp+zncEV4eLLW52XYYp3ZoF6KaF2OjNo9VeF0p5K7gywQIWfsIX2nUMEo4juWa4cjZctL1UB5dV6E9Wln+sxFjxPkK4sWuNGWc94d6WkIpv5bTUVYZhm5gbtyGU7guB3iQ9yjUMe9ScqjrQ==
feqNyjBavidh1nx5V/KjYe35EqfIhf/njUmOhbOAhQ0T3dK13Ok+fD3tyxJndk+rAfVhO9qztigbVT5WY6eG3Z4oWt9oDAU+elreYAkV2IZhieUeJXGBh/zW6oAdCl18XYC0CucPtEpHupY3L1Y7Yw3O8rsz11NRIyT1A9w3Q9pzbfIKS/Cr7ddzbKNXG0s75XVDnouro8I=
PT6deAuMOXSFbojwyR4yVGBmCfWJSCxEL2grbhvU2Qk5DybTWTaLwWIvNryzue6SO9ql6ZYkavsQUMXqkvZO5JGpOHKpxZV6HW2Bk9S6usTF9v3I1QwErh/T9B4vloYzN2pbF0UCAl+LS9PFi8glx4RLY+57YcIuM6xrOT/f/CfPp6vPLTkz+rO3o9Y=
dZ0rtvvxm2wDD7TLDoAGzWzZjKCWMEZVQRpwlt53qf3vD3Rm06kmbfZ6f0M2XI+A0ZDKjsIl9LJlTD5sNooFG6jkVU8dxJnvARVYACJKMWRNfklmbDC7cRT4w0w+nWMYC0H5yMqhT4mTg8eyfYmwmZMYp0vqcFfOSx8TxQTJ25W72VEzO8S3taPQ
E5yyVQFP8Su6VGpmWl4Wm69z/8nLIY32RinOmXaOl6fmmEe38aTCitJBnMYlOFYIpg6NrwhQnYvNIHEbAeGw5PKO+dDtysHi/FTTBVSMqygumWssK3UxDBpFp30Tdy9WrU14rbMsr0/6FD+6C2t7oZRNUyEbbZn36yBfQaMk
czm0E3H3qaHELtEqBf4he+QVMSDMbxOixix4li0xCko//Q9JD2zfhh7Ol3VLIHXaecfmQAvDzolvM1pBInYpPkkjCTUBDxcIqyH0pF999fJOQQUDTg8pPmqFXDMUSTvBKgLUy0fBWu4LLasbWE2cqHpZKBN2h/LvL11Aoyc=
2luUYZZtkIA1Kq1z9apzdq1z/9jJN4n2RinOmXaOl6fmmEex8aTCitJBnMYlOFYIpg6NrwhQnYvNIHEbAeGw5PKO+dDtysHi/FTTBVSMqygumWssK3UxDBpFp30Tdy9WrU14rbMsr0/6FD+6C2t7oZRNUyEbbZn36yBfQaMk
31YnHhtunRBDx/1RNqMY1OQVNzbQchOixix4li0xCko//QlJD2zfhh7Ol3VLIHXaecfmQAvDzolvM1pBInYpPkkjCTUBDxcIqyH0pF999fJOQQUDTg8pPmqFXDMUSTvBKgLUy0fBWu4LLasbWE2cqHpZKBN2h/LvL11Aoyc=
1+DwcAFU7dwqRzkUF7zFneQVNiDCdxOixix4li0xCko//QpJD2zfhh7Ol3VLIHXaecfmQAvDzolvM1pBInYpPkkjCTUBDxcIqyH0pF999fJOQQUDTg8pPmqFXDMUSTvBKgLUy0fBWu4LLasbWE2cqHpZKBN2h/LvL11Aoyc=
BMdJkc5Xyl+I2Gr7kcBe5hOhgKTp/Zl8uJmgsthVbCHxiqyBl5JJkp9rhvcewk4htMGe8Xbmxx9GALdeNo3ykrI5zG6lkIbwRha9h0g47RNtmKHzAQlgXFIWibit4vH6HKwDrdQk+1BOgVsE653BlLr99xUTH3/uDdWIRXMEn1eabG8Si8OrWXRVYwlbBelvS5iPqaPM
bsn9jI2/A32wOR6zRijYfzNiZxOHLmHVIXDxypWc8QETGScu/vfDCWIa+EO1ShjzlQTtKTlITvo1ZcuIouE9k5qRi9LbYvebqDBl3+Cxoe+0wcyq5wZnP2dFT1OZsAX9OkRRYdvKAN2LcyBTBwZkmbLz+tW1eYReurtJ3RRWpbEl+paRspB0BWZjGBtcV+GBrqPJ
AEM2+/kQWBw5LdUupwHwiTNiZxOHLmHVIXDxypWc8QETGScu/vfDCWIa+EO1ShjzlQTtKTlITvo1ZcuIouE9k5qRi9LbYvebqDBl3+Cxoe+0wcyq5wZnP2dFT1OZsAX9OkRRYdvKAN2LcyBTBwZkmbLz+tW1eYReurtJ3RRWpbEl+JeRtZB0BWZjGBtcV+GBrqPJ
PNC6DJ6e5YJMp45K/sT7ezNiZxOHLmHVIXDxypWc8QETGScu/vfDCWIa+EO1ShjzlQTtKTlITvo1ZcuIouE9k5qRi9LbYvebqDBl3+Cxoe+0wcyq5wZnP2dFT1OZsAX9OkRRYdvKAN2LcyBTBwZkmbLz+tW1eYReurtJ3RRWpbEl/ZSRs5V0BWZjGBtcV+GBrqPJ
G+bWcemmgKtvlOb/CPn6pTNiZxOHLmHVIXDxypWc8QETGScu/vfDCWIa+EO1ShjzlQTtKTlITvo1ZcuIouE9k5qRi9LbYvebqDBl3+Cxoe+0wcyq5wZnP2dFT1OZsAX9OkRRYdvKAN2LcyBTBwZkmbLz+tW1eYReurtJ3RRWpbEl+5ORtZV0BWZjGBtcV+GBrqPJ
DDOgsy39u8xjiykUTDVkyb9O0TBsn0ZKcAtAnn8NWi/h3kLUnHpOUDLSetGrM55nIz7H8oWWsNeIuuGGzVR2DVdN/Sr+oGRn/YoNGV4sWhEkdRXzMUkSV3l6naZABoIIwifH4krlpknSv2FeOgBG8MDHCDwB5kA=
