dp/9kPjigAQaHj1HTAOT5nH6/5p989rz67uDvf66SY00ovWcFYmKeB8bUZ4iJ3dtB9ErnciomtokhqozX8PDFLIldsC7Y37JP1MqQVIWeX75g7m1ke/HyFvB5KRPXcWyHuGVgz5vWX46pWwzJGnrAdriJEvXYYouOw27H0st7+gqObiTxidCL/+9sKPX
7NOnXgG62MowoqJy81VDaVp5Fz12WgZpbif5Yiwx3HUBntVYAtZXRWgirXmW2prIjc5c+q1VcRR30mvjPJDRBxxhjcegwdiCy9ab59Pl2ysFAKkVzoRlSbe6HOWfk9SLu1YI8SZzbj1ZqTgGzttd5QimSZkRv+H5HSDo/fLDrEMgB82puqPd
n4e5lHc5nTpxj5vADi+/A4Kyv/vqWHBJFt2Yh4RQRSQAQN7K/FbMDSBDbl8S8p2DzLmX14xsKEOLjuxChffnUUKUROtcytSA7lY7HXzSmREPf2TgmZ7oAgEVHSyDAv+LgHDNL2jRGR+MwfRaX2bvz88FZ0OR0F0tosTJsQPqCM1jM0jjj6YcqUrzguVN2QzuUnshzRx2/eG9fw3BaXB8FU6jsGvUt1nxlqPx
pKSsCTpvbVO1hxCkVvXjh40+I+tYXgbzYW/XnApbtjArHV4u8w5GBG4geuc4ZIWmypI+mBk9mN4RAUWm9ZmBn8yeiviNop2krYiUMrdnNNL3cnbPP357O31GUgPjP1NJE2yVe0yfgwKDZdIyG5gvdme4jFtHMwtjlf3jJltDo9o=
nifPL0a0ZW5r26Q5Kgo5bywjOaDQXSxEL2grbhvU2Qk5DybTWTaL4WIvNryzue6SO9On6JYkavsQUMXqkvZO5JGpOHKpxZV6HW2Bk9S6usTF9v3I1QwErh/T9B4vloYzN2pbF0UCAl+LS9PFi8glx4RLY+57YcIuM6xvOj/c/CfPp6vPLTkz+rO3o9Y=
fB3foLYoDZbzYe00P32qqSwjOaDQXSxEL2grbhvU2Qk5Hi7dXzmKs2IvNryzue6SO9Kn6JYkavsQUMXqkvZO5JGpOHKpxZV6HW2Bk9S6usTF9v3I1QwErh/T9B4vloYzN2pbF0UCAl+LS9PFi8glx4RLY+57YcIuM6xvOj/c/CfPp6vPLTkz+rO3o9Y=
deu5M7dgm3aIiuLxbXKx4Ela+JPq0QVekbo2aS5gehbmEaheLiFbHgxIy7GdlWtt+c78WkMjMZP5auwoGtZPtaCC1ek8H3P4la4UKlXVyUQ/8nMTFNC5l6SBRfe4wcCyAzYjd7ul89sdIOFFdgSdmf/aBNV3U3wbw/bAAT5zdk0RCcCWZps11RBGgclpP1kp1QDwjdoDRNOYZ4WZoqPF
BFTQeLKWMqVQXbIymmHgvHZ8EeSJQSxEJ2o9fE/Z0BdrDyCaDXjes2IvNryzue6SO9Cn6JYkavsQUMXqkvZO5JGpOHKpxZV6HW2Bk9S6usTF9v3I1QwErh/T9B4vloYzN2pbF0UCAl+LS9PFi8glx4RLY+57YcIuM6xvOj/c/CfPp6vPLTkz+rO3o9Y=
LHbUeFZFI/deA5VwdBguqyg7VbjcFyxELHUtex3Qw1l1DyXISDPes2IvNryzue6SO9en6JYkavsQUMXqkvZO5JGpOHKpxZV6HW2Bk9S6usTF9v3I1QwErh/T9B4vloYzN2pbF0UCAl+LS9PFi8glx4RLY+57YcIuM6xvOj/c/CfPp6vPLTkz+rO3o9Y=
+LD6WyoxzUK4stXXnAJIw1M5LVAtcdntqbUJHph3ERPXX0/yaoTMFpmZpprjJd2v9ZQjdvImQ7WfiNlqxX9S4F+bktkDWy5BVh5FbhV7XZW1t6u4B4kgZIuVGQKyufHjmtf17sYt6LOg4ZeRdlqAqzO5Jp5nRf9fD+UzGMbhnLOiXy4/w7W0o9M=
uqYzLLvrC3BcHdXt7WLHRWWOwf7EWghXTR1xivt3vve7TDEyls0mbfZ6f0M2XI+H157KjsIl9LJlTD5sNooFG6jkVU8dxJnvARVYACJKMWRNfklmbDC7cRT4w0w+nWMYC0H5yMqhT4mTg8eyfYmwmZMYp0vqcFfOTxwTxgTJ25W72VEzO8S3taPQ
kEPGnvG5X65zzritYfOxpTlbEW+h2Umn1cYwrqoIWdCGVtPN9LLBAfC+/5AhfuAyaZW13IsihzsYsPU/MHGRz6TB3IrXxrff98X/8+nwVd0KRKGBCwqwvfvzsPPXxpR5ovPqtcU51P4qO7k9pBb10VX/pbFhUISl1uOIewwX0aG+o9k=
gQ5LKazllFj6gUa98HZJ4N6j+veRHfyISa+LPSsYHoGd8LS98g3vEInV+QM9IL6rUjc2pIOhjsoLD2YwJnwKY6DIRXIibi68IXH4qpmd9WItdYGL5KLanPUuPRBlVGQ2r0t0hp8O5muHspvPdVpiR7tT09270EWftJOjNss5oraDNO+ij0Scf39/axcdYVPig6+jzg==
xSKgawpp6rN9QO/tE5LDEfSxexo2+Z7d5NrS3CAj0ENkkWSrlTpQwI5W290cUjnRLn5HIHkeiELhFT1sI4Jfy+BwLe8IUbnfrMHUmv/mjw8vBQcDMVD9bYLEKfFjaugNQzNoIy8mfGmq8+KlrVmsrnJ7AY189h0h3X8tAcnw3NWuo9ArNDf5sbaj0Q==
G4RX1B0sekRAn0xzXdEVuZcwLqm8vUKJhEQ9EogI5Y81ZyzPHxj6tlsr3J/0myg5tKlpuPH0s55CmgWBoBRAWqszqTQ2rJtcUuqZrf0ObJVihlijqSTFs+puZLVr19dk70r7Kgovy0PK/64AloudJFQYG5ZiI0aI0rEkfKBbNsRJ5xqNpVTaG2Xnr8lvp+zncEV4eLLW52XYYp3ZoF6KaF2OjNo9VeF0p5K7gywQIWfsIX2nUMEo4juWa4cjZctL1UB5dV6E9Wln+sxFjxPkK4sWuNGWc94d6WkIpv5bTUVYZhm5gb9xGU3guB3iQ9yjUMe9ScqjrQ==
rEwkVxrMfl17iTbw5NV5Nu35EqfIhf/njUmOhbOAhQ0T3dK13Ok+fD3tyxJndk+rAfVhO9qztigbVT5WY6eG3Z4oWt9oDAU+elreYAkV2IZhieUeJXGBh/zW6oAdCl18XYC0CucPtEpHupY3L1Y7Yw3O8rsz11NRIyT1A9w3Q9pzbfIKS/Cv7tdwbKNXG0s75XVDnouro8I=
LVaFYMSGlSzyY14j4O//TGBmCfWJSCxEL2grbhvU2Qk5DybTWTaLwWIvNryzue6SO9ql6ZYkavsQUMXqkvZO5JGpOHKpxZV6HW2Bk9S6usTF9v3I1QwErh/T9B4vloYzN2pbF0UCAl+LS9PFi8glx4RLY+57YcIuM6xvOj/c/CfPp6vPLTkz+rO3o9Y=
NRo/cfIeRgfOutJLcgf4dmzZjKCWMEZVQRpwlt53qf3vD3Rm06kmbfZ6f0M2XI+A0ZDKjsIl9LJlTD5sNooFG6jkVU8dxJnvARVYACJKMWRNfklmbDC7cRT4w0w+nWMYC0H5yMqhT4mTg8eyfYmwmZMYp0vqcFfOTxwTxgTJ25W72VEzO8S3taPQ
p2MAhvV7yIfD4UkBUB76Ka9z/8nLIY32RinOmXaOl6fmmEe38aTCitJBnMYlOFYIpg6NrwhQnYvNIHEbAeGw5PKO+dDtysHi/FTTBVSMqygumWssK3UxDBpFp30Tdy9WrU14rbMsr0/6FD+6D2h7opRNUyEbbZn36yBfQaMk
qGmAQiaZGP6sMLMdmHJ20uQVMSDMbxOixix4li0xCko//Q9JD2zfhh7Ol3VLIHXaecfmQAvDzolvM1pBInYpPkkjCTUBDxcIqyH0pF999fJOQQUDTg8pPmqFXDMUSTvBKgLUy0fBWu4LLasfW02fqHpZKBN2h/LvL11Aoyc=
KrmzO8qc0MBDnDItKTmClK1z/9jJN4n2RinOmXaOl6fmmEex8aTCitJBnMYlOFYIpg6NrwhQnYvNIHEbAeGw5PKO+dDtysHi/FTTBVSMqygumWssK3UxDBpFp30Tdy9WrU14rbMsr0/6FD+6D2h7opRNUyEbbZn36yBfQaMk
xKdoH3lbXi9tT9PgupDpauQVNzbQchOixix4li0xCko//QlJD2zfhh7Ol3VLIHXaecfmQAvDzolvM1pBInYpPkkjCTUBDxcIqyH0pF999fJOQQUDTg8pPmqFXDMUSTvBKgLUy0fBWu4LLasfW02fqHpZKBN2h/LvL11Aoyc=
h70ctMp0mmZAYcvvGfu1+uQVNiDCdxOixix4li0xCko//QpJD2zfhh7Ol3VLIHXaecfmQAvDzolvM1pBInYpPkkjCTUBDxcIqyH0pF999fJOQQUDTg8pPmqFXDMUSTvBKgLUy0fBWu4LLasfW02fqHpZKBN2h/LvL11Aoyc=
LdENio/b76V83S69DLZkrROhgKTp/Zl8uJmgsthVbCHxiqyBl5JJkp9rhvcewk4htMGe8Xbmxx9GALdeNo3ykrI5zG6lkIbwRha9h0g47RNtmKHzAQlgXFIWibit4vH6HKwDrdQk+1BOgVsE653BlLr99xUTH3/uDdWIRXMEn1eabG8Sj8CrWnRVYwlbBelvS5iPqaPM
Rqa338H9N2W+BYF1foWVfjNiZxOHLmHVIXDxypWc8QETGScu/vfDCWIa+EO1ShjzlQTtKTlITvo1ZcuIouE9k5qRi9LbYvebqDBl3+Cxoe+0wcyq5wZnP2dFT1OZsAX9OkRRYdvKAN2LcyBTBwZkmbLz+tW1eYReurtJ3RRWpbEl/pWRsZB0BWZjGBtcV+GBrqPJ
WF+2wjvldGDROmLASyS+WTNiZxOHLmHVIXDxypWc8QETGScu/vfDCWIa+EO1ShjzlQTtKTlITvo1ZcuIouE9k5qRi9LbYvebqDBl3+Cxoe+0wcyq5wZnP2dFT1OZsAX9OkRRYdvKAN2LcyBTBwZkmbLz+tW1eYReurtJ3RRWpbEl/5eRsJB0BWZjGBtcV+GBrqPJ
ItYpBv+TORf8t//qw5U9NTNiZxOHLmHVIXDxypWc8QETGScu/vfDCWIa+EO1ShjzlQTtKTlITvo1ZcuIouE9k5qRi9LbYvebqDBl3+Cxoe+0wcyq5wZnP2dFT1OZsAX9OkRRYdvKAN2LcyBTBwZkmbLz+tW1eYReurtJ3RRWpbEl8paRs5B0BWZjGBtcV+GBrqPJ
DDOgsy39u8xjiykUTDVkyb9O0TBsn0ZKcAtAnn8NWi/h3kLUnHpOUDLSetGrM55nIz7H8oWWsNeIuuGGzVR2DVdN/Sr+oGRn/YoNGV4sWhEkdRXzMUkSV3l6naZABoIIwifH4krlpknSv2FeOgBG8MDHCDwB5kA=
