3eh4KAaQUkY2FGaPfTinxXH6/5p989rz67uDvf66SY00ovWcFYmKeB8bUZ4iJ3dtB9ErnciomtokhqozX8PDFLIldsC7Y37JP1MqQVIWeX75g7m1ke/HyFvB5KRPXcWyHuGVgz5vWX46pWwzJGnrAdriJEvXYYouOw27H0wt7+gqMbiTxydCL/+9sbPU
AzEp8qT6A2AXkVikw14EB1p5Fz12WgZpbif5Yiwx3HUBntVYAtZXRWgirXmW2prIjc5c+q1VcRR30mvjPJDRBxxhjcegwdiCy9ab59Pl2ysFAKkVzoRlSbe6HOWfk9SLu1YI8SZzbj1ZqTgGzttd5QimSZkRv+b5HSDo9fLDrUMgB82pu7Pe
VrNhoZiuXyAKIBZbflI/FIKyv/vqWHBJFt2Yh4RQRSQAQN7K/FbMDSBDbl8S8p2DzLmX14xsKEOLjuxChffnUUKUROtcytSA7lY7HXzSmREPf2TgmZ7oAgEVHSyDAv+LgHDNL2jRGR+MwfRaX2bvz88FZ0OR0F0tosTJsQPqCM1jM0jjj6YcqUrzguVN2QzuUnshzRx2/eG9fwrBaXB8HU6jsWvUt1nxl7Py
1FKCYcZ/PxN9VB0PcJvg140+I+tYXgbzYW/XnApbtjArHV4u8w5GBG4geuc4ZIWmypI+mBk9mN4RAUWm9ZmBn8yeiviNop2krYiUMrdnNNL3cnbPP357O31GUgPjP1NJE2yVe0yfgwKDZdIyG5gvcWe4jFtPMwtilf3jJltCs9k=
/ZRIpkskz+K7KT7VswzyRywjOaDQXSxEL2grbhvU2Qk5DybTWTaL4WIvNryzue6SO9On6JYkavsQUMXqkvZO5JGpOHKpxZV6HW2Bk9S6usTF9v3I1QwErh/T9B4vloYzN2pbF0UCAl+LS9PFi8glx4RLY+57YcIuM6xvPT/c/CfHp6vOLTkz+rO2s9U=
KZIHPAWfTbhmlanOkB5hFiwjOaDQXSxEL2grbhvU2Qk5Hi7dXzmKs2IvNryzue6SO9Kn6JYkavsQUMXqkvZO5JGpOHKpxZV6HW2Bk9S6usTF9v3I1QwErh/T9B4vloYzN2pbF0UCAl+LS9PFi8glx4RLY+57YcIuM6xvPT/c/CfHp6vOLTkz+rO2s9U=
jV61tGDeYIcyIzf/hwpNfkla+JPq0QVekbo2aS5gehbmEaheLiFbHgxIy7GdlWtt+c78WkMjMZP5auwoGtZPtaCC1ek8H3P4la4UKlXVyUQ/8nMTFNC5l6SBRfe4wcCyAzYjd7ul89sdIOFFdgSdmf/aBNV3U3wbw/bAAT5zdk0RCcCWZps11RBGgclpP14p1QDwhdoDRdOYZ4WZo7PG
anMqkhvvosa4geDjjpX4nnZ8EeSJQSxEJ2o9fE/Z0BdrDyCaDXjes2IvNryzue6SO9Cn6JYkavsQUMXqkvZO5JGpOHKpxZV6HW2Bk9S6usTF9v3I1QwErh/T9B4vloYzN2pbF0UCAl+LS9PFi8glx4RLY+57YcIuM6xvPT/c/CfHp6vOLTkz+rO2s9U=
K8WHPb/Z8uvDgSUrURawfCg7VbjcFyxELHUtex3Qw1l1DyXISDPes2IvNryzue6SO9en6JYkavsQUMXqkvZO5JGpOHKpxZV6HW2Bk9S6usTF9v3I1QwErh/T9B4vloYzN2pbF0UCAl+LS9PFi8glx4RLY+57YcIuM6xvPT/c/CfHp6vOLTkz+rO2s9U=
kj3dVW6AuFbZHXHwSM/d9VM5LVAtcdntqbUJHph3ERPXX0/yaoTMFpmZpprjJd2v9ZQjdvImQ7WfiNlqxX9S4F+bktkDWy5BVh5FbhV7XZW1t6u4B4kgZIuVGQKyufHjmtf17sYt6LOg4ZeRdlqAqzO5Jp5nRf9fCOUzGMbpnLOjXy4/w7W1s9A=
13EMkUH3jHVvBJnKXj35jmWOwf7EWghXTR1xivt3vve7TDEyls0mbfZ6f0M2XI+H157KjsIl9LJlTD5sNooFG6jkVU8dxJnvARVYACJKMWRNfklmbDC7cRT4w0w+nWMYC0H5yMqhT4mTg8eyfYmwmZMYp0vqcFfOTxsTxgTJ05W72FEzO8S3tLPT
AffuSUXDX1ZbHj20W7I1KTlbEW+h2Umn1cYwrqoIWdCGVtPN9LLBAfC+/5AhfuAyaZW13IsihzsYsPU/MHGRz6TB3IrXxrff98X/8+nwVd0KRKGBCwqwvfvzsPPXxpR5ovPqtcU51P4qO7k9pBb10VX/orFhUISt1uOJewwX0aG/s9o=
zl2fC9AvOpLrdp3i6JJY3/Sxexo2+Z7d5NrS3CAj00NkkWSrlTpQwI5W290cUjnRLn5HIHkeiELhFT1sI4Jfy+BwLe8IUbnfrMHUmv/mjw8vBQcDMVD9bYLEKfFjaugNQzNoIy8mfGmq8+KlrVmsrnJ7AY189h0h3X8qAcnw3N2uo9ErNDf5sbez0g==
z7usQThiFyF3hORquGcmapcwLqm8vUKJhEQ9EogI5Y81ZyzPHxj6tlsr3J/0myg5tKlpuPH0s55CmgWBoBRAWqszqTQ2rJtcUuqZrf0ObJVihlijqSTFs+puZLVr19dk70r7Kgovy0PK/64AloudJFQYG5ZiI0aI0rEkfKBbNsRJ5xqNpVTaG2Xnr8lvp+zncEV4eLLW52XYYp3ZoF6KaF2OjNo9VeF0p5K7gywQIWfsIX2nUMEo4juWa4cjZctL1UB5dV6E9Wln+sxFjxPkK4sWuNGWc94d6WkIpv5bTUVYZhm5gb92GU3guBXiQ92jUMe9Scuzrg==
GG+cbwK4QbvsBUi7J/qr3O35EqfIhf/njUmOhbOAhQ0T3dK13Ok+fD3tyxJndk+rAfVhO9qztigbVT5WY6eG3Z4oWt9oDAU+elreYAkV2IZhieUeJXGBh/zW6oAdCl18XYC0CucPtEpHupY3L1Y7Yw3O8rsz11NRIyT1A9w3Q9pzbfIKS/Cv6ddwbKNfG0s65XVDnouqs8E=
rZdLjI3hyXw+3zlJ7Bn4QznGeL3FBSKz0In/44VVnnGL7KUp++Gi4QQlfjh1MRumH9qvT6mJ0a9CPzask8muIttLJnn2lKoLMEDF+rIGjlTxObjiSXXVCj19gYP0yvp0JWZ9WLW8xF4/w/QOD2ZGg1f624elskIvq1vT1au4ZXdk2+N+G9EC3hO8by0fLDyXpzcrXs2Jc4qTprPF
qakee9Grq3DnHhEIWyFu+ZaDssY6T56+Nl4Of2IH1hrsDWMtUEFqLnSasu6JB4LvC4lFN6YD8m1K7FiWDXFqyp895E4gLH8Gfo63davg1VoZh4ZAKwMuCc9zOkFCNom+qeMpNWFPd4gL4RSkfz2Vcu4BJQOuz4m+CsV8MzSJ20GKQrTLZwH6buvtix88DT8ompHIE1fHkm+PnaGzxA==
aIMCM9rF68AOo9oNc/YFtZVgCDhCoNEbOrncj//hgVuWa5f6tdvPn5oLKENeGpEfc5zj7N8dfVeJ5Y75du7XB2Z4h532y4IqUqFc5iUYFmgmrk1PCHDd602AsfsBAXBEcu658O0qAUJ8NJMlVKxryK45K0wrVfHsmuXnHRMXb/YtrbiNs0zv73r0/5oPTzvCFO2bwRtM2ZdrgJ+gs8c=
l9+ze202WT0bFHsdBYGi/GBmCfWJSCxEL2grbhvU2Qk5DybTWTaLwWIvNryzue6SO9ql6ZYkavsQUMXqkvZO5JGpOHKpxZV6HW2Bk9S6usTF9v3I1QwErh/T9B4vloYzN2pbF0UCAl+LS9PFi8glx4RLY+57YcIuM6xvPT/c/CfHp6vOLTkz+rO2s9U=
JU1fPEQC7Cn9Rrl/jWbvVmzZjKCWMEZVQRpwlt53qf3vD3Rm06kmbfZ6f0M2XI+A0ZDKjsIl9LJlTD5sNooFG6jkVU8dxJnvARVYACJKMWRNfklmbDC7cRT4w0w+nWMYC0H5yMqhT4mTg8eyfYmwmZMYp0vqcFfOTxsTxgTJ05W72FEzO8S3tLPT
sJ7Pd6cvCoVGuZvid9XLP69z/8nLIY32RinOmXaOl6fmmEe38aTCitJBnMYlOFYIpg6NrwhQnYvNIHEbAeGw5PKO+dDtysHi/FTTBVSMqygumWssK3UxDBpFp30Tdy9WrU14rbMsr0/6FD+6D297opRNWyEbbJn36yBfQLMn
VMkg2Fwt8tGQr7RZSvVT9uQVMSDMbxOixix4li0xCko//Q9JD2zfhh7Ol3VLIHXaecfmQAvDzolvM1pBInYpPkkjCTUBDxcIqyH0pF999fJOQQUDTg8pPmqFXDMUSTvBKgLUy0fBWu4LLasfXE2fqHpRKBN3h/LvL11BsyQ=
MjO95JOoR9sbAj57mrGsOa1z/9jJN4n2RinOmXaOl6fmmEex8aTCitJBnMYlOFYIpg6NrwhQnYvNIHEbAeGw5PKO+dDtysHi/FTTBVSMqygumWssK3UxDBpFp30Tdy9WrU14rbMsr0/6FD+6D297opRNWyEbbJn36yBfQLMn
4XggbBfTAUmlaTo0E4adHOQVNzbQchOixix4li0xCko//QlJD2zfhh7Ol3VLIHXaecfmQAvDzolvM1pBInYpPkkjCTUBDxcIqyH0pF999fJOQQUDTg8pPmqFXDMUSTvBKgLUy0fBWu4LLasfXE2fqHpRKBN3h/LvL11BsyQ=
VCpJE/FxlrOtI24wzVsQzeQVNiDCdxOixix4li0xCko//QpJD2zfhh7Ol3VLIHXaecfmQAvDzolvM1pBInYpPkkjCTUBDxcIqyH0pF999fJOQQUDTg8pPmqFXDMUSTvBKgLUy0fBWu4LLasfXE2fqHpRKBN3h/LvL11BsyQ=
7rR2baWuEZeYqbhrhc2qopRSde7NhJTq5cHV0aGdm0utix6o1OYTdGb4jEgK1l9VkMKFScac7JglbsQKJdX5pO+yA7OEUAn39EG116jB0JLz9nMXCyVje21gMaVGBO25Lxq0tefTjLuTtvDhLnNmLSHJEDYWG6U1oAbR6Zk8bkmFwAAlSoP1M0gn9bmzs9Y=
yNOaqsrL+BBcPuhsgwzwJxOvNB/H9nEMYTQqGOYO+AAofv17YztcQJvb7KK5mhKk/QrBWSSuE6CeVss9LBJJcZ792IApXthiERUNDHPCjytw8F2PuJFJ/7zBxLoPJj9vX4WX4+EQrQ2yxNnRMyq4rdOz2INfZkyJuvPyxZ2ZXA7C+5EtrDbNAa18GuEZMIy9PiMhy4R3iZGns8I=
JEDxPHW8zUIb8cfJEjVdF1A/hsxtcXzVZ+wELq8m/ij5dT8IMkEWd8W9sk7wzlX39K25JgZUt+xXu1mNX275LdMrcwJmz8zwrptH82ia6OMeEZzE6hNV15FcEKHckPFHfOFtB4DB+EIrVvun8+U7a2WACdXuhAUJVzq8pb+TNEsb1qgxxnMOffkpmEau230lqCYpWfG8xrm9oAg1ksONg8CHrembs/4=
JEDxPHW8zUIb8cfJEjVdF1A/hsxtcXzVZ+wELq8m/ij5dT8IMkEWd8W9sk7wzlX39K25JgZUt+xXu1mNX275LdMrcwJmz8zwrptH82ia6OMeEZzE6hNV15FcEKHckPFHfOFtB4DB+EIrVvun8+U7a2WACdXuhAUJVzq8pb+TNEsb1qgxxnMOffkpmEau230lqCYpWfG8xrm9oAg1ksONg8CHrembs/4=
NY9AH2M70FPgbYBLc2UTouXCx8TApoo7Dv7A4+Pp2DUe5mtjrj2BvGh4onoPWyMNWJJPFVP5GKn4G9CN4c7OmhzbcYeTp9wmVIvIQi3gwvirom2cy/t35AOiDZUk1SJKxpaXKaOyKxXOC0YdY3zVjqhVD28IEB1LzWDx2wEhMKTyTnmQ7QpBovyUU0VUTCtoLlnrbCu1sUwahSc9Ezevlq0N+G2zbC+P+lS/egsq+2OUDdvhGywZN+tg34Cz5w==
K5gAnMh6IrZ+G4cQ/PJnD0cMGbPNA013HCgUR3WSGYoqlr97/KOa0T6W9KJdyc42ohfVjAtYP988PRxUmX0oezZecKz4unhhOaB7QAAzSquY6i9QmNIn3ac8jUfJ/wFDVNFdt2FHQETCLEu6bfXE+219vGq4/Jjz2wvfZB79EuAfG1LZQ9vuQZaeBW7V+x2V9TdruEcJYGRLFVkCcjkx49pXNe4GraizYGHXkTbaQKtzOWaep8W/W81l8hiGaVyzY99uPwM19bOQ
IRH5mPmrA8OS825ZlJH5rxkJ/pai3AFF1aA9Uz1pLgzqDepKfRIEQFQrsJXf2Wtt8sz4Xg05YcOYPpwoGtZPtaCC1ek4H22glb1ZdEv93Hk/8nMTFNC5l6SBRfe4wcCyAzYjd7ul89sdIOFFdgSdmf/aBNV3U3wbw/bAAT5zdk0RCcCWZps11RBGgclpO1sp1ADwhdoDRdOYZ4WZo7PG
0XMD2oxiM0GIcrKyMYmilGy4jYSHhL48Ncwoa2kxfM6K4CT1qNyas3B+JdECLWKRikuTtaOHip484Hsb2Wislng1eKTJcg89GJ3QnkGgGe8ygV7RdsYHf8bg9zw0vOoyIdTSkI3le1DGtn2nSNgtc+144dMBKSC80nZJWK3CMVqcDMPN1MS78M4hGyTr/YF0Op03NRM/v46NNcglcyTf9xrML/KLomv79PWrKVvkKQ/LeM+Is+8=
3ISEeFTli827P0DVEIw3ICBQz2tr09hnhNT/8NrspTQCa/vrCYsYGstGObuCedl5iOHJycjvEms6JHsWmrb7NWcYccqdDxqgl0tqOStrNkFOLm2O7auV1f3H8xivGdjkMwVxYuoJOSNSB83Orl3ws7gRf7FOCsjrewn+fo/VR9t1dZq4HhlUc+sPVl/rha2zyA==
gYD3uuDXFoHcJs6c3VAlnZn2Kg1W7WlcFDFGCERNJTInykldUrwQCG95o+QZ9//w1Tv2J3M9InoSkbz2JQh2WOZ+7T+IwD07DfCR6wERUDQyPllAbVqhkrwE8zVUvIv47mmLvKvlkbxaFccNEwdPBu392D0zvE+/OsQfigtaW/PUPTuxm/w5Ryvwv7Cz1w==
O2hYqEvoq06qnyTjzSxC2xHwceNAc3KpuDEXxJ2rN7XGfkhz0iuOF6vpTj6fdbfaxRWKeO45BPPb78YfmyV9sxg=
vUeim0H6FWJz29JrfoVm9OX9Hq/Nsaz9g3TBlanJ5g9A5+6b7fwtbj6ojQ1xNQWrCeFqGLfq5g4veCQvZfjcg8IoQ84lEUM6eRzQewsV2IZhieUeJXGBh/zW6oAdCl18XYC0CucPtEpHupY3L1Y7Yw3O8rsz11NRIyT1A9w3Q9pzbfIKS/Cq7NdxbKNfG0s65XVDnouqs8E=
KKdpdpI6W7DzYhlYaCmJg+nX12u6PRI/nF9QL63dmqereXqjWzkW7kys5YNdlk+0GBfIB0NoQ0YWuH/ZYBO1eTrG4FI+R9DBtPnlBXaxJncySzK9M5SB0CVOBBOXRRisj5fcB/Zfo9jnknsDbBBh5ywhPSeQwehie5arB2Nli8sVQDn1HoQ16Sf6DMVPE6SrSxZ4UdZzHp2paUgmPlsNxRhm2TnBurOZjOD4lSJDHSMQx33Ji7Pu
BTiMlbkCmmIvVT6+FLx0WhkJ/pai3AFF1aA9Uz1pLgzqDepKfRIEQFQrsJXf2Wtt8sz4Xg05YcOYPpwoGtZPtaCC1ek4H22glb1ZdEv93Hk/8nMTFNC5l6SBRfe4wcCyAzYjd7ul89sdIOFFdgSdmf/aBNV3U3wbw/bAAT5zdk0RCcCWZps11RBGgclpOlsp1ADwhdoDRdOYZ4WZo7PG
TvmskKXaQLebT3D9lbEDa2y4jYSHhL48Ncwoa2kxfM6K4CT1qNyas3B+JdECLWKRikuTtaOHip484Hsb2Wislng1eKTJcg89GJ3QnkGgGe8ygV7RdsYHf8bg9zw0vOoyIdTSkI3le1DGtn2nSNgtc+144dMBKSC80nZJWK3CMVqcDMPN1MS78M4hGyTr/YF0Op03NRM/v46NNcglcyTf9xrML/KKomv79PWrKVvkKQ/LeM+Is+8=
vVdSQprQuA2qxjNNBMWlfOZM+ReVYOkMvIAjItoEl5iyIBfsOxGCUqmAWlWCWGMWDDUTthpODesFsaAQ2crfniXQ77ugzmPWeQemmB0B4OpexjW10P1L+7WT6MHjjL8O36olfCqHEVyx/26q/52c92ZSPtiZ/ZiekcFF5nVZgd9MXoq4DWKd5C1IlHI3pzSSd7J2j7++e3v9hlJDY/9TCZOslTvMX4NCA6XScptYKjTneYwbz/MLIhU942bbgrOZ
h7qqDS4HPpFljfiRTc4eK2I9m0ObkfTFws7qOFcx3peLiV4kXrbPHqeD61mFOUbDy7bDfG84V+UkgdxWY2V+vPI+gz6bkQKek/xqaJ9tPNcndyueTUlzShNmswU=
x2ZjF+h/dyJcmKpXAY/HfE4mKxY3c8f9s/AKPph6ERPaXyCUBO3bH+Hp3uDxfJj57cs8Yv9heqyOpNlqxX9S4F+bktkDWy5BVh5FbhV7XZW1t6u4B4kgZIuVGQKyufHjmtf17sYt6LOg4ZeRdlqAqzO5Jp5nRf9aDeUyGMbpnLOjXy4/w7W1s9A=
I2UNu/QO3i8yaZGKVpKfs3H16IF45svO67uDvf28SY00ovXzfueMBHhlX59lYSJwXcQ8mYmTkNIjqb5sSuyFGqkndsC7Y37JP1MqQVIWeX75g7m1ke/HyFvB5KRPXcWyHuGVgz5vWX46pWwzJGnrAdriJEvXYYouOw27Gkkt7ugqMbiTxydCL/+9sbPU
KKdpdpI6W7DzYhlYaCmJg+nX12u6PRI/nF9QL63dmqereXqjWzkW7kys5YNdlk+0GBfIB0NoQ0YWuH/ZYBO1eTrG4FI+R9DBtPnlBXaxJncySzK9M5SB0CVOBBOXRRisj5fcB/Zfo9jnknsDbBBh5ywhPSeQwehie5arB2Nli8sVQDn1HoQ16Sf6DMVPE6SrSxZ4UdZzHp2paUgmPlsNxRhm2TnBurOZjOD4lSJDHSMQx33Ji7Pu
BmBwM8m4w4s1tQmdQCNf5zZmA/GJSGVeJXQtbA7a+Vk0SmuXDRe43Qs4P8TDwZSAYpPx8Mk7fvZXadz7vvZO5JGpOHKpxZV6HW2Bk9S6usTF9v3I1QwErh/T9B4vloYzN2pbF0UCAl+LS9PFi8glx4RLY+57YcIuM6xqOD/d/CfHp6vOLTkz+rO2s9U=
JZzGvrXYJLFyGxQ6bwkf1VA/iMRpL3nSertQIeBf3wDDXQwnAWgWdsn8/Um13Uzg6ay5Lwkdt+hbhRbmX2P0Q84sanF138/1sNgf4DaJo9cyWrH99ExA+NdSC6PckPFHfOFtB4DB+EIrVvun8+U7a2WACdXuhAUJVzq8pb+TNEsb1qgxxnMOffkpmEau230lqCYpWfG6w7m8oAg1ksONg8CHrembs/4=
/jnjjImszDHF/3CAdTcrK3iXKlYwZ3Qd4H0BOwNXxo+0eGlPGR2nyAtFxkbP4wTjvuyaUQXfP9XAmO9ARgkzd2IaYd3kTFAYhxLbQ0wQQafMoV3nsMHIohsWS0dDZauLtcBZNf6EFSmHeuwFLxNE6+uW2BE2c35dCeno5l5b7YV45nl54brT2WxgWFUCQz3jcEediauzzg==
Yp6O3OVoGgCZO/d590i5Tx9RJG9tAIgxV8UgQbC2o45TK3s9RSwxLZxyPTM2l+QkYJVHn30ROlC1NPTZwcM4cts5BuwyfD36Qfc+gPNTViknYzJBSiZhntGz8fXZPy8o41GcJPfNPRK2sd3D9p+xXiLVdDM8mfMhspJsix+xIo5DnQOasb1WiEJhcFMPF2pP542ps8w=
eSgQKZlVA6V8/BSsm865TCYziATcsfy14eDQY1E31oqTlEAPOuvCCKCgv1OUcUmK3L7RR2B9Duk+jd5WYG5wvPYmjz6bkQKek/xqaJ9tPNcndyueTUlzShNmswU=
fze0YY0SUVFId9uX0oet9tFOOuPan5Pj59uB36Gd31ijpR72h6NMM0bMsiEd3ycl6LiXEI7J+8c6eslNHMzoiO+yA7OEUAn39EG116jB0JLz9nMXCyVje21gMaVGBO25Lxq0tefTjLuTtvDhLnNmLSHJEDYWG6U1oAbR6Zk6a0mEwAAlSoP1M0gn9bmzs9Y=
QHKoV4USu6dwyYC4teG3Qi4Qjiw/xt98gMn/tJ/jv30BZP3dQMpZU5IPGLTsHcMf+Zm2wMmsUDkle2QCl/HCLHY0ccqdDxqgl0tqOStrNkFOLm2O7auV1f3H8xivGdjkMwVxYuoJOSNSB83Orl3ws7gRf7FOCsjrewn+fo/VR9p1dZq4HhlUc+sPVl/rha2zyA==
GESVaxSnLb+OXR7GMGV31oK16emBCr63CLnWJyoeP8aV7K30vkKZAYSSq089T9jFOyA/3PPZ9NhSSzEoeWMebufxXGMObi68IXH4qpmd9WItdYGL5KLanPUuPRBlVGQ2r0t0hp8O5muHspvPdVpiR7tT09270EWftJOjNss5oraDNOqgj0Wcf3d/axYdYVPig66zzQ==
QyYSiPwX/DOQ/3DD2dXfIKLklg29t1lrtj1ACAcocc7NkpJoYd+wwPt54bUQi39i/xo/E6ymBvnB/sU5dsBDE/zFYgSWItXjaNwFJ33sqfcBDWgoQiJhXI2Gmc7MWMvplGAzpJ41M2BLeSkgKol/kZOb95qdYWCh02D340qYp1bKhmOvpGEDbXvgAVtb7Iess8s=
jfNwDdB3O47fo0wkiVpbjvctNglVOD0TPI8UR9ypi1QRI7M1QvbE406zandPkbJOUz1zmgFdRkjSASDT//faD5ctebMc
N5VwhF5c4UsxY7GWK4AiVfctNglVOD0TPIsWSdypi1QRI7M1QvbE406zandPkbJOUz1zmgFdRkjSASDT//faD5ctebMc
vUeim0H6FWJz29JrfoVm9OX9Hq/Nsaz9g3TBlanJ5g9A5+6b7fwtbj6ojQ1xNQWrCeFqGLfq5g4veCQvZfjcg8IoQ84lEUM6eRzQewsV2IZhieUeJXGBh/zW6oAdCl18XYC0CucPtEpHupY3L1Y7Yw3O8rsz11NRIyT1A9w3Q9pzbfIKS/Cq7NdxbKNfG0s65XVDnouqs8E=
xwqq2tmIkv8wU/G21toCodG70I+EsA6KxURPr7Y22NeUzQh2D/EfrTqQ13MKqEeGytYDn2TxIx370OHLG5wnfLMb
YnkCOtk/t15FeKTEv0YKmZtYPfnBkJTgpMbEyIDU3lWlrx72h6NMM0bMsiEd3ycl6LiXEI7J+8c6eslNHMzoiO+yA7OEUAn39EG116jB0JLz9nMXCyVje21gMaVGBO25Lxq0tefTjLuTtvDhLnNmLSHJEDYWG6U1oAbR6Zk6a0mEwAAlSoP1M0gn9bmzs9Y=
vVdSQprQuA2qxjNNBMWlfOZM+ReVYOkMvIAjItoEl5iyIBfsOxGCUqmAWlWCWGMWDDUTthpODesFsaAQ2crfniXQ77ugzmPWeQemmB0B4OpexjW10P1L+7WT6MHjjL8O36olfCqHEVyx/26q/52c92ZSPtiZ/ZiekcFF5nVZgd9MXoq4DWKd5C1IlHI3pzSSd7J2j7++e3v9hlJDY/9TCZOslTvMX4NCA6XScptYKjTneYwbz/MLIhU942bbgrOZ
Ju1Wtx4wPSdlwwEu/2/AeMXSv8VuqDuPLvJWn+ygiqqbCw89AXrzNn5kkk3zk+wsEFHYOEAeVdtPl9hFYkNk8pJrCbKoWt/OJLZmp0x9BYSIPi/JJ1ezhhXPBbbKVhbkNZA7qbqO7Jrnv60NEpmMeeSFHqQhtKaU5pHqITUaLfAdrPovacKQFSwax7fWoQ0Y093wkbaeN7/OD6ca7A546t1YFCotnnK98T2K9bSKwWc7Db/SIGJhOx+ES6IMv5V0XpbQY/UV1zGUODOuLGbQJdVRCsnAtge+e8W3KiQS4dxMFBB15v5QCNWnPFYSeJ3ko/ww5F8RXXHvPllnP3bLWcwfWroPBXP1uI5Qj1xYEX9jF5U8J9fYT6Cat/Dx1pBDXyyiqVfPCQPcASWXyTeYRJrc45qVpUw7ZU0kCpDs4HNjGzfEhg0aoJdLajkrazZBTi5tju2rldX9x/MYrxnY5DMFcWLqCTkjUgfNzq5d8LO4EX+xTgrI63sJ/n6P1UfZdXWauB4ZVHPrD1Zf64Wts8g=
siphyb0mjbgyjVB4fyGr6qo9pxtdZByMIgl2gUzlLbWC1Xolg7hgHyhvku8BjSGIq1hHPzz4U1PgHoV/h54pjjRNl6wLWlGTf66WGWSRawU7RkRN9OCdVgkIbvhtospT4IV0gApELTsAZyJ6zTqh+38vGYEvsVDwCv3cq1Mt/QxMXsDIViULCKy7DdEI8Lvfpw4Y1tf/hYeAzJfjbcAmNfiruqgCK+7sUDnFrI9dGR0sosee51BmsRz6s5IGzD51KSaEyyxPB1S7POkpakTi5aATZZAbRR0xaDzWFueQ1j0k8sx5Du9x5/BbMMhVK3p7Hr4ERtYfkA4vhrkifB47hqA46ZllBR7u69htxRznA9Xekv/mnRqolkmj5w14UEyooMOTqvYd7RaBwvsBM3L74BF7ZL+2jK6EW1czaE8jFmn60wN2ISggpyNx+KqZnfViLXWBi+Si2pz1Lj0QZVRkNq9LdIafDuZrh7Kbz3VaYke7U9Pdu9BFn7STozbLOaK2gzTpoI9FnH93f2sWHWFT4oOus80=
qbqmzU0pgdD3fo9IljMc5WZpaBfsBcG+mNkBWKbss2o5iSFXj2L95qAf+WVFJb3dFYfeZzWRLYDyflQ45Rsae2SBZLdf5Xgmn3jEWTI353mHNwENGOakp68wMv0C2ASycH8KEbMEPlJpETFb1bbTY5MubJoghAOcHfHsImoqgfN7FRT1urlS6Zg89/jApOC9vHmTlpuQq2DcN3/uVqVKllFvkM07GOWxtkkgElEPCCOxAsrCzopr1LJye7J0jZdxXG0y5nenDWG5yvYuB4uZKB36KrOjFGhadvtjuREB8jQldmoKZqVjPUwR1rphjr1pIbKC3te8ehg2LbBS1riz6+pOFBSrJBWQtnyJXTtB6RIPP5n6fTl603yiGSm1Rd4CxlcaNCd/VXvT5LFbvv9mtqHo1xomI+mgBPEB4w8zuk3zD09bLoSssOWCQ+kqi+PhclK24NYTVdeRXBCh3JDxR3zhbQeAwfhCK1b7p/PlO2tlgAnV7oQFCVc6vKW/kzRLG9aoMcZzDn35KZhGrtt9JagmKVnxucO5vKAINZLDjYPAh63pm7P+
Dk8movQYb6F8afbElhwguo3I6O7gGZlFM7RWyt0UbjWz7gC2nlnnf2xjpXaq1ZENHoUouf335cc/O4GV6Xz4omixNUcUtYeXkDMsOOZd5S4PMuNSv+m2+2kSfOk3exDD9DW7SVNyRHGMpG36gZyOJDXG2l/I8bR8ssCd18gzAmbVHvE3l5uZPdd1INwC6bz3i8ltgOSqgLRuITtk5G+tTZBUa5PPOhjqr7t1KwhYdz81pDY50N96VLqvXgCYbeWwl3lJ0cQWRyIflBadFO7Tzt4orvmB0sS3FEs3OPPoSbXy4DKpyCdlrGMB7Z3gqDbKv/TGMQyGDIW2a8ELOA8Q1E0PKrf2CoT6LtvgIieS2X6k+qsKCMyp5V0BLoKjDM1ZhEPTmbam/9rlXlg6wTcH0SA0XKSIt1NWTpld+kmW2x0rVqss+c/kA05I3qhTQ1M0l8eG5VInQwoZLBDLa6VYNgE5JS5FQYG3nOYqMH263cw9MHQ6hz+0eieKVodP5rvTbX4yi1PnU2FDFDWzvIfDahPdMjorwKnct0GsEz+ry4qFxYOu65qz8Q==
Dk8movQYb6F8afbElhwguo3I6O7gGZlFM7RWyt0UbjWz7gC2nlnnf2xjpXaq1ZENHoUouf335cc/O4GV6Xz4omixNUcUtYeXkDMsOOZd5S4PMuNSv+m2+2kSfOk3exDD9DW7SVNyRHGMpG36gZyOJDXG2l/I8bR8ssCd18gzAmbVHvE3l5uZPdd1INwC6bz3i8ltgOSqgLRuITtk5G+tTZBUa5PPOhjqr7t1KwhYdz81pDY50N96VLqvXgCYbeWwl3lJ0cQWRyIflBadFO7Tzt4orvmB0sS3FEs3OPPoSbXy4DKpyCdlrGMB7Z3gqDbKv/TGMQyGDIW2a8ELOA8Q1E0PKrf2CoT6LtvgIieS2X6k+qsKCMyp5V0BLoKjDM1ZhEPTmbam/9rlXlg6wTcH0SA0XKSIt1NWTpld+kmW2x0rVqss+c/kA05I3qhTQ1M0l8eG5VInQwoZLBDLa6VYNgE5JS5FQYG3nOYqMH263cw9MHQ6hz+0eieKVodP5rvTbX4yi1PnU2FDFDWzvIfDahPdMjorwKnct0GsEz+ry4qFxYOu65qz8Q==
sqoE+FCfpJbSl93hNxTY2LJjNC3i6qW/5dDqZOpCFRt+feMfJjyleKBtPW7Xj/Cpr8IES/b2V6Va+iH/Dmh2DJjnK8IbqieLMBTjM6LnFQAPhh2TA5Fr5d7jpfPEx2AGNSRF1r7CCbTSUdzrVKr+gmVprJmS4EmMWVkjYdlL+5c4wgbjzNF3+yVOMPAgIuKjg5pABX2LzAaDvbsAGNzDma11TJLHWYlWvrdERRoCdm0mPnxH9baLa2E/8GyH1LP2jgOQZCNooppmt9UI5KEYSQ9G1wIZ8y4yWgc8neUaj6O1QyTiBiyDhs4/GJzsU/opObVcpYBS0Z2C2ULwxIwCOfg8I5ipWFjI48Tclglz0YOWfAdmHZ/YETu3wpz/7Il8gGSF/be3nMbUKhwtMwCCWyXErbzLGzdEg8LNtST14ipGNtfJo5LrdU6rBv1jHBUuKLVPTwhw3etNgLH7AQFwRHLuufDtKgFCfDSTJVSsa8iuOStMK1Xx7Jrl5x0TF2/2La24jbNM7+969P+aCUo7wxTtm8EbTNmXa4CfoLPH
aKkdD+IvWcU00rKE/rQZ5Mh6o6hnuKqpwATC5ywZJS9gcwSNZIgMaF03Of9P9SuViWPmKCPBMtGUWlqWFdk2+l5cY+3hPJuizhvRsF6631mTrXO0wmL+byCu7E1euVBBUPuW5KuiB8lQ+iewwGLPXQ/M22PD7zmDDGHV19mXKEQqfPNa5UUcu1VttEpgjDBzs7sHBBbtaiDHa9p5OwvGQb5Ofc5di8VVjSdj2J+5COTjZYEieikJowLnvQ6+/UCzCLFv8b5qGGtLKW6+/zUX2SXVqviOeaTzOy/mn/tl3bO4
wLFfFlEtcIt8NhtJTbwxok6Snp7Dn5E0LaTSxDhaaqOpGpChThMggbRxt4InLN8Ht6R77As2hVCJEcGNU2WYvvKGwEfRO8pn8Xrc81RwKSJfwMB3lEkXmVRXMeNH78HReRVgLiSAQdlwrDxN7EDNnl5I91Z5rhuV+05LRAm35EveEP6A4/sTPMdf5g0i38PCCfSwY1udmL7RIcVGtTmB/wy+ChjNAp3EbagU0vfHNLI3UvYvf957W71m0uOjn1Mp00wVmww/g2JDRVLSWzgpFKeZDLsPkwsCVd1jxhvis7k=
XClkX+bMkUST49MIxrKCEf3gzraD0paY4cp1QPCS2PdmnJlFITn0ovODfCe1+rZS/UrHdXkvo3UIbkDPrPhBfzO3ZXw3N2jPcLrHMGCir10vjDDmZC9ZgywhNVd5V0hEyjxT2oWFPLu1LRTKAEwQc1P7p4R2LUogJyt6+VvL5kGejh1O/cslVa3nA1g/+ejkw6Xhotpp6aMiJ92OHr2gs2hxz3FeKjhrK+nOPh91N9lFFQp4bjmE81vvRh8bJf2zmA==
Exm0xIwobKiSusu0XXCz4J1V23Bq2Cejqn0Lnd7i/B2+f5H78Tth1Bw77frLsBL6att163BontnCk0B10ATEL/BjZEOWZTuR0ZF7l//XXbwGN5ukg1D4HT9cxaPHzwh12c0z1cHXdQd4MADqcS9M7nSCLBWzOLLzjuj9JIsDZ6zjKr1NJA2Swibeh9HjCrtd7gM2xeMkJYaInZ/XyGgNg63oQYMBeYAskoZp6C2y0WrcnKMd1JRbYA4Re9RrTaEE+g2X5RPvHx5NReiV89S/x9pcz6KJcgtrtMVLWdtUCf+L6G/Ys78=
M1ohPcjKZF+qqbZp32bYIJ1V23Bq2Cejqn0Lnd7i/B2+f5H78Tth1Bw77frLsBL6att163BontnFkUB10ATEL/BjZUOWZTuR0ZF7l//XXbwGN5ukg1D4HT9cxaPHzwh12c0z1cHXdQd4MADqcS9M7nSCLBWzOLLzjuj9JIsDZ6zjKr1NJA2Swibeh9HjCrtd7gM2xeMkJYaInZ/XyGgNg63oQYMBeYAskoZp6C2y0WrcnKMd1JRbYA4Re9RrTaEE+g2X5RPvHx5NReiV89S/x9pcz6KJcgtrtMVLWdtUCf+L6G/Ys78=
6JgqetSfrxsJ51hYjlnOk51V23Bq2Cejqn0Lnd7i/B2+f5H78Tth1Bw77frLsBL6att163BontnCk0B10ATEL/BjakOWZTuR0ZF7l//XXbwGN5ukg1D4HT9cxaPHzwh12c0z1cHXdQd4MADqcS9M7nSCLBWzOLLzjuj9JIsDZ6zjKr1NJA2Swibeh9HjCrtd7gM2xeMkJYaInZ/XyGgNg63oQYMBeYAskoZp6C2y0WrcnKMd1JRbYA4Re9RrTaEE+g2X5RPvHx5NReiV89S/x9pcz6KJcgtrtMVLWdtUCf+L6G/Ys78=
LLeQ/IKKcxbLpmV9xtcyrJ1V23Bq2Cejqn0Lnd7i/B2+f5H78Tth1Bw77frLsBL6att163BontnFkUB10ATEL/Bja0OWZTuR0ZF7l//XXbwGN5ukg1D4HT9cxaPHzwh12c0z1cHXdQd4MADqcS9M7nSCLBWzOLLzjuj9JIsDZ6zjKr1NJA2Swibeh9HjCrtd7gM2xeMkJYaInZ/XyGgNg63oQYMBeYAskoZp6C2y0WrcnKMd1JRbYA4Re9RrTaEE+g2X5RPvHx5NReiV89S/x9pcz6KJcgtrtMVLWdtUCf+L6G/Ys78=
gkY6KIkdaFsE05Sj8vH1IJ1V23Bq2Cejqn0Lnd7i/B2+f5H78Tth1Bw77frLsBL6att163BontnCk0B10ATEL/BjaEOWZTuR0ZF7l//XXbwGN5ukg1D4HT9cxaPHzwh12c0z1cHXdQd4MADqcS9M7nSCLBWzOLLzjuj9JIsDZ6zjKr1NJA2Swibeh9HjCrtd7gM2xeMkJYaInZ/XyGgNg63oQYMBeYAskoZp6C2y0WrcnKMd1JRbYA4Re9RrTaEE+g2X5RPvHx5NReiV89S/x9pcz6KJcgtrtMVLWdtUCf+L6G/Ys78=
PuaDW1rK5Ss0Ytjg1n9FRJ1V23Bq2Cejqn0Lnd7i/B2+f5H78Tth1Bw77frLsBL6att163BontnFkUB10ATEL/BjaUOWZTuR0ZF7l//XXbwGN5ukg1D4HT9cxaPHzwh12c0z1cHXdQd4MADqcS9M7nSCLBWzOLLzjuj9JIsDZ6zjKr1NJA2Swibeh9HjCrtd7gM2xeMkJYaInZ/XyGgNg63oQYMBeYAskoZp6C2y0WrcnKMd1JRbYA4Re9RrTaEE+g2X5RPvHx5NReiV89S/x9pcz6KJcgtrtMVLWdtUCf+L6G/Ys78=
M6gau7bvT3q6ytcffIy5a51V23Bq2Cejqn0Lnd7i/B2+f5H78Tth1Bw77frLsBL6att163BontnCk0B10ATEL/BjbkOWZTuR0ZF7l//XXbwGN5ukg1D4HT9cxaPHzwh12c0z1cHXdQd4MADqcS9M7nSCLBWzOLLzjuj9JIsDZ6zjKr1NJA2Swibeh9HjCrtd7gM2xeMkJYaInZ/XyGgNg63oQYMBeYAskoZp6C2y0WrcnKMd1JRbYA4Re9RrTaEE+g2X5RPvHx5NReiV89S/x9pcz6KJcgtrtMVLWdtUCf+L6G/Ys78=
t170JXnBRjiuB3thROp4t51V23Bq2Cejqn0Lnd7i/B2+f5H78Tth1Bw77frLsBL6att163BontnFkUB10ATEL/Bjb0OWZTuR0ZF7l//XXbwGN5ukg1D4HT9cxaPHzwh12c0z1cHXdQd4MADqcS9M7nSCLBWzOLLzjuj9JIsDZ6zjKr1NJA2Swibeh9HjCrtd7gM2xeMkJYaInZ/XyGgNg63oQYMBeYAskoZp6C2y0WrcnKMd1JRbYA4Re9RrTaEE+g2X5RPvHx5NReiV89S/x9pcz6KJcgtrtMVLWdtUCf+L6G/Ys78=
HTKtIjY/+A0wE0Ce6Qr5PJ1V23Bq2Cejqn0Lnd7i/B2+f5H78Tth1Bw77frLsBL6att163BontnCk0B10ATEL/BjbEOWZTuR0ZF7l//XXbwGN5ukg1D4HT9cxaPHzwh12c0z1cHXdQd4MADqcS9M7nSCLBWzOLLzjuj9JIsDZ6zjKr1NJA2Swibeh9HjCrtd7gM2xeMkJYaInZ/XyGgNg63oQYMBeYAskoZp6C2y0WrcnKMd1JRbYA4Re9RrTaEE+g2X5RPvHx5NReiV89S/x9pcz6KJcgtrtMVLWdtUCf+L6G/Ys78=
YThX6keLPCJ3wWEWpDemvp1V23Bq2Cejqn0Lnd7i/B2+f5H78Tth1Bw77frLsBL6att163BontnFkUB10ATEL/BjbUOWZTuR0ZF7l//XXbwGN5ukg1D4HT9cxaPHzwh12c0z1cHXdQd4MADqcS9M7nSCLBWzOLLzjuj9JIsDZ6zjKr1NJA2Swibeh9HjCrtd7gM2xeMkJYaInZ/XyGgNg63oQYMBeYAskoZp6C2y0WrcnKMd1JRbYA4Re9RrTaEE+g2X5RPvHx5NReiV89S/x9pcz6KJcgtrtMVLWdtUCf+L6G/Ys78=
/IoWIFeYudJmXA65yqGvYJ1V23Bq2Cejqn0Lnd7i/B2+f5H78Tth1Bw77frLsBL6att163BontnCk0B10ATEL/BjZEKWZTuR0ZF7l//XXbwGN5ukg1D4HT9cxaPHzwh12c0z1cHXdQd4MADqcS9M7nSCLBWzOLLzjuj9JIsDZ6zjKr1NJA2Swibeh9HjCrtd7gM2xeMkJYaInZ/XyGgNg63oQYMBeYAskoZp6C2y0WrcnKMd1JRbYA4Re9RrTaEE+g2X5RPvHx5NReiV89S/x9pcz6KJcgtrtMVLWdtUCf+L6G/Ys78=
CosMDuhrn5ZFg1LZ3FCIpp1V23Bq2Cejqn0Lnd7i/B2+f5H78Tth1Bw77frLsBL6att163BontnFkUB10ATEL/BjZUKWZTuR0ZF7l//XXbwGN5ukg1D4HT9cxaPHzwh12c0z1cHXdQd4MADqcS9M7nSCLBWzOLLzjuj9JIsDZ6zjKr1NJA2Swibeh9HjCrtd7gM2xeMkJYaInZ/XyGgNg63oQYMBeYAskoZp6C2y0WrcnKMd1JRbYA4Re9RrTaEE+g2X5RPvHx5NReiV89S/x9pcz6KJcgtrtMVLWdtUCf+L6G/Ys78=
FSW0pEjTd1HytzOz6/rmxp1V23Bq2Cejqn0Lnd7i/B2+f5H78Tth1Bw77frLsBL6att163BontnCk0B10ATEL/BjakKWZTuR0ZF7l//XXbwGN5ukg1D4HT9cxaPHzwh12c0z1cHXdQd4MADqcS9M7nSCLBWzOLLzjuj9JIsDZ6zjKr1NJA2Swibeh9HjCrtd7gM2xeMkJYaInZ/XyGgNg63oQYMBeYAskoZp6C2y0WrcnKMd1JRbYA4Re9RrTaEE+g2X5RPvHx5NReiV89S/x9pcz6KJcgtrtMVLWdtUCf+L6G/Ys78=
tZWxmri1UOXIVNtj3s8KU51V23Bq2Cejqn0Lnd7i/B2+f5H78Tth1Bw77frLsBL6att163BontnFkUB10ATEL/Bja0KWZTuR0ZF7l//XXbwGN5ukg1D4HT9cxaPHzwh12c0z1cHXdQd4MADqcS9M7nSCLBWzOLLzjuj9JIsDZ6zjKr1NJA2Swibeh9HjCrtd7gM2xeMkJYaInZ/XyGgNg63oQYMBeYAskoZp6C2y0WrcnKMd1JRbYA4Re9RrTaEE+g2X5RPvHx5NReiV89S/x9pcz6KJcgtrtMVLWdtUCf+L6G/Ys78=
4jUQuPnFIUxUnB2Bk6BM4J1V23Bq2Cejqn0Lnd7i/B2+f5H78Tth1Bw77frLsBL6att163BontnCk0B10ATEL/BjaEKWZTuR0ZF7l//XXbwGN5ukg1D4HT9cxaPHzwh12c0z1cHXdQd4MADqcS9M7nSCLBWzOLLzjuj9JIsDZ6zjKr1NJA2Swibeh9HjCrtd7gM2xeMkJYaInZ/XyGgNg63oQYMBeYAskoZp6C2y0WrcnKMd1JRbYA4Re9RrTaEE+g2X5RPvHx5NReiV89S/x9pcz6KJcgtrtMVLWdtUCf+L6G/Ys78=
89rrjRwgr5HitEYLwNbHAZ1V23Bq2Cejqn0Lnd7i/B2+f5H78Tth1Bw77frLsBL6att163BontnFkUB10ATEL/BjaUKWZTuR0ZF7l//XXbwGN5ukg1D4HT9cxaPHzwh12c0z1cHXdQd4MADqcS9M7nSCLBWzOLLzjuj9JIsDZ6zjKr1NJA2Swibeh9HjCrtd7gM2xeMkJYaInZ/XyGgNg63oQYMBeYAskoZp6C2y0WrcnKMd1JRbYA4Re9RrTaEE+g2X5RPvHx5NReiV89S/x9pcz6KJcgtrtMVLWdtUCf+L6G/Ys78=
YsWLFXXgDYD1LED/or1O351V23Bq2Cejqn0Lnd7i/B2+f5H78Tth1Bw77frLsBL6att163BontnCk0B10ATEL/BjbkKWZTuR0ZF7l//XXbwGN5ukg1D4HT9cxaPHzwh12c0z1cHXdQd4MADqcS9M7nSCLBWzOLLzjuj9JIsDZ6zjKr1NJA2Swibeh9HjCrtd7gM2xeMkJYaInZ/XyGgNg63oQYMBeYAskoZp6C2y0WrcnKMd1JRbYA4Re9RrTaEE+g2X5RPvHx5NReiV89S/x9pcz6KJcgtrtMVLWdtUCf+L6G/Ys78=
6M3Hxav91jwihWEBmj/paJ1V23Bq2Cejqn0Lnd7i/B2+f5H78Tth1Bw77frLsBL6att163BontnFkUB10ATEL/Bjb0KWZTuR0ZF7l//XXbwGN5ukg1D4HT9cxaPHzwh12c0z1cHXdQd4MADqcS9M7nSCLBWzOLLzjuj9JIsDZ6zjKr1NJA2Swibeh9HjCrtd7gM2xeMkJYaInZ/XyGgNg63oQYMBeYAskoZp6C2y0WrcnKMd1JRbYA4Re9RrTaEE+g2X5RPvHx5NReiV89S/x9pcz6KJcgtrtMVLWdtUCf+L6G/Ys78=
RYOPTwe/ZTCDUygKspM5751V23Bq2Cejqn0Lnd7i/B2+f5H78Tth1Bw77frLsBL6att163BontnCk0B10ATEL/BjbEKWZTuR0ZF7l//XXbwGN5ukg1D4HT9cxaPHzwh12c0z1cHXdQd4MADqcS9M7nSCLBWzOLLzjuj9JIsDZ6zjKr1NJA2Swibeh9HjCrtd7gM2xeMkJYaInZ/XyGgNg63oQYMBeYAskoZp6C2y0WrcnKMd1JRbYA4Re9RrTaEE+g2X5RPvHx5NReiV89S/x9pcz6KJcgtrtMVLWdtUCf+L6G/Ys78=
LbKXsPvaY4DrqXEhe/gFt51V23Bq2Cejqn0Lnd7i/B2+f5H78Tth1Bw77frLsBL6att163BontnFkUB10ATEL/BjbUKWZTuR0ZF7l//XXbwGN5ukg1D4HT9cxaPHzwh12c0z1cHXdQd4MADqcS9M7nSCLBWzOLLzjuj9JIsDZ6zjKr1NJA2Swibeh9HjCrtd7gM2xeMkJYaInZ/XyGgNg63oQYMBeYAskoZp6C2y0WrcnKMd1JRbYA4Re9RrTaEE+g2X5RPvHx5NReiV89S/x9pcz6KJcgtrtMVLWdtUCf+L6G/Ys78=
F7g0S67xqmvRjx5RuxuxAFOs+N9hxj0QH651Soy0pjmNPA3vs5Eh7PNZA6fPO3wdKHFancojp7ywZFadM7pMfnckMqpJlAd66fQxWK/C6KNgTqFvmyrUxha3rumXtS2tMzWG7SLtbDYB34N2TwD9fydTsOmpkQvJwctNWwisuHaR83SyBJ8Axm3kCmb/tEX4ax9fsJN2BdGkkSqeVsK/zQPWAwGen44ZI/gdmvjBpwso9LUf3bR5nwFluHDiGtF0zW7pNqyAm8EUSOP8fk3DCItRmRiKUS95k3OnQj1Z0IkTCAebqsB3fkmuM3fEmXOFO8ixY/u0V8Szow==
uZ+dQ6O9oWzO/AeCH9P4PZ1V23Bq2Cejqn0Lnd7i/B2+f5H78Tth1Bw77frLsBL6att163BontnFkUB10ATEL/BjZE2WZTuR0ZF7l//XXbwGN5ukg1D4HT9cxaPHzwh12c0z1cHXdQd4MADqcS9M7nSCLBWzOLLzjuj9JIsDZ6zjKr1NJA2Swibeh9HjCrtd7gM2xeMkJYaInZ/XyGgNg63oQYMBeYAskoZp6C2y0WrcnKMd1JRbYA4Re9RrTaEE+g2X5RPvHx5NReiV89S/x9pcz6KJcgtrtMVLWdtUCf+L6G/Ys78=
OfgQqfTuUDTcz/K7dntjyaJhi8Z8dje0YUtkJ7+jWhuH5sXFKF4Szvm18eA8OsEBDHQ/1RTwGaXWuaZuM/uXupBNXIJpdvMTNaJPxoDP1Cmd9+Zqqn6Q+rWxPnGpeyWTdD9qah5lPK1aQVrv9MxZZk2Z+h6VOEL2Jf1lmBmr8YsTkwZlp/87Q2IEYKgR8pfBliv/CQaCothaU1mvBQwkCUBwja8o0VmfTME02h9mr0+PBafDUdCdreLEiTFD6shNozOIY8+mXCkK80JljdnMbhJ7YU1cdj1hfXnPQShwPJ0Oo3HrFLeZcdezsg==
F7g0S67xqmvRjx5RuxuxAFOs+N9hxj0QH651Soy0pjmNPA3vs5Eh7PNZA6fPO3wdKHFancojp7ywZFadM7pMfnckMqpJlAd66fQxWK/C6KNgTqFvmyrUxha3rumXtS2tMzWG7SLtbDYB34N2TwD9fydTsOmpkQvJwctNWwisuHaR83SyBJ8Axm3kCmb/tEX4ax9fsJN2BdGkkSqeVsK/zQPWAwGen44ZI/gdmvjBpwso9LUf3bR5nwFluHDiGtF0zW7pNqyAm8EUSOP8fk3DCItRmRiKUS95k3OnQj1Z0IkTCAebqsB3fkmuM3fEmXOFO8ixY/u0V8Szow==
OfgQqfTuUDTcz/K7dntjyaJhi8Z8dje0YUtkJ7+jWhuH5sXFKF4Szvm18eA8OsEBDHQ/1RTwGaXWuaZuM/uXupBNXIJpdvMTNaJPxoDP1Cmd9+Zqqn6Q+rWxPnGpeyWTdD9qah5lPK1aQVrv9MxZZk2Z+h6VOEL2Jf1lmBmr8YsTkwZlp/87Q2IEYKgR8pfBliv/CQaCothaU1mvBQwkCUBwja8o0VmfTME02h9mr0+PBafDUdCdreLEiTFD6shNozOIY8+mXCkK80JljdnMbhJ7YU1cdj1hfXnPQShwPJ0Oo3HrFLeZcdezsg==
F7g0S67xqmvRjx5RuxuxAFOs+N9hxj0QH651Soy0pjmNPA3vs5Eh7PNZA6fPO3wdKHFancojp7ywZFadM7pMfnckMqpJlAd66fQxWK/C6KNgTqFvmyrUxha3rumXtS2tMzWG7SLtbDYB34N2TwD9fydTsOmpkQvJwctNWwisuHaR83SyBJ8Axm3kCmb/tEX4ax9fsJN2BdGkkSqeVsK/zQPWAwGen44ZI/gdmvjBpwso9LUf3bR5nwFluHDiGtF0zW7pNqyAm8EUSOP8fk3DCItRmRiKUS95k3OnQj1Z0IkTCAebqsB3fkmuM3fEmXOFO8ixY/u0V8Szow==
OfgQqfTuUDTcz/K7dntjyaJhi8Z8dje0YUtkJ7+jWhuH5sXFKF4Szvm18eA8OsEBDHQ/1RTwGaXWuaZuM/uXupBNXIJpdvMTNaJPxoDP1Cmd9+Zqqn6Q+rWxPnGpeyWTdD9qah5lPK1aQVrv9MxZZk2Z+h6VOEL2Jf1lmBmr8YsTkwZlp/87Q2IEYKgR8pfBliv/CQaCothaU1mvBQwkCUBwja8o0VmfTME02h9mr0+PBafDUdCdreLEiTFD6shNozOIY8+mXCkK80JljdnMbhJ7YU1cdj1hfXnPQShwPJ0Oo3HrFLeZcdezsg==
F7g0S67xqmvRjx5RuxuxAFOs+N9hxj0QH651Soy0pjmNPA3vs5Eh7PNZA6fPO3wdKHFancojp7ywZFadM7pMfnckMqpJlAd66fQxWK/C6KNgTqFvmyrUxha3rumXtS2tMzWG7SLtbDYB34N2TwD9fydTsOmpkQvJwctNWwisuHaR83SyBJ8Axm3kCmb/tEX4ax9fsJN2BdGkkSqeVsK/zQPWAwGen44ZI/gdmvjBpwso9LUf3bR5nwFluHDiGtF0zW7pNqyAm8EUSOP8fk3DCItRmRiKUS95k3OnQj1Z0IkTCAebqsB3fkmuM3fEmXOFO8ixY/u0V8Szow==
OfgQqfTuUDTcz/K7dntjyaJhi8Z8dje0YUtkJ7+jWhuH5sXFKF4Szvm18eA8OsEBDHQ/1RTwGaXWuaZuM/uXupBNXIJpdvMTNaJPxoDP1Cmd9+Zqqn6Q+rWxPnGpeyWTdD9qah5lPK1aQVrv9MxZZk2Z+h6VOEL2Jf1lmBmr8YsTkwZlp/87Q2IEYKgR8pfBliv/CQaCothaU1mvBQwkCUBwja8o0VmfTME02h9mr0+PBafDUdCdreLEiTFD6shNozOIY8+mXCkK80JljdnMbhJ7YU1cdj1hfXnPQShwPJ0Oo3HrFLeZcdezsg==
F7g0S67xqmvRjx5RuxuxAFOs+N9hxj0QH651Soy0pjmNPA3vs5Eh7PNZA6fPO3wdKHFancojp7ywZFadM7pMfnckMqpJlAd66fQxWK/C6KNgTqFvmyrUxha3rumXtS2tMzWG7SLtbDYB34N2TwD9fydTsOmpkQvJwctNWwisuHaR83SyBJ8Axm3kCmb/tEX4ax9fsJN2BdGkkSqeVsK/zQPWAwGen44ZI/gdmvjBpwso9LUf3bR5nwFluHDiGtF0zW7pNqyAm8EUSOP8fk3DCItRmRiKUS95k3OnQj1Z0IkTCAebqsB3fkmuM3fEmXOFO8ixY/u0V8Szow==
OfgQqfTuUDTcz/K7dntjyaJhi8Z8dje0YUtkJ7+jWhuH5sXFKF4Szvm18eA8OsEBDHQ/1RTwGaXWuaZuM/uXupBNXIJpdvMTNaJPxoDP1Cmd9+Zqqn6Q+rWxPnGpeyWTdD9qah5lPK1aQVrv9MxZZk2Z+h6VOEL2Jf1lmBmr8YsTkwZlp/87Q2IEYKgR8pfBliv/CQaCothaU1mvBQwkCUBwja8o0VmfTME02h9mr0+PBafDUdCdreLEiTFD6shNozOIY8+mXCkK80JljdnMbhJ7YU1cdj1hfXnPQShwPJ0Oo3HrFLeZcdezsg==
F7g0S67xqmvRjx5RuxuxAFOs+N9hxj0QH651Soy0pjmNPA3vs5Eh7PNZA6fPO3wdKHFancojp7ywZFadM7pMfnckMqpJlAd66fQxWK/C6KNgTqFvmyrUxha3rumXtS2tMzWG7SLtbDYB34N2TwD9fydTsOmpkQvJwctNWwisuHaR83SyBJ8Axm3kCmb/tEX4ax9fsJN2BdGkkSqeVsK/zQPWAwGen44ZI/gdmvjBpwso9LUf3bR5nwFluHDiGtF0zW7pNqyAm8EUSOP8fk3DCItRmRiKUS95k3OnQj1Z0IkTCAebqsB3fkmuM3fEmXOFO8ixY/u0V8Szow==
OfgQqfTuUDTcz/K7dntjyaJhi8Z8dje0YUtkJ7+jWhuH5sXFKF4Szvm18eA8OsEBDHQ/1RTwGaXWuaZuM/uXupBNXIJpdvMTNaJPxoDP1Cmd9+Zqqn6Q+rWxPnGpeyWTdD9qah5lPK1aQVrv9MxZZk2Z+h6VOEL2Jf1lmBmr8YsTkwZlp/87Q2IEYKgR8pfBliv/CQaCothaU1mvBQwkCUBwja8o0VmfTME02h9mr0+PBafDUdCdreLEiTFD6shNozOIY8+mXCkK80JljdnMbhJ7YU1cdj1hfXnPQShwPJ0Oo3HrFLeZcdezsg==
F7g0S67xqmvRjx5RuxuxAFOs+N9hxj0QH651Soy0pjmNPA3vs5Eh7PNZA6fPO3wdKHFancojp7ywZFadM7pMfnckMqpJlAd66fQxWK/C6KNgTqFvmyrUxha3rumXtS2tMzWG7SLtbDYB34N2TwD9fydTsOmpkQvJwctNWwisuHaR83SyBJ8Axm3kCmb/tEX4ax9fsJN2BdGkkSqeVsK/zQPWAwGen44ZI/gdmvjBpwso9LUf3bR5nwFluHDiGtF0zW7pNqyAm8EUSOP8fk3DCItRmRiKUS95k3OnQj1Z0IkTCAebqsB3fkmuM3fEmXOFO8ixY/u0V8Szow==
OfgQqfTuUDTcz/K7dntjyaJhi8Z8dje0YUtkJ7+jWhuH5sXFKF4Szvm18eA8OsEBDHQ/1RTwGaXWuaZuM/uXupBNXIJpdvMTNaJPxoDP1Cmd9+Zqqn6Q+rWxPnGpeyWTdD9qah5lPK1aQVrv9MxZZk2Z+h6VOEL2Jf1lmBmr8YsTkwZlp/87Q2IEYKgR8pfBliv/CQaCothaU1mvBQwkCUBwja8o0VmfTME02h9mr0+PBafDUdCdreLEiTFD6shNozOIY8+mXCkK80JljdnMbhJ7YU1cdj1hfXnPQShwPJ0Oo3HrFLeZcdezsg==
F7g0S67xqmvRjx5RuxuxAFOs+N9hxj0QH651Soy0pjmNPA3vs5Eh7PNZA6fPO3wdKHFancojp7ywZFadM7pMfnckMqpJlAd66fQxWK/C6KNgTqFvmyrUxha3rumXtS2tMzWG7SLtbDYB34N2TwD9fydTsOmpkQvJwctNWwisuHaR83SyBJ8Axm3kCmb/tEX4ax9fsJN2BdGkkSqeVsK/zQPWAwGen44ZI/gdmvjBpwso9LUf3bR5nwFluHDiGtF0zW7pNqyAm8EUSOP8fk3DCItRmRiKUS95k3OnQj1Z0IkTCAebqsB3fkmuM3fEmXOFO8ixY/u0V8Szow==
OfgQqfTuUDTcz/K7dntjyaJhi8Z8dje0YUtkJ7+jWhuH5sXFKF4Szvm18eA8OsEBDHQ/1RTwGaXWuaZuM/uXupBNXIJpdvMTNaJPxoDP1Cmd9+Zqqn6Q+rWxPnGpeyWTdD9qah5lPK1aQVrv9MxZZk2Z+h6VOEL2Jf1lmBmr8YsTkwZlp/87Q2IEYKgR8pfBliv/CQaCothaU1mvBQwkCUBwja8o0VmfTME02h9mr0+PBafDUdCdreLEiTFD6shNozOIY8+mXCkK80JljdnMbhJ7YU1cdj1hfXnPQShwPJ0Oo3HrFLeZcdezsg==
F7g0S67xqmvRjx5RuxuxAFOs+N9hxj0QH651Soy0pjmNPA3vs5Eh7PNZA6fPO3wdKHFancojp7ywZFadM7pMfnckMqpJlAd66fQxWK/C6KNgTqFvmyrUxha3rumXtS2tMzWG7SLtbDYB34N2TwD9fydTsOmpkQvJwctNWwisuHaR83SyBJ8Axm3kCmb/tEX4ax9fsJN2BdGkkSqeVsK/zQPWAwGen44ZI/gdmvjBpwso9LUf3bR5nwFluHDiGtF0zW7pNqyAm8EUSOP8fk3DCItRmRiKUS95k3OnQj1Z0IkTCAebqsB3fkmuM3fEmXOFO8ixY/u0V8Szow==
OfgQqfTuUDTcz/K7dntjyaJhi8Z8dje0YUtkJ7+jWhuH5sXFKF4Szvm18eA8OsEBDHQ/1RTwGaXWuaZuM/uXupBNXIJpdvMTNaJPxoDP1Cmd9+Zqqn6Q+rWxPnGpeyWTdD9qah5lPK1aQVrv9MxZZk2Z+h6VOEL2Jf1lmBmr8YsTkwZlp/87Q2IEYKgR8pfBliv/CQaCothaU1mvBQwkCUBwja8o0VmfTME02h9mr0+PBafDUdCdreLEiTFD6shNozOIY8+mXCkK80JljdnMbhJ7YU1cdj1hfXnPQShwPJ0Oo3HrFLeZcdezsg==
6HrPCWmY2xXFqW2CGxOPWyld1vo8sT8wEDoMD3CO6dQUHX2Wli7e34zSDVJ/wTfc/9gnC+ow1w5PXpMHBAlT1bsY0fM7hDd0sxM=
kW2m6/WCjzvOF26CL1nGqZyzTw1KpHa8NZdfPKyFLM6+mdZMJwQ87vO+ipIeRCnpyy1xpKqO52G9GRFlQwDo1E201QNUR4eDlRVfhusp4ibjRO/Q79Xcb1fP66Y9cZNyY16zPQ==
N4lgZWG3DZpH+wodMs71ETHe5PvT8cM9bd3TNrhiRmGEUl4WDWXH+KO1gUJbRB/lHPVaIXV43ZNcSzZJPGnr1LFjUzUiNmRjrvMKd2/RUs4z/VOf4R3myHJBwNPfN3qPd21Zszw=
53CacRt4zDERxeXjw6uWVyy9lQathGIWMZ3jiGd9LSL3zJt1uC0GYamguYNYQ1pp0KGvZFXbL7XejgDTartmV4PZVt7XpQ9fPUVCWPbJbDNzfz5/UxVlswA=
/HjxiffKMRdwSwfVPUyZYskSiGRQhmA3s5FmFjWV/5iLRUkCE5S3hYRlwqHt6EUzNJv+CXRZA/TJU6s1WgacQ8bDwrcngbpuq23LH3mNfijaEQgTl0dSb08dYbME
rI+rNi1yUsacgcVoheZ/KuAhp0FhtEEthJFmFjWV/5iLRUkCE5S3hYRlwqHt6EUzNJv+CXRZA/TJU6s1WgacQ8bDwrcngbpuq23LH3mNfijaEQgTl0dSb08dYbME
6Icluh+e6skPUD2DCYiWZ/rAoBn2jzM/4JazGXkAHcm/smU4IR0iiWTBSwTja+I3iLmCFVUsDx/t9RxKWpuQjzSHUa1sNo2B7X9fYVgwzD1+I2FLRHdJEWezAg==
Taq0F6kUEr9ZKGzIRxoVmFA/hsxtcXzVZ+wELq8m/ij5dT8IMkEWd8W9sk7wzlX39K25JgZUt+xXu1mNX275LdMrcwJmz8zwrptH82ia6OMeEZzE6hNV15FcEKHckPFHfOFtB4DB+EIrVvun8+U7a2WACdXuhAUJVzq8pb+TNEsb1qgxxnMOffkpmEau230lqCYpWfG/w7m8oAg1ksONg8CHrembs/4=
rYL0EshNEf0yS4LiLJngeyld1vs8sT8wEDoMD3CO6dQUHX2Wli7e34zSDVJ/wTfc/9gnC+ow1w5PXpMHBAlT1bsY0fM7hDd0sxM=
bunvXgkHULfB5jsDYDO50ZcBvR3SSuonovc+c4uISPXl7yg6kSUYe15Heb1kFrVRlfzmMaBQxC0W48n7zBeRIX+zGg==
MHGz9h3hO9GmKH43vaJUzjYhPAqwJDDm9gMU2HBjGo/KPpSxy//twgMl0vKb2Cy15/mMm89zC6IVvePm2wKzGQ==
VznJZpdjRGx0VsrpjF3OYc7RUkHLkaU+ij8oliEVVX1vSIfbqgD3PkxvszfEWfNFO4gxo/v01wSzYw==
Jnv/O5a08fxgyXdAaLA1no9d8kREad3BNHTEIZs7jcWYZlk5QbwymQzgeJWiQ50jkMf9yQuzbg==
i7oK2VzR5shzx/zm4UfQYKo9pxtdZByMIgl2gUzlLbWC1Xolg7hgHyhvku8BjSGIq1hHPzz4U1PgHoV/h54pjzRNl6wLWlGTf66WGWSRawU7RkRN9OCdVgkIbvhtospT4IV0gApELTsAZyJ6zTqh+38vGYEvsVDwCv3cq1Mt/QxMXsDIViULCKy7DdEI8Lvfpw4Y1tf/hYeAzJfjbcAmNfiruqgCK+7sUDnFrI9dGR0sosee51BmsRz6s5IGzD51KSaEyyxPB1S7POkpakTi5aATZZAbRR0xaDzWFueQ1j0k8sx5Du9x5/BbMMhVK3p7Hr4ERtYfkA4vhrkifB47hqA46ZllBR7u69htxRznA9Xekv/mnRqolkmj5w14UEyooMOTqvYd7RaBwvsBM3L74BF7ZL+2jK6EW1czaE8jFmn60wN2ISggpyNx+KqZnfViLXWBi+Si2pz1Lj0QZVRkNq9LdIafDuZrh7Kbz3VaYke7U9Pdu9BFn7STozbLOaK2gzTjoY9FnH93f2sWHWFT4oOus80=
SDbDsv38873KQSC/n6ZK0pzP1f2lgahh5xFDADFvym8G3YA4u+ukco6FPHr4jeDwVMa0O5k6qhfI/rT3aWKJ5OF7mp1rxCxmv4L3iAnVO3RGpwjzw/OvzMTDaBIlMG2yniYh4IKFFK8U7jZWNT0EfTKE4RjJzavlWc9zA6hWrodsNd+vdZr4tGBmKnfTzmjhXe/kEpOpswQY2MuNvWFk9ue9oQLuY4wBWka+uXZq1KNV0iP/8at46AdQO2IelzgAg4wKzjZjHUyk5dCdXxL/5jmXBiZKEzSZ5R6Ht6VXDIYmyKvSnuvQ2KwXMv1p4fRBIDZ5CRJNynRECIqtaKiL/Am88JyzEBTSSTcZV8YoL4I9+/AFK6PKmP/ogWiQcK2Zl1O0koT+1GlzREqPdZAFWGt/n9ATVkUxpHFqvtaif60DdkMhHn/OuSNY3fp44WerKBT1/12Uuf8BBXhQYvqRlM3OKRYs4FthFOijHP5tg6iLMVl4CnFvmZOT52K9ORDpE6hHuyogN95DD/MXRLmzJTso8YN7lJeks8M=
IyNnBjE2fxTmw9UnCvbBJ/ctNglVOD0TPI8UR9ypi1QRI7M1QvbE406zandPkbJOUz1zngNdRkjSASDT//faD5ctebMc
Ro3CySMh+prtorRfBZ+6/N60on7k8Htjj9JZRVtuXVGCZyJcNnQqq3AgxZrypg60MRm4wgkVVar9nYFjNGp6FGVGfXh1XET+f6P0bk/GxmOX2tun5dLCj2u70zVrGOUXJPvjXtsxgn5T3G5KX428d2cXK36N6fMqU0azJQ==
H2/5ertjiTyQSnxciGB7mvrAoBn2jzM/4JazGXkAHcm/smU4IR0iiWTBSwTja+IzireCFVUsDx/t9RxKWpuQjzSHUa1sNo2B7X5dYVgwzD1+I2FLRHdJEWezAg==
DeqrBnO+BHEjiAZVWRyOCOAhp0FhtEEthJFmFjWV/5iLRUkCE5S3hYRlwqHt6EUzNJ/8B3RZA/TJU6s1WgacQ8bDwrcngbpuq23LHnuNfijaEQgTl0dSb08dYbME
67H9A/ySsKqBVi4KHkG2SskSiGRQhmA3s5FmFjWV/5iLRUkCE5S3hYRlwqHt6EUzNJ/8B3RZA/TJU6s1WgacQ8bDwrcngbpuq23LHnuNfijaEQgTl0dSb08dYbME
+wcBQlwv5zTE7Sy3rwfc4yy9lQathGIWMZ3jiGd9LSL3zJt1uC0GYamguYNYR1hn0KGvZFXbL7XejgDTartmV4PZVt7XpQ9eP0VCWPbJbDNzfz5/UxVlswA=
T9FcjsUvCbhP7jSK5oKIUjHe5PvT8cM9bd3TNrhiRmGEUl4WDWXH+KO1gUJbRB/lHPVaIXV43ZNcTzRHPGnr1LFjUzUiNmRjrvMKd2/RUs4z/VOe4x3myHJBwNPfN3qPd21Zszw=
3wmwC4URuMPZgUaLEGoc75yzTw1KpHa8NZdfPKyFLM6+mdZMJwQ87vO+ipIeRCnpyy1xpKqO52G5Gx9lQwDo1E201QNUR4eDlRVfhusp4ibjRO7S79Xcb1fP66Y9cZNyY16zPQ==
dN3WMNomEimgefKrMJKDpREMbyIkGII8A88xR6uytoFTKX0gASowCMg+c3p2xc42DvFd+QxpRVm0dLKK3ZwnZtZ+P/UjUD36Qfc+gPNTViknYzJBSiZhntGz8fXZPy8o41GcJPfNPRK2sd3D9p+xXiLVdDM8mfMhspJsix+xIo5DnQOes71WiEJhcFMPF2pP542ps8w=
rW1EX5fXCm6kXss57tSGrgl+bz9ce25+TeGGoEQFOva3uedQLrXOPFEuKcXx5ApvievfN0sw48mJ2Sxxv2yiBHlox3sq4LceTkxzV0T5M2U7aHFDe1QXZLMD
E26cFHvXYYqteDm7VRbQnNPLyRgQhfdiZRSKLEWD28NihRGnB0Ea7sut6x6bzd6outFoE7cHsu/v3QGzZA==
E26cFHvXYYqteDm7VRbQnNPLyRgQhfdiZRSKLEWD28NihRGnB0Ea7sut6x6bzd6outFoE7cHsu/v3QGzZA==
DDOgsy39u8xjiykUTDVkyb9O0TBsn0ZKcAtAnn8NWi/h3kLUnHpOUDLSetGrM55nIz7H8oWWsNeIuuGGzVR2DVdN/Sr+oGRn/YoNGV4sWhEkdRXzMUkSV3l6naZABoIIwifH4krlpknSv2FeOgBG8MDHCDwB5kA=
